[2024-03-18T15:31:54.953+0000] {processor.py:161} INFO - Started process (PID=49) to work on /home/airflow/.local/lib/python3.8/site-packages/airflow/example_dags/example_sla_dag.py
[2024-03-18T15:31:54.955+0000] {processor.py:830} INFO - Processing file /home/airflow/.local/lib/python3.8/site-packages/airflow/example_dags/example_sla_dag.py for tasks to queue
[2024-03-18T15:31:54.956+0000] {logging_mixin.py:188} INFO - [2024-03-18T15:31:54.956+0000] {dagbag.py:540} INFO - Filling up the DagBag from /home/airflow/.local/lib/python3.8/site-packages/airflow/example_dags/example_sla_dag.py
[2024-03-18T15:31:54.965+0000] {processor.py:840} INFO - DAG(s) 'example_sla_dag' retrieved from /home/airflow/.local/lib/python3.8/site-packages/airflow/example_dags/example_sla_dag.py
[2024-03-18T15:31:54.978+0000] {logging_mixin.py:188} INFO - [2024-03-18T15:31:54.978+0000] {dag.py:3047} INFO - Sync 1 DAGs
[2024-03-18T15:31:55.011+0000] {logging_mixin.py:188} INFO - [2024-03-18T15:31:55.010+0000] {dag.py:3834} INFO - Setting next_dagrun for example_sla_dag to 2024-03-18 15:28:00+00:00, run_after=2024-03-18 15:30:00+00:00
[2024-03-18T15:31:55.029+0000] {processor.py:183} INFO - Processing /home/airflow/.local/lib/python3.8/site-packages/airflow/example_dags/example_sla_dag.py took 0.079 seconds
[2024-03-18T15:32:25.467+0000] {processor.py:161} INFO - Started process (PID=103) to work on /home/airflow/.local/lib/python3.8/site-packages/airflow/example_dags/example_sla_dag.py
[2024-03-18T15:32:25.468+0000] {processor.py:830} INFO - Processing file /home/airflow/.local/lib/python3.8/site-packages/airflow/example_dags/example_sla_dag.py for tasks to queue
[2024-03-18T15:32:25.469+0000] {logging_mixin.py:188} INFO - [2024-03-18T15:32:25.469+0000] {dagbag.py:540} INFO - Filling up the DagBag from /home/airflow/.local/lib/python3.8/site-packages/airflow/example_dags/example_sla_dag.py
[2024-03-18T15:32:25.475+0000] {processor.py:840} INFO - DAG(s) 'example_sla_dag' retrieved from /home/airflow/.local/lib/python3.8/site-packages/airflow/example_dags/example_sla_dag.py
[2024-03-18T15:32:25.550+0000] {logging_mixin.py:188} INFO - [2024-03-18T15:32:25.550+0000] {dag.py:3047} INFO - Sync 1 DAGs
[2024-03-18T15:32:25.567+0000] {logging_mixin.py:188} INFO - [2024-03-18T15:32:25.567+0000] {dag.py:3834} INFO - Setting next_dagrun for example_sla_dag to 2024-03-18 15:30:00+00:00, run_after=2024-03-18 15:32:00+00:00
[2024-03-18T15:32:25.581+0000] {processor.py:183} INFO - Processing /home/airflow/.local/lib/python3.8/site-packages/airflow/example_dags/example_sla_dag.py took 0.117 seconds
[2024-03-18T15:32:55.940+0000] {processor.py:161} INFO - Started process (PID=158) to work on /home/airflow/.local/lib/python3.8/site-packages/airflow/example_dags/example_sla_dag.py
[2024-03-18T15:32:55.941+0000] {processor.py:830} INFO - Processing file /home/airflow/.local/lib/python3.8/site-packages/airflow/example_dags/example_sla_dag.py for tasks to queue
[2024-03-18T15:32:55.942+0000] {logging_mixin.py:188} INFO - [2024-03-18T15:32:55.942+0000] {dagbag.py:540} INFO - Filling up the DagBag from /home/airflow/.local/lib/python3.8/site-packages/airflow/example_dags/example_sla_dag.py
[2024-03-18T15:32:55.949+0000] {processor.py:840} INFO - DAG(s) 'example_sla_dag' retrieved from /home/airflow/.local/lib/python3.8/site-packages/airflow/example_dags/example_sla_dag.py
[2024-03-18T15:32:55.964+0000] {logging_mixin.py:188} INFO - [2024-03-18T15:32:55.963+0000] {dag.py:3047} INFO - Sync 1 DAGs
[2024-03-18T15:32:55.984+0000] {logging_mixin.py:188} INFO - [2024-03-18T15:32:55.984+0000] {dag.py:3834} INFO - Setting next_dagrun for example_sla_dag to 2024-03-18 15:30:00+00:00, run_after=2024-03-18 15:32:00+00:00
[2024-03-18T15:32:55.998+0000] {processor.py:183} INFO - Processing /home/airflow/.local/lib/python3.8/site-packages/airflow/example_dags/example_sla_dag.py took 0.061 seconds
[2024-03-18T15:33:26.102+0000] {processor.py:161} INFO - Started process (PID=213) to work on /home/airflow/.local/lib/python3.8/site-packages/airflow/example_dags/example_sla_dag.py
[2024-03-18T15:33:26.103+0000] {processor.py:830} INFO - Processing file /home/airflow/.local/lib/python3.8/site-packages/airflow/example_dags/example_sla_dag.py for tasks to queue
[2024-03-18T15:33:26.104+0000] {logging_mixin.py:188} INFO - [2024-03-18T15:33:26.104+0000] {dagbag.py:540} INFO - Filling up the DagBag from /home/airflow/.local/lib/python3.8/site-packages/airflow/example_dags/example_sla_dag.py
[2024-03-18T15:33:26.111+0000] {processor.py:840} INFO - DAG(s) 'example_sla_dag' retrieved from /home/airflow/.local/lib/python3.8/site-packages/airflow/example_dags/example_sla_dag.py
[2024-03-18T15:33:26.126+0000] {logging_mixin.py:188} INFO - [2024-03-18T15:33:26.125+0000] {dag.py:3047} INFO - Sync 1 DAGs
[2024-03-18T15:33:26.146+0000] {logging_mixin.py:188} INFO - [2024-03-18T15:33:26.145+0000] {dag.py:3834} INFO - Setting next_dagrun for example_sla_dag to 2024-03-18 15:30:00+00:00, run_after=2024-03-18 15:32:00+00:00
[2024-03-18T15:33:26.161+0000] {processor.py:183} INFO - Processing /home/airflow/.local/lib/python3.8/site-packages/airflow/example_dags/example_sla_dag.py took 0.062 seconds
[2024-03-18T15:33:56.478+0000] {processor.py:161} INFO - Started process (PID=268) to work on /home/airflow/.local/lib/python3.8/site-packages/airflow/example_dags/example_sla_dag.py
[2024-03-18T15:33:56.478+0000] {processor.py:830} INFO - Processing file /home/airflow/.local/lib/python3.8/site-packages/airflow/example_dags/example_sla_dag.py for tasks to queue
[2024-03-18T15:33:56.480+0000] {logging_mixin.py:188} INFO - [2024-03-18T15:33:56.480+0000] {dagbag.py:540} INFO - Filling up the DagBag from /home/airflow/.local/lib/python3.8/site-packages/airflow/example_dags/example_sla_dag.py
[2024-03-18T15:33:56.486+0000] {processor.py:840} INFO - DAG(s) 'example_sla_dag' retrieved from /home/airflow/.local/lib/python3.8/site-packages/airflow/example_dags/example_sla_dag.py
[2024-03-18T15:33:56.501+0000] {logging_mixin.py:188} INFO - [2024-03-18T15:33:56.501+0000] {dag.py:3047} INFO - Sync 1 DAGs
[2024-03-18T15:33:56.520+0000] {logging_mixin.py:188} INFO - [2024-03-18T15:33:56.520+0000] {dag.py:3834} INFO - Setting next_dagrun for example_sla_dag to 2024-03-18 15:30:00+00:00, run_after=2024-03-18 15:32:00+00:00
[2024-03-18T15:33:56.534+0000] {processor.py:183} INFO - Processing /home/airflow/.local/lib/python3.8/site-packages/airflow/example_dags/example_sla_dag.py took 0.059 seconds
[2024-03-18T15:34:26.642+0000] {processor.py:161} INFO - Started process (PID=323) to work on /home/airflow/.local/lib/python3.8/site-packages/airflow/example_dags/example_sla_dag.py
[2024-03-18T15:34:26.643+0000] {processor.py:830} INFO - Processing file /home/airflow/.local/lib/python3.8/site-packages/airflow/example_dags/example_sla_dag.py for tasks to queue
[2024-03-18T15:34:26.644+0000] {logging_mixin.py:188} INFO - [2024-03-18T15:34:26.644+0000] {dagbag.py:540} INFO - Filling up the DagBag from /home/airflow/.local/lib/python3.8/site-packages/airflow/example_dags/example_sla_dag.py
[2024-03-18T15:34:26.652+0000] {processor.py:840} INFO - DAG(s) 'example_sla_dag' retrieved from /home/airflow/.local/lib/python3.8/site-packages/airflow/example_dags/example_sla_dag.py
[2024-03-18T15:34:26.666+0000] {logging_mixin.py:188} INFO - [2024-03-18T15:34:26.666+0000] {dag.py:3047} INFO - Sync 1 DAGs
[2024-03-18T15:34:26.688+0000] {logging_mixin.py:188} INFO - [2024-03-18T15:34:26.687+0000] {dag.py:3834} INFO - Setting next_dagrun for example_sla_dag to 2024-03-18 15:32:00+00:00, run_after=2024-03-18 15:34:00+00:00
[2024-03-18T15:34:26.703+0000] {processor.py:183} INFO - Processing /home/airflow/.local/lib/python3.8/site-packages/airflow/example_dags/example_sla_dag.py took 0.064 seconds
[2024-03-18T15:34:56.913+0000] {processor.py:161} INFO - Started process (PID=378) to work on /home/airflow/.local/lib/python3.8/site-packages/airflow/example_dags/example_sla_dag.py
[2024-03-18T15:34:56.914+0000] {processor.py:830} INFO - Processing file /home/airflow/.local/lib/python3.8/site-packages/airflow/example_dags/example_sla_dag.py for tasks to queue
[2024-03-18T15:34:56.916+0000] {logging_mixin.py:188} INFO - [2024-03-18T15:34:56.915+0000] {dagbag.py:540} INFO - Filling up the DagBag from /home/airflow/.local/lib/python3.8/site-packages/airflow/example_dags/example_sla_dag.py
[2024-03-18T15:34:56.923+0000] {processor.py:840} INFO - DAG(s) 'example_sla_dag' retrieved from /home/airflow/.local/lib/python3.8/site-packages/airflow/example_dags/example_sla_dag.py
[2024-03-18T15:34:56.940+0000] {logging_mixin.py:188} INFO - [2024-03-18T15:34:56.939+0000] {dag.py:3047} INFO - Sync 1 DAGs
[2024-03-18T15:34:56.960+0000] {logging_mixin.py:188} INFO - [2024-03-18T15:34:56.960+0000] {dag.py:3834} INFO - Setting next_dagrun for example_sla_dag to 2024-03-18 15:32:00+00:00, run_after=2024-03-18 15:34:00+00:00
[2024-03-18T15:34:56.975+0000] {processor.py:183} INFO - Processing /home/airflow/.local/lib/python3.8/site-packages/airflow/example_dags/example_sla_dag.py took 0.064 seconds
[2024-03-18T15:35:27.164+0000] {processor.py:161} INFO - Started process (PID=433) to work on /home/airflow/.local/lib/python3.8/site-packages/airflow/example_dags/example_sla_dag.py
[2024-03-18T15:35:27.165+0000] {processor.py:830} INFO - Processing file /home/airflow/.local/lib/python3.8/site-packages/airflow/example_dags/example_sla_dag.py for tasks to queue
[2024-03-18T15:35:27.166+0000] {logging_mixin.py:188} INFO - [2024-03-18T15:35:27.166+0000] {dagbag.py:540} INFO - Filling up the DagBag from /home/airflow/.local/lib/python3.8/site-packages/airflow/example_dags/example_sla_dag.py
[2024-03-18T15:35:27.173+0000] {processor.py:840} INFO - DAG(s) 'example_sla_dag' retrieved from /home/airflow/.local/lib/python3.8/site-packages/airflow/example_dags/example_sla_dag.py
[2024-03-18T15:35:27.188+0000] {logging_mixin.py:188} INFO - [2024-03-18T15:35:27.187+0000] {dag.py:3047} INFO - Sync 1 DAGs
[2024-03-18T15:35:27.208+0000] {logging_mixin.py:188} INFO - [2024-03-18T15:35:27.208+0000] {dag.py:3834} INFO - Setting next_dagrun for example_sla_dag to 2024-03-18 15:32:00+00:00, run_after=2024-03-18 15:34:00+00:00
[2024-03-18T15:35:27.222+0000] {processor.py:183} INFO - Processing /home/airflow/.local/lib/python3.8/site-packages/airflow/example_dags/example_sla_dag.py took 0.061 seconds
[2024-03-18T15:35:57.399+0000] {processor.py:161} INFO - Started process (PID=488) to work on /home/airflow/.local/lib/python3.8/site-packages/airflow/example_dags/example_sla_dag.py
[2024-03-18T15:35:57.400+0000] {processor.py:830} INFO - Processing file /home/airflow/.local/lib/python3.8/site-packages/airflow/example_dags/example_sla_dag.py for tasks to queue
[2024-03-18T15:35:57.402+0000] {logging_mixin.py:188} INFO - [2024-03-18T15:35:57.402+0000] {dagbag.py:540} INFO - Filling up the DagBag from /home/airflow/.local/lib/python3.8/site-packages/airflow/example_dags/example_sla_dag.py
[2024-03-18T15:35:57.409+0000] {processor.py:840} INFO - DAG(s) 'example_sla_dag' retrieved from /home/airflow/.local/lib/python3.8/site-packages/airflow/example_dags/example_sla_dag.py
[2024-03-18T15:35:57.426+0000] {logging_mixin.py:188} INFO - [2024-03-18T15:35:57.426+0000] {dag.py:3047} INFO - Sync 1 DAGs
[2024-03-18T15:35:57.448+0000] {logging_mixin.py:188} INFO - [2024-03-18T15:35:57.448+0000] {dag.py:3834} INFO - Setting next_dagrun for example_sla_dag to 2024-03-18 15:32:00+00:00, run_after=2024-03-18 15:34:00+00:00
[2024-03-18T15:35:57.463+0000] {processor.py:183} INFO - Processing /home/airflow/.local/lib/python3.8/site-packages/airflow/example_dags/example_sla_dag.py took 0.067 seconds
[2024-03-18T15:36:27.753+0000] {processor.py:161} INFO - Started process (PID=543) to work on /home/airflow/.local/lib/python3.8/site-packages/airflow/example_dags/example_sla_dag.py
[2024-03-18T15:36:27.754+0000] {processor.py:830} INFO - Processing file /home/airflow/.local/lib/python3.8/site-packages/airflow/example_dags/example_sla_dag.py for tasks to queue
[2024-03-18T15:36:27.755+0000] {logging_mixin.py:188} INFO - [2024-03-18T15:36:27.755+0000] {dagbag.py:540} INFO - Filling up the DagBag from /home/airflow/.local/lib/python3.8/site-packages/airflow/example_dags/example_sla_dag.py
[2024-03-18T15:36:27.761+0000] {processor.py:840} INFO - DAG(s) 'example_sla_dag' retrieved from /home/airflow/.local/lib/python3.8/site-packages/airflow/example_dags/example_sla_dag.py
[2024-03-18T15:36:27.777+0000] {logging_mixin.py:188} INFO - [2024-03-18T15:36:27.776+0000] {dag.py:3047} INFO - Sync 1 DAGs
[2024-03-18T15:36:27.797+0000] {logging_mixin.py:188} INFO - [2024-03-18T15:36:27.797+0000] {dag.py:3834} INFO - Setting next_dagrun for example_sla_dag to 2024-03-18 15:34:00+00:00, run_after=2024-03-18 15:36:00+00:00
[2024-03-18T15:36:27.811+0000] {processor.py:183} INFO - Processing /home/airflow/.local/lib/python3.8/site-packages/airflow/example_dags/example_sla_dag.py took 0.060 seconds
[2024-03-18T15:36:58.138+0000] {processor.py:161} INFO - Started process (PID=598) to work on /home/airflow/.local/lib/python3.8/site-packages/airflow/example_dags/example_sla_dag.py
[2024-03-18T15:36:58.139+0000] {processor.py:830} INFO - Processing file /home/airflow/.local/lib/python3.8/site-packages/airflow/example_dags/example_sla_dag.py for tasks to queue
[2024-03-18T15:36:58.140+0000] {logging_mixin.py:188} INFO - [2024-03-18T15:36:58.140+0000] {dagbag.py:540} INFO - Filling up the DagBag from /home/airflow/.local/lib/python3.8/site-packages/airflow/example_dags/example_sla_dag.py
[2024-03-18T15:36:58.147+0000] {processor.py:840} INFO - DAG(s) 'example_sla_dag' retrieved from /home/airflow/.local/lib/python3.8/site-packages/airflow/example_dags/example_sla_dag.py
[2024-03-18T15:36:58.162+0000] {logging_mixin.py:188} INFO - [2024-03-18T15:36:58.162+0000] {dag.py:3047} INFO - Sync 1 DAGs
[2024-03-18T15:36:58.182+0000] {logging_mixin.py:188} INFO - [2024-03-18T15:36:58.182+0000] {dag.py:3834} INFO - Setting next_dagrun for example_sla_dag to 2024-03-18 15:34:00+00:00, run_after=2024-03-18 15:36:00+00:00
[2024-03-18T15:36:58.196+0000] {processor.py:183} INFO - Processing /home/airflow/.local/lib/python3.8/site-packages/airflow/example_dags/example_sla_dag.py took 0.061 seconds
[2024-03-18T15:37:28.448+0000] {processor.py:161} INFO - Started process (PID=653) to work on /home/airflow/.local/lib/python3.8/site-packages/airflow/example_dags/example_sla_dag.py
[2024-03-18T15:37:28.449+0000] {processor.py:830} INFO - Processing file /home/airflow/.local/lib/python3.8/site-packages/airflow/example_dags/example_sla_dag.py for tasks to queue
[2024-03-18T15:37:28.451+0000] {logging_mixin.py:188} INFO - [2024-03-18T15:37:28.450+0000] {dagbag.py:540} INFO - Filling up the DagBag from /home/airflow/.local/lib/python3.8/site-packages/airflow/example_dags/example_sla_dag.py
[2024-03-18T15:37:28.457+0000] {processor.py:840} INFO - DAG(s) 'example_sla_dag' retrieved from /home/airflow/.local/lib/python3.8/site-packages/airflow/example_dags/example_sla_dag.py
[2024-03-18T15:37:28.472+0000] {logging_mixin.py:188} INFO - [2024-03-18T15:37:28.472+0000] {dag.py:3047} INFO - Sync 1 DAGs
[2024-03-18T15:37:28.499+0000] {logging_mixin.py:188} INFO - [2024-03-18T15:37:28.498+0000] {dag.py:3834} INFO - Setting next_dagrun for example_sla_dag to 2024-03-18 15:34:00+00:00, run_after=2024-03-18 15:36:00+00:00
[2024-03-18T15:37:28.517+0000] {processor.py:183} INFO - Processing /home/airflow/.local/lib/python3.8/site-packages/airflow/example_dags/example_sla_dag.py took 0.071 seconds
[2024-03-18T15:37:58.812+0000] {processor.py:161} INFO - Started process (PID=708) to work on /home/airflow/.local/lib/python3.8/site-packages/airflow/example_dags/example_sla_dag.py
[2024-03-18T15:37:58.813+0000] {processor.py:830} INFO - Processing file /home/airflow/.local/lib/python3.8/site-packages/airflow/example_dags/example_sla_dag.py for tasks to queue
[2024-03-18T15:37:58.814+0000] {logging_mixin.py:188} INFO - [2024-03-18T15:37:58.814+0000] {dagbag.py:540} INFO - Filling up the DagBag from /home/airflow/.local/lib/python3.8/site-packages/airflow/example_dags/example_sla_dag.py
[2024-03-18T15:37:58.822+0000] {processor.py:840} INFO - DAG(s) 'example_sla_dag' retrieved from /home/airflow/.local/lib/python3.8/site-packages/airflow/example_dags/example_sla_dag.py
[2024-03-18T15:37:58.840+0000] {logging_mixin.py:188} INFO - [2024-03-18T15:37:58.840+0000] {dag.py:3047} INFO - Sync 1 DAGs
[2024-03-18T15:37:58.862+0000] {logging_mixin.py:188} INFO - [2024-03-18T15:37:58.862+0000] {dag.py:3834} INFO - Setting next_dagrun for example_sla_dag to 2024-03-18 15:34:00+00:00, run_after=2024-03-18 15:36:00+00:00
[2024-03-18T15:37:58.878+0000] {processor.py:183} INFO - Processing /home/airflow/.local/lib/python3.8/site-packages/airflow/example_dags/example_sla_dag.py took 0.069 seconds
[2024-03-18T15:38:28.979+0000] {processor.py:161} INFO - Started process (PID=763) to work on /home/airflow/.local/lib/python3.8/site-packages/airflow/example_dags/example_sla_dag.py
[2024-03-18T15:38:28.980+0000] {processor.py:830} INFO - Processing file /home/airflow/.local/lib/python3.8/site-packages/airflow/example_dags/example_sla_dag.py for tasks to queue
[2024-03-18T15:38:28.981+0000] {logging_mixin.py:188} INFO - [2024-03-18T15:38:28.981+0000] {dagbag.py:540} INFO - Filling up the DagBag from /home/airflow/.local/lib/python3.8/site-packages/airflow/example_dags/example_sla_dag.py
[2024-03-18T15:38:28.988+0000] {processor.py:840} INFO - DAG(s) 'example_sla_dag' retrieved from /home/airflow/.local/lib/python3.8/site-packages/airflow/example_dags/example_sla_dag.py
[2024-03-18T15:38:29.003+0000] {logging_mixin.py:188} INFO - [2024-03-18T15:38:29.003+0000] {dag.py:3047} INFO - Sync 1 DAGs
[2024-03-18T15:38:29.023+0000] {logging_mixin.py:188} INFO - [2024-03-18T15:38:29.023+0000] {dag.py:3834} INFO - Setting next_dagrun for example_sla_dag to 2024-03-18 15:36:00+00:00, run_after=2024-03-18 15:38:00+00:00
[2024-03-18T15:38:29.039+0000] {processor.py:183} INFO - Processing /home/airflow/.local/lib/python3.8/site-packages/airflow/example_dags/example_sla_dag.py took 0.063 seconds
[2024-03-18T15:38:59.142+0000] {processor.py:161} INFO - Started process (PID=818) to work on /home/airflow/.local/lib/python3.8/site-packages/airflow/example_dags/example_sla_dag.py
[2024-03-18T15:38:59.143+0000] {processor.py:830} INFO - Processing file /home/airflow/.local/lib/python3.8/site-packages/airflow/example_dags/example_sla_dag.py for tasks to queue
[2024-03-18T15:38:59.145+0000] {logging_mixin.py:188} INFO - [2024-03-18T15:38:59.144+0000] {dagbag.py:540} INFO - Filling up the DagBag from /home/airflow/.local/lib/python3.8/site-packages/airflow/example_dags/example_sla_dag.py
[2024-03-18T15:38:59.151+0000] {processor.py:840} INFO - DAG(s) 'example_sla_dag' retrieved from /home/airflow/.local/lib/python3.8/site-packages/airflow/example_dags/example_sla_dag.py
[2024-03-18T15:38:59.167+0000] {logging_mixin.py:188} INFO - [2024-03-18T15:38:59.166+0000] {dag.py:3047} INFO - Sync 1 DAGs
[2024-03-18T15:38:59.188+0000] {logging_mixin.py:188} INFO - [2024-03-18T15:38:59.187+0000] {dag.py:3834} INFO - Setting next_dagrun for example_sla_dag to 2024-03-18 15:36:00+00:00, run_after=2024-03-18 15:38:00+00:00
[2024-03-18T15:38:59.202+0000] {processor.py:183} INFO - Processing /home/airflow/.local/lib/python3.8/site-packages/airflow/example_dags/example_sla_dag.py took 0.062 seconds
[2024-03-18T15:39:29.299+0000] {processor.py:161} INFO - Started process (PID=873) to work on /home/airflow/.local/lib/python3.8/site-packages/airflow/example_dags/example_sla_dag.py
[2024-03-18T15:39:29.300+0000] {processor.py:830} INFO - Processing file /home/airflow/.local/lib/python3.8/site-packages/airflow/example_dags/example_sla_dag.py for tasks to queue
[2024-03-18T15:39:29.301+0000] {logging_mixin.py:188} INFO - [2024-03-18T15:39:29.301+0000] {dagbag.py:540} INFO - Filling up the DagBag from /home/airflow/.local/lib/python3.8/site-packages/airflow/example_dags/example_sla_dag.py
[2024-03-18T15:39:29.308+0000] {processor.py:840} INFO - DAG(s) 'example_sla_dag' retrieved from /home/airflow/.local/lib/python3.8/site-packages/airflow/example_dags/example_sla_dag.py
[2024-03-18T15:39:29.323+0000] {logging_mixin.py:188} INFO - [2024-03-18T15:39:29.323+0000] {dag.py:3047} INFO - Sync 1 DAGs
[2024-03-18T15:39:29.345+0000] {logging_mixin.py:188} INFO - [2024-03-18T15:39:29.345+0000] {dag.py:3834} INFO - Setting next_dagrun for example_sla_dag to 2024-03-18 15:36:00+00:00, run_after=2024-03-18 15:38:00+00:00
[2024-03-18T15:39:29.360+0000] {processor.py:183} INFO - Processing /home/airflow/.local/lib/python3.8/site-packages/airflow/example_dags/example_sla_dag.py took 0.064 seconds
[2024-03-18T15:39:59.439+0000] {processor.py:161} INFO - Started process (PID=928) to work on /home/airflow/.local/lib/python3.8/site-packages/airflow/example_dags/example_sla_dag.py
[2024-03-18T15:39:59.439+0000] {processor.py:830} INFO - Processing file /home/airflow/.local/lib/python3.8/site-packages/airflow/example_dags/example_sla_dag.py for tasks to queue
[2024-03-18T15:39:59.441+0000] {logging_mixin.py:188} INFO - [2024-03-18T15:39:59.441+0000] {dagbag.py:540} INFO - Filling up the DagBag from /home/airflow/.local/lib/python3.8/site-packages/airflow/example_dags/example_sla_dag.py
[2024-03-18T15:39:59.447+0000] {processor.py:840} INFO - DAG(s) 'example_sla_dag' retrieved from /home/airflow/.local/lib/python3.8/site-packages/airflow/example_dags/example_sla_dag.py
[2024-03-18T15:39:59.462+0000] {logging_mixin.py:188} INFO - [2024-03-18T15:39:59.462+0000] {dag.py:3047} INFO - Sync 1 DAGs
[2024-03-18T15:39:59.484+0000] {logging_mixin.py:188} INFO - [2024-03-18T15:39:59.483+0000] {dag.py:3834} INFO - Setting next_dagrun for example_sla_dag to 2024-03-18 15:36:00+00:00, run_after=2024-03-18 15:38:00+00:00
[2024-03-18T15:39:59.497+0000] {processor.py:183} INFO - Processing /home/airflow/.local/lib/python3.8/site-packages/airflow/example_dags/example_sla_dag.py took 0.062 seconds
[2024-03-18T15:40:29.547+0000] {processor.py:161} INFO - Started process (PID=983) to work on /home/airflow/.local/lib/python3.8/site-packages/airflow/example_dags/example_sla_dag.py
[2024-03-18T15:40:29.548+0000] {processor.py:830} INFO - Processing file /home/airflow/.local/lib/python3.8/site-packages/airflow/example_dags/example_sla_dag.py for tasks to queue
[2024-03-18T15:40:29.549+0000] {logging_mixin.py:188} INFO - [2024-03-18T15:40:29.549+0000] {dagbag.py:540} INFO - Filling up the DagBag from /home/airflow/.local/lib/python3.8/site-packages/airflow/example_dags/example_sla_dag.py
[2024-03-18T15:40:29.558+0000] {processor.py:840} INFO - DAG(s) 'example_sla_dag' retrieved from /home/airflow/.local/lib/python3.8/site-packages/airflow/example_dags/example_sla_dag.py
[2024-03-18T15:40:29.574+0000] {logging_mixin.py:188} INFO - [2024-03-18T15:40:29.574+0000] {dag.py:3047} INFO - Sync 1 DAGs
[2024-03-18T15:40:29.597+0000] {logging_mixin.py:188} INFO - [2024-03-18T15:40:29.597+0000] {dag.py:3834} INFO - Setting next_dagrun for example_sla_dag to 2024-03-18 15:38:00+00:00, run_after=2024-03-18 15:40:00+00:00
[2024-03-18T15:40:29.614+0000] {processor.py:183} INFO - Processing /home/airflow/.local/lib/python3.8/site-packages/airflow/example_dags/example_sla_dag.py took 0.070 seconds
[2024-03-18T15:40:59.714+0000] {processor.py:161} INFO - Started process (PID=1038) to work on /home/airflow/.local/lib/python3.8/site-packages/airflow/example_dags/example_sla_dag.py
[2024-03-18T15:40:59.715+0000] {processor.py:830} INFO - Processing file /home/airflow/.local/lib/python3.8/site-packages/airflow/example_dags/example_sla_dag.py for tasks to queue
[2024-03-18T15:40:59.717+0000] {logging_mixin.py:188} INFO - [2024-03-18T15:40:59.717+0000] {dagbag.py:540} INFO - Filling up the DagBag from /home/airflow/.local/lib/python3.8/site-packages/airflow/example_dags/example_sla_dag.py
[2024-03-18T15:40:59.724+0000] {processor.py:840} INFO - DAG(s) 'example_sla_dag' retrieved from /home/airflow/.local/lib/python3.8/site-packages/airflow/example_dags/example_sla_dag.py
[2024-03-18T15:40:59.740+0000] {logging_mixin.py:188} INFO - [2024-03-18T15:40:59.739+0000] {dag.py:3047} INFO - Sync 1 DAGs
[2024-03-18T15:40:59.762+0000] {logging_mixin.py:188} INFO - [2024-03-18T15:40:59.761+0000] {dag.py:3834} INFO - Setting next_dagrun for example_sla_dag to 2024-03-18 15:38:00+00:00, run_after=2024-03-18 15:40:00+00:00
[2024-03-18T15:40:59.776+0000] {processor.py:183} INFO - Processing /home/airflow/.local/lib/python3.8/site-packages/airflow/example_dags/example_sla_dag.py took 0.064 seconds
[2024-03-18T15:41:29.876+0000] {processor.py:161} INFO - Started process (PID=1093) to work on /home/airflow/.local/lib/python3.8/site-packages/airflow/example_dags/example_sla_dag.py
[2024-03-18T15:41:29.877+0000] {processor.py:830} INFO - Processing file /home/airflow/.local/lib/python3.8/site-packages/airflow/example_dags/example_sla_dag.py for tasks to queue
[2024-03-18T15:41:29.879+0000] {logging_mixin.py:188} INFO - [2024-03-18T15:41:29.878+0000] {dagbag.py:540} INFO - Filling up the DagBag from /home/airflow/.local/lib/python3.8/site-packages/airflow/example_dags/example_sla_dag.py
[2024-03-18T15:41:29.886+0000] {processor.py:840} INFO - DAG(s) 'example_sla_dag' retrieved from /home/airflow/.local/lib/python3.8/site-packages/airflow/example_dags/example_sla_dag.py
[2024-03-18T15:41:29.900+0000] {logging_mixin.py:188} INFO - [2024-03-18T15:41:29.900+0000] {dag.py:3047} INFO - Sync 1 DAGs
[2024-03-18T15:41:29.920+0000] {logging_mixin.py:188} INFO - [2024-03-18T15:41:29.920+0000] {dag.py:3834} INFO - Setting next_dagrun for example_sla_dag to 2024-03-18 15:38:00+00:00, run_after=2024-03-18 15:40:00+00:00
[2024-03-18T15:41:29.934+0000] {processor.py:183} INFO - Processing /home/airflow/.local/lib/python3.8/site-packages/airflow/example_dags/example_sla_dag.py took 0.060 seconds
[2024-03-18T15:42:00.148+0000] {processor.py:161} INFO - Started process (PID=1148) to work on /home/airflow/.local/lib/python3.8/site-packages/airflow/example_dags/example_sla_dag.py
[2024-03-18T15:42:00.149+0000] {processor.py:830} INFO - Processing file /home/airflow/.local/lib/python3.8/site-packages/airflow/example_dags/example_sla_dag.py for tasks to queue
[2024-03-18T15:42:00.151+0000] {logging_mixin.py:188} INFO - [2024-03-18T15:42:00.151+0000] {dagbag.py:540} INFO - Filling up the DagBag from /home/airflow/.local/lib/python3.8/site-packages/airflow/example_dags/example_sla_dag.py
[2024-03-18T15:42:00.158+0000] {processor.py:840} INFO - DAG(s) 'example_sla_dag' retrieved from /home/airflow/.local/lib/python3.8/site-packages/airflow/example_dags/example_sla_dag.py
[2024-03-18T15:42:00.173+0000] {logging_mixin.py:188} INFO - [2024-03-18T15:42:00.173+0000] {dag.py:3047} INFO - Sync 1 DAGs
[2024-03-18T15:42:00.194+0000] {logging_mixin.py:188} INFO - [2024-03-18T15:42:00.194+0000] {dag.py:3834} INFO - Setting next_dagrun for example_sla_dag to 2024-03-18 15:40:00+00:00, run_after=2024-03-18 15:42:00+00:00
[2024-03-18T15:42:00.209+0000] {processor.py:183} INFO - Processing /home/airflow/.local/lib/python3.8/site-packages/airflow/example_dags/example_sla_dag.py took 0.063 seconds
[2024-03-18T15:42:30.344+0000] {processor.py:161} INFO - Started process (PID=1203) to work on /home/airflow/.local/lib/python3.8/site-packages/airflow/example_dags/example_sla_dag.py
[2024-03-18T15:42:30.345+0000] {processor.py:830} INFO - Processing file /home/airflow/.local/lib/python3.8/site-packages/airflow/example_dags/example_sla_dag.py for tasks to queue
[2024-03-18T15:42:30.346+0000] {logging_mixin.py:188} INFO - [2024-03-18T15:42:30.346+0000] {dagbag.py:540} INFO - Filling up the DagBag from /home/airflow/.local/lib/python3.8/site-packages/airflow/example_dags/example_sla_dag.py
[2024-03-18T15:42:30.353+0000] {processor.py:840} INFO - DAG(s) 'example_sla_dag' retrieved from /home/airflow/.local/lib/python3.8/site-packages/airflow/example_dags/example_sla_dag.py
[2024-03-18T15:42:30.368+0000] {logging_mixin.py:188} INFO - [2024-03-18T15:42:30.368+0000] {dag.py:3047} INFO - Sync 1 DAGs
[2024-03-18T15:42:30.388+0000] {logging_mixin.py:188} INFO - [2024-03-18T15:42:30.388+0000] {dag.py:3834} INFO - Setting next_dagrun for example_sla_dag to 2024-03-18 15:40:00+00:00, run_after=2024-03-18 15:42:00+00:00
[2024-03-18T15:42:30.403+0000] {processor.py:183} INFO - Processing /home/airflow/.local/lib/python3.8/site-packages/airflow/example_dags/example_sla_dag.py took 0.061 seconds
[2024-03-18T15:43:00.533+0000] {processor.py:161} INFO - Started process (PID=1258) to work on /home/airflow/.local/lib/python3.8/site-packages/airflow/example_dags/example_sla_dag.py
[2024-03-18T15:43:00.534+0000] {processor.py:830} INFO - Processing file /home/airflow/.local/lib/python3.8/site-packages/airflow/example_dags/example_sla_dag.py for tasks to queue
[2024-03-18T15:43:00.535+0000] {logging_mixin.py:188} INFO - [2024-03-18T15:43:00.535+0000] {dagbag.py:540} INFO - Filling up the DagBag from /home/airflow/.local/lib/python3.8/site-packages/airflow/example_dags/example_sla_dag.py
[2024-03-18T15:43:00.542+0000] {processor.py:840} INFO - DAG(s) 'example_sla_dag' retrieved from /home/airflow/.local/lib/python3.8/site-packages/airflow/example_dags/example_sla_dag.py
[2024-03-18T15:43:00.557+0000] {logging_mixin.py:188} INFO - [2024-03-18T15:43:00.557+0000] {dag.py:3047} INFO - Sync 1 DAGs
[2024-03-18T15:43:00.577+0000] {logging_mixin.py:188} INFO - [2024-03-18T15:43:00.577+0000] {dag.py:3834} INFO - Setting next_dagrun for example_sla_dag to 2024-03-18 15:40:00+00:00, run_after=2024-03-18 15:42:00+00:00
[2024-03-18T15:43:00.591+0000] {processor.py:183} INFO - Processing /home/airflow/.local/lib/python3.8/site-packages/airflow/example_dags/example_sla_dag.py took 0.061 seconds
