[2024-03-18T15:31:56.334+0000] {processor.py:161} INFO - Started process (PID=75) to work on /home/airflow/.local/lib/python3.8/site-packages/airflow/example_dags/example_bash_operator.py
[2024-03-18T15:31:56.335+0000] {processor.py:830} INFO - Processing file /home/airflow/.local/lib/python3.8/site-packages/airflow/example_dags/example_bash_operator.py for tasks to queue
[2024-03-18T15:31:56.337+0000] {logging_mixin.py:188} INFO - [2024-03-18T15:31:56.336+0000] {dagbag.py:540} INFO - Filling up the DagBag from /home/airflow/.local/lib/python3.8/site-packages/airflow/example_dags/example_bash_operator.py
[2024-03-18T15:31:56.347+0000] {processor.py:840} INFO - DAG(s) 'example_bash_operator' retrieved from /home/airflow/.local/lib/python3.8/site-packages/airflow/example_dags/example_bash_operator.py
[2024-03-18T15:31:56.356+0000] {logging_mixin.py:188} INFO - [2024-03-18T15:31:56.356+0000] {dag.py:3047} INFO - Sync 1 DAGs
[2024-03-18T15:31:56.378+0000] {logging_mixin.py:188} INFO - [2024-03-18T15:31:56.377+0000] {dag.py:3834} INFO - Setting next_dagrun for example_bash_operator to 2024-03-17 00:00:00+00:00, run_after=2024-03-18 00:00:00+00:00
[2024-03-18T15:31:56.394+0000] {processor.py:183} INFO - Processing /home/airflow/.local/lib/python3.8/site-packages/airflow/example_dags/example_bash_operator.py took 0.062 seconds
[2024-03-18T15:32:27.567+0000] {processor.py:161} INFO - Started process (PID=130) to work on /home/airflow/.local/lib/python3.8/site-packages/airflow/example_dags/example_bash_operator.py
[2024-03-18T15:32:27.568+0000] {processor.py:830} INFO - Processing file /home/airflow/.local/lib/python3.8/site-packages/airflow/example_dags/example_bash_operator.py for tasks to queue
[2024-03-18T15:32:27.570+0000] {logging_mixin.py:188} INFO - [2024-03-18T15:32:27.569+0000] {dagbag.py:540} INFO - Filling up the DagBag from /home/airflow/.local/lib/python3.8/site-packages/airflow/example_dags/example_bash_operator.py
[2024-03-18T15:32:27.579+0000] {processor.py:840} INFO - DAG(s) 'example_bash_operator' retrieved from /home/airflow/.local/lib/python3.8/site-packages/airflow/example_dags/example_bash_operator.py
[2024-03-18T15:32:27.676+0000] {logging_mixin.py:188} INFO - [2024-03-18T15:32:27.675+0000] {dag.py:3047} INFO - Sync 1 DAGs
[2024-03-18T15:32:27.694+0000] {logging_mixin.py:188} INFO - [2024-03-18T15:32:27.694+0000] {dag.py:3834} INFO - Setting next_dagrun for example_bash_operator to 2024-03-17 00:00:00+00:00, run_after=2024-03-18 00:00:00+00:00
[2024-03-18T15:32:27.711+0000] {processor.py:183} INFO - Processing /home/airflow/.local/lib/python3.8/site-packages/airflow/example_dags/example_bash_operator.py took 0.147 seconds
[2024-03-18T15:32:58.255+0000] {processor.py:161} INFO - Started process (PID=185) to work on /home/airflow/.local/lib/python3.8/site-packages/airflow/example_dags/example_bash_operator.py
[2024-03-18T15:32:58.256+0000] {processor.py:830} INFO - Processing file /home/airflow/.local/lib/python3.8/site-packages/airflow/example_dags/example_bash_operator.py for tasks to queue
[2024-03-18T15:32:58.257+0000] {logging_mixin.py:188} INFO - [2024-03-18T15:32:58.257+0000] {dagbag.py:540} INFO - Filling up the DagBag from /home/airflow/.local/lib/python3.8/site-packages/airflow/example_dags/example_bash_operator.py
[2024-03-18T15:32:58.267+0000] {processor.py:840} INFO - DAG(s) 'example_bash_operator' retrieved from /home/airflow/.local/lib/python3.8/site-packages/airflow/example_dags/example_bash_operator.py
[2024-03-18T15:32:58.291+0000] {logging_mixin.py:188} INFO - [2024-03-18T15:32:58.291+0000] {dag.py:3047} INFO - Sync 1 DAGs
[2024-03-18T15:32:58.310+0000] {logging_mixin.py:188} INFO - [2024-03-18T15:32:58.310+0000] {dag.py:3834} INFO - Setting next_dagrun for example_bash_operator to 2024-03-17 00:00:00+00:00, run_after=2024-03-18 00:00:00+00:00
[2024-03-18T15:32:58.324+0000] {processor.py:183} INFO - Processing /home/airflow/.local/lib/python3.8/site-packages/airflow/example_dags/example_bash_operator.py took 0.071 seconds
[2024-03-18T15:33:28.444+0000] {processor.py:161} INFO - Started process (PID=240) to work on /home/airflow/.local/lib/python3.8/site-packages/airflow/example_dags/example_bash_operator.py
[2024-03-18T15:33:28.445+0000] {processor.py:830} INFO - Processing file /home/airflow/.local/lib/python3.8/site-packages/airflow/example_dags/example_bash_operator.py for tasks to queue
[2024-03-18T15:33:28.447+0000] {logging_mixin.py:188} INFO - [2024-03-18T15:33:28.446+0000] {dagbag.py:540} INFO - Filling up the DagBag from /home/airflow/.local/lib/python3.8/site-packages/airflow/example_dags/example_bash_operator.py
[2024-03-18T15:33:28.459+0000] {processor.py:840} INFO - DAG(s) 'example_bash_operator' retrieved from /home/airflow/.local/lib/python3.8/site-packages/airflow/example_dags/example_bash_operator.py
[2024-03-18T15:33:28.484+0000] {logging_mixin.py:188} INFO - [2024-03-18T15:33:28.484+0000] {dag.py:3047} INFO - Sync 1 DAGs
[2024-03-18T15:33:28.506+0000] {logging_mixin.py:188} INFO - [2024-03-18T15:33:28.505+0000] {dag.py:3834} INFO - Setting next_dagrun for example_bash_operator to 2024-03-17 00:00:00+00:00, run_after=2024-03-18 00:00:00+00:00
[2024-03-18T15:33:28.526+0000] {processor.py:183} INFO - Processing /home/airflow/.local/lib/python3.8/site-packages/airflow/example_dags/example_bash_operator.py took 0.085 seconds
[2024-03-18T15:33:58.569+0000] {processor.py:161} INFO - Started process (PID=295) to work on /home/airflow/.local/lib/python3.8/site-packages/airflow/example_dags/example_bash_operator.py
[2024-03-18T15:33:58.570+0000] {processor.py:830} INFO - Processing file /home/airflow/.local/lib/python3.8/site-packages/airflow/example_dags/example_bash_operator.py for tasks to queue
[2024-03-18T15:33:58.571+0000] {logging_mixin.py:188} INFO - [2024-03-18T15:33:58.571+0000] {dagbag.py:540} INFO - Filling up the DagBag from /home/airflow/.local/lib/python3.8/site-packages/airflow/example_dags/example_bash_operator.py
[2024-03-18T15:33:58.580+0000] {processor.py:840} INFO - DAG(s) 'example_bash_operator' retrieved from /home/airflow/.local/lib/python3.8/site-packages/airflow/example_dags/example_bash_operator.py
[2024-03-18T15:33:58.604+0000] {logging_mixin.py:188} INFO - [2024-03-18T15:33:58.604+0000] {dag.py:3047} INFO - Sync 1 DAGs
[2024-03-18T15:33:58.623+0000] {logging_mixin.py:188} INFO - [2024-03-18T15:33:58.623+0000] {dag.py:3834} INFO - Setting next_dagrun for example_bash_operator to 2024-03-17 00:00:00+00:00, run_after=2024-03-18 00:00:00+00:00
[2024-03-18T15:33:58.637+0000] {processor.py:183} INFO - Processing /home/airflow/.local/lib/python3.8/site-packages/airflow/example_dags/example_bash_operator.py took 0.071 seconds
[2024-03-18T15:34:28.812+0000] {processor.py:161} INFO - Started process (PID=350) to work on /home/airflow/.local/lib/python3.8/site-packages/airflow/example_dags/example_bash_operator.py
[2024-03-18T15:34:28.813+0000] {processor.py:830} INFO - Processing file /home/airflow/.local/lib/python3.8/site-packages/airflow/example_dags/example_bash_operator.py for tasks to queue
[2024-03-18T15:34:28.814+0000] {logging_mixin.py:188} INFO - [2024-03-18T15:34:28.814+0000] {dagbag.py:540} INFO - Filling up the DagBag from /home/airflow/.local/lib/python3.8/site-packages/airflow/example_dags/example_bash_operator.py
[2024-03-18T15:34:28.823+0000] {processor.py:840} INFO - DAG(s) 'example_bash_operator' retrieved from /home/airflow/.local/lib/python3.8/site-packages/airflow/example_dags/example_bash_operator.py
[2024-03-18T15:34:28.847+0000] {logging_mixin.py:188} INFO - [2024-03-18T15:34:28.847+0000] {dag.py:3047} INFO - Sync 1 DAGs
[2024-03-18T15:34:28.865+0000] {logging_mixin.py:188} INFO - [2024-03-18T15:34:28.865+0000] {dag.py:3834} INFO - Setting next_dagrun for example_bash_operator to 2024-03-17 00:00:00+00:00, run_after=2024-03-18 00:00:00+00:00
[2024-03-18T15:34:28.879+0000] {processor.py:183} INFO - Processing /home/airflow/.local/lib/python3.8/site-packages/airflow/example_dags/example_bash_operator.py took 0.070 seconds
[2024-03-18T15:34:59.095+0000] {processor.py:161} INFO - Started process (PID=405) to work on /home/airflow/.local/lib/python3.8/site-packages/airflow/example_dags/example_bash_operator.py
[2024-03-18T15:34:59.096+0000] {processor.py:830} INFO - Processing file /home/airflow/.local/lib/python3.8/site-packages/airflow/example_dags/example_bash_operator.py for tasks to queue
[2024-03-18T15:34:59.097+0000] {logging_mixin.py:188} INFO - [2024-03-18T15:34:59.097+0000] {dagbag.py:540} INFO - Filling up the DagBag from /home/airflow/.local/lib/python3.8/site-packages/airflow/example_dags/example_bash_operator.py
[2024-03-18T15:34:59.107+0000] {processor.py:840} INFO - DAG(s) 'example_bash_operator' retrieved from /home/airflow/.local/lib/python3.8/site-packages/airflow/example_dags/example_bash_operator.py
[2024-03-18T15:34:59.131+0000] {logging_mixin.py:188} INFO - [2024-03-18T15:34:59.131+0000] {dag.py:3047} INFO - Sync 1 DAGs
[2024-03-18T15:34:59.150+0000] {logging_mixin.py:188} INFO - [2024-03-18T15:34:59.150+0000] {dag.py:3834} INFO - Setting next_dagrun for example_bash_operator to 2024-03-17 00:00:00+00:00, run_after=2024-03-18 00:00:00+00:00
[2024-03-18T15:34:59.166+0000] {processor.py:183} INFO - Processing /home/airflow/.local/lib/python3.8/site-packages/airflow/example_dags/example_bash_operator.py took 0.074 seconds
[2024-03-18T15:35:29.251+0000] {processor.py:161} INFO - Started process (PID=460) to work on /home/airflow/.local/lib/python3.8/site-packages/airflow/example_dags/example_bash_operator.py
[2024-03-18T15:35:29.252+0000] {processor.py:830} INFO - Processing file /home/airflow/.local/lib/python3.8/site-packages/airflow/example_dags/example_bash_operator.py for tasks to queue
[2024-03-18T15:35:29.254+0000] {logging_mixin.py:188} INFO - [2024-03-18T15:35:29.253+0000] {dagbag.py:540} INFO - Filling up the DagBag from /home/airflow/.local/lib/python3.8/site-packages/airflow/example_dags/example_bash_operator.py
[2024-03-18T15:35:29.263+0000] {processor.py:840} INFO - DAG(s) 'example_bash_operator' retrieved from /home/airflow/.local/lib/python3.8/site-packages/airflow/example_dags/example_bash_operator.py
[2024-03-18T15:35:29.287+0000] {logging_mixin.py:188} INFO - [2024-03-18T15:35:29.287+0000] {dag.py:3047} INFO - Sync 1 DAGs
[2024-03-18T15:35:29.306+0000] {logging_mixin.py:188} INFO - [2024-03-18T15:35:29.305+0000] {dag.py:3834} INFO - Setting next_dagrun for example_bash_operator to 2024-03-17 00:00:00+00:00, run_after=2024-03-18 00:00:00+00:00
[2024-03-18T15:35:29.320+0000] {processor.py:183} INFO - Processing /home/airflow/.local/lib/python3.8/site-packages/airflow/example_dags/example_bash_operator.py took 0.072 seconds
[2024-03-18T15:35:59.578+0000] {processor.py:161} INFO - Started process (PID=515) to work on /home/airflow/.local/lib/python3.8/site-packages/airflow/example_dags/example_bash_operator.py
[2024-03-18T15:35:59.579+0000] {processor.py:830} INFO - Processing file /home/airflow/.local/lib/python3.8/site-packages/airflow/example_dags/example_bash_operator.py for tasks to queue
[2024-03-18T15:35:59.581+0000] {logging_mixin.py:188} INFO - [2024-03-18T15:35:59.581+0000] {dagbag.py:540} INFO - Filling up the DagBag from /home/airflow/.local/lib/python3.8/site-packages/airflow/example_dags/example_bash_operator.py
[2024-03-18T15:35:59.590+0000] {processor.py:840} INFO - DAG(s) 'example_bash_operator' retrieved from /home/airflow/.local/lib/python3.8/site-packages/airflow/example_dags/example_bash_operator.py
[2024-03-18T15:35:59.615+0000] {logging_mixin.py:188} INFO - [2024-03-18T15:35:59.615+0000] {dag.py:3047} INFO - Sync 1 DAGs
[2024-03-18T15:35:59.634+0000] {logging_mixin.py:188} INFO - [2024-03-18T15:35:59.633+0000] {dag.py:3834} INFO - Setting next_dagrun for example_bash_operator to 2024-03-17 00:00:00+00:00, run_after=2024-03-18 00:00:00+00:00
[2024-03-18T15:35:59.648+0000] {processor.py:183} INFO - Processing /home/airflow/.local/lib/python3.8/site-packages/airflow/example_dags/example_bash_operator.py took 0.072 seconds
[2024-03-18T15:36:29.925+0000] {processor.py:161} INFO - Started process (PID=570) to work on /home/airflow/.local/lib/python3.8/site-packages/airflow/example_dags/example_bash_operator.py
[2024-03-18T15:36:29.926+0000] {processor.py:830} INFO - Processing file /home/airflow/.local/lib/python3.8/site-packages/airflow/example_dags/example_bash_operator.py for tasks to queue
[2024-03-18T15:36:29.927+0000] {logging_mixin.py:188} INFO - [2024-03-18T15:36:29.927+0000] {dagbag.py:540} INFO - Filling up the DagBag from /home/airflow/.local/lib/python3.8/site-packages/airflow/example_dags/example_bash_operator.py
[2024-03-18T15:36:29.936+0000] {processor.py:840} INFO - DAG(s) 'example_bash_operator' retrieved from /home/airflow/.local/lib/python3.8/site-packages/airflow/example_dags/example_bash_operator.py
[2024-03-18T15:36:29.961+0000] {logging_mixin.py:188} INFO - [2024-03-18T15:36:29.961+0000] {dag.py:3047} INFO - Sync 1 DAGs
[2024-03-18T15:36:29.980+0000] {logging_mixin.py:188} INFO - [2024-03-18T15:36:29.980+0000] {dag.py:3834} INFO - Setting next_dagrun for example_bash_operator to 2024-03-17 00:00:00+00:00, run_after=2024-03-18 00:00:00+00:00
[2024-03-18T15:36:29.995+0000] {processor.py:183} INFO - Processing /home/airflow/.local/lib/python3.8/site-packages/airflow/example_dags/example_bash_operator.py took 0.073 seconds
[2024-03-18T15:37:00.265+0000] {processor.py:161} INFO - Started process (PID=625) to work on /home/airflow/.local/lib/python3.8/site-packages/airflow/example_dags/example_bash_operator.py
[2024-03-18T15:37:00.266+0000] {processor.py:830} INFO - Processing file /home/airflow/.local/lib/python3.8/site-packages/airflow/example_dags/example_bash_operator.py for tasks to queue
[2024-03-18T15:37:00.267+0000] {logging_mixin.py:188} INFO - [2024-03-18T15:37:00.267+0000] {dagbag.py:540} INFO - Filling up the DagBag from /home/airflow/.local/lib/python3.8/site-packages/airflow/example_dags/example_bash_operator.py
[2024-03-18T15:37:00.276+0000] {processor.py:840} INFO - DAG(s) 'example_bash_operator' retrieved from /home/airflow/.local/lib/python3.8/site-packages/airflow/example_dags/example_bash_operator.py
[2024-03-18T15:37:00.301+0000] {logging_mixin.py:188} INFO - [2024-03-18T15:37:00.301+0000] {dag.py:3047} INFO - Sync 1 DAGs
[2024-03-18T15:37:00.321+0000] {logging_mixin.py:188} INFO - [2024-03-18T15:37:00.321+0000] {dag.py:3834} INFO - Setting next_dagrun for example_bash_operator to 2024-03-17 00:00:00+00:00, run_after=2024-03-18 00:00:00+00:00
[2024-03-18T15:37:00.335+0000] {processor.py:183} INFO - Processing /home/airflow/.local/lib/python3.8/site-packages/airflow/example_dags/example_bash_operator.py took 0.073 seconds
[2024-03-18T15:37:30.603+0000] {processor.py:161} INFO - Started process (PID=680) to work on /home/airflow/.local/lib/python3.8/site-packages/airflow/example_dags/example_bash_operator.py
[2024-03-18T15:37:30.604+0000] {processor.py:830} INFO - Processing file /home/airflow/.local/lib/python3.8/site-packages/airflow/example_dags/example_bash_operator.py for tasks to queue
[2024-03-18T15:37:30.605+0000] {logging_mixin.py:188} INFO - [2024-03-18T15:37:30.605+0000] {dagbag.py:540} INFO - Filling up the DagBag from /home/airflow/.local/lib/python3.8/site-packages/airflow/example_dags/example_bash_operator.py
[2024-03-18T15:37:30.615+0000] {processor.py:840} INFO - DAG(s) 'example_bash_operator' retrieved from /home/airflow/.local/lib/python3.8/site-packages/airflow/example_dags/example_bash_operator.py
[2024-03-18T15:37:30.639+0000] {logging_mixin.py:188} INFO - [2024-03-18T15:37:30.638+0000] {dag.py:3047} INFO - Sync 1 DAGs
[2024-03-18T15:37:30.657+0000] {logging_mixin.py:188} INFO - [2024-03-18T15:37:30.657+0000] {dag.py:3834} INFO - Setting next_dagrun for example_bash_operator to 2024-03-17 00:00:00+00:00, run_after=2024-03-18 00:00:00+00:00
[2024-03-18T15:37:30.671+0000] {processor.py:183} INFO - Processing /home/airflow/.local/lib/python3.8/site-packages/airflow/example_dags/example_bash_operator.py took 0.070 seconds
[2024-03-18T15:38:01.042+0000] {processor.py:161} INFO - Started process (PID=735) to work on /home/airflow/.local/lib/python3.8/site-packages/airflow/example_dags/example_bash_operator.py
[2024-03-18T15:38:01.043+0000] {processor.py:830} INFO - Processing file /home/airflow/.local/lib/python3.8/site-packages/airflow/example_dags/example_bash_operator.py for tasks to queue
[2024-03-18T15:38:01.045+0000] {logging_mixin.py:188} INFO - [2024-03-18T15:38:01.045+0000] {dagbag.py:540} INFO - Filling up the DagBag from /home/airflow/.local/lib/python3.8/site-packages/airflow/example_dags/example_bash_operator.py
[2024-03-18T15:38:01.054+0000] {processor.py:840} INFO - DAG(s) 'example_bash_operator' retrieved from /home/airflow/.local/lib/python3.8/site-packages/airflow/example_dags/example_bash_operator.py
[2024-03-18T15:38:01.080+0000] {logging_mixin.py:188} INFO - [2024-03-18T15:38:01.080+0000] {dag.py:3047} INFO - Sync 1 DAGs
[2024-03-18T15:38:01.100+0000] {logging_mixin.py:188} INFO - [2024-03-18T15:38:01.099+0000] {dag.py:3834} INFO - Setting next_dagrun for example_bash_operator to 2024-03-17 00:00:00+00:00, run_after=2024-03-18 00:00:00+00:00
[2024-03-18T15:38:01.115+0000] {processor.py:183} INFO - Processing /home/airflow/.local/lib/python3.8/site-packages/airflow/example_dags/example_bash_operator.py took 0.075 seconds
[2024-03-18T15:38:31.153+0000] {processor.py:161} INFO - Started process (PID=790) to work on /home/airflow/.local/lib/python3.8/site-packages/airflow/example_dags/example_bash_operator.py
[2024-03-18T15:38:31.153+0000] {processor.py:830} INFO - Processing file /home/airflow/.local/lib/python3.8/site-packages/airflow/example_dags/example_bash_operator.py for tasks to queue
[2024-03-18T15:38:31.155+0000] {logging_mixin.py:188} INFO - [2024-03-18T15:38:31.155+0000] {dagbag.py:540} INFO - Filling up the DagBag from /home/airflow/.local/lib/python3.8/site-packages/airflow/example_dags/example_bash_operator.py
[2024-03-18T15:38:31.164+0000] {processor.py:840} INFO - DAG(s) 'example_bash_operator' retrieved from /home/airflow/.local/lib/python3.8/site-packages/airflow/example_dags/example_bash_operator.py
[2024-03-18T15:38:31.188+0000] {logging_mixin.py:188} INFO - [2024-03-18T15:38:31.188+0000] {dag.py:3047} INFO - Sync 1 DAGs
[2024-03-18T15:38:31.206+0000] {logging_mixin.py:188} INFO - [2024-03-18T15:38:31.206+0000] {dag.py:3834} INFO - Setting next_dagrun for example_bash_operator to 2024-03-17 00:00:00+00:00, run_after=2024-03-18 00:00:00+00:00
[2024-03-18T15:38:31.221+0000] {processor.py:183} INFO - Processing /home/airflow/.local/lib/python3.8/site-packages/airflow/example_dags/example_bash_operator.py took 0.071 seconds
[2024-03-18T15:39:01.267+0000] {processor.py:161} INFO - Started process (PID=845) to work on /home/airflow/.local/lib/python3.8/site-packages/airflow/example_dags/example_bash_operator.py
[2024-03-18T15:39:01.267+0000] {processor.py:830} INFO - Processing file /home/airflow/.local/lib/python3.8/site-packages/airflow/example_dags/example_bash_operator.py for tasks to queue
[2024-03-18T15:39:01.269+0000] {logging_mixin.py:188} INFO - [2024-03-18T15:39:01.269+0000] {dagbag.py:540} INFO - Filling up the DagBag from /home/airflow/.local/lib/python3.8/site-packages/airflow/example_dags/example_bash_operator.py
[2024-03-18T15:39:01.278+0000] {processor.py:840} INFO - DAG(s) 'example_bash_operator' retrieved from /home/airflow/.local/lib/python3.8/site-packages/airflow/example_dags/example_bash_operator.py
[2024-03-18T15:39:01.303+0000] {logging_mixin.py:188} INFO - [2024-03-18T15:39:01.303+0000] {dag.py:3047} INFO - Sync 1 DAGs
[2024-03-18T15:39:01.322+0000] {logging_mixin.py:188} INFO - [2024-03-18T15:39:01.322+0000] {dag.py:3834} INFO - Setting next_dagrun for example_bash_operator to 2024-03-17 00:00:00+00:00, run_after=2024-03-18 00:00:00+00:00
[2024-03-18T15:39:01.336+0000] {processor.py:183} INFO - Processing /home/airflow/.local/lib/python3.8/site-packages/airflow/example_dags/example_bash_operator.py took 0.072 seconds
[2024-03-18T15:39:31.526+0000] {processor.py:161} INFO - Started process (PID=900) to work on /home/airflow/.local/lib/python3.8/site-packages/airflow/example_dags/example_bash_operator.py
[2024-03-18T15:39:31.527+0000] {processor.py:830} INFO - Processing file /home/airflow/.local/lib/python3.8/site-packages/airflow/example_dags/example_bash_operator.py for tasks to queue
[2024-03-18T15:39:31.529+0000] {logging_mixin.py:188} INFO - [2024-03-18T15:39:31.528+0000] {dagbag.py:540} INFO - Filling up the DagBag from /home/airflow/.local/lib/python3.8/site-packages/airflow/example_dags/example_bash_operator.py
[2024-03-18T15:39:31.539+0000] {processor.py:840} INFO - DAG(s) 'example_bash_operator' retrieved from /home/airflow/.local/lib/python3.8/site-packages/airflow/example_dags/example_bash_operator.py
[2024-03-18T15:39:31.563+0000] {logging_mixin.py:188} INFO - [2024-03-18T15:39:31.563+0000] {dag.py:3047} INFO - Sync 1 DAGs
[2024-03-18T15:39:31.583+0000] {logging_mixin.py:188} INFO - [2024-03-18T15:39:31.583+0000] {dag.py:3834} INFO - Setting next_dagrun for example_bash_operator to 2024-03-17 00:00:00+00:00, run_after=2024-03-18 00:00:00+00:00
[2024-03-18T15:39:31.598+0000] {processor.py:183} INFO - Processing /home/airflow/.local/lib/python3.8/site-packages/airflow/example_dags/example_bash_operator.py took 0.074 seconds
[2024-03-18T15:40:01.629+0000] {processor.py:161} INFO - Started process (PID=955) to work on /home/airflow/.local/lib/python3.8/site-packages/airflow/example_dags/example_bash_operator.py
[2024-03-18T15:40:01.630+0000] {processor.py:830} INFO - Processing file /home/airflow/.local/lib/python3.8/site-packages/airflow/example_dags/example_bash_operator.py for tasks to queue
[2024-03-18T15:40:01.632+0000] {logging_mixin.py:188} INFO - [2024-03-18T15:40:01.631+0000] {dagbag.py:540} INFO - Filling up the DagBag from /home/airflow/.local/lib/python3.8/site-packages/airflow/example_dags/example_bash_operator.py
[2024-03-18T15:40:01.641+0000] {processor.py:840} INFO - DAG(s) 'example_bash_operator' retrieved from /home/airflow/.local/lib/python3.8/site-packages/airflow/example_dags/example_bash_operator.py
[2024-03-18T15:40:01.664+0000] {logging_mixin.py:188} INFO - [2024-03-18T15:40:01.664+0000] {dag.py:3047} INFO - Sync 1 DAGs
[2024-03-18T15:40:01.683+0000] {logging_mixin.py:188} INFO - [2024-03-18T15:40:01.683+0000] {dag.py:3834} INFO - Setting next_dagrun for example_bash_operator to 2024-03-17 00:00:00+00:00, run_after=2024-03-18 00:00:00+00:00
[2024-03-18T15:40:01.697+0000] {processor.py:183} INFO - Processing /home/airflow/.local/lib/python3.8/site-packages/airflow/example_dags/example_bash_operator.py took 0.070 seconds
[2024-03-18T15:40:31.776+0000] {processor.py:161} INFO - Started process (PID=1010) to work on /home/airflow/.local/lib/python3.8/site-packages/airflow/example_dags/example_bash_operator.py
[2024-03-18T15:40:31.777+0000] {processor.py:830} INFO - Processing file /home/airflow/.local/lib/python3.8/site-packages/airflow/example_dags/example_bash_operator.py for tasks to queue
[2024-03-18T15:40:31.778+0000] {logging_mixin.py:188} INFO - [2024-03-18T15:40:31.778+0000] {dagbag.py:540} INFO - Filling up the DagBag from /home/airflow/.local/lib/python3.8/site-packages/airflow/example_dags/example_bash_operator.py
[2024-03-18T15:40:31.788+0000] {processor.py:840} INFO - DAG(s) 'example_bash_operator' retrieved from /home/airflow/.local/lib/python3.8/site-packages/airflow/example_dags/example_bash_operator.py
[2024-03-18T15:40:31.813+0000] {logging_mixin.py:188} INFO - [2024-03-18T15:40:31.813+0000] {dag.py:3047} INFO - Sync 1 DAGs
[2024-03-18T15:40:31.833+0000] {logging_mixin.py:188} INFO - [2024-03-18T15:40:31.833+0000] {dag.py:3834} INFO - Setting next_dagrun for example_bash_operator to 2024-03-17 00:00:00+00:00, run_after=2024-03-18 00:00:00+00:00
[2024-03-18T15:40:31.848+0000] {processor.py:183} INFO - Processing /home/airflow/.local/lib/python3.8/site-packages/airflow/example_dags/example_bash_operator.py took 0.075 seconds
[2024-03-18T15:41:02.037+0000] {processor.py:161} INFO - Started process (PID=1065) to work on /home/airflow/.local/lib/python3.8/site-packages/airflow/example_dags/example_bash_operator.py
[2024-03-18T15:41:02.038+0000] {processor.py:830} INFO - Processing file /home/airflow/.local/lib/python3.8/site-packages/airflow/example_dags/example_bash_operator.py for tasks to queue
[2024-03-18T15:41:02.040+0000] {logging_mixin.py:188} INFO - [2024-03-18T15:41:02.039+0000] {dagbag.py:540} INFO - Filling up the DagBag from /home/airflow/.local/lib/python3.8/site-packages/airflow/example_dags/example_bash_operator.py
[2024-03-18T15:41:02.049+0000] {processor.py:840} INFO - DAG(s) 'example_bash_operator' retrieved from /home/airflow/.local/lib/python3.8/site-packages/airflow/example_dags/example_bash_operator.py
[2024-03-18T15:41:02.074+0000] {logging_mixin.py:188} INFO - [2024-03-18T15:41:02.074+0000] {dag.py:3047} INFO - Sync 1 DAGs
[2024-03-18T15:41:02.093+0000] {logging_mixin.py:188} INFO - [2024-03-18T15:41:02.093+0000] {dag.py:3834} INFO - Setting next_dagrun for example_bash_operator to 2024-03-17 00:00:00+00:00, run_after=2024-03-18 00:00:00+00:00
[2024-03-18T15:41:02.108+0000] {processor.py:183} INFO - Processing /home/airflow/.local/lib/python3.8/site-packages/airflow/example_dags/example_bash_operator.py took 0.073 seconds
[2024-03-18T15:41:33.012+0000] {processor.py:161} INFO - Started process (PID=1120) to work on /home/airflow/.local/lib/python3.8/site-packages/airflow/example_dags/example_bash_operator.py
[2024-03-18T15:41:33.012+0000] {processor.py:830} INFO - Processing file /home/airflow/.local/lib/python3.8/site-packages/airflow/example_dags/example_bash_operator.py for tasks to queue
[2024-03-18T15:41:33.014+0000] {logging_mixin.py:188} INFO - [2024-03-18T15:41:33.014+0000] {dagbag.py:540} INFO - Filling up the DagBag from /home/airflow/.local/lib/python3.8/site-packages/airflow/example_dags/example_bash_operator.py
[2024-03-18T15:41:33.023+0000] {processor.py:840} INFO - DAG(s) 'example_bash_operator' retrieved from /home/airflow/.local/lib/python3.8/site-packages/airflow/example_dags/example_bash_operator.py
[2024-03-18T15:41:33.047+0000] {logging_mixin.py:188} INFO - [2024-03-18T15:41:33.046+0000] {dag.py:3047} INFO - Sync 1 DAGs
[2024-03-18T15:41:33.064+0000] {logging_mixin.py:188} INFO - [2024-03-18T15:41:33.064+0000] {dag.py:3834} INFO - Setting next_dagrun for example_bash_operator to 2024-03-17 00:00:00+00:00, run_after=2024-03-18 00:00:00+00:00
[2024-03-18T15:41:33.077+0000] {processor.py:183} INFO - Processing /home/airflow/.local/lib/python3.8/site-packages/airflow/example_dags/example_bash_operator.py took 0.068 seconds
[2024-03-18T15:42:03.225+0000] {processor.py:161} INFO - Started process (PID=1175) to work on /home/airflow/.local/lib/python3.8/site-packages/airflow/example_dags/example_bash_operator.py
[2024-03-18T15:42:03.226+0000] {processor.py:830} INFO - Processing file /home/airflow/.local/lib/python3.8/site-packages/airflow/example_dags/example_bash_operator.py for tasks to queue
[2024-03-18T15:42:03.227+0000] {logging_mixin.py:188} INFO - [2024-03-18T15:42:03.227+0000] {dagbag.py:540} INFO - Filling up the DagBag from /home/airflow/.local/lib/python3.8/site-packages/airflow/example_dags/example_bash_operator.py
[2024-03-18T15:42:03.237+0000] {processor.py:840} INFO - DAG(s) 'example_bash_operator' retrieved from /home/airflow/.local/lib/python3.8/site-packages/airflow/example_dags/example_bash_operator.py
[2024-03-18T15:42:03.261+0000] {logging_mixin.py:188} INFO - [2024-03-18T15:42:03.261+0000] {dag.py:3047} INFO - Sync 1 DAGs
[2024-03-18T15:42:03.280+0000] {logging_mixin.py:188} INFO - [2024-03-18T15:42:03.280+0000] {dag.py:3834} INFO - Setting next_dagrun for example_bash_operator to 2024-03-17 00:00:00+00:00, run_after=2024-03-18 00:00:00+00:00
[2024-03-18T15:42:03.294+0000] {processor.py:183} INFO - Processing /home/airflow/.local/lib/python3.8/site-packages/airflow/example_dags/example_bash_operator.py took 0.072 seconds
[2024-03-18T15:42:33.421+0000] {processor.py:161} INFO - Started process (PID=1230) to work on /home/airflow/.local/lib/python3.8/site-packages/airflow/example_dags/example_bash_operator.py
[2024-03-18T15:42:33.422+0000] {processor.py:830} INFO - Processing file /home/airflow/.local/lib/python3.8/site-packages/airflow/example_dags/example_bash_operator.py for tasks to queue
[2024-03-18T15:42:33.423+0000] {logging_mixin.py:188} INFO - [2024-03-18T15:42:33.423+0000] {dagbag.py:540} INFO - Filling up the DagBag from /home/airflow/.local/lib/python3.8/site-packages/airflow/example_dags/example_bash_operator.py
[2024-03-18T15:42:33.433+0000] {processor.py:840} INFO - DAG(s) 'example_bash_operator' retrieved from /home/airflow/.local/lib/python3.8/site-packages/airflow/example_dags/example_bash_operator.py
[2024-03-18T15:42:33.457+0000] {logging_mixin.py:188} INFO - [2024-03-18T15:42:33.456+0000] {dag.py:3047} INFO - Sync 1 DAGs
[2024-03-18T15:42:33.475+0000] {logging_mixin.py:188} INFO - [2024-03-18T15:42:33.475+0000] {dag.py:3834} INFO - Setting next_dagrun for example_bash_operator to 2024-03-17 00:00:00+00:00, run_after=2024-03-18 00:00:00+00:00
[2024-03-18T15:42:33.489+0000] {processor.py:183} INFO - Processing /home/airflow/.local/lib/python3.8/site-packages/airflow/example_dags/example_bash_operator.py took 0.071 seconds
[2024-03-18T15:43:03.642+0000] {processor.py:161} INFO - Started process (PID=1285) to work on /home/airflow/.local/lib/python3.8/site-packages/airflow/example_dags/example_bash_operator.py
[2024-03-18T15:43:03.643+0000] {processor.py:830} INFO - Processing file /home/airflow/.local/lib/python3.8/site-packages/airflow/example_dags/example_bash_operator.py for tasks to queue
[2024-03-18T15:43:03.644+0000] {logging_mixin.py:188} INFO - [2024-03-18T15:43:03.644+0000] {dagbag.py:540} INFO - Filling up the DagBag from /home/airflow/.local/lib/python3.8/site-packages/airflow/example_dags/example_bash_operator.py
[2024-03-18T15:43:03.654+0000] {processor.py:840} INFO - DAG(s) 'example_bash_operator' retrieved from /home/airflow/.local/lib/python3.8/site-packages/airflow/example_dags/example_bash_operator.py
[2024-03-18T15:43:03.678+0000] {logging_mixin.py:188} INFO - [2024-03-18T15:43:03.678+0000] {dag.py:3047} INFO - Sync 1 DAGs
[2024-03-18T15:43:03.698+0000] {logging_mixin.py:188} INFO - [2024-03-18T15:43:03.697+0000] {dag.py:3834} INFO - Setting next_dagrun for example_bash_operator to 2024-03-17 00:00:00+00:00, run_after=2024-03-18 00:00:00+00:00
[2024-03-18T15:43:03.712+0000] {processor.py:183} INFO - Processing /home/airflow/.local/lib/python3.8/site-packages/airflow/example_dags/example_bash_operator.py took 0.073 seconds
