[2024-03-18T15:31:55.996+0000] {processor.py:161} INFO - Started process (PID=67) to work on /home/airflow/.local/lib/python3.8/site-packages/airflow/example_dags/example_datasets.py
[2024-03-18T15:31:55.997+0000] {processor.py:830} INFO - Processing file /home/airflow/.local/lib/python3.8/site-packages/airflow/example_dags/example_datasets.py for tasks to queue
[2024-03-18T15:31:55.999+0000] {logging_mixin.py:188} INFO - [2024-03-18T15:31:55.998+0000] {dagbag.py:540} INFO - Filling up the DagBag from /home/airflow/.local/lib/python3.8/site-packages/airflow/example_dags/example_datasets.py
[2024-03-18T15:31:56.008+0000] {processor.py:840} INFO - DAG(s) 'dataset_consumes_1_never_scheduled', 'dataset_produces_1', 'dataset_produces_2', 'dataset_consumes_1', 'dataset_consumes_unknown_never_scheduled', 'dataset_consumes_1_and_2' retrieved from /home/airflow/.local/lib/python3.8/site-packages/airflow/example_dags/example_datasets.py
[2024-03-18T15:31:56.020+0000] {logging_mixin.py:188} INFO - [2024-03-18T15:31:56.020+0000] {dag.py:3047} INFO - Sync 6 DAGs
[2024-03-18T15:31:56.039+0000] {logging_mixin.py:188} INFO - [2024-03-18T15:31:56.039+0000] {dag.py:3834} INFO - Setting next_dagrun for dataset_consumes_1 to None, run_after=None
[2024-03-18T15:31:56.042+0000] {logging_mixin.py:188} INFO - [2024-03-18T15:31:56.042+0000] {dag.py:3834} INFO - Setting next_dagrun for dataset_consumes_1_and_2 to None, run_after=None
[2024-03-18T15:31:56.043+0000] {logging_mixin.py:188} INFO - [2024-03-18T15:31:56.043+0000] {dag.py:3834} INFO - Setting next_dagrun for dataset_consumes_1_never_scheduled to None, run_after=None
[2024-03-18T15:31:56.044+0000] {logging_mixin.py:188} INFO - [2024-03-18T15:31:56.044+0000] {dag.py:3834} INFO - Setting next_dagrun for dataset_consumes_unknown_never_scheduled to None, run_after=None
[2024-03-18T15:31:56.047+0000] {logging_mixin.py:188} INFO - [2024-03-18T15:31:56.046+0000] {dag.py:3834} INFO - Setting next_dagrun for dataset_produces_1 to 2024-03-17 00:00:00+00:00, run_after=2024-03-18 00:00:00+00:00
[2024-03-18T15:31:56.048+0000] {logging_mixin.py:188} INFO - [2024-03-18T15:31:56.048+0000] {dag.py:3834} INFO - Setting next_dagrun for dataset_produces_2 to None, run_after=None
[2024-03-18T15:31:56.075+0000] {processor.py:183} INFO - Processing /home/airflow/.local/lib/python3.8/site-packages/airflow/example_dags/example_datasets.py took 0.082 seconds
[2024-03-18T15:32:26.919+0000] {processor.py:161} INFO - Started process (PID=122) to work on /home/airflow/.local/lib/python3.8/site-packages/airflow/example_dags/example_datasets.py
[2024-03-18T15:32:26.920+0000] {processor.py:830} INFO - Processing file /home/airflow/.local/lib/python3.8/site-packages/airflow/example_dags/example_datasets.py for tasks to queue
[2024-03-18T15:32:26.921+0000] {logging_mixin.py:188} INFO - [2024-03-18T15:32:26.921+0000] {dagbag.py:540} INFO - Filling up the DagBag from /home/airflow/.local/lib/python3.8/site-packages/airflow/example_dags/example_datasets.py
[2024-03-18T15:32:26.928+0000] {processor.py:840} INFO - DAG(s) 'dataset_consumes_1_and_2', 'dataset_consumes_1_never_scheduled', 'dataset_produces_2', 'dataset_produces_1', 'dataset_consumes_unknown_never_scheduled', 'dataset_consumes_1' retrieved from /home/airflow/.local/lib/python3.8/site-packages/airflow/example_dags/example_datasets.py
[2024-03-18T15:32:27.049+0000] {logging_mixin.py:188} INFO - [2024-03-18T15:32:27.049+0000] {dag.py:3047} INFO - Sync 6 DAGs
[2024-03-18T15:32:27.067+0000] {logging_mixin.py:188} INFO - [2024-03-18T15:32:27.067+0000] {dag.py:3834} INFO - Setting next_dagrun for dataset_consumes_1 to None, run_after=None
[2024-03-18T15:32:27.070+0000] {logging_mixin.py:188} INFO - [2024-03-18T15:32:27.069+0000] {dag.py:3834} INFO - Setting next_dagrun for dataset_consumes_1_and_2 to None, run_after=None
[2024-03-18T15:32:27.071+0000] {logging_mixin.py:188} INFO - [2024-03-18T15:32:27.070+0000] {dag.py:3834} INFO - Setting next_dagrun for dataset_consumes_1_never_scheduled to None, run_after=None
[2024-03-18T15:32:27.072+0000] {logging_mixin.py:188} INFO - [2024-03-18T15:32:27.071+0000] {dag.py:3834} INFO - Setting next_dagrun for dataset_consumes_unknown_never_scheduled to None, run_after=None
[2024-03-18T15:32:27.074+0000] {logging_mixin.py:188} INFO - [2024-03-18T15:32:27.074+0000] {dag.py:3834} INFO - Setting next_dagrun for dataset_produces_1 to 2024-03-17 00:00:00+00:00, run_after=2024-03-18 00:00:00+00:00
[2024-03-18T15:32:27.076+0000] {logging_mixin.py:188} INFO - [2024-03-18T15:32:27.076+0000] {dag.py:3834} INFO - Setting next_dagrun for dataset_produces_2 to None, run_after=None
[2024-03-18T15:32:27.099+0000] {processor.py:183} INFO - Processing /home/airflow/.local/lib/python3.8/site-packages/airflow/example_dags/example_datasets.py took 0.183 seconds
[2024-03-18T15:32:57.958+0000] {processor.py:161} INFO - Started process (PID=177) to work on /home/airflow/.local/lib/python3.8/site-packages/airflow/example_dags/example_datasets.py
[2024-03-18T15:32:57.959+0000] {processor.py:830} INFO - Processing file /home/airflow/.local/lib/python3.8/site-packages/airflow/example_dags/example_datasets.py for tasks to queue
[2024-03-18T15:32:57.960+0000] {logging_mixin.py:188} INFO - [2024-03-18T15:32:57.960+0000] {dagbag.py:540} INFO - Filling up the DagBag from /home/airflow/.local/lib/python3.8/site-packages/airflow/example_dags/example_datasets.py
[2024-03-18T15:32:57.968+0000] {processor.py:840} INFO - DAG(s) 'dataset_produces_1', 'dataset_consumes_1_and_2', 'dataset_consumes_1_never_scheduled', 'dataset_consumes_1', 'dataset_consumes_unknown_never_scheduled', 'dataset_produces_2' retrieved from /home/airflow/.local/lib/python3.8/site-packages/airflow/example_dags/example_datasets.py
[2024-03-18T15:32:57.994+0000] {logging_mixin.py:188} INFO - [2024-03-18T15:32:57.994+0000] {dag.py:3047} INFO - Sync 6 DAGs
[2024-03-18T15:32:58.012+0000] {logging_mixin.py:188} INFO - [2024-03-18T15:32:58.012+0000] {dag.py:3834} INFO - Setting next_dagrun for dataset_consumes_1 to None, run_after=None
[2024-03-18T15:32:58.015+0000] {logging_mixin.py:188} INFO - [2024-03-18T15:32:58.015+0000] {dag.py:3834} INFO - Setting next_dagrun for dataset_consumes_1_and_2 to None, run_after=None
[2024-03-18T15:32:58.017+0000] {logging_mixin.py:188} INFO - [2024-03-18T15:32:58.017+0000] {dag.py:3834} INFO - Setting next_dagrun for dataset_consumes_1_never_scheduled to None, run_after=None
[2024-03-18T15:32:58.018+0000] {logging_mixin.py:188} INFO - [2024-03-18T15:32:58.018+0000] {dag.py:3834} INFO - Setting next_dagrun for dataset_consumes_unknown_never_scheduled to None, run_after=None
[2024-03-18T15:32:58.020+0000] {logging_mixin.py:188} INFO - [2024-03-18T15:32:58.020+0000] {dag.py:3834} INFO - Setting next_dagrun for dataset_produces_1 to 2024-03-17 00:00:00+00:00, run_after=2024-03-18 00:00:00+00:00
[2024-03-18T15:32:58.022+0000] {logging_mixin.py:188} INFO - [2024-03-18T15:32:58.022+0000] {dag.py:3834} INFO - Setting next_dagrun for dataset_produces_2 to None, run_after=None
[2024-03-18T15:32:58.045+0000] {processor.py:183} INFO - Processing /home/airflow/.local/lib/python3.8/site-packages/airflow/example_dags/example_datasets.py took 0.089 seconds
[2024-03-18T15:33:28.082+0000] {processor.py:161} INFO - Started process (PID=232) to work on /home/airflow/.local/lib/python3.8/site-packages/airflow/example_dags/example_datasets.py
[2024-03-18T15:33:28.083+0000] {processor.py:830} INFO - Processing file /home/airflow/.local/lib/python3.8/site-packages/airflow/example_dags/example_datasets.py for tasks to queue
[2024-03-18T15:33:28.085+0000] {logging_mixin.py:188} INFO - [2024-03-18T15:33:28.084+0000] {dagbag.py:540} INFO - Filling up the DagBag from /home/airflow/.local/lib/python3.8/site-packages/airflow/example_dags/example_datasets.py
[2024-03-18T15:33:28.092+0000] {processor.py:840} INFO - DAG(s) 'dataset_consumes_1_and_2', 'dataset_produces_1', 'dataset_consumes_unknown_never_scheduled', 'dataset_consumes_1', 'dataset_produces_2', 'dataset_consumes_1_never_scheduled' retrieved from /home/airflow/.local/lib/python3.8/site-packages/airflow/example_dags/example_datasets.py
[2024-03-18T15:33:28.118+0000] {logging_mixin.py:188} INFO - [2024-03-18T15:33:28.118+0000] {dag.py:3047} INFO - Sync 6 DAGs
[2024-03-18T15:33:28.136+0000] {logging_mixin.py:188} INFO - [2024-03-18T15:33:28.136+0000] {dag.py:3834} INFO - Setting next_dagrun for dataset_consumes_1 to None, run_after=None
[2024-03-18T15:33:28.139+0000] {logging_mixin.py:188} INFO - [2024-03-18T15:33:28.139+0000] {dag.py:3834} INFO - Setting next_dagrun for dataset_consumes_1_and_2 to None, run_after=None
[2024-03-18T15:33:28.141+0000] {logging_mixin.py:188} INFO - [2024-03-18T15:33:28.140+0000] {dag.py:3834} INFO - Setting next_dagrun for dataset_consumes_1_never_scheduled to None, run_after=None
[2024-03-18T15:33:28.142+0000] {logging_mixin.py:188} INFO - [2024-03-18T15:33:28.142+0000] {dag.py:3834} INFO - Setting next_dagrun for dataset_consumes_unknown_never_scheduled to None, run_after=None
[2024-03-18T15:33:28.144+0000] {logging_mixin.py:188} INFO - [2024-03-18T15:33:28.144+0000] {dag.py:3834} INFO - Setting next_dagrun for dataset_produces_1 to 2024-03-17 00:00:00+00:00, run_after=2024-03-18 00:00:00+00:00
[2024-03-18T15:33:28.145+0000] {logging_mixin.py:188} INFO - [2024-03-18T15:33:28.145+0000] {dag.py:3834} INFO - Setting next_dagrun for dataset_produces_2 to None, run_after=None
[2024-03-18T15:33:28.169+0000] {processor.py:183} INFO - Processing /home/airflow/.local/lib/python3.8/site-packages/airflow/example_dags/example_datasets.py took 0.089 seconds
[2024-03-18T15:33:58.241+0000] {processor.py:161} INFO - Started process (PID=287) to work on /home/airflow/.local/lib/python3.8/site-packages/airflow/example_dags/example_datasets.py
[2024-03-18T15:33:58.242+0000] {processor.py:830} INFO - Processing file /home/airflow/.local/lib/python3.8/site-packages/airflow/example_dags/example_datasets.py for tasks to queue
[2024-03-18T15:33:58.243+0000] {logging_mixin.py:188} INFO - [2024-03-18T15:33:58.243+0000] {dagbag.py:540} INFO - Filling up the DagBag from /home/airflow/.local/lib/python3.8/site-packages/airflow/example_dags/example_datasets.py
[2024-03-18T15:33:58.251+0000] {processor.py:840} INFO - DAG(s) 'dataset_consumes_1_and_2', 'dataset_consumes_1', 'dataset_consumes_1_never_scheduled', 'dataset_produces_2', 'dataset_produces_1', 'dataset_consumes_unknown_never_scheduled' retrieved from /home/airflow/.local/lib/python3.8/site-packages/airflow/example_dags/example_datasets.py
[2024-03-18T15:33:58.277+0000] {logging_mixin.py:188} INFO - [2024-03-18T15:33:58.277+0000] {dag.py:3047} INFO - Sync 6 DAGs
[2024-03-18T15:33:58.295+0000] {logging_mixin.py:188} INFO - [2024-03-18T15:33:58.295+0000] {dag.py:3834} INFO - Setting next_dagrun for dataset_consumes_1 to None, run_after=None
[2024-03-18T15:33:58.298+0000] {logging_mixin.py:188} INFO - [2024-03-18T15:33:58.298+0000] {dag.py:3834} INFO - Setting next_dagrun for dataset_consumes_1_and_2 to None, run_after=None
[2024-03-18T15:33:58.299+0000] {logging_mixin.py:188} INFO - [2024-03-18T15:33:58.299+0000] {dag.py:3834} INFO - Setting next_dagrun for dataset_consumes_1_never_scheduled to None, run_after=None
[2024-03-18T15:33:58.300+0000] {logging_mixin.py:188} INFO - [2024-03-18T15:33:58.300+0000] {dag.py:3834} INFO - Setting next_dagrun for dataset_consumes_unknown_never_scheduled to None, run_after=None
[2024-03-18T15:33:58.303+0000] {logging_mixin.py:188} INFO - [2024-03-18T15:33:58.303+0000] {dag.py:3834} INFO - Setting next_dagrun for dataset_produces_1 to 2024-03-17 00:00:00+00:00, run_after=2024-03-18 00:00:00+00:00
[2024-03-18T15:33:58.304+0000] {logging_mixin.py:188} INFO - [2024-03-18T15:33:58.304+0000] {dag.py:3834} INFO - Setting next_dagrun for dataset_produces_2 to None, run_after=None
[2024-03-18T15:33:58.326+0000] {processor.py:183} INFO - Processing /home/airflow/.local/lib/python3.8/site-packages/airflow/example_dags/example_datasets.py took 0.087 seconds
[2024-03-18T15:34:28.484+0000] {processor.py:161} INFO - Started process (PID=342) to work on /home/airflow/.local/lib/python3.8/site-packages/airflow/example_dags/example_datasets.py
[2024-03-18T15:34:28.484+0000] {processor.py:830} INFO - Processing file /home/airflow/.local/lib/python3.8/site-packages/airflow/example_dags/example_datasets.py for tasks to queue
[2024-03-18T15:34:28.486+0000] {logging_mixin.py:188} INFO - [2024-03-18T15:34:28.486+0000] {dagbag.py:540} INFO - Filling up the DagBag from /home/airflow/.local/lib/python3.8/site-packages/airflow/example_dags/example_datasets.py
[2024-03-18T15:34:28.493+0000] {processor.py:840} INFO - DAG(s) 'dataset_produces_2', 'dataset_consumes_1', 'dataset_produces_1', 'dataset_consumes_unknown_never_scheduled', 'dataset_consumes_1_and_2', 'dataset_consumes_1_never_scheduled' retrieved from /home/airflow/.local/lib/python3.8/site-packages/airflow/example_dags/example_datasets.py
[2024-03-18T15:34:28.519+0000] {logging_mixin.py:188} INFO - [2024-03-18T15:34:28.519+0000] {dag.py:3047} INFO - Sync 6 DAGs
[2024-03-18T15:34:28.538+0000] {logging_mixin.py:188} INFO - [2024-03-18T15:34:28.538+0000] {dag.py:3834} INFO - Setting next_dagrun for dataset_consumes_1 to None, run_after=None
[2024-03-18T15:34:28.541+0000] {logging_mixin.py:188} INFO - [2024-03-18T15:34:28.540+0000] {dag.py:3834} INFO - Setting next_dagrun for dataset_consumes_1_and_2 to None, run_after=None
[2024-03-18T15:34:28.542+0000] {logging_mixin.py:188} INFO - [2024-03-18T15:34:28.541+0000] {dag.py:3834} INFO - Setting next_dagrun for dataset_consumes_1_never_scheduled to None, run_after=None
[2024-03-18T15:34:28.543+0000] {logging_mixin.py:188} INFO - [2024-03-18T15:34:28.543+0000] {dag.py:3834} INFO - Setting next_dagrun for dataset_consumes_unknown_never_scheduled to None, run_after=None
[2024-03-18T15:34:28.545+0000] {logging_mixin.py:188} INFO - [2024-03-18T15:34:28.545+0000] {dag.py:3834} INFO - Setting next_dagrun for dataset_produces_1 to 2024-03-17 00:00:00+00:00, run_after=2024-03-18 00:00:00+00:00
[2024-03-18T15:34:28.546+0000] {logging_mixin.py:188} INFO - [2024-03-18T15:34:28.546+0000] {dag.py:3834} INFO - Setting next_dagrun for dataset_produces_2 to None, run_after=None
[2024-03-18T15:34:28.569+0000] {processor.py:183} INFO - Processing /home/airflow/.local/lib/python3.8/site-packages/airflow/example_dags/example_datasets.py took 0.088 seconds
[2024-03-18T15:34:58.754+0000] {processor.py:161} INFO - Started process (PID=397) to work on /home/airflow/.local/lib/python3.8/site-packages/airflow/example_dags/example_datasets.py
[2024-03-18T15:34:58.754+0000] {processor.py:830} INFO - Processing file /home/airflow/.local/lib/python3.8/site-packages/airflow/example_dags/example_datasets.py for tasks to queue
[2024-03-18T15:34:58.756+0000] {logging_mixin.py:188} INFO - [2024-03-18T15:34:58.756+0000] {dagbag.py:540} INFO - Filling up the DagBag from /home/airflow/.local/lib/python3.8/site-packages/airflow/example_dags/example_datasets.py
[2024-03-18T15:34:58.764+0000] {processor.py:840} INFO - DAG(s) 'dataset_consumes_1', 'dataset_produces_1', 'dataset_consumes_1_and_2', 'dataset_consumes_1_never_scheduled', 'dataset_consumes_unknown_never_scheduled', 'dataset_produces_2' retrieved from /home/airflow/.local/lib/python3.8/site-packages/airflow/example_dags/example_datasets.py
[2024-03-18T15:34:58.793+0000] {logging_mixin.py:188} INFO - [2024-03-18T15:34:58.792+0000] {dag.py:3047} INFO - Sync 6 DAGs
[2024-03-18T15:34:58.811+0000] {logging_mixin.py:188} INFO - [2024-03-18T15:34:58.811+0000] {dag.py:3834} INFO - Setting next_dagrun for dataset_consumes_1 to None, run_after=None
[2024-03-18T15:34:58.814+0000] {logging_mixin.py:188} INFO - [2024-03-18T15:34:58.814+0000] {dag.py:3834} INFO - Setting next_dagrun for dataset_consumes_1_and_2 to None, run_after=None
[2024-03-18T15:34:58.815+0000] {logging_mixin.py:188} INFO - [2024-03-18T15:34:58.815+0000] {dag.py:3834} INFO - Setting next_dagrun for dataset_consumes_1_never_scheduled to None, run_after=None
[2024-03-18T15:34:58.817+0000] {logging_mixin.py:188} INFO - [2024-03-18T15:34:58.816+0000] {dag.py:3834} INFO - Setting next_dagrun for dataset_consumes_unknown_never_scheduled to None, run_after=None
[2024-03-18T15:34:58.819+0000] {logging_mixin.py:188} INFO - [2024-03-18T15:34:58.819+0000] {dag.py:3834} INFO - Setting next_dagrun for dataset_produces_1 to 2024-03-17 00:00:00+00:00, run_after=2024-03-18 00:00:00+00:00
[2024-03-18T15:34:58.820+0000] {logging_mixin.py:188} INFO - [2024-03-18T15:34:58.820+0000] {dag.py:3834} INFO - Setting next_dagrun for dataset_produces_2 to None, run_after=None
[2024-03-18T15:34:58.845+0000] {processor.py:183} INFO - Processing /home/airflow/.local/lib/python3.8/site-packages/airflow/example_dags/example_datasets.py took 0.094 seconds
[2024-03-18T15:35:28.915+0000] {processor.py:161} INFO - Started process (PID=452) to work on /home/airflow/.local/lib/python3.8/site-packages/airflow/example_dags/example_datasets.py
[2024-03-18T15:35:28.915+0000] {processor.py:830} INFO - Processing file /home/airflow/.local/lib/python3.8/site-packages/airflow/example_dags/example_datasets.py for tasks to queue
[2024-03-18T15:35:28.917+0000] {logging_mixin.py:188} INFO - [2024-03-18T15:35:28.917+0000] {dagbag.py:540} INFO - Filling up the DagBag from /home/airflow/.local/lib/python3.8/site-packages/airflow/example_dags/example_datasets.py
[2024-03-18T15:35:28.925+0000] {processor.py:840} INFO - DAG(s) 'dataset_consumes_1_and_2', 'dataset_consumes_1', 'dataset_produces_2', 'dataset_produces_1', 'dataset_consumes_1_never_scheduled', 'dataset_consumes_unknown_never_scheduled' retrieved from /home/airflow/.local/lib/python3.8/site-packages/airflow/example_dags/example_datasets.py
[2024-03-18T15:35:28.952+0000] {logging_mixin.py:188} INFO - [2024-03-18T15:35:28.952+0000] {dag.py:3047} INFO - Sync 6 DAGs
[2024-03-18T15:35:28.970+0000] {logging_mixin.py:188} INFO - [2024-03-18T15:35:28.970+0000] {dag.py:3834} INFO - Setting next_dagrun for dataset_consumes_1 to None, run_after=None
[2024-03-18T15:35:28.973+0000] {logging_mixin.py:188} INFO - [2024-03-18T15:35:28.973+0000] {dag.py:3834} INFO - Setting next_dagrun for dataset_consumes_1_and_2 to None, run_after=None
[2024-03-18T15:35:28.974+0000] {logging_mixin.py:188} INFO - [2024-03-18T15:35:28.974+0000] {dag.py:3834} INFO - Setting next_dagrun for dataset_consumes_1_never_scheduled to None, run_after=None
[2024-03-18T15:35:28.976+0000] {logging_mixin.py:188} INFO - [2024-03-18T15:35:28.975+0000] {dag.py:3834} INFO - Setting next_dagrun for dataset_consumes_unknown_never_scheduled to None, run_after=None
[2024-03-18T15:35:28.978+0000] {logging_mixin.py:188} INFO - [2024-03-18T15:35:28.978+0000] {dag.py:3834} INFO - Setting next_dagrun for dataset_produces_1 to 2024-03-17 00:00:00+00:00, run_after=2024-03-18 00:00:00+00:00
[2024-03-18T15:35:28.979+0000] {logging_mixin.py:188} INFO - [2024-03-18T15:35:28.979+0000] {dag.py:3834} INFO - Setting next_dagrun for dataset_produces_2 to None, run_after=None
[2024-03-18T15:35:29.006+0000] {processor.py:183} INFO - Processing /home/airflow/.local/lib/python3.8/site-packages/airflow/example_dags/example_datasets.py took 0.094 seconds
[2024-03-18T15:35:59.231+0000] {processor.py:161} INFO - Started process (PID=507) to work on /home/airflow/.local/lib/python3.8/site-packages/airflow/example_dags/example_datasets.py
[2024-03-18T15:35:59.232+0000] {processor.py:830} INFO - Processing file /home/airflow/.local/lib/python3.8/site-packages/airflow/example_dags/example_datasets.py for tasks to queue
[2024-03-18T15:35:59.233+0000] {logging_mixin.py:188} INFO - [2024-03-18T15:35:59.233+0000] {dagbag.py:540} INFO - Filling up the DagBag from /home/airflow/.local/lib/python3.8/site-packages/airflow/example_dags/example_datasets.py
[2024-03-18T15:35:59.240+0000] {processor.py:840} INFO - DAG(s) 'dataset_consumes_1', 'dataset_consumes_1_never_scheduled', 'dataset_produces_1', 'dataset_produces_2', 'dataset_consumes_1_and_2', 'dataset_consumes_unknown_never_scheduled' retrieved from /home/airflow/.local/lib/python3.8/site-packages/airflow/example_dags/example_datasets.py
[2024-03-18T15:35:59.268+0000] {logging_mixin.py:188} INFO - [2024-03-18T15:35:59.268+0000] {dag.py:3047} INFO - Sync 6 DAGs
[2024-03-18T15:35:59.286+0000] {logging_mixin.py:188} INFO - [2024-03-18T15:35:59.286+0000] {dag.py:3834} INFO - Setting next_dagrun for dataset_consumes_1 to None, run_after=None
[2024-03-18T15:35:59.289+0000] {logging_mixin.py:188} INFO - [2024-03-18T15:35:59.289+0000] {dag.py:3834} INFO - Setting next_dagrun for dataset_consumes_1_and_2 to None, run_after=None
[2024-03-18T15:35:59.291+0000] {logging_mixin.py:188} INFO - [2024-03-18T15:35:59.290+0000] {dag.py:3834} INFO - Setting next_dagrun for dataset_consumes_1_never_scheduled to None, run_after=None
[2024-03-18T15:35:59.291+0000] {logging_mixin.py:188} INFO - [2024-03-18T15:35:59.291+0000] {dag.py:3834} INFO - Setting next_dagrun for dataset_consumes_unknown_never_scheduled to None, run_after=None
[2024-03-18T15:35:59.294+0000] {logging_mixin.py:188} INFO - [2024-03-18T15:35:59.294+0000] {dag.py:3834} INFO - Setting next_dagrun for dataset_produces_1 to 2024-03-17 00:00:00+00:00, run_after=2024-03-18 00:00:00+00:00
[2024-03-18T15:35:59.295+0000] {logging_mixin.py:188} INFO - [2024-03-18T15:35:59.295+0000] {dag.py:3834} INFO - Setting next_dagrun for dataset_produces_2 to None, run_after=None
[2024-03-18T15:35:59.320+0000] {processor.py:183} INFO - Processing /home/airflow/.local/lib/python3.8/site-packages/airflow/example_dags/example_datasets.py took 0.092 seconds
[2024-03-18T15:36:29.574+0000] {processor.py:161} INFO - Started process (PID=562) to work on /home/airflow/.local/lib/python3.8/site-packages/airflow/example_dags/example_datasets.py
[2024-03-18T15:36:29.575+0000] {processor.py:830} INFO - Processing file /home/airflow/.local/lib/python3.8/site-packages/airflow/example_dags/example_datasets.py for tasks to queue
[2024-03-18T15:36:29.576+0000] {logging_mixin.py:188} INFO - [2024-03-18T15:36:29.576+0000] {dagbag.py:540} INFO - Filling up the DagBag from /home/airflow/.local/lib/python3.8/site-packages/airflow/example_dags/example_datasets.py
[2024-03-18T15:36:29.584+0000] {processor.py:840} INFO - DAG(s) 'dataset_consumes_1_never_scheduled', 'dataset_produces_1', 'dataset_produces_2', 'dataset_consumes_1_and_2', 'dataset_consumes_unknown_never_scheduled', 'dataset_consumes_1' retrieved from /home/airflow/.local/lib/python3.8/site-packages/airflow/example_dags/example_datasets.py
[2024-03-18T15:36:29.615+0000] {logging_mixin.py:188} INFO - [2024-03-18T15:36:29.614+0000] {dag.py:3047} INFO - Sync 6 DAGs
[2024-03-18T15:36:29.636+0000] {logging_mixin.py:188} INFO - [2024-03-18T15:36:29.636+0000] {dag.py:3834} INFO - Setting next_dagrun for dataset_consumes_1 to None, run_after=None
[2024-03-18T15:36:29.639+0000] {logging_mixin.py:188} INFO - [2024-03-18T15:36:29.639+0000] {dag.py:3834} INFO - Setting next_dagrun for dataset_consumes_1_and_2 to None, run_after=None
[2024-03-18T15:36:29.641+0000] {logging_mixin.py:188} INFO - [2024-03-18T15:36:29.641+0000] {dag.py:3834} INFO - Setting next_dagrun for dataset_consumes_1_never_scheduled to None, run_after=None
[2024-03-18T15:36:29.642+0000] {logging_mixin.py:188} INFO - [2024-03-18T15:36:29.642+0000] {dag.py:3834} INFO - Setting next_dagrun for dataset_consumes_unknown_never_scheduled to None, run_after=None
[2024-03-18T15:36:29.645+0000] {logging_mixin.py:188} INFO - [2024-03-18T15:36:29.644+0000] {dag.py:3834} INFO - Setting next_dagrun for dataset_produces_1 to 2024-03-17 00:00:00+00:00, run_after=2024-03-18 00:00:00+00:00
[2024-03-18T15:36:29.646+0000] {logging_mixin.py:188} INFO - [2024-03-18T15:36:29.646+0000] {dag.py:3834} INFO - Setting next_dagrun for dataset_produces_2 to None, run_after=None
[2024-03-18T15:36:29.674+0000] {processor.py:183} INFO - Processing /home/airflow/.local/lib/python3.8/site-packages/airflow/example_dags/example_datasets.py took 0.103 seconds
[2024-03-18T15:36:59.926+0000] {processor.py:161} INFO - Started process (PID=617) to work on /home/airflow/.local/lib/python3.8/site-packages/airflow/example_dags/example_datasets.py
[2024-03-18T15:36:59.927+0000] {processor.py:830} INFO - Processing file /home/airflow/.local/lib/python3.8/site-packages/airflow/example_dags/example_datasets.py for tasks to queue
[2024-03-18T15:36:59.928+0000] {logging_mixin.py:188} INFO - [2024-03-18T15:36:59.928+0000] {dagbag.py:540} INFO - Filling up the DagBag from /home/airflow/.local/lib/python3.8/site-packages/airflow/example_dags/example_datasets.py
[2024-03-18T15:36:59.936+0000] {processor.py:840} INFO - DAG(s) 'dataset_consumes_1_and_2', 'dataset_consumes_unknown_never_scheduled', 'dataset_produces_2', 'dataset_consumes_1_never_scheduled', 'dataset_produces_1', 'dataset_consumes_1' retrieved from /home/airflow/.local/lib/python3.8/site-packages/airflow/example_dags/example_datasets.py
[2024-03-18T15:36:59.964+0000] {logging_mixin.py:188} INFO - [2024-03-18T15:36:59.963+0000] {dag.py:3047} INFO - Sync 6 DAGs
[2024-03-18T15:36:59.982+0000] {logging_mixin.py:188} INFO - [2024-03-18T15:36:59.982+0000] {dag.py:3834} INFO - Setting next_dagrun for dataset_consumes_1 to None, run_after=None
[2024-03-18T15:36:59.986+0000] {logging_mixin.py:188} INFO - [2024-03-18T15:36:59.985+0000] {dag.py:3834} INFO - Setting next_dagrun for dataset_consumes_1_and_2 to None, run_after=None
[2024-03-18T15:36:59.987+0000] {logging_mixin.py:188} INFO - [2024-03-18T15:36:59.987+0000] {dag.py:3834} INFO - Setting next_dagrun for dataset_consumes_1_never_scheduled to None, run_after=None
[2024-03-18T15:36:59.988+0000] {logging_mixin.py:188} INFO - [2024-03-18T15:36:59.988+0000] {dag.py:3834} INFO - Setting next_dagrun for dataset_consumes_unknown_never_scheduled to None, run_after=None
[2024-03-18T15:36:59.991+0000] {logging_mixin.py:188} INFO - [2024-03-18T15:36:59.990+0000] {dag.py:3834} INFO - Setting next_dagrun for dataset_produces_1 to 2024-03-17 00:00:00+00:00, run_after=2024-03-18 00:00:00+00:00
[2024-03-18T15:36:59.992+0000] {logging_mixin.py:188} INFO - [2024-03-18T15:36:59.992+0000] {dag.py:3834} INFO - Setting next_dagrun for dataset_produces_2 to None, run_after=None
[2024-03-18T15:37:00.017+0000] {processor.py:183} INFO - Processing /home/airflow/.local/lib/python3.8/site-packages/airflow/example_dags/example_datasets.py took 0.094 seconds
[2024-03-18T15:37:30.244+0000] {processor.py:161} INFO - Started process (PID=672) to work on /home/airflow/.local/lib/python3.8/site-packages/airflow/example_dags/example_datasets.py
[2024-03-18T15:37:30.245+0000] {processor.py:830} INFO - Processing file /home/airflow/.local/lib/python3.8/site-packages/airflow/example_dags/example_datasets.py for tasks to queue
[2024-03-18T15:37:30.246+0000] {logging_mixin.py:188} INFO - [2024-03-18T15:37:30.246+0000] {dagbag.py:540} INFO - Filling up the DagBag from /home/airflow/.local/lib/python3.8/site-packages/airflow/example_dags/example_datasets.py
[2024-03-18T15:37:30.255+0000] {processor.py:840} INFO - DAG(s) 'dataset_consumes_1', 'dataset_produces_1', 'dataset_consumes_unknown_never_scheduled', 'dataset_consumes_1_never_scheduled', 'dataset_produces_2', 'dataset_consumes_1_and_2' retrieved from /home/airflow/.local/lib/python3.8/site-packages/airflow/example_dags/example_datasets.py
[2024-03-18T15:37:30.293+0000] {logging_mixin.py:188} INFO - [2024-03-18T15:37:30.293+0000] {dag.py:3047} INFO - Sync 6 DAGs
[2024-03-18T15:37:30.312+0000] {logging_mixin.py:188} INFO - [2024-03-18T15:37:30.312+0000] {dag.py:3834} INFO - Setting next_dagrun for dataset_consumes_1 to None, run_after=None
[2024-03-18T15:37:30.315+0000] {logging_mixin.py:188} INFO - [2024-03-18T15:37:30.315+0000] {dag.py:3834} INFO - Setting next_dagrun for dataset_consumes_1_and_2 to None, run_after=None
[2024-03-18T15:37:30.316+0000] {logging_mixin.py:188} INFO - [2024-03-18T15:37:30.316+0000] {dag.py:3834} INFO - Setting next_dagrun for dataset_consumes_1_never_scheduled to None, run_after=None
[2024-03-18T15:37:30.318+0000] {logging_mixin.py:188} INFO - [2024-03-18T15:37:30.317+0000] {dag.py:3834} INFO - Setting next_dagrun for dataset_consumes_unknown_never_scheduled to None, run_after=None
[2024-03-18T15:37:30.320+0000] {logging_mixin.py:188} INFO - [2024-03-18T15:37:30.320+0000] {dag.py:3834} INFO - Setting next_dagrun for dataset_produces_1 to 2024-03-17 00:00:00+00:00, run_after=2024-03-18 00:00:00+00:00
[2024-03-18T15:37:30.321+0000] {logging_mixin.py:188} INFO - [2024-03-18T15:37:30.321+0000] {dag.py:3834} INFO - Setting next_dagrun for dataset_produces_2 to None, run_after=None
[2024-03-18T15:37:30.359+0000] {processor.py:183} INFO - Processing /home/airflow/.local/lib/python3.8/site-packages/airflow/example_dags/example_datasets.py took 0.118 seconds
[2024-03-18T15:38:00.647+0000] {processor.py:161} INFO - Started process (PID=727) to work on /home/airflow/.local/lib/python3.8/site-packages/airflow/example_dags/example_datasets.py
[2024-03-18T15:38:00.648+0000] {processor.py:830} INFO - Processing file /home/airflow/.local/lib/python3.8/site-packages/airflow/example_dags/example_datasets.py for tasks to queue
[2024-03-18T15:38:00.650+0000] {logging_mixin.py:188} INFO - [2024-03-18T15:38:00.649+0000] {dagbag.py:540} INFO - Filling up the DagBag from /home/airflow/.local/lib/python3.8/site-packages/airflow/example_dags/example_datasets.py
[2024-03-18T15:38:00.657+0000] {processor.py:840} INFO - DAG(s) 'dataset_consumes_unknown_never_scheduled', 'dataset_produces_1', 'dataset_consumes_1_and_2', 'dataset_consumes_1_never_scheduled', 'dataset_consumes_1', 'dataset_produces_2' retrieved from /home/airflow/.local/lib/python3.8/site-packages/airflow/example_dags/example_datasets.py
[2024-03-18T15:38:00.688+0000] {logging_mixin.py:188} INFO - [2024-03-18T15:38:00.687+0000] {dag.py:3047} INFO - Sync 6 DAGs
[2024-03-18T15:38:00.707+0000] {logging_mixin.py:188} INFO - [2024-03-18T15:38:00.707+0000] {dag.py:3834} INFO - Setting next_dagrun for dataset_consumes_1 to None, run_after=None
[2024-03-18T15:38:00.710+0000] {logging_mixin.py:188} INFO - [2024-03-18T15:38:00.710+0000] {dag.py:3834} INFO - Setting next_dagrun for dataset_consumes_1_and_2 to None, run_after=None
[2024-03-18T15:38:00.712+0000] {logging_mixin.py:188} INFO - [2024-03-18T15:38:00.711+0000] {dag.py:3834} INFO - Setting next_dagrun for dataset_consumes_1_never_scheduled to None, run_after=None
[2024-03-18T15:38:00.713+0000] {logging_mixin.py:188} INFO - [2024-03-18T15:38:00.713+0000] {dag.py:3834} INFO - Setting next_dagrun for dataset_consumes_unknown_never_scheduled to None, run_after=None
[2024-03-18T15:38:00.715+0000] {logging_mixin.py:188} INFO - [2024-03-18T15:38:00.715+0000] {dag.py:3834} INFO - Setting next_dagrun for dataset_produces_1 to 2024-03-17 00:00:00+00:00, run_after=2024-03-18 00:00:00+00:00
[2024-03-18T15:38:00.717+0000] {logging_mixin.py:188} INFO - [2024-03-18T15:38:00.717+0000] {dag.py:3834} INFO - Setting next_dagrun for dataset_produces_2 to None, run_after=None
[2024-03-18T15:38:00.744+0000] {processor.py:183} INFO - Processing /home/airflow/.local/lib/python3.8/site-packages/airflow/example_dags/example_datasets.py took 0.100 seconds
[2024-03-18T15:38:30.781+0000] {processor.py:161} INFO - Started process (PID=782) to work on /home/airflow/.local/lib/python3.8/site-packages/airflow/example_dags/example_datasets.py
[2024-03-18T15:38:30.782+0000] {processor.py:830} INFO - Processing file /home/airflow/.local/lib/python3.8/site-packages/airflow/example_dags/example_datasets.py for tasks to queue
[2024-03-18T15:38:30.783+0000] {logging_mixin.py:188} INFO - [2024-03-18T15:38:30.783+0000] {dagbag.py:540} INFO - Filling up the DagBag from /home/airflow/.local/lib/python3.8/site-packages/airflow/example_dags/example_datasets.py
[2024-03-18T15:38:30.791+0000] {processor.py:840} INFO - DAG(s) 'dataset_consumes_unknown_never_scheduled', 'dataset_consumes_1', 'dataset_produces_1', 'dataset_consumes_1_never_scheduled', 'dataset_produces_2', 'dataset_consumes_1_and_2' retrieved from /home/airflow/.local/lib/python3.8/site-packages/airflow/example_dags/example_datasets.py
[2024-03-18T15:38:30.819+0000] {logging_mixin.py:188} INFO - [2024-03-18T15:38:30.819+0000] {dag.py:3047} INFO - Sync 6 DAGs
[2024-03-18T15:38:30.838+0000] {logging_mixin.py:188} INFO - [2024-03-18T15:38:30.838+0000] {dag.py:3834} INFO - Setting next_dagrun for dataset_consumes_1 to None, run_after=None
[2024-03-18T15:38:30.841+0000] {logging_mixin.py:188} INFO - [2024-03-18T15:38:30.841+0000] {dag.py:3834} INFO - Setting next_dagrun for dataset_consumes_1_and_2 to None, run_after=None
[2024-03-18T15:38:30.842+0000] {logging_mixin.py:188} INFO - [2024-03-18T15:38:30.842+0000] {dag.py:3834} INFO - Setting next_dagrun for dataset_consumes_1_never_scheduled to None, run_after=None
[2024-03-18T15:38:30.844+0000] {logging_mixin.py:188} INFO - [2024-03-18T15:38:30.844+0000] {dag.py:3834} INFO - Setting next_dagrun for dataset_consumes_unknown_never_scheduled to None, run_after=None
[2024-03-18T15:38:30.847+0000] {logging_mixin.py:188} INFO - [2024-03-18T15:38:30.846+0000] {dag.py:3834} INFO - Setting next_dagrun for dataset_produces_1 to 2024-03-17 00:00:00+00:00, run_after=2024-03-18 00:00:00+00:00
[2024-03-18T15:38:30.848+0000] {logging_mixin.py:188} INFO - [2024-03-18T15:38:30.848+0000] {dag.py:3834} INFO - Setting next_dagrun for dataset_produces_2 to None, run_after=None
[2024-03-18T15:38:30.874+0000] {processor.py:183} INFO - Processing /home/airflow/.local/lib/python3.8/site-packages/airflow/example_dags/example_datasets.py took 0.095 seconds
[2024-03-18T15:39:00.936+0000] {processor.py:161} INFO - Started process (PID=837) to work on /home/airflow/.local/lib/python3.8/site-packages/airflow/example_dags/example_datasets.py
[2024-03-18T15:39:00.937+0000] {processor.py:830} INFO - Processing file /home/airflow/.local/lib/python3.8/site-packages/airflow/example_dags/example_datasets.py for tasks to queue
[2024-03-18T15:39:00.938+0000] {logging_mixin.py:188} INFO - [2024-03-18T15:39:00.938+0000] {dagbag.py:540} INFO - Filling up the DagBag from /home/airflow/.local/lib/python3.8/site-packages/airflow/example_dags/example_datasets.py
[2024-03-18T15:39:00.946+0000] {processor.py:840} INFO - DAG(s) 'dataset_consumes_1', 'dataset_produces_1', 'dataset_produces_2', 'dataset_consumes_1_and_2', 'dataset_consumes_unknown_never_scheduled', 'dataset_consumes_1_never_scheduled' retrieved from /home/airflow/.local/lib/python3.8/site-packages/airflow/example_dags/example_datasets.py
[2024-03-18T15:39:00.972+0000] {logging_mixin.py:188} INFO - [2024-03-18T15:39:00.972+0000] {dag.py:3047} INFO - Sync 6 DAGs
[2024-03-18T15:39:00.990+0000] {logging_mixin.py:188} INFO - [2024-03-18T15:39:00.990+0000] {dag.py:3834} INFO - Setting next_dagrun for dataset_consumes_1 to None, run_after=None
[2024-03-18T15:39:00.993+0000] {logging_mixin.py:188} INFO - [2024-03-18T15:39:00.993+0000] {dag.py:3834} INFO - Setting next_dagrun for dataset_consumes_1_and_2 to None, run_after=None
[2024-03-18T15:39:00.994+0000] {logging_mixin.py:188} INFO - [2024-03-18T15:39:00.994+0000] {dag.py:3834} INFO - Setting next_dagrun for dataset_consumes_1_never_scheduled to None, run_after=None
[2024-03-18T15:39:00.995+0000] {logging_mixin.py:188} INFO - [2024-03-18T15:39:00.995+0000] {dag.py:3834} INFO - Setting next_dagrun for dataset_consumes_unknown_never_scheduled to None, run_after=None
[2024-03-18T15:39:00.997+0000] {logging_mixin.py:188} INFO - [2024-03-18T15:39:00.997+0000] {dag.py:3834} INFO - Setting next_dagrun for dataset_produces_1 to 2024-03-17 00:00:00+00:00, run_after=2024-03-18 00:00:00+00:00
[2024-03-18T15:39:00.998+0000] {logging_mixin.py:188} INFO - [2024-03-18T15:39:00.998+0000] {dag.py:3834} INFO - Setting next_dagrun for dataset_produces_2 to None, run_after=None
[2024-03-18T15:39:01.022+0000] {processor.py:183} INFO - Processing /home/airflow/.local/lib/python3.8/site-packages/airflow/example_dags/example_datasets.py took 0.088 seconds
[2024-03-18T15:39:31.163+0000] {processor.py:161} INFO - Started process (PID=892) to work on /home/airflow/.local/lib/python3.8/site-packages/airflow/example_dags/example_datasets.py
[2024-03-18T15:39:31.164+0000] {processor.py:830} INFO - Processing file /home/airflow/.local/lib/python3.8/site-packages/airflow/example_dags/example_datasets.py for tasks to queue
[2024-03-18T15:39:31.165+0000] {logging_mixin.py:188} INFO - [2024-03-18T15:39:31.165+0000] {dagbag.py:540} INFO - Filling up the DagBag from /home/airflow/.local/lib/python3.8/site-packages/airflow/example_dags/example_datasets.py
[2024-03-18T15:39:31.173+0000] {processor.py:840} INFO - DAG(s) 'dataset_consumes_unknown_never_scheduled', 'dataset_consumes_1', 'dataset_produces_2', 'dataset_consumes_1_and_2', 'dataset_consumes_1_never_scheduled', 'dataset_produces_1' retrieved from /home/airflow/.local/lib/python3.8/site-packages/airflow/example_dags/example_datasets.py
[2024-03-18T15:39:31.203+0000] {logging_mixin.py:188} INFO - [2024-03-18T15:39:31.203+0000] {dag.py:3047} INFO - Sync 6 DAGs
[2024-03-18T15:39:31.223+0000] {logging_mixin.py:188} INFO - [2024-03-18T15:39:31.223+0000] {dag.py:3834} INFO - Setting next_dagrun for dataset_consumes_1 to None, run_after=None
[2024-03-18T15:39:31.227+0000] {logging_mixin.py:188} INFO - [2024-03-18T15:39:31.226+0000] {dag.py:3834} INFO - Setting next_dagrun for dataset_consumes_1_and_2 to None, run_after=None
[2024-03-18T15:39:31.228+0000] {logging_mixin.py:188} INFO - [2024-03-18T15:39:31.228+0000] {dag.py:3834} INFO - Setting next_dagrun for dataset_consumes_1_never_scheduled to None, run_after=None
[2024-03-18T15:39:31.230+0000] {logging_mixin.py:188} INFO - [2024-03-18T15:39:31.230+0000] {dag.py:3834} INFO - Setting next_dagrun for dataset_consumes_unknown_never_scheduled to None, run_after=None
[2024-03-18T15:39:31.233+0000] {logging_mixin.py:188} INFO - [2024-03-18T15:39:31.233+0000] {dag.py:3834} INFO - Setting next_dagrun for dataset_produces_1 to 2024-03-17 00:00:00+00:00, run_after=2024-03-18 00:00:00+00:00
[2024-03-18T15:39:31.235+0000] {logging_mixin.py:188} INFO - [2024-03-18T15:39:31.235+0000] {dag.py:3834} INFO - Setting next_dagrun for dataset_produces_2 to None, run_after=None
[2024-03-18T15:39:31.262+0000] {processor.py:183} INFO - Processing /home/airflow/.local/lib/python3.8/site-packages/airflow/example_dags/example_datasets.py took 0.102 seconds
[2024-03-18T15:40:01.289+0000] {processor.py:161} INFO - Started process (PID=947) to work on /home/airflow/.local/lib/python3.8/site-packages/airflow/example_dags/example_datasets.py
[2024-03-18T15:40:01.290+0000] {processor.py:830} INFO - Processing file /home/airflow/.local/lib/python3.8/site-packages/airflow/example_dags/example_datasets.py for tasks to queue
[2024-03-18T15:40:01.291+0000] {logging_mixin.py:188} INFO - [2024-03-18T15:40:01.291+0000] {dagbag.py:540} INFO - Filling up the DagBag from /home/airflow/.local/lib/python3.8/site-packages/airflow/example_dags/example_datasets.py
[2024-03-18T15:40:01.299+0000] {processor.py:840} INFO - DAG(s) 'dataset_consumes_unknown_never_scheduled', 'dataset_consumes_1_never_scheduled', 'dataset_produces_1', 'dataset_consumes_1_and_2', 'dataset_consumes_1', 'dataset_produces_2' retrieved from /home/airflow/.local/lib/python3.8/site-packages/airflow/example_dags/example_datasets.py
[2024-03-18T15:40:01.326+0000] {logging_mixin.py:188} INFO - [2024-03-18T15:40:01.326+0000] {dag.py:3047} INFO - Sync 6 DAGs
[2024-03-18T15:40:01.346+0000] {logging_mixin.py:188} INFO - [2024-03-18T15:40:01.346+0000] {dag.py:3834} INFO - Setting next_dagrun for dataset_consumes_1 to None, run_after=None
[2024-03-18T15:40:01.350+0000] {logging_mixin.py:188} INFO - [2024-03-18T15:40:01.350+0000] {dag.py:3834} INFO - Setting next_dagrun for dataset_consumes_1_and_2 to None, run_after=None
[2024-03-18T15:40:01.351+0000] {logging_mixin.py:188} INFO - [2024-03-18T15:40:01.351+0000] {dag.py:3834} INFO - Setting next_dagrun for dataset_consumes_1_never_scheduled to None, run_after=None
[2024-03-18T15:40:01.352+0000] {logging_mixin.py:188} INFO - [2024-03-18T15:40:01.352+0000] {dag.py:3834} INFO - Setting next_dagrun for dataset_consumes_unknown_never_scheduled to None, run_after=None
[2024-03-18T15:40:01.354+0000] {logging_mixin.py:188} INFO - [2024-03-18T15:40:01.354+0000] {dag.py:3834} INFO - Setting next_dagrun for dataset_produces_1 to 2024-03-17 00:00:00+00:00, run_after=2024-03-18 00:00:00+00:00
[2024-03-18T15:40:01.356+0000] {logging_mixin.py:188} INFO - [2024-03-18T15:40:01.355+0000] {dag.py:3834} INFO - Setting next_dagrun for dataset_produces_2 to None, run_after=None
[2024-03-18T15:40:01.379+0000] {processor.py:183} INFO - Processing /home/airflow/.local/lib/python3.8/site-packages/airflow/example_dags/example_datasets.py took 0.092 seconds
[2024-03-18T15:40:31.432+0000] {processor.py:161} INFO - Started process (PID=1002) to work on /home/airflow/.local/lib/python3.8/site-packages/airflow/example_dags/example_datasets.py
[2024-03-18T15:40:31.433+0000] {processor.py:830} INFO - Processing file /home/airflow/.local/lib/python3.8/site-packages/airflow/example_dags/example_datasets.py for tasks to queue
[2024-03-18T15:40:31.434+0000] {logging_mixin.py:188} INFO - [2024-03-18T15:40:31.434+0000] {dagbag.py:540} INFO - Filling up the DagBag from /home/airflow/.local/lib/python3.8/site-packages/airflow/example_dags/example_datasets.py
[2024-03-18T15:40:31.442+0000] {processor.py:840} INFO - DAG(s) 'dataset_produces_1', 'dataset_produces_2', 'dataset_consumes_unknown_never_scheduled', 'dataset_consumes_1_never_scheduled', 'dataset_consumes_1_and_2', 'dataset_consumes_1' retrieved from /home/airflow/.local/lib/python3.8/site-packages/airflow/example_dags/example_datasets.py
[2024-03-18T15:40:31.470+0000] {logging_mixin.py:188} INFO - [2024-03-18T15:40:31.470+0000] {dag.py:3047} INFO - Sync 6 DAGs
[2024-03-18T15:40:31.490+0000] {logging_mixin.py:188} INFO - [2024-03-18T15:40:31.490+0000] {dag.py:3834} INFO - Setting next_dagrun for dataset_consumes_1 to None, run_after=None
[2024-03-18T15:40:31.494+0000] {logging_mixin.py:188} INFO - [2024-03-18T15:40:31.493+0000] {dag.py:3834} INFO - Setting next_dagrun for dataset_consumes_1_and_2 to None, run_after=None
[2024-03-18T15:40:31.495+0000] {logging_mixin.py:188} INFO - [2024-03-18T15:40:31.495+0000] {dag.py:3834} INFO - Setting next_dagrun for dataset_consumes_1_never_scheduled to None, run_after=None
[2024-03-18T15:40:31.496+0000] {logging_mixin.py:188} INFO - [2024-03-18T15:40:31.496+0000] {dag.py:3834} INFO - Setting next_dagrun for dataset_consumes_unknown_never_scheduled to None, run_after=None
[2024-03-18T15:40:31.499+0000] {logging_mixin.py:188} INFO - [2024-03-18T15:40:31.499+0000] {dag.py:3834} INFO - Setting next_dagrun for dataset_produces_1 to 2024-03-17 00:00:00+00:00, run_after=2024-03-18 00:00:00+00:00
[2024-03-18T15:40:31.500+0000] {logging_mixin.py:188} INFO - [2024-03-18T15:40:31.500+0000] {dag.py:3834} INFO - Setting next_dagrun for dataset_produces_2 to None, run_after=None
[2024-03-18T15:40:31.523+0000] {processor.py:183} INFO - Processing /home/airflow/.local/lib/python3.8/site-packages/airflow/example_dags/example_datasets.py took 0.094 seconds
[2024-03-18T15:41:01.694+0000] {processor.py:161} INFO - Started process (PID=1057) to work on /home/airflow/.local/lib/python3.8/site-packages/airflow/example_dags/example_datasets.py
[2024-03-18T15:41:01.695+0000] {processor.py:830} INFO - Processing file /home/airflow/.local/lib/python3.8/site-packages/airflow/example_dags/example_datasets.py for tasks to queue
[2024-03-18T15:41:01.696+0000] {logging_mixin.py:188} INFO - [2024-03-18T15:41:01.696+0000] {dagbag.py:540} INFO - Filling up the DagBag from /home/airflow/.local/lib/python3.8/site-packages/airflow/example_dags/example_datasets.py
[2024-03-18T15:41:01.704+0000] {processor.py:840} INFO - DAG(s) 'dataset_produces_2', 'dataset_consumes_1', 'dataset_produces_1', 'dataset_consumes_1_and_2', 'dataset_consumes_1_never_scheduled', 'dataset_consumes_unknown_never_scheduled' retrieved from /home/airflow/.local/lib/python3.8/site-packages/airflow/example_dags/example_datasets.py
[2024-03-18T15:41:01.733+0000] {logging_mixin.py:188} INFO - [2024-03-18T15:41:01.732+0000] {dag.py:3047} INFO - Sync 6 DAGs
[2024-03-18T15:41:01.751+0000] {logging_mixin.py:188} INFO - [2024-03-18T15:41:01.751+0000] {dag.py:3834} INFO - Setting next_dagrun for dataset_consumes_1 to None, run_after=None
[2024-03-18T15:41:01.754+0000] {logging_mixin.py:188} INFO - [2024-03-18T15:41:01.754+0000] {dag.py:3834} INFO - Setting next_dagrun for dataset_consumes_1_and_2 to None, run_after=None
[2024-03-18T15:41:01.756+0000] {logging_mixin.py:188} INFO - [2024-03-18T15:41:01.756+0000] {dag.py:3834} INFO - Setting next_dagrun for dataset_consumes_1_never_scheduled to None, run_after=None
[2024-03-18T15:41:01.757+0000] {logging_mixin.py:188} INFO - [2024-03-18T15:41:01.757+0000] {dag.py:3834} INFO - Setting next_dagrun for dataset_consumes_unknown_never_scheduled to None, run_after=None
[2024-03-18T15:41:01.759+0000] {logging_mixin.py:188} INFO - [2024-03-18T15:41:01.759+0000] {dag.py:3834} INFO - Setting next_dagrun for dataset_produces_1 to 2024-03-17 00:00:00+00:00, run_after=2024-03-18 00:00:00+00:00
[2024-03-18T15:41:01.761+0000] {logging_mixin.py:188} INFO - [2024-03-18T15:41:01.761+0000] {dag.py:3834} INFO - Setting next_dagrun for dataset_produces_2 to None, run_after=None
[2024-03-18T15:41:01.787+0000] {processor.py:183} INFO - Processing /home/airflow/.local/lib/python3.8/site-packages/airflow/example_dags/example_datasets.py took 0.095 seconds
[2024-03-18T15:41:32.676+0000] {processor.py:161} INFO - Started process (PID=1112) to work on /home/airflow/.local/lib/python3.8/site-packages/airflow/example_dags/example_datasets.py
[2024-03-18T15:41:32.677+0000] {processor.py:830} INFO - Processing file /home/airflow/.local/lib/python3.8/site-packages/airflow/example_dags/example_datasets.py for tasks to queue
[2024-03-18T15:41:32.678+0000] {logging_mixin.py:188} INFO - [2024-03-18T15:41:32.678+0000] {dagbag.py:540} INFO - Filling up the DagBag from /home/airflow/.local/lib/python3.8/site-packages/airflow/example_dags/example_datasets.py
[2024-03-18T15:41:32.686+0000] {processor.py:840} INFO - DAG(s) 'dataset_consumes_1', 'dataset_produces_1', 'dataset_consumes_1_and_2', 'dataset_produces_2', 'dataset_consumes_unknown_never_scheduled', 'dataset_consumes_1_never_scheduled' retrieved from /home/airflow/.local/lib/python3.8/site-packages/airflow/example_dags/example_datasets.py
[2024-03-18T15:41:32.713+0000] {logging_mixin.py:188} INFO - [2024-03-18T15:41:32.713+0000] {dag.py:3047} INFO - Sync 6 DAGs
[2024-03-18T15:41:32.731+0000] {logging_mixin.py:188} INFO - [2024-03-18T15:41:32.731+0000] {dag.py:3834} INFO - Setting next_dagrun for dataset_consumes_1 to None, run_after=None
[2024-03-18T15:41:32.735+0000] {logging_mixin.py:188} INFO - [2024-03-18T15:41:32.734+0000] {dag.py:3834} INFO - Setting next_dagrun for dataset_consumes_1_and_2 to None, run_after=None
[2024-03-18T15:41:32.736+0000] {logging_mixin.py:188} INFO - [2024-03-18T15:41:32.736+0000] {dag.py:3834} INFO - Setting next_dagrun for dataset_consumes_1_never_scheduled to None, run_after=None
[2024-03-18T15:41:32.737+0000] {logging_mixin.py:188} INFO - [2024-03-18T15:41:32.737+0000] {dag.py:3834} INFO - Setting next_dagrun for dataset_consumes_unknown_never_scheduled to None, run_after=None
[2024-03-18T15:41:32.739+0000] {logging_mixin.py:188} INFO - [2024-03-18T15:41:32.739+0000] {dag.py:3834} INFO - Setting next_dagrun for dataset_produces_1 to 2024-03-17 00:00:00+00:00, run_after=2024-03-18 00:00:00+00:00
[2024-03-18T15:41:32.740+0000] {logging_mixin.py:188} INFO - [2024-03-18T15:41:32.740+0000] {dag.py:3834} INFO - Setting next_dagrun for dataset_produces_2 to None, run_after=None
[2024-03-18T15:41:32.763+0000] {processor.py:183} INFO - Processing /home/airflow/.local/lib/python3.8/site-packages/airflow/example_dags/example_datasets.py took 0.090 seconds
[2024-03-18T15:42:02.897+0000] {processor.py:161} INFO - Started process (PID=1167) to work on /home/airflow/.local/lib/python3.8/site-packages/airflow/example_dags/example_datasets.py
[2024-03-18T15:42:02.898+0000] {processor.py:830} INFO - Processing file /home/airflow/.local/lib/python3.8/site-packages/airflow/example_dags/example_datasets.py for tasks to queue
[2024-03-18T15:42:02.899+0000] {logging_mixin.py:188} INFO - [2024-03-18T15:42:02.899+0000] {dagbag.py:540} INFO - Filling up the DagBag from /home/airflow/.local/lib/python3.8/site-packages/airflow/example_dags/example_datasets.py
[2024-03-18T15:42:02.907+0000] {processor.py:840} INFO - DAG(s) 'dataset_consumes_unknown_never_scheduled', 'dataset_consumes_1', 'dataset_produces_2', 'dataset_produces_1', 'dataset_consumes_1_and_2', 'dataset_consumes_1_never_scheduled' retrieved from /home/airflow/.local/lib/python3.8/site-packages/airflow/example_dags/example_datasets.py
[2024-03-18T15:42:02.933+0000] {logging_mixin.py:188} INFO - [2024-03-18T15:42:02.933+0000] {dag.py:3047} INFO - Sync 6 DAGs
[2024-03-18T15:42:02.951+0000] {logging_mixin.py:188} INFO - [2024-03-18T15:42:02.951+0000] {dag.py:3834} INFO - Setting next_dagrun for dataset_consumes_1 to None, run_after=None
[2024-03-18T15:42:02.954+0000] {logging_mixin.py:188} INFO - [2024-03-18T15:42:02.954+0000] {dag.py:3834} INFO - Setting next_dagrun for dataset_consumes_1_and_2 to None, run_after=None
[2024-03-18T15:42:02.955+0000] {logging_mixin.py:188} INFO - [2024-03-18T15:42:02.955+0000] {dag.py:3834} INFO - Setting next_dagrun for dataset_consumes_1_never_scheduled to None, run_after=None
[2024-03-18T15:42:02.957+0000] {logging_mixin.py:188} INFO - [2024-03-18T15:42:02.956+0000] {dag.py:3834} INFO - Setting next_dagrun for dataset_consumes_unknown_never_scheduled to None, run_after=None
[2024-03-18T15:42:02.959+0000] {logging_mixin.py:188} INFO - [2024-03-18T15:42:02.959+0000] {dag.py:3834} INFO - Setting next_dagrun for dataset_produces_1 to 2024-03-17 00:00:00+00:00, run_after=2024-03-18 00:00:00+00:00
[2024-03-18T15:42:02.960+0000] {logging_mixin.py:188} INFO - [2024-03-18T15:42:02.960+0000] {dag.py:3834} INFO - Setting next_dagrun for dataset_produces_2 to None, run_after=None
[2024-03-18T15:42:02.982+0000] {processor.py:183} INFO - Processing /home/airflow/.local/lib/python3.8/site-packages/airflow/example_dags/example_datasets.py took 0.088 seconds
[2024-03-18T15:42:33.092+0000] {processor.py:161} INFO - Started process (PID=1222) to work on /home/airflow/.local/lib/python3.8/site-packages/airflow/example_dags/example_datasets.py
[2024-03-18T15:42:33.093+0000] {processor.py:830} INFO - Processing file /home/airflow/.local/lib/python3.8/site-packages/airflow/example_dags/example_datasets.py for tasks to queue
[2024-03-18T15:42:33.094+0000] {logging_mixin.py:188} INFO - [2024-03-18T15:42:33.094+0000] {dagbag.py:540} INFO - Filling up the DagBag from /home/airflow/.local/lib/python3.8/site-packages/airflow/example_dags/example_datasets.py
[2024-03-18T15:42:33.101+0000] {processor.py:840} INFO - DAG(s) 'dataset_consumes_1_and_2', 'dataset_consumes_unknown_never_scheduled', 'dataset_consumes_1_never_scheduled', 'dataset_consumes_1', 'dataset_produces_2', 'dataset_produces_1' retrieved from /home/airflow/.local/lib/python3.8/site-packages/airflow/example_dags/example_datasets.py
[2024-03-18T15:42:33.127+0000] {logging_mixin.py:188} INFO - [2024-03-18T15:42:33.127+0000] {dag.py:3047} INFO - Sync 6 DAGs
[2024-03-18T15:42:33.145+0000] {logging_mixin.py:188} INFO - [2024-03-18T15:42:33.145+0000] {dag.py:3834} INFO - Setting next_dagrun for dataset_consumes_1 to None, run_after=None
[2024-03-18T15:42:33.148+0000] {logging_mixin.py:188} INFO - [2024-03-18T15:42:33.148+0000] {dag.py:3834} INFO - Setting next_dagrun for dataset_consumes_1_and_2 to None, run_after=None
[2024-03-18T15:42:33.149+0000] {logging_mixin.py:188} INFO - [2024-03-18T15:42:33.149+0000] {dag.py:3834} INFO - Setting next_dagrun for dataset_consumes_1_never_scheduled to None, run_after=None
[2024-03-18T15:42:33.150+0000] {logging_mixin.py:188} INFO - [2024-03-18T15:42:33.150+0000] {dag.py:3834} INFO - Setting next_dagrun for dataset_consumes_unknown_never_scheduled to None, run_after=None
[2024-03-18T15:42:33.153+0000] {logging_mixin.py:188} INFO - [2024-03-18T15:42:33.153+0000] {dag.py:3834} INFO - Setting next_dagrun for dataset_produces_1 to 2024-03-17 00:00:00+00:00, run_after=2024-03-18 00:00:00+00:00
[2024-03-18T15:42:33.154+0000] {logging_mixin.py:188} INFO - [2024-03-18T15:42:33.154+0000] {dag.py:3834} INFO - Setting next_dagrun for dataset_produces_2 to None, run_after=None
[2024-03-18T15:42:33.177+0000] {processor.py:183} INFO - Processing /home/airflow/.local/lib/python3.8/site-packages/airflow/example_dags/example_datasets.py took 0.088 seconds
[2024-03-18T15:43:03.274+0000] {processor.py:161} INFO - Started process (PID=1277) to work on /home/airflow/.local/lib/python3.8/site-packages/airflow/example_dags/example_datasets.py
[2024-03-18T15:43:03.275+0000] {processor.py:830} INFO - Processing file /home/airflow/.local/lib/python3.8/site-packages/airflow/example_dags/example_datasets.py for tasks to queue
[2024-03-18T15:43:03.277+0000] {logging_mixin.py:188} INFO - [2024-03-18T15:43:03.277+0000] {dagbag.py:540} INFO - Filling up the DagBag from /home/airflow/.local/lib/python3.8/site-packages/airflow/example_dags/example_datasets.py
[2024-03-18T15:43:03.284+0000] {processor.py:840} INFO - DAG(s) 'dataset_produces_2', 'dataset_produces_1', 'dataset_consumes_1_never_scheduled', 'dataset_consumes_1', 'dataset_consumes_unknown_never_scheduled', 'dataset_consumes_1_and_2' retrieved from /home/airflow/.local/lib/python3.8/site-packages/airflow/example_dags/example_datasets.py
[2024-03-18T15:43:03.313+0000] {logging_mixin.py:188} INFO - [2024-03-18T15:43:03.313+0000] {dag.py:3047} INFO - Sync 6 DAGs
[2024-03-18T15:43:03.332+0000] {logging_mixin.py:188} INFO - [2024-03-18T15:43:03.332+0000] {dag.py:3834} INFO - Setting next_dagrun for dataset_consumes_1 to None, run_after=None
[2024-03-18T15:43:03.336+0000] {logging_mixin.py:188} INFO - [2024-03-18T15:43:03.335+0000] {dag.py:3834} INFO - Setting next_dagrun for dataset_consumes_1_and_2 to None, run_after=None
[2024-03-18T15:43:03.337+0000] {logging_mixin.py:188} INFO - [2024-03-18T15:43:03.337+0000] {dag.py:3834} INFO - Setting next_dagrun for dataset_consumes_1_never_scheduled to None, run_after=None
[2024-03-18T15:43:03.338+0000] {logging_mixin.py:188} INFO - [2024-03-18T15:43:03.338+0000] {dag.py:3834} INFO - Setting next_dagrun for dataset_consumes_unknown_never_scheduled to None, run_after=None
[2024-03-18T15:43:03.340+0000] {logging_mixin.py:188} INFO - [2024-03-18T15:43:03.340+0000] {dag.py:3834} INFO - Setting next_dagrun for dataset_produces_1 to 2024-03-17 00:00:00+00:00, run_after=2024-03-18 00:00:00+00:00
[2024-03-18T15:43:03.342+0000] {logging_mixin.py:188} INFO - [2024-03-18T15:43:03.342+0000] {dag.py:3834} INFO - Setting next_dagrun for dataset_produces_2 to None, run_after=None
[2024-03-18T15:43:03.367+0000] {processor.py:183} INFO - Processing /home/airflow/.local/lib/python3.8/site-packages/airflow/example_dags/example_datasets.py took 0.096 seconds
