[2024-03-18T15:31:56.174+0000] {processor.py:161} INFO - Started process (PID=71) to work on /home/airflow/.local/lib/python3.8/site-packages/airflow/example_dags/example_task_group.py
[2024-03-18T15:31:56.176+0000] {processor.py:830} INFO - Processing file /home/airflow/.local/lib/python3.8/site-packages/airflow/example_dags/example_task_group.py for tasks to queue
[2024-03-18T15:31:56.177+0000] {logging_mixin.py:188} INFO - [2024-03-18T15:31:56.177+0000] {dagbag.py:540} INFO - Filling up the DagBag from /home/airflow/.local/lib/python3.8/site-packages/airflow/example_dags/example_task_group.py
[2024-03-18T15:31:56.184+0000] {processor.py:840} INFO - DAG(s) 'example_task_group' retrieved from /home/airflow/.local/lib/python3.8/site-packages/airflow/example_dags/example_task_group.py
[2024-03-18T15:31:56.194+0000] {logging_mixin.py:188} INFO - [2024-03-18T15:31:56.194+0000] {dag.py:3047} INFO - Sync 1 DAGs
[2024-03-18T15:31:56.214+0000] {logging_mixin.py:188} INFO - [2024-03-18T15:31:56.214+0000] {dag.py:3834} INFO - Setting next_dagrun for example_task_group to 2024-03-17 00:00:00+00:00, run_after=2024-03-18 00:00:00+00:00
[2024-03-18T15:31:56.229+0000] {processor.py:183} INFO - Processing /home/airflow/.local/lib/python3.8/site-packages/airflow/example_dags/example_task_group.py took 0.058 seconds
[2024-03-18T15:32:27.279+0000] {processor.py:161} INFO - Started process (PID=126) to work on /home/airflow/.local/lib/python3.8/site-packages/airflow/example_dags/example_task_group.py
[2024-03-18T15:32:27.279+0000] {processor.py:830} INFO - Processing file /home/airflow/.local/lib/python3.8/site-packages/airflow/example_dags/example_task_group.py for tasks to queue
[2024-03-18T15:32:27.281+0000] {logging_mixin.py:188} INFO - [2024-03-18T15:32:27.281+0000] {dagbag.py:540} INFO - Filling up the DagBag from /home/airflow/.local/lib/python3.8/site-packages/airflow/example_dags/example_task_group.py
[2024-03-18T15:32:27.287+0000] {processor.py:840} INFO - DAG(s) 'example_task_group' retrieved from /home/airflow/.local/lib/python3.8/site-packages/airflow/example_dags/example_task_group.py
[2024-03-18T15:32:27.375+0000] {logging_mixin.py:188} INFO - [2024-03-18T15:32:27.374+0000] {dag.py:3047} INFO - Sync 1 DAGs
[2024-03-18T15:32:27.391+0000] {logging_mixin.py:188} INFO - [2024-03-18T15:32:27.391+0000] {dag.py:3834} INFO - Setting next_dagrun for example_task_group to 2024-03-17 00:00:00+00:00, run_after=2024-03-18 00:00:00+00:00
[2024-03-18T15:32:27.406+0000] {processor.py:183} INFO - Processing /home/airflow/.local/lib/python3.8/site-packages/airflow/example_dags/example_task_group.py took 0.131 seconds
[2024-03-18T15:32:58.112+0000] {processor.py:161} INFO - Started process (PID=181) to work on /home/airflow/.local/lib/python3.8/site-packages/airflow/example_dags/example_task_group.py
[2024-03-18T15:32:58.112+0000] {processor.py:830} INFO - Processing file /home/airflow/.local/lib/python3.8/site-packages/airflow/example_dags/example_task_group.py for tasks to queue
[2024-03-18T15:32:58.114+0000] {logging_mixin.py:188} INFO - [2024-03-18T15:32:58.114+0000] {dagbag.py:540} INFO - Filling up the DagBag from /home/airflow/.local/lib/python3.8/site-packages/airflow/example_dags/example_task_group.py
[2024-03-18T15:32:58.119+0000] {processor.py:840} INFO - DAG(s) 'example_task_group' retrieved from /home/airflow/.local/lib/python3.8/site-packages/airflow/example_dags/example_task_group.py
[2024-03-18T15:32:58.136+0000] {logging_mixin.py:188} INFO - [2024-03-18T15:32:58.136+0000] {dag.py:3047} INFO - Sync 1 DAGs
[2024-03-18T15:32:58.154+0000] {logging_mixin.py:188} INFO - [2024-03-18T15:32:58.154+0000] {dag.py:3834} INFO - Setting next_dagrun for example_task_group to 2024-03-17 00:00:00+00:00, run_after=2024-03-18 00:00:00+00:00
[2024-03-18T15:32:58.168+0000] {processor.py:183} INFO - Processing /home/airflow/.local/lib/python3.8/site-packages/airflow/example_dags/example_task_group.py took 0.059 seconds
[2024-03-18T15:33:28.240+0000] {processor.py:161} INFO - Started process (PID=236) to work on /home/airflow/.local/lib/python3.8/site-packages/airflow/example_dags/example_task_group.py
[2024-03-18T15:33:28.241+0000] {processor.py:830} INFO - Processing file /home/airflow/.local/lib/python3.8/site-packages/airflow/example_dags/example_task_group.py for tasks to queue
[2024-03-18T15:33:28.242+0000] {logging_mixin.py:188} INFO - [2024-03-18T15:33:28.242+0000] {dagbag.py:540} INFO - Filling up the DagBag from /home/airflow/.local/lib/python3.8/site-packages/airflow/example_dags/example_task_group.py
[2024-03-18T15:33:28.248+0000] {processor.py:840} INFO - DAG(s) 'example_task_group' retrieved from /home/airflow/.local/lib/python3.8/site-packages/airflow/example_dags/example_task_group.py
[2024-03-18T15:33:28.266+0000] {logging_mixin.py:188} INFO - [2024-03-18T15:33:28.266+0000] {dag.py:3047} INFO - Sync 1 DAGs
[2024-03-18T15:33:28.288+0000] {logging_mixin.py:188} INFO - [2024-03-18T15:33:28.288+0000] {dag.py:3834} INFO - Setting next_dagrun for example_task_group to 2024-03-17 00:00:00+00:00, run_after=2024-03-18 00:00:00+00:00
[2024-03-18T15:33:28.308+0000] {processor.py:183} INFO - Processing /home/airflow/.local/lib/python3.8/site-packages/airflow/example_dags/example_task_group.py took 0.070 seconds
[2024-03-18T15:33:58.423+0000] {processor.py:161} INFO - Started process (PID=291) to work on /home/airflow/.local/lib/python3.8/site-packages/airflow/example_dags/example_task_group.py
[2024-03-18T15:33:58.423+0000] {processor.py:830} INFO - Processing file /home/airflow/.local/lib/python3.8/site-packages/airflow/example_dags/example_task_group.py for tasks to queue
[2024-03-18T15:33:58.425+0000] {logging_mixin.py:188} INFO - [2024-03-18T15:33:58.424+0000] {dagbag.py:540} INFO - Filling up the DagBag from /home/airflow/.local/lib/python3.8/site-packages/airflow/example_dags/example_task_group.py
[2024-03-18T15:33:58.430+0000] {processor.py:840} INFO - DAG(s) 'example_task_group' retrieved from /home/airflow/.local/lib/python3.8/site-packages/airflow/example_dags/example_task_group.py
[2024-03-18T15:33:58.447+0000] {logging_mixin.py:188} INFO - [2024-03-18T15:33:58.447+0000] {dag.py:3047} INFO - Sync 1 DAGs
[2024-03-18T15:33:58.466+0000] {logging_mixin.py:188} INFO - [2024-03-18T15:33:58.465+0000] {dag.py:3834} INFO - Setting next_dagrun for example_task_group to 2024-03-17 00:00:00+00:00, run_after=2024-03-18 00:00:00+00:00
[2024-03-18T15:33:58.480+0000] {processor.py:183} INFO - Processing /home/airflow/.local/lib/python3.8/site-packages/airflow/example_dags/example_task_group.py took 0.060 seconds
[2024-03-18T15:34:28.667+0000] {processor.py:161} INFO - Started process (PID=346) to work on /home/airflow/.local/lib/python3.8/site-packages/airflow/example_dags/example_task_group.py
[2024-03-18T15:34:28.667+0000] {processor.py:830} INFO - Processing file /home/airflow/.local/lib/python3.8/site-packages/airflow/example_dags/example_task_group.py for tasks to queue
[2024-03-18T15:34:28.669+0000] {logging_mixin.py:188} INFO - [2024-03-18T15:34:28.668+0000] {dagbag.py:540} INFO - Filling up the DagBag from /home/airflow/.local/lib/python3.8/site-packages/airflow/example_dags/example_task_group.py
[2024-03-18T15:34:28.674+0000] {processor.py:840} INFO - DAG(s) 'example_task_group' retrieved from /home/airflow/.local/lib/python3.8/site-packages/airflow/example_dags/example_task_group.py
[2024-03-18T15:34:28.690+0000] {logging_mixin.py:188} INFO - [2024-03-18T15:34:28.690+0000] {dag.py:3047} INFO - Sync 1 DAGs
[2024-03-18T15:34:28.709+0000] {logging_mixin.py:188} INFO - [2024-03-18T15:34:28.708+0000] {dag.py:3834} INFO - Setting next_dagrun for example_task_group to 2024-03-17 00:00:00+00:00, run_after=2024-03-18 00:00:00+00:00
[2024-03-18T15:34:28.722+0000] {processor.py:183} INFO - Processing /home/airflow/.local/lib/python3.8/site-packages/airflow/example_dags/example_task_group.py took 0.058 seconds
[2024-03-18T15:34:58.944+0000] {processor.py:161} INFO - Started process (PID=401) to work on /home/airflow/.local/lib/python3.8/site-packages/airflow/example_dags/example_task_group.py
[2024-03-18T15:34:58.945+0000] {processor.py:830} INFO - Processing file /home/airflow/.local/lib/python3.8/site-packages/airflow/example_dags/example_task_group.py for tasks to queue
[2024-03-18T15:34:58.946+0000] {logging_mixin.py:188} INFO - [2024-03-18T15:34:58.946+0000] {dagbag.py:540} INFO - Filling up the DagBag from /home/airflow/.local/lib/python3.8/site-packages/airflow/example_dags/example_task_group.py
[2024-03-18T15:34:58.952+0000] {processor.py:840} INFO - DAG(s) 'example_task_group' retrieved from /home/airflow/.local/lib/python3.8/site-packages/airflow/example_dags/example_task_group.py
[2024-03-18T15:34:58.969+0000] {logging_mixin.py:188} INFO - [2024-03-18T15:34:58.969+0000] {dag.py:3047} INFO - Sync 1 DAGs
[2024-03-18T15:34:58.987+0000] {logging_mixin.py:188} INFO - [2024-03-18T15:34:58.987+0000] {dag.py:3834} INFO - Setting next_dagrun for example_task_group to 2024-03-17 00:00:00+00:00, run_after=2024-03-18 00:00:00+00:00
[2024-03-18T15:34:59.003+0000] {processor.py:183} INFO - Processing /home/airflow/.local/lib/python3.8/site-packages/airflow/example_dags/example_task_group.py took 0.062 seconds
[2024-03-18T15:35:29.103+0000] {processor.py:161} INFO - Started process (PID=456) to work on /home/airflow/.local/lib/python3.8/site-packages/airflow/example_dags/example_task_group.py
[2024-03-18T15:35:29.103+0000] {processor.py:830} INFO - Processing file /home/airflow/.local/lib/python3.8/site-packages/airflow/example_dags/example_task_group.py for tasks to queue
[2024-03-18T15:35:29.105+0000] {logging_mixin.py:188} INFO - [2024-03-18T15:35:29.105+0000] {dagbag.py:540} INFO - Filling up the DagBag from /home/airflow/.local/lib/python3.8/site-packages/airflow/example_dags/example_task_group.py
[2024-03-18T15:35:29.110+0000] {processor.py:840} INFO - DAG(s) 'example_task_group' retrieved from /home/airflow/.local/lib/python3.8/site-packages/airflow/example_dags/example_task_group.py
[2024-03-18T15:35:29.127+0000] {logging_mixin.py:188} INFO - [2024-03-18T15:35:29.127+0000] {dag.py:3047} INFO - Sync 1 DAGs
[2024-03-18T15:35:29.145+0000] {logging_mixin.py:188} INFO - [2024-03-18T15:35:29.145+0000] {dag.py:3834} INFO - Setting next_dagrun for example_task_group to 2024-03-17 00:00:00+00:00, run_after=2024-03-18 00:00:00+00:00
[2024-03-18T15:35:29.161+0000] {processor.py:183} INFO - Processing /home/airflow/.local/lib/python3.8/site-packages/airflow/example_dags/example_task_group.py took 0.061 seconds
[2024-03-18T15:35:59.430+0000] {processor.py:161} INFO - Started process (PID=511) to work on /home/airflow/.local/lib/python3.8/site-packages/airflow/example_dags/example_task_group.py
[2024-03-18T15:35:59.430+0000] {processor.py:830} INFO - Processing file /home/airflow/.local/lib/python3.8/site-packages/airflow/example_dags/example_task_group.py for tasks to queue
[2024-03-18T15:35:59.432+0000] {logging_mixin.py:188} INFO - [2024-03-18T15:35:59.432+0000] {dagbag.py:540} INFO - Filling up the DagBag from /home/airflow/.local/lib/python3.8/site-packages/airflow/example_dags/example_task_group.py
[2024-03-18T15:35:59.438+0000] {processor.py:840} INFO - DAG(s) 'example_task_group' retrieved from /home/airflow/.local/lib/python3.8/site-packages/airflow/example_dags/example_task_group.py
[2024-03-18T15:35:59.454+0000] {logging_mixin.py:188} INFO - [2024-03-18T15:35:59.454+0000] {dag.py:3047} INFO - Sync 1 DAGs
[2024-03-18T15:35:59.472+0000] {logging_mixin.py:188} INFO - [2024-03-18T15:35:59.472+0000] {dag.py:3834} INFO - Setting next_dagrun for example_task_group to 2024-03-17 00:00:00+00:00, run_after=2024-03-18 00:00:00+00:00
[2024-03-18T15:35:59.486+0000] {processor.py:183} INFO - Processing /home/airflow/.local/lib/python3.8/site-packages/airflow/example_dags/example_task_group.py took 0.059 seconds
[2024-03-18T15:36:29.774+0000] {processor.py:161} INFO - Started process (PID=566) to work on /home/airflow/.local/lib/python3.8/site-packages/airflow/example_dags/example_task_group.py
[2024-03-18T15:36:29.775+0000] {processor.py:830} INFO - Processing file /home/airflow/.local/lib/python3.8/site-packages/airflow/example_dags/example_task_group.py for tasks to queue
[2024-03-18T15:36:29.776+0000] {logging_mixin.py:188} INFO - [2024-03-18T15:36:29.776+0000] {dagbag.py:540} INFO - Filling up the DagBag from /home/airflow/.local/lib/python3.8/site-packages/airflow/example_dags/example_task_group.py
[2024-03-18T15:36:29.782+0000] {processor.py:840} INFO - DAG(s) 'example_task_group' retrieved from /home/airflow/.local/lib/python3.8/site-packages/airflow/example_dags/example_task_group.py
[2024-03-18T15:36:29.799+0000] {logging_mixin.py:188} INFO - [2024-03-18T15:36:29.799+0000] {dag.py:3047} INFO - Sync 1 DAGs
[2024-03-18T15:36:29.818+0000] {logging_mixin.py:188} INFO - [2024-03-18T15:36:29.818+0000] {dag.py:3834} INFO - Setting next_dagrun for example_task_group to 2024-03-17 00:00:00+00:00, run_after=2024-03-18 00:00:00+00:00
[2024-03-18T15:36:29.833+0000] {processor.py:183} INFO - Processing /home/airflow/.local/lib/python3.8/site-packages/airflow/example_dags/example_task_group.py took 0.061 seconds
[2024-03-18T15:37:00.115+0000] {processor.py:161} INFO - Started process (PID=621) to work on /home/airflow/.local/lib/python3.8/site-packages/airflow/example_dags/example_task_group.py
[2024-03-18T15:37:00.116+0000] {processor.py:830} INFO - Processing file /home/airflow/.local/lib/python3.8/site-packages/airflow/example_dags/example_task_group.py for tasks to queue
[2024-03-18T15:37:00.117+0000] {logging_mixin.py:188} INFO - [2024-03-18T15:37:00.117+0000] {dagbag.py:540} INFO - Filling up the DagBag from /home/airflow/.local/lib/python3.8/site-packages/airflow/example_dags/example_task_group.py
[2024-03-18T15:37:00.123+0000] {processor.py:840} INFO - DAG(s) 'example_task_group' retrieved from /home/airflow/.local/lib/python3.8/site-packages/airflow/example_dags/example_task_group.py
[2024-03-18T15:37:00.139+0000] {logging_mixin.py:188} INFO - [2024-03-18T15:37:00.139+0000] {dag.py:3047} INFO - Sync 1 DAGs
[2024-03-18T15:37:00.157+0000] {logging_mixin.py:188} INFO - [2024-03-18T15:37:00.157+0000] {dag.py:3834} INFO - Setting next_dagrun for example_task_group to 2024-03-17 00:00:00+00:00, run_after=2024-03-18 00:00:00+00:00
[2024-03-18T15:37:00.172+0000] {processor.py:183} INFO - Processing /home/airflow/.local/lib/python3.8/site-packages/airflow/example_dags/example_task_group.py took 0.060 seconds
[2024-03-18T15:37:30.457+0000] {processor.py:161} INFO - Started process (PID=676) to work on /home/airflow/.local/lib/python3.8/site-packages/airflow/example_dags/example_task_group.py
[2024-03-18T15:37:30.458+0000] {processor.py:830} INFO - Processing file /home/airflow/.local/lib/python3.8/site-packages/airflow/example_dags/example_task_group.py for tasks to queue
[2024-03-18T15:37:30.459+0000] {logging_mixin.py:188} INFO - [2024-03-18T15:37:30.459+0000] {dagbag.py:540} INFO - Filling up the DagBag from /home/airflow/.local/lib/python3.8/site-packages/airflow/example_dags/example_task_group.py
[2024-03-18T15:37:30.465+0000] {processor.py:840} INFO - DAG(s) 'example_task_group' retrieved from /home/airflow/.local/lib/python3.8/site-packages/airflow/example_dags/example_task_group.py
[2024-03-18T15:37:30.481+0000] {logging_mixin.py:188} INFO - [2024-03-18T15:37:30.481+0000] {dag.py:3047} INFO - Sync 1 DAGs
[2024-03-18T15:37:30.499+0000] {logging_mixin.py:188} INFO - [2024-03-18T15:37:30.499+0000] {dag.py:3834} INFO - Setting next_dagrun for example_task_group to 2024-03-17 00:00:00+00:00, run_after=2024-03-18 00:00:00+00:00
[2024-03-18T15:37:30.513+0000] {processor.py:183} INFO - Processing /home/airflow/.local/lib/python3.8/site-packages/airflow/example_dags/example_task_group.py took 0.059 seconds
[2024-03-18T15:38:00.863+0000] {processor.py:161} INFO - Started process (PID=731) to work on /home/airflow/.local/lib/python3.8/site-packages/airflow/example_dags/example_task_group.py
[2024-03-18T15:38:00.864+0000] {processor.py:830} INFO - Processing file /home/airflow/.local/lib/python3.8/site-packages/airflow/example_dags/example_task_group.py for tasks to queue
[2024-03-18T15:38:00.866+0000] {logging_mixin.py:188} INFO - [2024-03-18T15:38:00.866+0000] {dagbag.py:540} INFO - Filling up the DagBag from /home/airflow/.local/lib/python3.8/site-packages/airflow/example_dags/example_task_group.py
[2024-03-18T15:38:00.872+0000] {processor.py:840} INFO - DAG(s) 'example_task_group' retrieved from /home/airflow/.local/lib/python3.8/site-packages/airflow/example_dags/example_task_group.py
[2024-03-18T15:38:00.895+0000] {logging_mixin.py:188} INFO - [2024-03-18T15:38:00.894+0000] {dag.py:3047} INFO - Sync 1 DAGs
[2024-03-18T15:38:00.920+0000] {logging_mixin.py:188} INFO - [2024-03-18T15:38:00.920+0000] {dag.py:3834} INFO - Setting next_dagrun for example_task_group to 2024-03-17 00:00:00+00:00, run_after=2024-03-18 00:00:00+00:00
[2024-03-18T15:38:00.938+0000] {processor.py:183} INFO - Processing /home/airflow/.local/lib/python3.8/site-packages/airflow/example_dags/example_task_group.py took 0.078 seconds
[2024-03-18T15:38:30.971+0000] {processor.py:161} INFO - Started process (PID=786) to work on /home/airflow/.local/lib/python3.8/site-packages/airflow/example_dags/example_task_group.py
[2024-03-18T15:38:30.971+0000] {processor.py:830} INFO - Processing file /home/airflow/.local/lib/python3.8/site-packages/airflow/example_dags/example_task_group.py for tasks to queue
[2024-03-18T15:38:30.973+0000] {logging_mixin.py:188} INFO - [2024-03-18T15:38:30.972+0000] {dagbag.py:540} INFO - Filling up the DagBag from /home/airflow/.local/lib/python3.8/site-packages/airflow/example_dags/example_task_group.py
[2024-03-18T15:38:30.978+0000] {processor.py:840} INFO - DAG(s) 'example_task_group' retrieved from /home/airflow/.local/lib/python3.8/site-packages/airflow/example_dags/example_task_group.py
[2024-03-18T15:38:30.995+0000] {logging_mixin.py:188} INFO - [2024-03-18T15:38:30.994+0000] {dag.py:3047} INFO - Sync 1 DAGs
[2024-03-18T15:38:31.013+0000] {logging_mixin.py:188} INFO - [2024-03-18T15:38:31.013+0000] {dag.py:3834} INFO - Setting next_dagrun for example_task_group to 2024-03-17 00:00:00+00:00, run_after=2024-03-18 00:00:00+00:00
[2024-03-18T15:38:31.029+0000] {processor.py:183} INFO - Processing /home/airflow/.local/lib/python3.8/site-packages/airflow/example_dags/example_task_group.py took 0.061 seconds
[2024-03-18T15:39:01.120+0000] {processor.py:161} INFO - Started process (PID=841) to work on /home/airflow/.local/lib/python3.8/site-packages/airflow/example_dags/example_task_group.py
[2024-03-18T15:39:01.121+0000] {processor.py:830} INFO - Processing file /home/airflow/.local/lib/python3.8/site-packages/airflow/example_dags/example_task_group.py for tasks to queue
[2024-03-18T15:39:01.122+0000] {logging_mixin.py:188} INFO - [2024-03-18T15:39:01.122+0000] {dagbag.py:540} INFO - Filling up the DagBag from /home/airflow/.local/lib/python3.8/site-packages/airflow/example_dags/example_task_group.py
[2024-03-18T15:39:01.127+0000] {processor.py:840} INFO - DAG(s) 'example_task_group' retrieved from /home/airflow/.local/lib/python3.8/site-packages/airflow/example_dags/example_task_group.py
[2024-03-18T15:39:01.144+0000] {logging_mixin.py:188} INFO - [2024-03-18T15:39:01.143+0000] {dag.py:3047} INFO - Sync 1 DAGs
[2024-03-18T15:39:01.162+0000] {logging_mixin.py:188} INFO - [2024-03-18T15:39:01.162+0000] {dag.py:3834} INFO - Setting next_dagrun for example_task_group to 2024-03-17 00:00:00+00:00, run_after=2024-03-18 00:00:00+00:00
[2024-03-18T15:39:01.177+0000] {processor.py:183} INFO - Processing /home/airflow/.local/lib/python3.8/site-packages/airflow/example_dags/example_task_group.py took 0.060 seconds
[2024-03-18T15:39:31.368+0000] {processor.py:161} INFO - Started process (PID=896) to work on /home/airflow/.local/lib/python3.8/site-packages/airflow/example_dags/example_task_group.py
[2024-03-18T15:39:31.369+0000] {processor.py:830} INFO - Processing file /home/airflow/.local/lib/python3.8/site-packages/airflow/example_dags/example_task_group.py for tasks to queue
[2024-03-18T15:39:31.370+0000] {logging_mixin.py:188} INFO - [2024-03-18T15:39:31.370+0000] {dagbag.py:540} INFO - Filling up the DagBag from /home/airflow/.local/lib/python3.8/site-packages/airflow/example_dags/example_task_group.py
[2024-03-18T15:39:31.376+0000] {processor.py:840} INFO - DAG(s) 'example_task_group' retrieved from /home/airflow/.local/lib/python3.8/site-packages/airflow/example_dags/example_task_group.py
[2024-03-18T15:39:31.394+0000] {logging_mixin.py:188} INFO - [2024-03-18T15:39:31.394+0000] {dag.py:3047} INFO - Sync 1 DAGs
[2024-03-18T15:39:31.414+0000] {logging_mixin.py:188} INFO - [2024-03-18T15:39:31.414+0000] {dag.py:3834} INFO - Setting next_dagrun for example_task_group to 2024-03-17 00:00:00+00:00, run_after=2024-03-18 00:00:00+00:00
[2024-03-18T15:39:31.430+0000] {processor.py:183} INFO - Processing /home/airflow/.local/lib/python3.8/site-packages/airflow/example_dags/example_task_group.py took 0.065 seconds
[2024-03-18T15:40:01.478+0000] {processor.py:161} INFO - Started process (PID=951) to work on /home/airflow/.local/lib/python3.8/site-packages/airflow/example_dags/example_task_group.py
[2024-03-18T15:40:01.479+0000] {processor.py:830} INFO - Processing file /home/airflow/.local/lib/python3.8/site-packages/airflow/example_dags/example_task_group.py for tasks to queue
[2024-03-18T15:40:01.481+0000] {logging_mixin.py:188} INFO - [2024-03-18T15:40:01.480+0000] {dagbag.py:540} INFO - Filling up the DagBag from /home/airflow/.local/lib/python3.8/site-packages/airflow/example_dags/example_task_group.py
[2024-03-18T15:40:01.487+0000] {processor.py:840} INFO - DAG(s) 'example_task_group' retrieved from /home/airflow/.local/lib/python3.8/site-packages/airflow/example_dags/example_task_group.py
[2024-03-18T15:40:01.505+0000] {logging_mixin.py:188} INFO - [2024-03-18T15:40:01.505+0000] {dag.py:3047} INFO - Sync 1 DAGs
[2024-03-18T15:40:01.524+0000] {logging_mixin.py:188} INFO - [2024-03-18T15:40:01.524+0000] {dag.py:3834} INFO - Setting next_dagrun for example_task_group to 2024-03-17 00:00:00+00:00, run_after=2024-03-18 00:00:00+00:00
[2024-03-18T15:40:01.539+0000] {processor.py:183} INFO - Processing /home/airflow/.local/lib/python3.8/site-packages/airflow/example_dags/example_task_group.py took 0.063 seconds
[2024-03-18T15:40:31.622+0000] {processor.py:161} INFO - Started process (PID=1006) to work on /home/airflow/.local/lib/python3.8/site-packages/airflow/example_dags/example_task_group.py
[2024-03-18T15:40:31.623+0000] {processor.py:830} INFO - Processing file /home/airflow/.local/lib/python3.8/site-packages/airflow/example_dags/example_task_group.py for tasks to queue
[2024-03-18T15:40:31.624+0000] {logging_mixin.py:188} INFO - [2024-03-18T15:40:31.624+0000] {dagbag.py:540} INFO - Filling up the DagBag from /home/airflow/.local/lib/python3.8/site-packages/airflow/example_dags/example_task_group.py
[2024-03-18T15:40:31.630+0000] {processor.py:840} INFO - DAG(s) 'example_task_group' retrieved from /home/airflow/.local/lib/python3.8/site-packages/airflow/example_dags/example_task_group.py
[2024-03-18T15:40:31.647+0000] {logging_mixin.py:188} INFO - [2024-03-18T15:40:31.647+0000] {dag.py:3047} INFO - Sync 1 DAGs
[2024-03-18T15:40:31.666+0000] {logging_mixin.py:188} INFO - [2024-03-18T15:40:31.666+0000] {dag.py:3834} INFO - Setting next_dagrun for example_task_group to 2024-03-17 00:00:00+00:00, run_after=2024-03-18 00:00:00+00:00
[2024-03-18T15:40:31.681+0000] {processor.py:183} INFO - Processing /home/airflow/.local/lib/python3.8/site-packages/airflow/example_dags/example_task_group.py took 0.062 seconds
[2024-03-18T15:41:01.887+0000] {processor.py:161} INFO - Started process (PID=1061) to work on /home/airflow/.local/lib/python3.8/site-packages/airflow/example_dags/example_task_group.py
[2024-03-18T15:41:01.888+0000] {processor.py:830} INFO - Processing file /home/airflow/.local/lib/python3.8/site-packages/airflow/example_dags/example_task_group.py for tasks to queue
[2024-03-18T15:41:01.889+0000] {logging_mixin.py:188} INFO - [2024-03-18T15:41:01.889+0000] {dagbag.py:540} INFO - Filling up the DagBag from /home/airflow/.local/lib/python3.8/site-packages/airflow/example_dags/example_task_group.py
[2024-03-18T15:41:01.895+0000] {processor.py:840} INFO - DAG(s) 'example_task_group' retrieved from /home/airflow/.local/lib/python3.8/site-packages/airflow/example_dags/example_task_group.py
[2024-03-18T15:41:01.912+0000] {logging_mixin.py:188} INFO - [2024-03-18T15:41:01.912+0000] {dag.py:3047} INFO - Sync 1 DAGs
[2024-03-18T15:41:01.931+0000] {logging_mixin.py:188} INFO - [2024-03-18T15:41:01.930+0000] {dag.py:3834} INFO - Setting next_dagrun for example_task_group to 2024-03-17 00:00:00+00:00, run_after=2024-03-18 00:00:00+00:00
[2024-03-18T15:41:01.945+0000] {processor.py:183} INFO - Processing /home/airflow/.local/lib/python3.8/site-packages/airflow/example_dags/example_task_group.py took 0.061 seconds
[2024-03-18T15:41:32.864+0000] {processor.py:161} INFO - Started process (PID=1116) to work on /home/airflow/.local/lib/python3.8/site-packages/airflow/example_dags/example_task_group.py
[2024-03-18T15:41:32.865+0000] {processor.py:830} INFO - Processing file /home/airflow/.local/lib/python3.8/site-packages/airflow/example_dags/example_task_group.py for tasks to queue
[2024-03-18T15:41:32.867+0000] {logging_mixin.py:188} INFO - [2024-03-18T15:41:32.866+0000] {dagbag.py:540} INFO - Filling up the DagBag from /home/airflow/.local/lib/python3.8/site-packages/airflow/example_dags/example_task_group.py
[2024-03-18T15:41:32.872+0000] {processor.py:840} INFO - DAG(s) 'example_task_group' retrieved from /home/airflow/.local/lib/python3.8/site-packages/airflow/example_dags/example_task_group.py
[2024-03-18T15:41:32.889+0000] {logging_mixin.py:188} INFO - [2024-03-18T15:41:32.889+0000] {dag.py:3047} INFO - Sync 1 DAGs
[2024-03-18T15:41:32.907+0000] {logging_mixin.py:188} INFO - [2024-03-18T15:41:32.907+0000] {dag.py:3834} INFO - Setting next_dagrun for example_task_group to 2024-03-17 00:00:00+00:00, run_after=2024-03-18 00:00:00+00:00
[2024-03-18T15:41:32.921+0000] {processor.py:183} INFO - Processing /home/airflow/.local/lib/python3.8/site-packages/airflow/example_dags/example_task_group.py took 0.059 seconds
[2024-03-18T15:42:03.078+0000] {processor.py:161} INFO - Started process (PID=1171) to work on /home/airflow/.local/lib/python3.8/site-packages/airflow/example_dags/example_task_group.py
[2024-03-18T15:42:03.079+0000] {processor.py:830} INFO - Processing file /home/airflow/.local/lib/python3.8/site-packages/airflow/example_dags/example_task_group.py for tasks to queue
[2024-03-18T15:42:03.081+0000] {logging_mixin.py:188} INFO - [2024-03-18T15:42:03.080+0000] {dagbag.py:540} INFO - Filling up the DagBag from /home/airflow/.local/lib/python3.8/site-packages/airflow/example_dags/example_task_group.py
[2024-03-18T15:42:03.086+0000] {processor.py:840} INFO - DAG(s) 'example_task_group' retrieved from /home/airflow/.local/lib/python3.8/site-packages/airflow/example_dags/example_task_group.py
[2024-03-18T15:42:03.103+0000] {logging_mixin.py:188} INFO - [2024-03-18T15:42:03.103+0000] {dag.py:3047} INFO - Sync 1 DAGs
[2024-03-18T15:42:03.120+0000] {logging_mixin.py:188} INFO - [2024-03-18T15:42:03.120+0000] {dag.py:3834} INFO - Setting next_dagrun for example_task_group to 2024-03-17 00:00:00+00:00, run_after=2024-03-18 00:00:00+00:00
[2024-03-18T15:42:03.134+0000] {processor.py:183} INFO - Processing /home/airflow/.local/lib/python3.8/site-packages/airflow/example_dags/example_task_group.py took 0.058 seconds
[2024-03-18T15:42:33.274+0000] {processor.py:161} INFO - Started process (PID=1226) to work on /home/airflow/.local/lib/python3.8/site-packages/airflow/example_dags/example_task_group.py
[2024-03-18T15:42:33.275+0000] {processor.py:830} INFO - Processing file /home/airflow/.local/lib/python3.8/site-packages/airflow/example_dags/example_task_group.py for tasks to queue
[2024-03-18T15:42:33.276+0000] {logging_mixin.py:188} INFO - [2024-03-18T15:42:33.276+0000] {dagbag.py:540} INFO - Filling up the DagBag from /home/airflow/.local/lib/python3.8/site-packages/airflow/example_dags/example_task_group.py
[2024-03-18T15:42:33.282+0000] {processor.py:840} INFO - DAG(s) 'example_task_group' retrieved from /home/airflow/.local/lib/python3.8/site-packages/airflow/example_dags/example_task_group.py
[2024-03-18T15:42:33.299+0000] {logging_mixin.py:188} INFO - [2024-03-18T15:42:33.299+0000] {dag.py:3047} INFO - Sync 1 DAGs
[2024-03-18T15:42:33.317+0000] {logging_mixin.py:188} INFO - [2024-03-18T15:42:33.316+0000] {dag.py:3834} INFO - Setting next_dagrun for example_task_group to 2024-03-17 00:00:00+00:00, run_after=2024-03-18 00:00:00+00:00
[2024-03-18T15:42:33.331+0000] {processor.py:183} INFO - Processing /home/airflow/.local/lib/python3.8/site-packages/airflow/example_dags/example_task_group.py took 0.059 seconds
[2024-03-18T15:43:03.484+0000] {processor.py:161} INFO - Started process (PID=1281) to work on /home/airflow/.local/lib/python3.8/site-packages/airflow/example_dags/example_task_group.py
[2024-03-18T15:43:03.485+0000] {processor.py:830} INFO - Processing file /home/airflow/.local/lib/python3.8/site-packages/airflow/example_dags/example_task_group.py for tasks to queue
[2024-03-18T15:43:03.486+0000] {logging_mixin.py:188} INFO - [2024-03-18T15:43:03.486+0000] {dagbag.py:540} INFO - Filling up the DagBag from /home/airflow/.local/lib/python3.8/site-packages/airflow/example_dags/example_task_group.py
[2024-03-18T15:43:03.492+0000] {processor.py:840} INFO - DAG(s) 'example_task_group' retrieved from /home/airflow/.local/lib/python3.8/site-packages/airflow/example_dags/example_task_group.py
[2024-03-18T15:43:03.509+0000] {logging_mixin.py:188} INFO - [2024-03-18T15:43:03.509+0000] {dag.py:3047} INFO - Sync 1 DAGs
[2024-03-18T15:43:03.530+0000] {logging_mixin.py:188} INFO - [2024-03-18T15:43:03.529+0000] {dag.py:3834} INFO - Setting next_dagrun for example_task_group to 2024-03-17 00:00:00+00:00, run_after=2024-03-18 00:00:00+00:00
[2024-03-18T15:43:03.546+0000] {processor.py:183} INFO - Processing /home/airflow/.local/lib/python3.8/site-packages/airflow/example_dags/example_task_group.py took 0.064 seconds
