[2024-03-18T15:31:55.049+0000] {processor.py:161} INFO - Started process (PID=50) to work on /home/airflow/.local/lib/python3.8/site-packages/airflow/example_dags/example_complex.py
[2024-03-18T15:31:55.050+0000] {processor.py:830} INFO - Processing file /home/airflow/.local/lib/python3.8/site-packages/airflow/example_dags/example_complex.py for tasks to queue
[2024-03-18T15:31:55.052+0000] {logging_mixin.py:188} INFO - [2024-03-18T15:31:55.052+0000] {dagbag.py:540} INFO - Filling up the DagBag from /home/airflow/.local/lib/python3.8/site-packages/airflow/example_dags/example_complex.py
[2024-03-18T15:31:55.064+0000] {processor.py:840} INFO - DAG(s) 'example_complex' retrieved from /home/airflow/.local/lib/python3.8/site-packages/airflow/example_dags/example_complex.py
[2024-03-18T15:31:55.074+0000] {logging_mixin.py:188} INFO - [2024-03-18T15:31:55.073+0000] {dag.py:3047} INFO - Sync 1 DAGs
[2024-03-18T15:31:55.087+0000] {logging_mixin.py:188} INFO - [2024-03-18T15:31:55.086+0000] {dag.py:3834} INFO - Setting next_dagrun for example_complex to None, run_after=None
[2024-03-18T15:31:55.111+0000] {processor.py:183} INFO - Processing /home/airflow/.local/lib/python3.8/site-packages/airflow/example_dags/example_complex.py took 0.064 seconds
[2024-03-18T15:32:25.604+0000] {processor.py:161} INFO - Started process (PID=104) to work on /home/airflow/.local/lib/python3.8/site-packages/airflow/example_dags/example_complex.py
[2024-03-18T15:32:25.604+0000] {processor.py:830} INFO - Processing file /home/airflow/.local/lib/python3.8/site-packages/airflow/example_dags/example_complex.py for tasks to queue
[2024-03-18T15:32:25.606+0000] {logging_mixin.py:188} INFO - [2024-03-18T15:32:25.605+0000] {dagbag.py:540} INFO - Filling up the DagBag from /home/airflow/.local/lib/python3.8/site-packages/airflow/example_dags/example_complex.py
[2024-03-18T15:32:25.615+0000] {processor.py:840} INFO - DAG(s) 'example_complex' retrieved from /home/airflow/.local/lib/python3.8/site-packages/airflow/example_dags/example_complex.py
[2024-03-18T15:32:25.699+0000] {logging_mixin.py:188} INFO - [2024-03-18T15:32:25.699+0000] {dag.py:3047} INFO - Sync 1 DAGs
[2024-03-18T15:32:25.708+0000] {logging_mixin.py:188} INFO - [2024-03-18T15:32:25.707+0000] {dag.py:3834} INFO - Setting next_dagrun for example_complex to None, run_after=None
[2024-03-18T15:32:25.722+0000] {processor.py:183} INFO - Processing /home/airflow/.local/lib/python3.8/site-packages/airflow/example_dags/example_complex.py took 0.121 seconds
[2024-03-18T15:32:55.961+0000] {processor.py:161} INFO - Started process (PID=159) to work on /home/airflow/.local/lib/python3.8/site-packages/airflow/example_dags/example_complex.py
[2024-03-18T15:32:55.962+0000] {processor.py:830} INFO - Processing file /home/airflow/.local/lib/python3.8/site-packages/airflow/example_dags/example_complex.py for tasks to queue
[2024-03-18T15:32:55.964+0000] {logging_mixin.py:188} INFO - [2024-03-18T15:32:55.963+0000] {dagbag.py:540} INFO - Filling up the DagBag from /home/airflow/.local/lib/python3.8/site-packages/airflow/example_dags/example_complex.py
[2024-03-18T15:32:55.973+0000] {processor.py:840} INFO - DAG(s) 'example_complex' retrieved from /home/airflow/.local/lib/python3.8/site-packages/airflow/example_dags/example_complex.py
[2024-03-18T15:32:55.997+0000] {logging_mixin.py:188} INFO - [2024-03-18T15:32:55.997+0000] {dag.py:3047} INFO - Sync 1 DAGs
[2024-03-18T15:32:56.008+0000] {logging_mixin.py:188} INFO - [2024-03-18T15:32:56.007+0000] {dag.py:3834} INFO - Setting next_dagrun for example_complex to None, run_after=None
[2024-03-18T15:32:56.023+0000] {processor.py:183} INFO - Processing /home/airflow/.local/lib/python3.8/site-packages/airflow/example_dags/example_complex.py took 0.064 seconds
[2024-03-18T15:33:26.134+0000] {processor.py:161} INFO - Started process (PID=214) to work on /home/airflow/.local/lib/python3.8/site-packages/airflow/example_dags/example_complex.py
[2024-03-18T15:33:26.135+0000] {processor.py:830} INFO - Processing file /home/airflow/.local/lib/python3.8/site-packages/airflow/example_dags/example_complex.py for tasks to queue
[2024-03-18T15:33:26.136+0000] {logging_mixin.py:188} INFO - [2024-03-18T15:33:26.136+0000] {dagbag.py:540} INFO - Filling up the DagBag from /home/airflow/.local/lib/python3.8/site-packages/airflow/example_dags/example_complex.py
[2024-03-18T15:33:26.145+0000] {processor.py:840} INFO - DAG(s) 'example_complex' retrieved from /home/airflow/.local/lib/python3.8/site-packages/airflow/example_dags/example_complex.py
[2024-03-18T15:33:26.169+0000] {logging_mixin.py:188} INFO - [2024-03-18T15:33:26.169+0000] {dag.py:3047} INFO - Sync 1 DAGs
[2024-03-18T15:33:26.179+0000] {logging_mixin.py:188} INFO - [2024-03-18T15:33:26.179+0000] {dag.py:3834} INFO - Setting next_dagrun for example_complex to None, run_after=None
[2024-03-18T15:33:26.193+0000] {processor.py:183} INFO - Processing /home/airflow/.local/lib/python3.8/site-packages/airflow/example_dags/example_complex.py took 0.062 seconds
[2024-03-18T15:33:56.506+0000] {processor.py:161} INFO - Started process (PID=269) to work on /home/airflow/.local/lib/python3.8/site-packages/airflow/example_dags/example_complex.py
[2024-03-18T15:33:56.507+0000] {processor.py:830} INFO - Processing file /home/airflow/.local/lib/python3.8/site-packages/airflow/example_dags/example_complex.py for tasks to queue
[2024-03-18T15:33:56.508+0000] {logging_mixin.py:188} INFO - [2024-03-18T15:33:56.508+0000] {dagbag.py:540} INFO - Filling up the DagBag from /home/airflow/.local/lib/python3.8/site-packages/airflow/example_dags/example_complex.py
[2024-03-18T15:33:56.517+0000] {processor.py:840} INFO - DAG(s) 'example_complex' retrieved from /home/airflow/.local/lib/python3.8/site-packages/airflow/example_dags/example_complex.py
[2024-03-18T15:33:56.541+0000] {logging_mixin.py:188} INFO - [2024-03-18T15:33:56.541+0000] {dag.py:3047} INFO - Sync 1 DAGs
[2024-03-18T15:33:56.551+0000] {logging_mixin.py:188} INFO - [2024-03-18T15:33:56.551+0000] {dag.py:3834} INFO - Setting next_dagrun for example_complex to None, run_after=None
[2024-03-18T15:33:56.565+0000] {processor.py:183} INFO - Processing /home/airflow/.local/lib/python3.8/site-packages/airflow/example_dags/example_complex.py took 0.062 seconds
[2024-03-18T15:34:26.657+0000] {processor.py:161} INFO - Started process (PID=324) to work on /home/airflow/.local/lib/python3.8/site-packages/airflow/example_dags/example_complex.py
[2024-03-18T15:34:26.658+0000] {processor.py:830} INFO - Processing file /home/airflow/.local/lib/python3.8/site-packages/airflow/example_dags/example_complex.py for tasks to queue
[2024-03-18T15:34:26.660+0000] {logging_mixin.py:188} INFO - [2024-03-18T15:34:26.660+0000] {dagbag.py:540} INFO - Filling up the DagBag from /home/airflow/.local/lib/python3.8/site-packages/airflow/example_dags/example_complex.py
[2024-03-18T15:34:26.669+0000] {processor.py:840} INFO - DAG(s) 'example_complex' retrieved from /home/airflow/.local/lib/python3.8/site-packages/airflow/example_dags/example_complex.py
[2024-03-18T15:34:26.694+0000] {logging_mixin.py:188} INFO - [2024-03-18T15:34:26.694+0000] {dag.py:3047} INFO - Sync 1 DAGs
[2024-03-18T15:34:26.705+0000] {logging_mixin.py:188} INFO - [2024-03-18T15:34:26.705+0000] {dag.py:3834} INFO - Setting next_dagrun for example_complex to None, run_after=None
[2024-03-18T15:34:26.722+0000] {processor.py:183} INFO - Processing /home/airflow/.local/lib/python3.8/site-packages/airflow/example_dags/example_complex.py took 0.067 seconds
[2024-03-18T15:34:56.949+0000] {processor.py:161} INFO - Started process (PID=379) to work on /home/airflow/.local/lib/python3.8/site-packages/airflow/example_dags/example_complex.py
[2024-03-18T15:34:56.950+0000] {processor.py:830} INFO - Processing file /home/airflow/.local/lib/python3.8/site-packages/airflow/example_dags/example_complex.py for tasks to queue
[2024-03-18T15:34:56.951+0000] {logging_mixin.py:188} INFO - [2024-03-18T15:34:56.951+0000] {dagbag.py:540} INFO - Filling up the DagBag from /home/airflow/.local/lib/python3.8/site-packages/airflow/example_dags/example_complex.py
[2024-03-18T15:34:56.961+0000] {processor.py:840} INFO - DAG(s) 'example_complex' retrieved from /home/airflow/.local/lib/python3.8/site-packages/airflow/example_dags/example_complex.py
[2024-03-18T15:34:56.986+0000] {logging_mixin.py:188} INFO - [2024-03-18T15:34:56.985+0000] {dag.py:3047} INFO - Sync 1 DAGs
[2024-03-18T15:34:56.996+0000] {logging_mixin.py:188} INFO - [2024-03-18T15:34:56.996+0000] {dag.py:3834} INFO - Setting next_dagrun for example_complex to None, run_after=None
[2024-03-18T15:34:57.011+0000] {processor.py:183} INFO - Processing /home/airflow/.local/lib/python3.8/site-packages/airflow/example_dags/example_complex.py took 0.064 seconds
[2024-03-18T15:35:27.189+0000] {processor.py:161} INFO - Started process (PID=434) to work on /home/airflow/.local/lib/python3.8/site-packages/airflow/example_dags/example_complex.py
[2024-03-18T15:35:27.190+0000] {processor.py:830} INFO - Processing file /home/airflow/.local/lib/python3.8/site-packages/airflow/example_dags/example_complex.py for tasks to queue
[2024-03-18T15:35:27.191+0000] {logging_mixin.py:188} INFO - [2024-03-18T15:35:27.191+0000] {dagbag.py:540} INFO - Filling up the DagBag from /home/airflow/.local/lib/python3.8/site-packages/airflow/example_dags/example_complex.py
[2024-03-18T15:35:27.200+0000] {processor.py:840} INFO - DAG(s) 'example_complex' retrieved from /home/airflow/.local/lib/python3.8/site-packages/airflow/example_dags/example_complex.py
[2024-03-18T15:35:27.225+0000] {logging_mixin.py:188} INFO - [2024-03-18T15:35:27.224+0000] {dag.py:3047} INFO - Sync 1 DAGs
[2024-03-18T15:35:27.235+0000] {logging_mixin.py:188} INFO - [2024-03-18T15:35:27.235+0000] {dag.py:3834} INFO - Setting next_dagrun for example_complex to None, run_after=None
[2024-03-18T15:35:27.250+0000] {processor.py:183} INFO - Processing /home/airflow/.local/lib/python3.8/site-packages/airflow/example_dags/example_complex.py took 0.063 seconds
[2024-03-18T15:35:57.437+0000] {processor.py:161} INFO - Started process (PID=489) to work on /home/airflow/.local/lib/python3.8/site-packages/airflow/example_dags/example_complex.py
[2024-03-18T15:35:57.438+0000] {processor.py:830} INFO - Processing file /home/airflow/.local/lib/python3.8/site-packages/airflow/example_dags/example_complex.py for tasks to queue
[2024-03-18T15:35:57.440+0000] {logging_mixin.py:188} INFO - [2024-03-18T15:35:57.439+0000] {dagbag.py:540} INFO - Filling up the DagBag from /home/airflow/.local/lib/python3.8/site-packages/airflow/example_dags/example_complex.py
[2024-03-18T15:35:57.449+0000] {processor.py:840} INFO - DAG(s) 'example_complex' retrieved from /home/airflow/.local/lib/python3.8/site-packages/airflow/example_dags/example_complex.py
[2024-03-18T15:35:57.475+0000] {logging_mixin.py:188} INFO - [2024-03-18T15:35:57.474+0000] {dag.py:3047} INFO - Sync 1 DAGs
[2024-03-18T15:35:57.486+0000] {logging_mixin.py:188} INFO - [2024-03-18T15:35:57.486+0000] {dag.py:3834} INFO - Setting next_dagrun for example_complex to None, run_after=None
[2024-03-18T15:35:57.502+0000] {processor.py:183} INFO - Processing /home/airflow/.local/lib/python3.8/site-packages/airflow/example_dags/example_complex.py took 0.068 seconds
[2024-03-18T15:36:27.786+0000] {processor.py:161} INFO - Started process (PID=544) to work on /home/airflow/.local/lib/python3.8/site-packages/airflow/example_dags/example_complex.py
[2024-03-18T15:36:27.787+0000] {processor.py:830} INFO - Processing file /home/airflow/.local/lib/python3.8/site-packages/airflow/example_dags/example_complex.py for tasks to queue
[2024-03-18T15:36:27.789+0000] {logging_mixin.py:188} INFO - [2024-03-18T15:36:27.788+0000] {dagbag.py:540} INFO - Filling up the DagBag from /home/airflow/.local/lib/python3.8/site-packages/airflow/example_dags/example_complex.py
[2024-03-18T15:36:27.798+0000] {processor.py:840} INFO - DAG(s) 'example_complex' retrieved from /home/airflow/.local/lib/python3.8/site-packages/airflow/example_dags/example_complex.py
[2024-03-18T15:36:27.823+0000] {logging_mixin.py:188} INFO - [2024-03-18T15:36:27.823+0000] {dag.py:3047} INFO - Sync 1 DAGs
[2024-03-18T15:36:27.833+0000] {logging_mixin.py:188} INFO - [2024-03-18T15:36:27.833+0000] {dag.py:3834} INFO - Setting next_dagrun for example_complex to None, run_after=None
[2024-03-18T15:36:27.850+0000] {processor.py:183} INFO - Processing /home/airflow/.local/lib/python3.8/site-packages/airflow/example_dags/example_complex.py took 0.066 seconds
[2024-03-18T15:36:58.165+0000] {processor.py:161} INFO - Started process (PID=599) to work on /home/airflow/.local/lib/python3.8/site-packages/airflow/example_dags/example_complex.py
[2024-03-18T15:36:58.166+0000] {processor.py:830} INFO - Processing file /home/airflow/.local/lib/python3.8/site-packages/airflow/example_dags/example_complex.py for tasks to queue
[2024-03-18T15:36:58.167+0000] {logging_mixin.py:188} INFO - [2024-03-18T15:36:58.167+0000] {dagbag.py:540} INFO - Filling up the DagBag from /home/airflow/.local/lib/python3.8/site-packages/airflow/example_dags/example_complex.py
[2024-03-18T15:36:58.176+0000] {processor.py:840} INFO - DAG(s) 'example_complex' retrieved from /home/airflow/.local/lib/python3.8/site-packages/airflow/example_dags/example_complex.py
[2024-03-18T15:36:58.201+0000] {logging_mixin.py:188} INFO - [2024-03-18T15:36:58.201+0000] {dag.py:3047} INFO - Sync 1 DAGs
[2024-03-18T15:36:58.212+0000] {logging_mixin.py:188} INFO - [2024-03-18T15:36:58.212+0000] {dag.py:3834} INFO - Setting next_dagrun for example_complex to None, run_after=None
[2024-03-18T15:36:58.227+0000] {processor.py:183} INFO - Processing /home/airflow/.local/lib/python3.8/site-packages/airflow/example_dags/example_complex.py took 0.064 seconds
[2024-03-18T15:37:28.472+0000] {processor.py:161} INFO - Started process (PID=654) to work on /home/airflow/.local/lib/python3.8/site-packages/airflow/example_dags/example_complex.py
[2024-03-18T15:37:28.473+0000] {processor.py:830} INFO - Processing file /home/airflow/.local/lib/python3.8/site-packages/airflow/example_dags/example_complex.py for tasks to queue
[2024-03-18T15:37:28.474+0000] {logging_mixin.py:188} INFO - [2024-03-18T15:37:28.474+0000] {dagbag.py:540} INFO - Filling up the DagBag from /home/airflow/.local/lib/python3.8/site-packages/airflow/example_dags/example_complex.py
[2024-03-18T15:37:28.486+0000] {processor.py:840} INFO - DAG(s) 'example_complex' retrieved from /home/airflow/.local/lib/python3.8/site-packages/airflow/example_dags/example_complex.py
[2024-03-18T15:37:28.517+0000] {logging_mixin.py:188} INFO - [2024-03-18T15:37:28.517+0000] {dag.py:3047} INFO - Sync 1 DAGs
[2024-03-18T15:37:28.531+0000] {logging_mixin.py:188} INFO - [2024-03-18T15:37:28.531+0000] {dag.py:3834} INFO - Setting next_dagrun for example_complex to None, run_after=None
[2024-03-18T15:37:28.547+0000] {processor.py:183} INFO - Processing /home/airflow/.local/lib/python3.8/site-packages/airflow/example_dags/example_complex.py took 0.078 seconds
[2024-03-18T15:37:58.844+0000] {processor.py:161} INFO - Started process (PID=709) to work on /home/airflow/.local/lib/python3.8/site-packages/airflow/example_dags/example_complex.py
[2024-03-18T15:37:58.845+0000] {processor.py:830} INFO - Processing file /home/airflow/.local/lib/python3.8/site-packages/airflow/example_dags/example_complex.py for tasks to queue
[2024-03-18T15:37:58.846+0000] {logging_mixin.py:188} INFO - [2024-03-18T15:37:58.846+0000] {dagbag.py:540} INFO - Filling up the DagBag from /home/airflow/.local/lib/python3.8/site-packages/airflow/example_dags/example_complex.py
[2024-03-18T15:37:58.856+0000] {processor.py:840} INFO - DAG(s) 'example_complex' retrieved from /home/airflow/.local/lib/python3.8/site-packages/airflow/example_dags/example_complex.py
[2024-03-18T15:37:58.881+0000] {logging_mixin.py:188} INFO - [2024-03-18T15:37:58.881+0000] {dag.py:3047} INFO - Sync 1 DAGs
[2024-03-18T15:37:58.892+0000] {logging_mixin.py:188} INFO - [2024-03-18T15:37:58.892+0000] {dag.py:3834} INFO - Setting next_dagrun for example_complex to None, run_after=None
[2024-03-18T15:37:58.907+0000] {processor.py:183} INFO - Processing /home/airflow/.local/lib/python3.8/site-packages/airflow/example_dags/example_complex.py took 0.066 seconds
[2024-03-18T15:38:29.010+0000] {processor.py:161} INFO - Started process (PID=764) to work on /home/airflow/.local/lib/python3.8/site-packages/airflow/example_dags/example_complex.py
[2024-03-18T15:38:29.011+0000] {processor.py:830} INFO - Processing file /home/airflow/.local/lib/python3.8/site-packages/airflow/example_dags/example_complex.py for tasks to queue
[2024-03-18T15:38:29.012+0000] {logging_mixin.py:188} INFO - [2024-03-18T15:38:29.012+0000] {dagbag.py:540} INFO - Filling up the DagBag from /home/airflow/.local/lib/python3.8/site-packages/airflow/example_dags/example_complex.py
[2024-03-18T15:38:29.021+0000] {processor.py:840} INFO - DAG(s) 'example_complex' retrieved from /home/airflow/.local/lib/python3.8/site-packages/airflow/example_dags/example_complex.py
[2024-03-18T15:38:29.045+0000] {logging_mixin.py:188} INFO - [2024-03-18T15:38:29.045+0000] {dag.py:3047} INFO - Sync 1 DAGs
[2024-03-18T15:38:29.055+0000] {logging_mixin.py:188} INFO - [2024-03-18T15:38:29.055+0000] {dag.py:3834} INFO - Setting next_dagrun for example_complex to None, run_after=None
[2024-03-18T15:38:29.070+0000] {processor.py:183} INFO - Processing /home/airflow/.local/lib/python3.8/site-packages/airflow/example_dags/example_complex.py took 0.063 seconds
[2024-03-18T15:38:59.176+0000] {processor.py:161} INFO - Started process (PID=819) to work on /home/airflow/.local/lib/python3.8/site-packages/airflow/example_dags/example_complex.py
[2024-03-18T15:38:59.177+0000] {processor.py:830} INFO - Processing file /home/airflow/.local/lib/python3.8/site-packages/airflow/example_dags/example_complex.py for tasks to queue
[2024-03-18T15:38:59.178+0000] {logging_mixin.py:188} INFO - [2024-03-18T15:38:59.178+0000] {dagbag.py:540} INFO - Filling up the DagBag from /home/airflow/.local/lib/python3.8/site-packages/airflow/example_dags/example_complex.py
[2024-03-18T15:38:59.187+0000] {processor.py:840} INFO - DAG(s) 'example_complex' retrieved from /home/airflow/.local/lib/python3.8/site-packages/airflow/example_dags/example_complex.py
[2024-03-18T15:38:59.212+0000] {logging_mixin.py:188} INFO - [2024-03-18T15:38:59.212+0000] {dag.py:3047} INFO - Sync 1 DAGs
[2024-03-18T15:38:59.223+0000] {logging_mixin.py:188} INFO - [2024-03-18T15:38:59.223+0000] {dag.py:3834} INFO - Setting next_dagrun for example_complex to None, run_after=None
[2024-03-18T15:38:59.238+0000] {processor.py:183} INFO - Processing /home/airflow/.local/lib/python3.8/site-packages/airflow/example_dags/example_complex.py took 0.064 seconds
[2024-03-18T15:39:29.351+0000] {processor.py:161} INFO - Started process (PID=874) to work on /home/airflow/.local/lib/python3.8/site-packages/airflow/example_dags/example_complex.py
[2024-03-18T15:39:29.352+0000] {processor.py:830} INFO - Processing file /home/airflow/.local/lib/python3.8/site-packages/airflow/example_dags/example_complex.py for tasks to queue
[2024-03-18T15:39:29.353+0000] {logging_mixin.py:188} INFO - [2024-03-18T15:39:29.353+0000] {dagbag.py:540} INFO - Filling up the DagBag from /home/airflow/.local/lib/python3.8/site-packages/airflow/example_dags/example_complex.py
[2024-03-18T15:39:29.363+0000] {processor.py:840} INFO - DAG(s) 'example_complex' retrieved from /home/airflow/.local/lib/python3.8/site-packages/airflow/example_dags/example_complex.py
[2024-03-18T15:39:29.390+0000] {logging_mixin.py:188} INFO - [2024-03-18T15:39:29.390+0000] {dag.py:3047} INFO - Sync 1 DAGs
[2024-03-18T15:39:29.401+0000] {logging_mixin.py:188} INFO - [2024-03-18T15:39:29.401+0000] {dag.py:3834} INFO - Setting next_dagrun for example_complex to None, run_after=None
[2024-03-18T15:39:29.417+0000] {processor.py:183} INFO - Processing /home/airflow/.local/lib/python3.8/site-packages/airflow/example_dags/example_complex.py took 0.069 seconds
[2024-03-18T15:39:59.487+0000] {processor.py:161} INFO - Started process (PID=929) to work on /home/airflow/.local/lib/python3.8/site-packages/airflow/example_dags/example_complex.py
[2024-03-18T15:39:59.488+0000] {processor.py:830} INFO - Processing file /home/airflow/.local/lib/python3.8/site-packages/airflow/example_dags/example_complex.py for tasks to queue
[2024-03-18T15:39:59.490+0000] {logging_mixin.py:188} INFO - [2024-03-18T15:39:59.489+0000] {dagbag.py:540} INFO - Filling up the DagBag from /home/airflow/.local/lib/python3.8/site-packages/airflow/example_dags/example_complex.py
[2024-03-18T15:39:59.499+0000] {processor.py:840} INFO - DAG(s) 'example_complex' retrieved from /home/airflow/.local/lib/python3.8/site-packages/airflow/example_dags/example_complex.py
[2024-03-18T15:39:59.524+0000] {logging_mixin.py:188} INFO - [2024-03-18T15:39:59.523+0000] {dag.py:3047} INFO - Sync 1 DAGs
[2024-03-18T15:39:59.534+0000] {logging_mixin.py:188} INFO - [2024-03-18T15:39:59.533+0000] {dag.py:3834} INFO - Setting next_dagrun for example_complex to None, run_after=None
[2024-03-18T15:39:59.548+0000] {processor.py:183} INFO - Processing /home/airflow/.local/lib/python3.8/site-packages/airflow/example_dags/example_complex.py took 0.063 seconds
[2024-03-18T15:40:29.602+0000] {processor.py:161} INFO - Started process (PID=984) to work on /home/airflow/.local/lib/python3.8/site-packages/airflow/example_dags/example_complex.py
[2024-03-18T15:40:29.603+0000] {processor.py:830} INFO - Processing file /home/airflow/.local/lib/python3.8/site-packages/airflow/example_dags/example_complex.py for tasks to queue
[2024-03-18T15:40:29.604+0000] {logging_mixin.py:188} INFO - [2024-03-18T15:40:29.604+0000] {dagbag.py:540} INFO - Filling up the DagBag from /home/airflow/.local/lib/python3.8/site-packages/airflow/example_dags/example_complex.py
[2024-03-18T15:40:29.615+0000] {processor.py:840} INFO - DAG(s) 'example_complex' retrieved from /home/airflow/.local/lib/python3.8/site-packages/airflow/example_dags/example_complex.py
[2024-03-18T15:40:29.642+0000] {logging_mixin.py:188} INFO - [2024-03-18T15:40:29.642+0000] {dag.py:3047} INFO - Sync 1 DAGs
[2024-03-18T15:40:29.653+0000] {logging_mixin.py:188} INFO - [2024-03-18T15:40:29.653+0000] {dag.py:3834} INFO - Setting next_dagrun for example_complex to None, run_after=None
[2024-03-18T15:40:29.669+0000] {processor.py:183} INFO - Processing /home/airflow/.local/lib/python3.8/site-packages/airflow/example_dags/example_complex.py took 0.070 seconds
[2024-03-18T15:40:59.764+0000] {processor.py:161} INFO - Started process (PID=1039) to work on /home/airflow/.local/lib/python3.8/site-packages/airflow/example_dags/example_complex.py
[2024-03-18T15:40:59.765+0000] {processor.py:830} INFO - Processing file /home/airflow/.local/lib/python3.8/site-packages/airflow/example_dags/example_complex.py for tasks to queue
[2024-03-18T15:40:59.767+0000] {logging_mixin.py:188} INFO - [2024-03-18T15:40:59.766+0000] {dagbag.py:540} INFO - Filling up the DagBag from /home/airflow/.local/lib/python3.8/site-packages/airflow/example_dags/example_complex.py
[2024-03-18T15:40:59.776+0000] {processor.py:840} INFO - DAG(s) 'example_complex' retrieved from /home/airflow/.local/lib/python3.8/site-packages/airflow/example_dags/example_complex.py
[2024-03-18T15:40:59.802+0000] {logging_mixin.py:188} INFO - [2024-03-18T15:40:59.802+0000] {dag.py:3047} INFO - Sync 1 DAGs
[2024-03-18T15:40:59.813+0000] {logging_mixin.py:188} INFO - [2024-03-18T15:40:59.813+0000] {dag.py:3834} INFO - Setting next_dagrun for example_complex to None, run_after=None
[2024-03-18T15:40:59.829+0000] {processor.py:183} INFO - Processing /home/airflow/.local/lib/python3.8/site-packages/airflow/example_dags/example_complex.py took 0.068 seconds
[2024-03-18T15:41:29.900+0000] {processor.py:161} INFO - Started process (PID=1094) to work on /home/airflow/.local/lib/python3.8/site-packages/airflow/example_dags/example_complex.py
[2024-03-18T15:41:29.901+0000] {processor.py:830} INFO - Processing file /home/airflow/.local/lib/python3.8/site-packages/airflow/example_dags/example_complex.py for tasks to queue
[2024-03-18T15:41:29.902+0000] {logging_mixin.py:188} INFO - [2024-03-18T15:41:29.902+0000] {dagbag.py:540} INFO - Filling up the DagBag from /home/airflow/.local/lib/python3.8/site-packages/airflow/example_dags/example_complex.py
[2024-03-18T15:41:29.911+0000] {processor.py:840} INFO - DAG(s) 'example_complex' retrieved from /home/airflow/.local/lib/python3.8/site-packages/airflow/example_dags/example_complex.py
[2024-03-18T15:41:29.936+0000] {logging_mixin.py:188} INFO - [2024-03-18T15:41:29.936+0000] {dag.py:3047} INFO - Sync 1 DAGs
[2024-03-18T15:41:29.947+0000] {logging_mixin.py:188} INFO - [2024-03-18T15:41:29.946+0000] {dag.py:3834} INFO - Setting next_dagrun for example_complex to None, run_after=None
[2024-03-18T15:41:29.961+0000] {processor.py:183} INFO - Processing /home/airflow/.local/lib/python3.8/site-packages/airflow/example_dags/example_complex.py took 0.063 seconds
[2024-03-18T15:42:00.179+0000] {processor.py:161} INFO - Started process (PID=1149) to work on /home/airflow/.local/lib/python3.8/site-packages/airflow/example_dags/example_complex.py
[2024-03-18T15:42:00.180+0000] {processor.py:830} INFO - Processing file /home/airflow/.local/lib/python3.8/site-packages/airflow/example_dags/example_complex.py for tasks to queue
[2024-03-18T15:42:00.181+0000] {logging_mixin.py:188} INFO - [2024-03-18T15:42:00.181+0000] {dagbag.py:540} INFO - Filling up the DagBag from /home/airflow/.local/lib/python3.8/site-packages/airflow/example_dags/example_complex.py
[2024-03-18T15:42:00.190+0000] {processor.py:840} INFO - DAG(s) 'example_complex' retrieved from /home/airflow/.local/lib/python3.8/site-packages/airflow/example_dags/example_complex.py
[2024-03-18T15:42:00.215+0000] {logging_mixin.py:188} INFO - [2024-03-18T15:42:00.215+0000] {dag.py:3047} INFO - Sync 1 DAGs
[2024-03-18T15:42:00.225+0000] {logging_mixin.py:188} INFO - [2024-03-18T15:42:00.225+0000] {dag.py:3834} INFO - Setting next_dagrun for example_complex to None, run_after=None
[2024-03-18T15:42:00.239+0000] {processor.py:183} INFO - Processing /home/airflow/.local/lib/python3.8/site-packages/airflow/example_dags/example_complex.py took 0.062 seconds
[2024-03-18T15:42:30.376+0000] {processor.py:161} INFO - Started process (PID=1204) to work on /home/airflow/.local/lib/python3.8/site-packages/airflow/example_dags/example_complex.py
[2024-03-18T15:42:30.377+0000] {processor.py:830} INFO - Processing file /home/airflow/.local/lib/python3.8/site-packages/airflow/example_dags/example_complex.py for tasks to queue
[2024-03-18T15:42:30.378+0000] {logging_mixin.py:188} INFO - [2024-03-18T15:42:30.378+0000] {dagbag.py:540} INFO - Filling up the DagBag from /home/airflow/.local/lib/python3.8/site-packages/airflow/example_dags/example_complex.py
[2024-03-18T15:42:30.388+0000] {processor.py:840} INFO - DAG(s) 'example_complex' retrieved from /home/airflow/.local/lib/python3.8/site-packages/airflow/example_dags/example_complex.py
[2024-03-18T15:42:30.412+0000] {logging_mixin.py:188} INFO - [2024-03-18T15:42:30.412+0000] {dag.py:3047} INFO - Sync 1 DAGs
[2024-03-18T15:42:30.423+0000] {logging_mixin.py:188} INFO - [2024-03-18T15:42:30.423+0000] {dag.py:3834} INFO - Setting next_dagrun for example_complex to None, run_after=None
[2024-03-18T15:42:30.438+0000] {processor.py:183} INFO - Processing /home/airflow/.local/lib/python3.8/site-packages/airflow/example_dags/example_complex.py took 0.065 seconds
[2024-03-18T15:43:00.562+0000] {processor.py:161} INFO - Started process (PID=1259) to work on /home/airflow/.local/lib/python3.8/site-packages/airflow/example_dags/example_complex.py
[2024-03-18T15:43:00.563+0000] {processor.py:830} INFO - Processing file /home/airflow/.local/lib/python3.8/site-packages/airflow/example_dags/example_complex.py for tasks to queue
[2024-03-18T15:43:00.564+0000] {logging_mixin.py:188} INFO - [2024-03-18T15:43:00.564+0000] {dagbag.py:540} INFO - Filling up the DagBag from /home/airflow/.local/lib/python3.8/site-packages/airflow/example_dags/example_complex.py
[2024-03-18T15:43:00.573+0000] {processor.py:840} INFO - DAG(s) 'example_complex' retrieved from /home/airflow/.local/lib/python3.8/site-packages/airflow/example_dags/example_complex.py
[2024-03-18T15:43:00.599+0000] {logging_mixin.py:188} INFO - [2024-03-18T15:43:00.598+0000] {dag.py:3047} INFO - Sync 1 DAGs
[2024-03-18T15:43:00.609+0000] {logging_mixin.py:188} INFO - [2024-03-18T15:43:00.609+0000] {dag.py:3834} INFO - Setting next_dagrun for example_complex to None, run_after=None
[2024-03-18T15:43:00.624+0000] {processor.py:183} INFO - Processing /home/airflow/.local/lib/python3.8/site-packages/airflow/example_dags/example_complex.py took 0.064 seconds
