[2024-03-18T15:31:55.323+0000] {processor.py:161} INFO - Started process (PID=54) to work on /home/airflow/.local/lib/python3.8/site-packages/airflow/example_dags/example_branch_operator.py
[2024-03-18T15:31:55.324+0000] {processor.py:830} INFO - Processing file /home/airflow/.local/lib/python3.8/site-packages/airflow/example_dags/example_branch_operator.py for tasks to queue
[2024-03-18T15:31:55.326+0000] {logging_mixin.py:188} INFO - [2024-03-18T15:31:55.325+0000] {dagbag.py:540} INFO - Filling up the DagBag from /home/airflow/.local/lib/python3.8/site-packages/airflow/example_dags/example_branch_operator.py
[2024-03-18T15:31:55.343+0000] {processor.py:840} INFO - DAG(s) 'example_branch_operator' retrieved from /home/airflow/.local/lib/python3.8/site-packages/airflow/example_dags/example_branch_operator.py
[2024-03-18T15:31:55.354+0000] {logging_mixin.py:188} INFO - [2024-03-18T15:31:55.353+0000] {dag.py:3047} INFO - Sync 1 DAGs
[2024-03-18T15:31:55.376+0000] {logging_mixin.py:188} INFO - [2024-03-18T15:31:55.376+0000] {dag.py:3834} INFO - Setting next_dagrun for example_branch_operator to 2024-03-17 00:00:00+00:00, run_after=2024-03-18 00:00:00+00:00
[2024-03-18T15:31:55.395+0000] {processor.py:183} INFO - Processing /home/airflow/.local/lib/python3.8/site-packages/airflow/example_dags/example_branch_operator.py took 0.075 seconds
[2024-03-18T15:32:26.011+0000] {processor.py:161} INFO - Started process (PID=109) to work on /home/airflow/.local/lib/python3.8/site-packages/airflow/example_dags/example_branch_operator.py
[2024-03-18T15:32:26.012+0000] {processor.py:830} INFO - Processing file /home/airflow/.local/lib/python3.8/site-packages/airflow/example_dags/example_branch_operator.py for tasks to queue
[2024-03-18T15:32:26.013+0000] {logging_mixin.py:188} INFO - [2024-03-18T15:32:26.013+0000] {dagbag.py:540} INFO - Filling up the DagBag from /home/airflow/.local/lib/python3.8/site-packages/airflow/example_dags/example_branch_operator.py
[2024-03-18T15:32:26.028+0000] {processor.py:840} INFO - DAG(s) 'example_branch_operator' retrieved from /home/airflow/.local/lib/python3.8/site-packages/airflow/example_dags/example_branch_operator.py
[2024-03-18T15:32:26.115+0000] {logging_mixin.py:188} INFO - [2024-03-18T15:32:26.115+0000] {dag.py:3047} INFO - Sync 1 DAGs
[2024-03-18T15:32:26.133+0000] {logging_mixin.py:188} INFO - [2024-03-18T15:32:26.132+0000] {dag.py:3834} INFO - Setting next_dagrun for example_branch_operator to 2024-03-17 00:00:00+00:00, run_after=2024-03-18 00:00:00+00:00
[2024-03-18T15:32:26.149+0000] {processor.py:183} INFO - Processing /home/airflow/.local/lib/python3.8/site-packages/airflow/example_dags/example_branch_operator.py took 0.141 seconds
[2024-03-18T15:32:56.223+0000] {processor.py:161} INFO - Started process (PID=164) to work on /home/airflow/.local/lib/python3.8/site-packages/airflow/example_dags/example_branch_operator.py
[2024-03-18T15:32:56.223+0000] {processor.py:830} INFO - Processing file /home/airflow/.local/lib/python3.8/site-packages/airflow/example_dags/example_branch_operator.py for tasks to queue
[2024-03-18T15:32:56.225+0000] {logging_mixin.py:188} INFO - [2024-03-18T15:32:56.225+0000] {dagbag.py:540} INFO - Filling up the DagBag from /home/airflow/.local/lib/python3.8/site-packages/airflow/example_dags/example_branch_operator.py
[2024-03-18T15:32:56.239+0000] {processor.py:840} INFO - DAG(s) 'example_branch_operator' retrieved from /home/airflow/.local/lib/python3.8/site-packages/airflow/example_dags/example_branch_operator.py
[2024-03-18T15:32:56.262+0000] {logging_mixin.py:188} INFO - [2024-03-18T15:32:56.261+0000] {dag.py:3047} INFO - Sync 1 DAGs
[2024-03-18T15:32:56.280+0000] {logging_mixin.py:188} INFO - [2024-03-18T15:32:56.280+0000] {dag.py:3834} INFO - Setting next_dagrun for example_branch_operator to 2024-03-17 00:00:00+00:00, run_after=2024-03-18 00:00:00+00:00
[2024-03-18T15:32:56.294+0000] {processor.py:183} INFO - Processing /home/airflow/.local/lib/python3.8/site-packages/airflow/example_dags/example_branch_operator.py took 0.074 seconds
[2024-03-18T15:33:26.349+0000] {processor.py:161} INFO - Started process (PID=219) to work on /home/airflow/.local/lib/python3.8/site-packages/airflow/example_dags/example_branch_operator.py
[2024-03-18T15:33:26.350+0000] {processor.py:830} INFO - Processing file /home/airflow/.local/lib/python3.8/site-packages/airflow/example_dags/example_branch_operator.py for tasks to queue
[2024-03-18T15:33:26.351+0000] {logging_mixin.py:188} INFO - [2024-03-18T15:33:26.351+0000] {dagbag.py:540} INFO - Filling up the DagBag from /home/airflow/.local/lib/python3.8/site-packages/airflow/example_dags/example_branch_operator.py
[2024-03-18T15:33:26.365+0000] {processor.py:840} INFO - DAG(s) 'example_branch_operator' retrieved from /home/airflow/.local/lib/python3.8/site-packages/airflow/example_dags/example_branch_operator.py
[2024-03-18T15:33:26.387+0000] {logging_mixin.py:188} INFO - [2024-03-18T15:33:26.386+0000] {dag.py:3047} INFO - Sync 1 DAGs
[2024-03-18T15:33:26.406+0000] {logging_mixin.py:188} INFO - [2024-03-18T15:33:26.406+0000] {dag.py:3834} INFO - Setting next_dagrun for example_branch_operator to 2024-03-17 00:00:00+00:00, run_after=2024-03-18 00:00:00+00:00
[2024-03-18T15:33:26.421+0000] {processor.py:183} INFO - Processing /home/airflow/.local/lib/python3.8/site-packages/airflow/example_dags/example_branch_operator.py took 0.075 seconds
[2024-03-18T15:33:56.727+0000] {processor.py:161} INFO - Started process (PID=274) to work on /home/airflow/.local/lib/python3.8/site-packages/airflow/example_dags/example_branch_operator.py
[2024-03-18T15:33:56.728+0000] {processor.py:830} INFO - Processing file /home/airflow/.local/lib/python3.8/site-packages/airflow/example_dags/example_branch_operator.py for tasks to queue
[2024-03-18T15:33:56.729+0000] {logging_mixin.py:188} INFO - [2024-03-18T15:33:56.729+0000] {dagbag.py:540} INFO - Filling up the DagBag from /home/airflow/.local/lib/python3.8/site-packages/airflow/example_dags/example_branch_operator.py
[2024-03-18T15:33:56.743+0000] {processor.py:840} INFO - DAG(s) 'example_branch_operator' retrieved from /home/airflow/.local/lib/python3.8/site-packages/airflow/example_dags/example_branch_operator.py
[2024-03-18T15:33:56.765+0000] {logging_mixin.py:188} INFO - [2024-03-18T15:33:56.764+0000] {dag.py:3047} INFO - Sync 1 DAGs
[2024-03-18T15:33:56.784+0000] {logging_mixin.py:188} INFO - [2024-03-18T15:33:56.784+0000] {dag.py:3834} INFO - Setting next_dagrun for example_branch_operator to 2024-03-17 00:00:00+00:00, run_after=2024-03-18 00:00:00+00:00
[2024-03-18T15:33:56.799+0000] {processor.py:183} INFO - Processing /home/airflow/.local/lib/python3.8/site-packages/airflow/example_dags/example_branch_operator.py took 0.074 seconds
[2024-03-18T15:34:26.868+0000] {processor.py:161} INFO - Started process (PID=329) to work on /home/airflow/.local/lib/python3.8/site-packages/airflow/example_dags/example_branch_operator.py
[2024-03-18T15:34:26.869+0000] {processor.py:830} INFO - Processing file /home/airflow/.local/lib/python3.8/site-packages/airflow/example_dags/example_branch_operator.py for tasks to queue
[2024-03-18T15:34:26.870+0000] {logging_mixin.py:188} INFO - [2024-03-18T15:34:26.870+0000] {dagbag.py:540} INFO - Filling up the DagBag from /home/airflow/.local/lib/python3.8/site-packages/airflow/example_dags/example_branch_operator.py
[2024-03-18T15:34:26.883+0000] {processor.py:840} INFO - DAG(s) 'example_branch_operator' retrieved from /home/airflow/.local/lib/python3.8/site-packages/airflow/example_dags/example_branch_operator.py
[2024-03-18T15:34:26.905+0000] {logging_mixin.py:188} INFO - [2024-03-18T15:34:26.904+0000] {dag.py:3047} INFO - Sync 1 DAGs
[2024-03-18T15:34:26.922+0000] {logging_mixin.py:188} INFO - [2024-03-18T15:34:26.922+0000] {dag.py:3834} INFO - Setting next_dagrun for example_branch_operator to 2024-03-17 00:00:00+00:00, run_after=2024-03-18 00:00:00+00:00
[2024-03-18T15:34:26.937+0000] {processor.py:183} INFO - Processing /home/airflow/.local/lib/python3.8/site-packages/airflow/example_dags/example_branch_operator.py took 0.071 seconds
[2024-03-18T15:34:57.107+0000] {processor.py:161} INFO - Started process (PID=383) to work on /home/airflow/.local/lib/python3.8/site-packages/airflow/example_dags/example_branch_operator.py
[2024-03-18T15:34:57.108+0000] {processor.py:830} INFO - Processing file /home/airflow/.local/lib/python3.8/site-packages/airflow/example_dags/example_branch_operator.py for tasks to queue
[2024-03-18T15:34:57.110+0000] {logging_mixin.py:188} INFO - [2024-03-18T15:34:57.109+0000] {dagbag.py:540} INFO - Filling up the DagBag from /home/airflow/.local/lib/python3.8/site-packages/airflow/example_dags/example_branch_operator.py
[2024-03-18T15:34:57.124+0000] {processor.py:840} INFO - DAG(s) 'example_branch_operator' retrieved from /home/airflow/.local/lib/python3.8/site-packages/airflow/example_dags/example_branch_operator.py
[2024-03-18T15:34:57.146+0000] {logging_mixin.py:188} INFO - [2024-03-18T15:34:57.146+0000] {dag.py:3047} INFO - Sync 1 DAGs
[2024-03-18T15:34:57.165+0000] {logging_mixin.py:188} INFO - [2024-03-18T15:34:57.165+0000] {dag.py:3834} INFO - Setting next_dagrun for example_branch_operator to 2024-03-17 00:00:00+00:00, run_after=2024-03-18 00:00:00+00:00
[2024-03-18T15:34:57.180+0000] {processor.py:183} INFO - Processing /home/airflow/.local/lib/python3.8/site-packages/airflow/example_dags/example_branch_operator.py took 0.075 seconds
[2024-03-18T15:35:27.342+0000] {processor.py:161} INFO - Started process (PID=438) to work on /home/airflow/.local/lib/python3.8/site-packages/airflow/example_dags/example_branch_operator.py
[2024-03-18T15:35:27.343+0000] {processor.py:830} INFO - Processing file /home/airflow/.local/lib/python3.8/site-packages/airflow/example_dags/example_branch_operator.py for tasks to queue
[2024-03-18T15:35:27.344+0000] {logging_mixin.py:188} INFO - [2024-03-18T15:35:27.344+0000] {dagbag.py:540} INFO - Filling up the DagBag from /home/airflow/.local/lib/python3.8/site-packages/airflow/example_dags/example_branch_operator.py
[2024-03-18T15:35:27.358+0000] {processor.py:840} INFO - DAG(s) 'example_branch_operator' retrieved from /home/airflow/.local/lib/python3.8/site-packages/airflow/example_dags/example_branch_operator.py
[2024-03-18T15:35:27.380+0000] {logging_mixin.py:188} INFO - [2024-03-18T15:35:27.379+0000] {dag.py:3047} INFO - Sync 1 DAGs
[2024-03-18T15:35:27.398+0000] {logging_mixin.py:188} INFO - [2024-03-18T15:35:27.398+0000] {dag.py:3834} INFO - Setting next_dagrun for example_branch_operator to 2024-03-17 00:00:00+00:00, run_after=2024-03-18 00:00:00+00:00
[2024-03-18T15:35:27.413+0000] {processor.py:183} INFO - Processing /home/airflow/.local/lib/python3.8/site-packages/airflow/example_dags/example_branch_operator.py took 0.074 seconds
[2024-03-18T15:35:57.600+0000] {processor.py:161} INFO - Started process (PID=493) to work on /home/airflow/.local/lib/python3.8/site-packages/airflow/example_dags/example_branch_operator.py
[2024-03-18T15:35:57.601+0000] {processor.py:830} INFO - Processing file /home/airflow/.local/lib/python3.8/site-packages/airflow/example_dags/example_branch_operator.py for tasks to queue
[2024-03-18T15:35:57.603+0000] {logging_mixin.py:188} INFO - [2024-03-18T15:35:57.602+0000] {dagbag.py:540} INFO - Filling up the DagBag from /home/airflow/.local/lib/python3.8/site-packages/airflow/example_dags/example_branch_operator.py
[2024-03-18T15:35:57.618+0000] {processor.py:840} INFO - DAG(s) 'example_branch_operator' retrieved from /home/airflow/.local/lib/python3.8/site-packages/airflow/example_dags/example_branch_operator.py
[2024-03-18T15:35:57.643+0000] {logging_mixin.py:188} INFO - [2024-03-18T15:35:57.643+0000] {dag.py:3047} INFO - Sync 1 DAGs
[2024-03-18T15:35:57.663+0000] {logging_mixin.py:188} INFO - [2024-03-18T15:35:57.663+0000] {dag.py:3834} INFO - Setting next_dagrun for example_branch_operator to 2024-03-17 00:00:00+00:00, run_after=2024-03-18 00:00:00+00:00
[2024-03-18T15:35:57.679+0000] {processor.py:183} INFO - Processing /home/airflow/.local/lib/python3.8/site-packages/airflow/example_dags/example_branch_operator.py took 0.081 seconds
[2024-03-18T15:36:27.944+0000] {processor.py:161} INFO - Started process (PID=548) to work on /home/airflow/.local/lib/python3.8/site-packages/airflow/example_dags/example_branch_operator.py
[2024-03-18T15:36:27.945+0000] {processor.py:830} INFO - Processing file /home/airflow/.local/lib/python3.8/site-packages/airflow/example_dags/example_branch_operator.py for tasks to queue
[2024-03-18T15:36:27.946+0000] {logging_mixin.py:188} INFO - [2024-03-18T15:36:27.946+0000] {dagbag.py:540} INFO - Filling up the DagBag from /home/airflow/.local/lib/python3.8/site-packages/airflow/example_dags/example_branch_operator.py
[2024-03-18T15:36:27.961+0000] {processor.py:840} INFO - DAG(s) 'example_branch_operator' retrieved from /home/airflow/.local/lib/python3.8/site-packages/airflow/example_dags/example_branch_operator.py
[2024-03-18T15:36:27.983+0000] {logging_mixin.py:188} INFO - [2024-03-18T15:36:27.982+0000] {dag.py:3047} INFO - Sync 1 DAGs
[2024-03-18T15:36:28.003+0000] {logging_mixin.py:188} INFO - [2024-03-18T15:36:28.003+0000] {dag.py:3834} INFO - Setting next_dagrun for example_branch_operator to 2024-03-17 00:00:00+00:00, run_after=2024-03-18 00:00:00+00:00
[2024-03-18T15:36:28.019+0000] {processor.py:183} INFO - Processing /home/airflow/.local/lib/python3.8/site-packages/airflow/example_dags/example_branch_operator.py took 0.078 seconds
[2024-03-18T15:36:58.322+0000] {processor.py:161} INFO - Started process (PID=603) to work on /home/airflow/.local/lib/python3.8/site-packages/airflow/example_dags/example_branch_operator.py
[2024-03-18T15:36:58.323+0000] {processor.py:830} INFO - Processing file /home/airflow/.local/lib/python3.8/site-packages/airflow/example_dags/example_branch_operator.py for tasks to queue
[2024-03-18T15:36:58.324+0000] {logging_mixin.py:188} INFO - [2024-03-18T15:36:58.324+0000] {dagbag.py:540} INFO - Filling up the DagBag from /home/airflow/.local/lib/python3.8/site-packages/airflow/example_dags/example_branch_operator.py
[2024-03-18T15:36:58.340+0000] {processor.py:840} INFO - DAG(s) 'example_branch_operator' retrieved from /home/airflow/.local/lib/python3.8/site-packages/airflow/example_dags/example_branch_operator.py
[2024-03-18T15:36:58.366+0000] {logging_mixin.py:188} INFO - [2024-03-18T15:36:58.366+0000] {dag.py:3047} INFO - Sync 1 DAGs
[2024-03-18T15:36:58.385+0000] {logging_mixin.py:188} INFO - [2024-03-18T15:36:58.385+0000] {dag.py:3834} INFO - Setting next_dagrun for example_branch_operator to 2024-03-17 00:00:00+00:00, run_after=2024-03-18 00:00:00+00:00
[2024-03-18T15:36:58.400+0000] {processor.py:183} INFO - Processing /home/airflow/.local/lib/python3.8/site-packages/airflow/example_dags/example_branch_operator.py took 0.082 seconds
[2024-03-18T15:37:28.651+0000] {processor.py:161} INFO - Started process (PID=658) to work on /home/airflow/.local/lib/python3.8/site-packages/airflow/example_dags/example_branch_operator.py
[2024-03-18T15:37:28.652+0000] {processor.py:830} INFO - Processing file /home/airflow/.local/lib/python3.8/site-packages/airflow/example_dags/example_branch_operator.py for tasks to queue
[2024-03-18T15:37:28.654+0000] {logging_mixin.py:188} INFO - [2024-03-18T15:37:28.653+0000] {dagbag.py:540} INFO - Filling up the DagBag from /home/airflow/.local/lib/python3.8/site-packages/airflow/example_dags/example_branch_operator.py
[2024-03-18T15:37:28.669+0000] {processor.py:840} INFO - DAG(s) 'example_branch_operator' retrieved from /home/airflow/.local/lib/python3.8/site-packages/airflow/example_dags/example_branch_operator.py
[2024-03-18T15:37:28.692+0000] {logging_mixin.py:188} INFO - [2024-03-18T15:37:28.692+0000] {dag.py:3047} INFO - Sync 1 DAGs
[2024-03-18T15:37:28.711+0000] {logging_mixin.py:188} INFO - [2024-03-18T15:37:28.711+0000] {dag.py:3834} INFO - Setting next_dagrun for example_branch_operator to 2024-03-17 00:00:00+00:00, run_after=2024-03-18 00:00:00+00:00
[2024-03-18T15:37:28.726+0000] {processor.py:183} INFO - Processing /home/airflow/.local/lib/python3.8/site-packages/airflow/example_dags/example_branch_operator.py took 0.078 seconds
[2024-03-18T15:37:59.004+0000] {processor.py:161} INFO - Started process (PID=713) to work on /home/airflow/.local/lib/python3.8/site-packages/airflow/example_dags/example_branch_operator.py
[2024-03-18T15:37:59.005+0000] {processor.py:830} INFO - Processing file /home/airflow/.local/lib/python3.8/site-packages/airflow/example_dags/example_branch_operator.py for tasks to queue
[2024-03-18T15:37:59.006+0000] {logging_mixin.py:188} INFO - [2024-03-18T15:37:59.006+0000] {dagbag.py:540} INFO - Filling up the DagBag from /home/airflow/.local/lib/python3.8/site-packages/airflow/example_dags/example_branch_operator.py
[2024-03-18T15:37:59.020+0000] {processor.py:840} INFO - DAG(s) 'example_branch_operator' retrieved from /home/airflow/.local/lib/python3.8/site-packages/airflow/example_dags/example_branch_operator.py
[2024-03-18T15:37:59.042+0000] {logging_mixin.py:188} INFO - [2024-03-18T15:37:59.042+0000] {dag.py:3047} INFO - Sync 1 DAGs
[2024-03-18T15:37:59.063+0000] {logging_mixin.py:188} INFO - [2024-03-18T15:37:59.063+0000] {dag.py:3834} INFO - Setting next_dagrun for example_branch_operator to 2024-03-17 00:00:00+00:00, run_after=2024-03-18 00:00:00+00:00
[2024-03-18T15:37:59.077+0000] {processor.py:183} INFO - Processing /home/airflow/.local/lib/python3.8/site-packages/airflow/example_dags/example_branch_operator.py took 0.076 seconds
[2024-03-18T15:38:29.161+0000] {processor.py:161} INFO - Started process (PID=768) to work on /home/airflow/.local/lib/python3.8/site-packages/airflow/example_dags/example_branch_operator.py
[2024-03-18T15:38:29.161+0000] {processor.py:830} INFO - Processing file /home/airflow/.local/lib/python3.8/site-packages/airflow/example_dags/example_branch_operator.py for tasks to queue
[2024-03-18T15:38:29.163+0000] {logging_mixin.py:188} INFO - [2024-03-18T15:38:29.163+0000] {dagbag.py:540} INFO - Filling up the DagBag from /home/airflow/.local/lib/python3.8/site-packages/airflow/example_dags/example_branch_operator.py
[2024-03-18T15:38:29.176+0000] {processor.py:840} INFO - DAG(s) 'example_branch_operator' retrieved from /home/airflow/.local/lib/python3.8/site-packages/airflow/example_dags/example_branch_operator.py
[2024-03-18T15:38:29.198+0000] {logging_mixin.py:188} INFO - [2024-03-18T15:38:29.198+0000] {dag.py:3047} INFO - Sync 1 DAGs
[2024-03-18T15:38:29.217+0000] {logging_mixin.py:188} INFO - [2024-03-18T15:38:29.217+0000] {dag.py:3834} INFO - Setting next_dagrun for example_branch_operator to 2024-03-17 00:00:00+00:00, run_after=2024-03-18 00:00:00+00:00
[2024-03-18T15:38:29.232+0000] {processor.py:183} INFO - Processing /home/airflow/.local/lib/python3.8/site-packages/airflow/example_dags/example_branch_operator.py took 0.074 seconds
[2024-03-18T15:38:59.330+0000] {processor.py:161} INFO - Started process (PID=823) to work on /home/airflow/.local/lib/python3.8/site-packages/airflow/example_dags/example_branch_operator.py
[2024-03-18T15:38:59.330+0000] {processor.py:830} INFO - Processing file /home/airflow/.local/lib/python3.8/site-packages/airflow/example_dags/example_branch_operator.py for tasks to queue
[2024-03-18T15:38:59.332+0000] {logging_mixin.py:188} INFO - [2024-03-18T15:38:59.332+0000] {dagbag.py:540} INFO - Filling up the DagBag from /home/airflow/.local/lib/python3.8/site-packages/airflow/example_dags/example_branch_operator.py
[2024-03-18T15:38:59.346+0000] {processor.py:840} INFO - DAG(s) 'example_branch_operator' retrieved from /home/airflow/.local/lib/python3.8/site-packages/airflow/example_dags/example_branch_operator.py
[2024-03-18T15:38:59.368+0000] {logging_mixin.py:188} INFO - [2024-03-18T15:38:59.367+0000] {dag.py:3047} INFO - Sync 1 DAGs
[2024-03-18T15:38:59.387+0000] {logging_mixin.py:188} INFO - [2024-03-18T15:38:59.387+0000] {dag.py:3834} INFO - Setting next_dagrun for example_branch_operator to 2024-03-17 00:00:00+00:00, run_after=2024-03-18 00:00:00+00:00
[2024-03-18T15:38:59.401+0000] {processor.py:183} INFO - Processing /home/airflow/.local/lib/python3.8/site-packages/airflow/example_dags/example_branch_operator.py took 0.074 seconds
[2024-03-18T15:39:29.518+0000] {processor.py:161} INFO - Started process (PID=878) to work on /home/airflow/.local/lib/python3.8/site-packages/airflow/example_dags/example_branch_operator.py
[2024-03-18T15:39:29.519+0000] {processor.py:830} INFO - Processing file /home/airflow/.local/lib/python3.8/site-packages/airflow/example_dags/example_branch_operator.py for tasks to queue
[2024-03-18T15:39:29.521+0000] {logging_mixin.py:188} INFO - [2024-03-18T15:39:29.521+0000] {dagbag.py:540} INFO - Filling up the DagBag from /home/airflow/.local/lib/python3.8/site-packages/airflow/example_dags/example_branch_operator.py
[2024-03-18T15:39:29.537+0000] {processor.py:840} INFO - DAG(s) 'example_branch_operator' retrieved from /home/airflow/.local/lib/python3.8/site-packages/airflow/example_dags/example_branch_operator.py
[2024-03-18T15:39:29.561+0000] {logging_mixin.py:188} INFO - [2024-03-18T15:39:29.561+0000] {dag.py:3047} INFO - Sync 1 DAGs
[2024-03-18T15:39:29.583+0000] {logging_mixin.py:188} INFO - [2024-03-18T15:39:29.583+0000] {dag.py:3834} INFO - Setting next_dagrun for example_branch_operator to 2024-03-17 00:00:00+00:00, run_after=2024-03-18 00:00:00+00:00
[2024-03-18T15:39:29.600+0000] {processor.py:183} INFO - Processing /home/airflow/.local/lib/python3.8/site-packages/airflow/example_dags/example_branch_operator.py took 0.085 seconds
[2024-03-18T15:39:59.644+0000] {processor.py:161} INFO - Started process (PID=933) to work on /home/airflow/.local/lib/python3.8/site-packages/airflow/example_dags/example_branch_operator.py
[2024-03-18T15:39:59.645+0000] {processor.py:830} INFO - Processing file /home/airflow/.local/lib/python3.8/site-packages/airflow/example_dags/example_branch_operator.py for tasks to queue
[2024-03-18T15:39:59.647+0000] {logging_mixin.py:188} INFO - [2024-03-18T15:39:59.646+0000] {dagbag.py:540} INFO - Filling up the DagBag from /home/airflow/.local/lib/python3.8/site-packages/airflow/example_dags/example_branch_operator.py
[2024-03-18T15:39:59.661+0000] {processor.py:840} INFO - DAG(s) 'example_branch_operator' retrieved from /home/airflow/.local/lib/python3.8/site-packages/airflow/example_dags/example_branch_operator.py
[2024-03-18T15:39:59.683+0000] {logging_mixin.py:188} INFO - [2024-03-18T15:39:59.683+0000] {dag.py:3047} INFO - Sync 1 DAGs
[2024-03-18T15:39:59.702+0000] {logging_mixin.py:188} INFO - [2024-03-18T15:39:59.701+0000] {dag.py:3834} INFO - Setting next_dagrun for example_branch_operator to 2024-03-17 00:00:00+00:00, run_after=2024-03-18 00:00:00+00:00
[2024-03-18T15:39:59.716+0000] {processor.py:183} INFO - Processing /home/airflow/.local/lib/python3.8/site-packages/airflow/example_dags/example_branch_operator.py took 0.074 seconds
[2024-03-18T15:40:29.766+0000] {processor.py:161} INFO - Started process (PID=988) to work on /home/airflow/.local/lib/python3.8/site-packages/airflow/example_dags/example_branch_operator.py
[2024-03-18T15:40:29.766+0000] {processor.py:830} INFO - Processing file /home/airflow/.local/lib/python3.8/site-packages/airflow/example_dags/example_branch_operator.py for tasks to queue
[2024-03-18T15:40:29.768+0000] {logging_mixin.py:188} INFO - [2024-03-18T15:40:29.768+0000] {dagbag.py:540} INFO - Filling up the DagBag from /home/airflow/.local/lib/python3.8/site-packages/airflow/example_dags/example_branch_operator.py
[2024-03-18T15:40:29.783+0000] {processor.py:840} INFO - DAG(s) 'example_branch_operator' retrieved from /home/airflow/.local/lib/python3.8/site-packages/airflow/example_dags/example_branch_operator.py
[2024-03-18T15:40:29.805+0000] {logging_mixin.py:188} INFO - [2024-03-18T15:40:29.804+0000] {dag.py:3047} INFO - Sync 1 DAGs
[2024-03-18T15:40:29.824+0000] {logging_mixin.py:188} INFO - [2024-03-18T15:40:29.823+0000] {dag.py:3834} INFO - Setting next_dagrun for example_branch_operator to 2024-03-17 00:00:00+00:00, run_after=2024-03-18 00:00:00+00:00
[2024-03-18T15:40:29.838+0000] {processor.py:183} INFO - Processing /home/airflow/.local/lib/python3.8/site-packages/airflow/example_dags/example_branch_operator.py took 0.075 seconds
[2024-03-18T15:40:59.923+0000] {processor.py:161} INFO - Started process (PID=1043) to work on /home/airflow/.local/lib/python3.8/site-packages/airflow/example_dags/example_branch_operator.py
[2024-03-18T15:40:59.924+0000] {processor.py:830} INFO - Processing file /home/airflow/.local/lib/python3.8/site-packages/airflow/example_dags/example_branch_operator.py for tasks to queue
[2024-03-18T15:40:59.926+0000] {logging_mixin.py:188} INFO - [2024-03-18T15:40:59.925+0000] {dagbag.py:540} INFO - Filling up the DagBag from /home/airflow/.local/lib/python3.8/site-packages/airflow/example_dags/example_branch_operator.py
[2024-03-18T15:40:59.940+0000] {processor.py:840} INFO - DAG(s) 'example_branch_operator' retrieved from /home/airflow/.local/lib/python3.8/site-packages/airflow/example_dags/example_branch_operator.py
[2024-03-18T15:40:59.962+0000] {logging_mixin.py:188} INFO - [2024-03-18T15:40:59.961+0000] {dag.py:3047} INFO - Sync 1 DAGs
[2024-03-18T15:40:59.980+0000] {logging_mixin.py:188} INFO - [2024-03-18T15:40:59.980+0000] {dag.py:3834} INFO - Setting next_dagrun for example_branch_operator to 2024-03-17 00:00:00+00:00, run_after=2024-03-18 00:00:00+00:00
[2024-03-18T15:40:59.994+0000] {processor.py:183} INFO - Processing /home/airflow/.local/lib/python3.8/site-packages/airflow/example_dags/example_branch_operator.py took 0.073 seconds
[2024-03-18T15:41:30.057+0000] {processor.py:161} INFO - Started process (PID=1098) to work on /home/airflow/.local/lib/python3.8/site-packages/airflow/example_dags/example_branch_operator.py
[2024-03-18T15:41:30.058+0000] {processor.py:830} INFO - Processing file /home/airflow/.local/lib/python3.8/site-packages/airflow/example_dags/example_branch_operator.py for tasks to queue
[2024-03-18T15:41:30.060+0000] {logging_mixin.py:188} INFO - [2024-03-18T15:41:30.059+0000] {dagbag.py:540} INFO - Filling up the DagBag from /home/airflow/.local/lib/python3.8/site-packages/airflow/example_dags/example_branch_operator.py
[2024-03-18T15:41:30.076+0000] {processor.py:840} INFO - DAG(s) 'example_branch_operator' retrieved from /home/airflow/.local/lib/python3.8/site-packages/airflow/example_dags/example_branch_operator.py
[2024-03-18T15:41:30.098+0000] {logging_mixin.py:188} INFO - [2024-03-18T15:41:30.098+0000] {dag.py:3047} INFO - Sync 1 DAGs
[2024-03-18T15:41:30.117+0000] {logging_mixin.py:188} INFO - [2024-03-18T15:41:30.117+0000] {dag.py:3834} INFO - Setting next_dagrun for example_branch_operator to 2024-03-17 00:00:00+00:00, run_after=2024-03-18 00:00:00+00:00
[2024-03-18T15:41:30.130+0000] {processor.py:183} INFO - Processing /home/airflow/.local/lib/python3.8/site-packages/airflow/example_dags/example_branch_operator.py took 0.077 seconds
[2024-03-18T15:42:00.332+0000] {processor.py:161} INFO - Started process (PID=1153) to work on /home/airflow/.local/lib/python3.8/site-packages/airflow/example_dags/example_branch_operator.py
[2024-03-18T15:42:00.332+0000] {processor.py:830} INFO - Processing file /home/airflow/.local/lib/python3.8/site-packages/airflow/example_dags/example_branch_operator.py for tasks to queue
[2024-03-18T15:42:00.334+0000] {logging_mixin.py:188} INFO - [2024-03-18T15:42:00.333+0000] {dagbag.py:540} INFO - Filling up the DagBag from /home/airflow/.local/lib/python3.8/site-packages/airflow/example_dags/example_branch_operator.py
[2024-03-18T15:42:00.348+0000] {processor.py:840} INFO - DAG(s) 'example_branch_operator' retrieved from /home/airflow/.local/lib/python3.8/site-packages/airflow/example_dags/example_branch_operator.py
[2024-03-18T15:42:00.370+0000] {logging_mixin.py:188} INFO - [2024-03-18T15:42:00.370+0000] {dag.py:3047} INFO - Sync 1 DAGs
[2024-03-18T15:42:00.390+0000] {logging_mixin.py:188} INFO - [2024-03-18T15:42:00.389+0000] {dag.py:3834} INFO - Setting next_dagrun for example_branch_operator to 2024-03-17 00:00:00+00:00, run_after=2024-03-18 00:00:00+00:00
[2024-03-18T15:42:00.404+0000] {processor.py:183} INFO - Processing /home/airflow/.local/lib/python3.8/site-packages/airflow/example_dags/example_branch_operator.py took 0.075 seconds
[2024-03-18T15:42:30.528+0000] {processor.py:161} INFO - Started process (PID=1208) to work on /home/airflow/.local/lib/python3.8/site-packages/airflow/example_dags/example_branch_operator.py
[2024-03-18T15:42:30.529+0000] {processor.py:830} INFO - Processing file /home/airflow/.local/lib/python3.8/site-packages/airflow/example_dags/example_branch_operator.py for tasks to queue
[2024-03-18T15:42:30.530+0000] {logging_mixin.py:188} INFO - [2024-03-18T15:42:30.530+0000] {dagbag.py:540} INFO - Filling up the DagBag from /home/airflow/.local/lib/python3.8/site-packages/airflow/example_dags/example_branch_operator.py
[2024-03-18T15:42:30.544+0000] {processor.py:840} INFO - DAG(s) 'example_branch_operator' retrieved from /home/airflow/.local/lib/python3.8/site-packages/airflow/example_dags/example_branch_operator.py
[2024-03-18T15:42:30.567+0000] {logging_mixin.py:188} INFO - [2024-03-18T15:42:30.567+0000] {dag.py:3047} INFO - Sync 1 DAGs
[2024-03-18T15:42:30.586+0000] {logging_mixin.py:188} INFO - [2024-03-18T15:42:30.586+0000] {dag.py:3834} INFO - Setting next_dagrun for example_branch_operator to 2024-03-17 00:00:00+00:00, run_after=2024-03-18 00:00:00+00:00
[2024-03-18T15:42:30.600+0000] {processor.py:183} INFO - Processing /home/airflow/.local/lib/python3.8/site-packages/airflow/example_dags/example_branch_operator.py took 0.075 seconds
[2024-03-18T15:43:00.716+0000] {processor.py:161} INFO - Started process (PID=1263) to work on /home/airflow/.local/lib/python3.8/site-packages/airflow/example_dags/example_branch_operator.py
[2024-03-18T15:43:00.717+0000] {processor.py:830} INFO - Processing file /home/airflow/.local/lib/python3.8/site-packages/airflow/example_dags/example_branch_operator.py for tasks to queue
[2024-03-18T15:43:00.719+0000] {logging_mixin.py:188} INFO - [2024-03-18T15:43:00.718+0000] {dagbag.py:540} INFO - Filling up the DagBag from /home/airflow/.local/lib/python3.8/site-packages/airflow/example_dags/example_branch_operator.py
[2024-03-18T15:43:00.732+0000] {processor.py:840} INFO - DAG(s) 'example_branch_operator' retrieved from /home/airflow/.local/lib/python3.8/site-packages/airflow/example_dags/example_branch_operator.py
[2024-03-18T15:43:00.754+0000] {logging_mixin.py:188} INFO - [2024-03-18T15:43:00.754+0000] {dag.py:3047} INFO - Sync 1 DAGs
[2024-03-18T15:43:00.773+0000] {logging_mixin.py:188} INFO - [2024-03-18T15:43:00.773+0000] {dag.py:3834} INFO - Setting next_dagrun for example_branch_operator to 2024-03-17 00:00:00+00:00, run_after=2024-03-18 00:00:00+00:00
[2024-03-18T15:43:00.787+0000] {processor.py:183} INFO - Processing /home/airflow/.local/lib/python3.8/site-packages/airflow/example_dags/example_branch_operator.py took 0.073 seconds
