[2024-03-18T15:31:56.096+0000] {processor.py:161} INFO - Started process (PID=69) to work on /home/airflow/.local/lib/python3.8/site-packages/airflow/example_dags/example_short_circuit_decorator.py
[2024-03-18T15:31:56.097+0000] {processor.py:830} INFO - Processing file /home/airflow/.local/lib/python3.8/site-packages/airflow/example_dags/example_short_circuit_decorator.py for tasks to queue
[2024-03-18T15:31:56.098+0000] {logging_mixin.py:188} INFO - [2024-03-18T15:31:56.098+0000] {dagbag.py:540} INFO - Filling up the DagBag from /home/airflow/.local/lib/python3.8/site-packages/airflow/example_dags/example_short_circuit_decorator.py
[2024-03-18T15:31:56.108+0000] {processor.py:840} INFO - DAG(s) 'example_short_circuit_decorator' retrieved from /home/airflow/.local/lib/python3.8/site-packages/airflow/example_dags/example_short_circuit_decorator.py
[2024-03-18T15:31:56.117+0000] {logging_mixin.py:188} INFO - [2024-03-18T15:31:56.116+0000] {dag.py:3047} INFO - Sync 1 DAGs
[2024-03-18T15:31:56.136+0000] {logging_mixin.py:188} INFO - [2024-03-18T15:31:56.136+0000] {dag.py:3834} INFO - Setting next_dagrun for example_short_circuit_decorator to 2024-03-17 00:00:00+00:00, run_after=2024-03-18 00:00:00+00:00
[2024-03-18T15:31:56.152+0000] {processor.py:183} INFO - Processing /home/airflow/.local/lib/python3.8/site-packages/airflow/example_dags/example_short_circuit_decorator.py took 0.059 seconds
[2024-03-18T15:32:27.118+0000] {processor.py:161} INFO - Started process (PID=124) to work on /home/airflow/.local/lib/python3.8/site-packages/airflow/example_dags/example_short_circuit_decorator.py
[2024-03-18T15:32:27.120+0000] {processor.py:830} INFO - Processing file /home/airflow/.local/lib/python3.8/site-packages/airflow/example_dags/example_short_circuit_decorator.py for tasks to queue
[2024-03-18T15:32:27.122+0000] {logging_mixin.py:188} INFO - [2024-03-18T15:32:27.122+0000] {dagbag.py:540} INFO - Filling up the DagBag from /home/airflow/.local/lib/python3.8/site-packages/airflow/example_dags/example_short_circuit_decorator.py
[2024-03-18T15:32:27.132+0000] {processor.py:840} INFO - DAG(s) 'example_short_circuit_decorator' retrieved from /home/airflow/.local/lib/python3.8/site-packages/airflow/example_dags/example_short_circuit_decorator.py
[2024-03-18T15:32:27.220+0000] {logging_mixin.py:188} INFO - [2024-03-18T15:32:27.220+0000] {dag.py:3047} INFO - Sync 1 DAGs
[2024-03-18T15:32:27.238+0000] {logging_mixin.py:188} INFO - [2024-03-18T15:32:27.238+0000] {dag.py:3834} INFO - Setting next_dagrun for example_short_circuit_decorator to 2024-03-17 00:00:00+00:00, run_after=2024-03-18 00:00:00+00:00
[2024-03-18T15:32:27.257+0000] {processor.py:183} INFO - Processing /home/airflow/.local/lib/python3.8/site-packages/airflow/example_dags/example_short_circuit_decorator.py took 0.141 seconds
[2024-03-18T15:32:58.033+0000] {processor.py:161} INFO - Started process (PID=179) to work on /home/airflow/.local/lib/python3.8/site-packages/airflow/example_dags/example_short_circuit_decorator.py
[2024-03-18T15:32:58.033+0000] {processor.py:830} INFO - Processing file /home/airflow/.local/lib/python3.8/site-packages/airflow/example_dags/example_short_circuit_decorator.py for tasks to queue
[2024-03-18T15:32:58.035+0000] {logging_mixin.py:188} INFO - [2024-03-18T15:32:58.035+0000] {dagbag.py:540} INFO - Filling up the DagBag from /home/airflow/.local/lib/python3.8/site-packages/airflow/example_dags/example_short_circuit_decorator.py
[2024-03-18T15:32:58.042+0000] {processor.py:840} INFO - DAG(s) 'example_short_circuit_decorator' retrieved from /home/airflow/.local/lib/python3.8/site-packages/airflow/example_dags/example_short_circuit_decorator.py
[2024-03-18T15:32:58.060+0000] {logging_mixin.py:188} INFO - [2024-03-18T15:32:58.060+0000] {dag.py:3047} INFO - Sync 1 DAGs
[2024-03-18T15:32:58.078+0000] {logging_mixin.py:188} INFO - [2024-03-18T15:32:58.078+0000] {dag.py:3834} INFO - Setting next_dagrun for example_short_circuit_decorator to 2024-03-17 00:00:00+00:00, run_after=2024-03-18 00:00:00+00:00
[2024-03-18T15:32:58.093+0000] {processor.py:183} INFO - Processing /home/airflow/.local/lib/python3.8/site-packages/airflow/example_dags/example_short_circuit_decorator.py took 0.064 seconds
[2024-03-18T15:33:28.157+0000] {processor.py:161} INFO - Started process (PID=234) to work on /home/airflow/.local/lib/python3.8/site-packages/airflow/example_dags/example_short_circuit_decorator.py
[2024-03-18T15:33:28.158+0000] {processor.py:830} INFO - Processing file /home/airflow/.local/lib/python3.8/site-packages/airflow/example_dags/example_short_circuit_decorator.py for tasks to queue
[2024-03-18T15:33:28.160+0000] {logging_mixin.py:188} INFO - [2024-03-18T15:33:28.160+0000] {dagbag.py:540} INFO - Filling up the DagBag from /home/airflow/.local/lib/python3.8/site-packages/airflow/example_dags/example_short_circuit_decorator.py
[2024-03-18T15:33:28.167+0000] {processor.py:840} INFO - DAG(s) 'example_short_circuit_decorator' retrieved from /home/airflow/.local/lib/python3.8/site-packages/airflow/example_dags/example_short_circuit_decorator.py
[2024-03-18T15:33:28.186+0000] {logging_mixin.py:188} INFO - [2024-03-18T15:33:28.186+0000] {dag.py:3047} INFO - Sync 1 DAGs
[2024-03-18T15:33:28.204+0000] {logging_mixin.py:188} INFO - [2024-03-18T15:33:28.204+0000] {dag.py:3834} INFO - Setting next_dagrun for example_short_circuit_decorator to 2024-03-17 00:00:00+00:00, run_after=2024-03-18 00:00:00+00:00
[2024-03-18T15:33:28.219+0000] {processor.py:183} INFO - Processing /home/airflow/.local/lib/python3.8/site-packages/airflow/example_dags/example_short_circuit_decorator.py took 0.064 seconds
[2024-03-18T15:33:58.345+0000] {processor.py:161} INFO - Started process (PID=289) to work on /home/airflow/.local/lib/python3.8/site-packages/airflow/example_dags/example_short_circuit_decorator.py
[2024-03-18T15:33:58.346+0000] {processor.py:830} INFO - Processing file /home/airflow/.local/lib/python3.8/site-packages/airflow/example_dags/example_short_circuit_decorator.py for tasks to queue
[2024-03-18T15:33:58.347+0000] {logging_mixin.py:188} INFO - [2024-03-18T15:33:58.347+0000] {dagbag.py:540} INFO - Filling up the DagBag from /home/airflow/.local/lib/python3.8/site-packages/airflow/example_dags/example_short_circuit_decorator.py
[2024-03-18T15:33:58.355+0000] {processor.py:840} INFO - DAG(s) 'example_short_circuit_decorator' retrieved from /home/airflow/.local/lib/python3.8/site-packages/airflow/example_dags/example_short_circuit_decorator.py
[2024-03-18T15:33:58.373+0000] {logging_mixin.py:188} INFO - [2024-03-18T15:33:58.372+0000] {dag.py:3047} INFO - Sync 1 DAGs
[2024-03-18T15:33:58.391+0000] {logging_mixin.py:188} INFO - [2024-03-18T15:33:58.391+0000] {dag.py:3834} INFO - Setting next_dagrun for example_short_circuit_decorator to 2024-03-17 00:00:00+00:00, run_after=2024-03-18 00:00:00+00:00
[2024-03-18T15:33:58.405+0000] {processor.py:183} INFO - Processing /home/airflow/.local/lib/python3.8/site-packages/airflow/example_dags/example_short_circuit_decorator.py took 0.063 seconds
[2024-03-18T15:34:28.589+0000] {processor.py:161} INFO - Started process (PID=344) to work on /home/airflow/.local/lib/python3.8/site-packages/airflow/example_dags/example_short_circuit_decorator.py
[2024-03-18T15:34:28.589+0000] {processor.py:830} INFO - Processing file /home/airflow/.local/lib/python3.8/site-packages/airflow/example_dags/example_short_circuit_decorator.py for tasks to queue
[2024-03-18T15:34:28.591+0000] {logging_mixin.py:188} INFO - [2024-03-18T15:34:28.590+0000] {dagbag.py:540} INFO - Filling up the DagBag from /home/airflow/.local/lib/python3.8/site-packages/airflow/example_dags/example_short_circuit_decorator.py
[2024-03-18T15:34:28.598+0000] {processor.py:840} INFO - DAG(s) 'example_short_circuit_decorator' retrieved from /home/airflow/.local/lib/python3.8/site-packages/airflow/example_dags/example_short_circuit_decorator.py
[2024-03-18T15:34:28.616+0000] {logging_mixin.py:188} INFO - [2024-03-18T15:34:28.615+0000] {dag.py:3047} INFO - Sync 1 DAGs
[2024-03-18T15:34:28.634+0000] {logging_mixin.py:188} INFO - [2024-03-18T15:34:28.633+0000] {dag.py:3834} INFO - Setting next_dagrun for example_short_circuit_decorator to 2024-03-17 00:00:00+00:00, run_after=2024-03-18 00:00:00+00:00
[2024-03-18T15:34:28.648+0000] {processor.py:183} INFO - Processing /home/airflow/.local/lib/python3.8/site-packages/airflow/example_dags/example_short_circuit_decorator.py took 0.062 seconds
[2024-03-18T15:34:58.864+0000] {processor.py:161} INFO - Started process (PID=399) to work on /home/airflow/.local/lib/python3.8/site-packages/airflow/example_dags/example_short_circuit_decorator.py
[2024-03-18T15:34:58.865+0000] {processor.py:830} INFO - Processing file /home/airflow/.local/lib/python3.8/site-packages/airflow/example_dags/example_short_circuit_decorator.py for tasks to queue
[2024-03-18T15:34:58.866+0000] {logging_mixin.py:188} INFO - [2024-03-18T15:34:58.866+0000] {dagbag.py:540} INFO - Filling up the DagBag from /home/airflow/.local/lib/python3.8/site-packages/airflow/example_dags/example_short_circuit_decorator.py
[2024-03-18T15:34:58.873+0000] {processor.py:840} INFO - DAG(s) 'example_short_circuit_decorator' retrieved from /home/airflow/.local/lib/python3.8/site-packages/airflow/example_dags/example_short_circuit_decorator.py
[2024-03-18T15:34:58.891+0000] {logging_mixin.py:188} INFO - [2024-03-18T15:34:58.891+0000] {dag.py:3047} INFO - Sync 1 DAGs
[2024-03-18T15:34:58.909+0000] {logging_mixin.py:188} INFO - [2024-03-18T15:34:58.909+0000] {dag.py:3834} INFO - Setting next_dagrun for example_short_circuit_decorator to 2024-03-17 00:00:00+00:00, run_after=2024-03-18 00:00:00+00:00
[2024-03-18T15:34:58.925+0000] {processor.py:183} INFO - Processing /home/airflow/.local/lib/python3.8/site-packages/airflow/example_dags/example_short_circuit_decorator.py took 0.064 seconds
[2024-03-18T15:35:29.025+0000] {processor.py:161} INFO - Started process (PID=454) to work on /home/airflow/.local/lib/python3.8/site-packages/airflow/example_dags/example_short_circuit_decorator.py
[2024-03-18T15:35:29.025+0000] {processor.py:830} INFO - Processing file /home/airflow/.local/lib/python3.8/site-packages/airflow/example_dags/example_short_circuit_decorator.py for tasks to queue
[2024-03-18T15:35:29.027+0000] {logging_mixin.py:188} INFO - [2024-03-18T15:35:29.027+0000] {dagbag.py:540} INFO - Filling up the DagBag from /home/airflow/.local/lib/python3.8/site-packages/airflow/example_dags/example_short_circuit_decorator.py
[2024-03-18T15:35:29.034+0000] {processor.py:840} INFO - DAG(s) 'example_short_circuit_decorator' retrieved from /home/airflow/.local/lib/python3.8/site-packages/airflow/example_dags/example_short_circuit_decorator.py
[2024-03-18T15:35:29.052+0000] {logging_mixin.py:188} INFO - [2024-03-18T15:35:29.052+0000] {dag.py:3047} INFO - Sync 1 DAGs
[2024-03-18T15:35:29.070+0000] {logging_mixin.py:188} INFO - [2024-03-18T15:35:29.070+0000] {dag.py:3834} INFO - Setting next_dagrun for example_short_circuit_decorator to 2024-03-17 00:00:00+00:00, run_after=2024-03-18 00:00:00+00:00
[2024-03-18T15:35:29.084+0000] {processor.py:183} INFO - Processing /home/airflow/.local/lib/python3.8/site-packages/airflow/example_dags/example_short_circuit_decorator.py took 0.062 seconds
[2024-03-18T15:35:59.339+0000] {processor.py:161} INFO - Started process (PID=509) to work on /home/airflow/.local/lib/python3.8/site-packages/airflow/example_dags/example_short_circuit_decorator.py
[2024-03-18T15:35:59.340+0000] {processor.py:830} INFO - Processing file /home/airflow/.local/lib/python3.8/site-packages/airflow/example_dags/example_short_circuit_decorator.py for tasks to queue
[2024-03-18T15:35:59.341+0000] {logging_mixin.py:188} INFO - [2024-03-18T15:35:59.341+0000] {dagbag.py:540} INFO - Filling up the DagBag from /home/airflow/.local/lib/python3.8/site-packages/airflow/example_dags/example_short_circuit_decorator.py
[2024-03-18T15:35:59.349+0000] {processor.py:840} INFO - DAG(s) 'example_short_circuit_decorator' retrieved from /home/airflow/.local/lib/python3.8/site-packages/airflow/example_dags/example_short_circuit_decorator.py
[2024-03-18T15:35:59.369+0000] {logging_mixin.py:188} INFO - [2024-03-18T15:35:59.369+0000] {dag.py:3047} INFO - Sync 1 DAGs
[2024-03-18T15:35:59.391+0000] {logging_mixin.py:188} INFO - [2024-03-18T15:35:59.391+0000] {dag.py:3834} INFO - Setting next_dagrun for example_short_circuit_decorator to 2024-03-17 00:00:00+00:00, run_after=2024-03-18 00:00:00+00:00
[2024-03-18T15:35:59.410+0000] {processor.py:183} INFO - Processing /home/airflow/.local/lib/python3.8/site-packages/airflow/example_dags/example_short_circuit_decorator.py took 0.074 seconds
[2024-03-18T15:36:29.695+0000] {processor.py:161} INFO - Started process (PID=564) to work on /home/airflow/.local/lib/python3.8/site-packages/airflow/example_dags/example_short_circuit_decorator.py
[2024-03-18T15:36:29.696+0000] {processor.py:830} INFO - Processing file /home/airflow/.local/lib/python3.8/site-packages/airflow/example_dags/example_short_circuit_decorator.py for tasks to queue
[2024-03-18T15:36:29.697+0000] {logging_mixin.py:188} INFO - [2024-03-18T15:36:29.697+0000] {dagbag.py:540} INFO - Filling up the DagBag from /home/airflow/.local/lib/python3.8/site-packages/airflow/example_dags/example_short_circuit_decorator.py
[2024-03-18T15:36:29.705+0000] {processor.py:840} INFO - DAG(s) 'example_short_circuit_decorator' retrieved from /home/airflow/.local/lib/python3.8/site-packages/airflow/example_dags/example_short_circuit_decorator.py
[2024-03-18T15:36:29.723+0000] {logging_mixin.py:188} INFO - [2024-03-18T15:36:29.723+0000] {dag.py:3047} INFO - Sync 1 DAGs
[2024-03-18T15:36:29.741+0000] {logging_mixin.py:188} INFO - [2024-03-18T15:36:29.741+0000] {dag.py:3834} INFO - Setting next_dagrun for example_short_circuit_decorator to 2024-03-17 00:00:00+00:00, run_after=2024-03-18 00:00:00+00:00
[2024-03-18T15:36:29.756+0000] {processor.py:183} INFO - Processing /home/airflow/.local/lib/python3.8/site-packages/airflow/example_dags/example_short_circuit_decorator.py took 0.064 seconds
[2024-03-18T15:37:00.035+0000] {processor.py:161} INFO - Started process (PID=619) to work on /home/airflow/.local/lib/python3.8/site-packages/airflow/example_dags/example_short_circuit_decorator.py
[2024-03-18T15:37:00.036+0000] {processor.py:830} INFO - Processing file /home/airflow/.local/lib/python3.8/site-packages/airflow/example_dags/example_short_circuit_decorator.py for tasks to queue
[2024-03-18T15:37:00.037+0000] {logging_mixin.py:188} INFO - [2024-03-18T15:37:00.037+0000] {dagbag.py:540} INFO - Filling up the DagBag from /home/airflow/.local/lib/python3.8/site-packages/airflow/example_dags/example_short_circuit_decorator.py
[2024-03-18T15:37:00.045+0000] {processor.py:840} INFO - DAG(s) 'example_short_circuit_decorator' retrieved from /home/airflow/.local/lib/python3.8/site-packages/airflow/example_dags/example_short_circuit_decorator.py
[2024-03-18T15:37:00.063+0000] {logging_mixin.py:188} INFO - [2024-03-18T15:37:00.062+0000] {dag.py:3047} INFO - Sync 1 DAGs
[2024-03-18T15:37:00.081+0000] {logging_mixin.py:188} INFO - [2024-03-18T15:37:00.081+0000] {dag.py:3834} INFO - Setting next_dagrun for example_short_circuit_decorator to 2024-03-17 00:00:00+00:00, run_after=2024-03-18 00:00:00+00:00
[2024-03-18T15:37:00.097+0000] {processor.py:183} INFO - Processing /home/airflow/.local/lib/python3.8/site-packages/airflow/example_dags/example_short_circuit_decorator.py took 0.064 seconds
[2024-03-18T15:37:30.379+0000] {processor.py:161} INFO - Started process (PID=674) to work on /home/airflow/.local/lib/python3.8/site-packages/airflow/example_dags/example_short_circuit_decorator.py
[2024-03-18T15:37:30.380+0000] {processor.py:830} INFO - Processing file /home/airflow/.local/lib/python3.8/site-packages/airflow/example_dags/example_short_circuit_decorator.py for tasks to queue
[2024-03-18T15:37:30.381+0000] {logging_mixin.py:188} INFO - [2024-03-18T15:37:30.381+0000] {dagbag.py:540} INFO - Filling up the DagBag from /home/airflow/.local/lib/python3.8/site-packages/airflow/example_dags/example_short_circuit_decorator.py
[2024-03-18T15:37:30.388+0000] {processor.py:840} INFO - DAG(s) 'example_short_circuit_decorator' retrieved from /home/airflow/.local/lib/python3.8/site-packages/airflow/example_dags/example_short_circuit_decorator.py
[2024-03-18T15:37:30.407+0000] {logging_mixin.py:188} INFO - [2024-03-18T15:37:30.406+0000] {dag.py:3047} INFO - Sync 1 DAGs
[2024-03-18T15:37:30.425+0000] {logging_mixin.py:188} INFO - [2024-03-18T15:37:30.425+0000] {dag.py:3834} INFO - Setting next_dagrun for example_short_circuit_decorator to 2024-03-17 00:00:00+00:00, run_after=2024-03-18 00:00:00+00:00
[2024-03-18T15:37:30.439+0000] {processor.py:183} INFO - Processing /home/airflow/.local/lib/python3.8/site-packages/airflow/example_dags/example_short_circuit_decorator.py took 0.063 seconds
[2024-03-18T15:38:00.764+0000] {processor.py:161} INFO - Started process (PID=729) to work on /home/airflow/.local/lib/python3.8/site-packages/airflow/example_dags/example_short_circuit_decorator.py
[2024-03-18T15:38:00.765+0000] {processor.py:830} INFO - Processing file /home/airflow/.local/lib/python3.8/site-packages/airflow/example_dags/example_short_circuit_decorator.py for tasks to queue
[2024-03-18T15:38:00.766+0000] {logging_mixin.py:188} INFO - [2024-03-18T15:38:00.766+0000] {dagbag.py:540} INFO - Filling up the DagBag from /home/airflow/.local/lib/python3.8/site-packages/airflow/example_dags/example_short_circuit_decorator.py
[2024-03-18T15:38:00.774+0000] {processor.py:840} INFO - DAG(s) 'example_short_circuit_decorator' retrieved from /home/airflow/.local/lib/python3.8/site-packages/airflow/example_dags/example_short_circuit_decorator.py
[2024-03-18T15:38:00.793+0000] {logging_mixin.py:188} INFO - [2024-03-18T15:38:00.793+0000] {dag.py:3047} INFO - Sync 1 DAGs
[2024-03-18T15:38:00.819+0000] {logging_mixin.py:188} INFO - [2024-03-18T15:38:00.819+0000] {dag.py:3834} INFO - Setting next_dagrun for example_short_circuit_decorator to 2024-03-17 00:00:00+00:00, run_after=2024-03-18 00:00:00+00:00
[2024-03-18T15:38:00.839+0000] {processor.py:183} INFO - Processing /home/airflow/.local/lib/python3.8/site-packages/airflow/example_dags/example_short_circuit_decorator.py took 0.078 seconds
[2024-03-18T15:38:30.892+0000] {processor.py:161} INFO - Started process (PID=784) to work on /home/airflow/.local/lib/python3.8/site-packages/airflow/example_dags/example_short_circuit_decorator.py
[2024-03-18T15:38:30.893+0000] {processor.py:830} INFO - Processing file /home/airflow/.local/lib/python3.8/site-packages/airflow/example_dags/example_short_circuit_decorator.py for tasks to queue
[2024-03-18T15:38:30.895+0000] {logging_mixin.py:188} INFO - [2024-03-18T15:38:30.894+0000] {dagbag.py:540} INFO - Filling up the DagBag from /home/airflow/.local/lib/python3.8/site-packages/airflow/example_dags/example_short_circuit_decorator.py
[2024-03-18T15:38:30.902+0000] {processor.py:840} INFO - DAG(s) 'example_short_circuit_decorator' retrieved from /home/airflow/.local/lib/python3.8/site-packages/airflow/example_dags/example_short_circuit_decorator.py
[2024-03-18T15:38:30.920+0000] {logging_mixin.py:188} INFO - [2024-03-18T15:38:30.920+0000] {dag.py:3047} INFO - Sync 1 DAGs
[2024-03-18T15:38:30.938+0000] {logging_mixin.py:188} INFO - [2024-03-18T15:38:30.938+0000] {dag.py:3834} INFO - Setting next_dagrun for example_short_circuit_decorator to 2024-03-17 00:00:00+00:00, run_after=2024-03-18 00:00:00+00:00
[2024-03-18T15:38:30.953+0000] {processor.py:183} INFO - Processing /home/airflow/.local/lib/python3.8/site-packages/airflow/example_dags/example_short_circuit_decorator.py took 0.063 seconds
[2024-03-18T15:39:01.040+0000] {processor.py:161} INFO - Started process (PID=839) to work on /home/airflow/.local/lib/python3.8/site-packages/airflow/example_dags/example_short_circuit_decorator.py
[2024-03-18T15:39:01.041+0000] {processor.py:830} INFO - Processing file /home/airflow/.local/lib/python3.8/site-packages/airflow/example_dags/example_short_circuit_decorator.py for tasks to queue
[2024-03-18T15:39:01.043+0000] {logging_mixin.py:188} INFO - [2024-03-18T15:39:01.042+0000] {dagbag.py:540} INFO - Filling up the DagBag from /home/airflow/.local/lib/python3.8/site-packages/airflow/example_dags/example_short_circuit_decorator.py
[2024-03-18T15:39:01.050+0000] {processor.py:840} INFO - DAG(s) 'example_short_circuit_decorator' retrieved from /home/airflow/.local/lib/python3.8/site-packages/airflow/example_dags/example_short_circuit_decorator.py
[2024-03-18T15:39:01.068+0000] {logging_mixin.py:188} INFO - [2024-03-18T15:39:01.068+0000] {dag.py:3047} INFO - Sync 1 DAGs
[2024-03-18T15:39:01.087+0000] {logging_mixin.py:188} INFO - [2024-03-18T15:39:01.087+0000] {dag.py:3834} INFO - Setting next_dagrun for example_short_circuit_decorator to 2024-03-17 00:00:00+00:00, run_after=2024-03-18 00:00:00+00:00
[2024-03-18T15:39:01.102+0000] {processor.py:183} INFO - Processing /home/airflow/.local/lib/python3.8/site-packages/airflow/example_dags/example_short_circuit_decorator.py took 0.064 seconds
[2024-03-18T15:39:31.282+0000] {processor.py:161} INFO - Started process (PID=894) to work on /home/airflow/.local/lib/python3.8/site-packages/airflow/example_dags/example_short_circuit_decorator.py
[2024-03-18T15:39:31.283+0000] {processor.py:830} INFO - Processing file /home/airflow/.local/lib/python3.8/site-packages/airflow/example_dags/example_short_circuit_decorator.py for tasks to queue
[2024-03-18T15:39:31.285+0000] {logging_mixin.py:188} INFO - [2024-03-18T15:39:31.285+0000] {dagbag.py:540} INFO - Filling up the DagBag from /home/airflow/.local/lib/python3.8/site-packages/airflow/example_dags/example_short_circuit_decorator.py
[2024-03-18T15:39:31.293+0000] {processor.py:840} INFO - DAG(s) 'example_short_circuit_decorator' retrieved from /home/airflow/.local/lib/python3.8/site-packages/airflow/example_dags/example_short_circuit_decorator.py
[2024-03-18T15:39:31.312+0000] {logging_mixin.py:188} INFO - [2024-03-18T15:39:31.312+0000] {dag.py:3047} INFO - Sync 1 DAGs
[2024-03-18T15:39:31.332+0000] {logging_mixin.py:188} INFO - [2024-03-18T15:39:31.331+0000] {dag.py:3834} INFO - Setting next_dagrun for example_short_circuit_decorator to 2024-03-17 00:00:00+00:00, run_after=2024-03-18 00:00:00+00:00
[2024-03-18T15:39:31.348+0000] {processor.py:183} INFO - Processing /home/airflow/.local/lib/python3.8/site-packages/airflow/example_dags/example_short_circuit_decorator.py took 0.069 seconds
[2024-03-18T15:40:01.397+0000] {processor.py:161} INFO - Started process (PID=949) to work on /home/airflow/.local/lib/python3.8/site-packages/airflow/example_dags/example_short_circuit_decorator.py
[2024-03-18T15:40:01.398+0000] {processor.py:830} INFO - Processing file /home/airflow/.local/lib/python3.8/site-packages/airflow/example_dags/example_short_circuit_decorator.py for tasks to queue
[2024-03-18T15:40:01.399+0000] {logging_mixin.py:188} INFO - [2024-03-18T15:40:01.399+0000] {dagbag.py:540} INFO - Filling up the DagBag from /home/airflow/.local/lib/python3.8/site-packages/airflow/example_dags/example_short_circuit_decorator.py
[2024-03-18T15:40:01.406+0000] {processor.py:840} INFO - DAG(s) 'example_short_circuit_decorator' retrieved from /home/airflow/.local/lib/python3.8/site-packages/airflow/example_dags/example_short_circuit_decorator.py
[2024-03-18T15:40:01.426+0000] {logging_mixin.py:188} INFO - [2024-03-18T15:40:01.425+0000] {dag.py:3047} INFO - Sync 1 DAGs
[2024-03-18T15:40:01.445+0000] {logging_mixin.py:188} INFO - [2024-03-18T15:40:01.445+0000] {dag.py:3834} INFO - Setting next_dagrun for example_short_circuit_decorator to 2024-03-17 00:00:00+00:00, run_after=2024-03-18 00:00:00+00:00
[2024-03-18T15:40:01.460+0000] {processor.py:183} INFO - Processing /home/airflow/.local/lib/python3.8/site-packages/airflow/example_dags/example_short_circuit_decorator.py took 0.065 seconds
[2024-03-18T15:40:31.543+0000] {processor.py:161} INFO - Started process (PID=1004) to work on /home/airflow/.local/lib/python3.8/site-packages/airflow/example_dags/example_short_circuit_decorator.py
[2024-03-18T15:40:31.543+0000] {processor.py:830} INFO - Processing file /home/airflow/.local/lib/python3.8/site-packages/airflow/example_dags/example_short_circuit_decorator.py for tasks to queue
[2024-03-18T15:40:31.545+0000] {logging_mixin.py:188} INFO - [2024-03-18T15:40:31.545+0000] {dagbag.py:540} INFO - Filling up the DagBag from /home/airflow/.local/lib/python3.8/site-packages/airflow/example_dags/example_short_circuit_decorator.py
[2024-03-18T15:40:31.552+0000] {processor.py:840} INFO - DAG(s) 'example_short_circuit_decorator' retrieved from /home/airflow/.local/lib/python3.8/site-packages/airflow/example_dags/example_short_circuit_decorator.py
[2024-03-18T15:40:31.570+0000] {logging_mixin.py:188} INFO - [2024-03-18T15:40:31.570+0000] {dag.py:3047} INFO - Sync 1 DAGs
[2024-03-18T15:40:31.589+0000] {logging_mixin.py:188} INFO - [2024-03-18T15:40:31.588+0000] {dag.py:3834} INFO - Setting next_dagrun for example_short_circuit_decorator to 2024-03-17 00:00:00+00:00, run_after=2024-03-18 00:00:00+00:00
[2024-03-18T15:40:31.603+0000] {processor.py:183} INFO - Processing /home/airflow/.local/lib/python3.8/site-packages/airflow/example_dags/example_short_circuit_decorator.py took 0.063 seconds
[2024-03-18T15:41:01.806+0000] {processor.py:161} INFO - Started process (PID=1059) to work on /home/airflow/.local/lib/python3.8/site-packages/airflow/example_dags/example_short_circuit_decorator.py
[2024-03-18T15:41:01.807+0000] {processor.py:830} INFO - Processing file /home/airflow/.local/lib/python3.8/site-packages/airflow/example_dags/example_short_circuit_decorator.py for tasks to queue
[2024-03-18T15:41:01.809+0000] {logging_mixin.py:188} INFO - [2024-03-18T15:41:01.808+0000] {dagbag.py:540} INFO - Filling up the DagBag from /home/airflow/.local/lib/python3.8/site-packages/airflow/example_dags/example_short_circuit_decorator.py
[2024-03-18T15:41:01.816+0000] {processor.py:840} INFO - DAG(s) 'example_short_circuit_decorator' retrieved from /home/airflow/.local/lib/python3.8/site-packages/airflow/example_dags/example_short_circuit_decorator.py
[2024-03-18T15:41:01.835+0000] {logging_mixin.py:188} INFO - [2024-03-18T15:41:01.835+0000] {dag.py:3047} INFO - Sync 1 DAGs
[2024-03-18T15:41:01.854+0000] {logging_mixin.py:188} INFO - [2024-03-18T15:41:01.854+0000] {dag.py:3834} INFO - Setting next_dagrun for example_short_circuit_decorator to 2024-03-17 00:00:00+00:00, run_after=2024-03-18 00:00:00+00:00
[2024-03-18T15:41:01.868+0000] {processor.py:183} INFO - Processing /home/airflow/.local/lib/python3.8/site-packages/airflow/example_dags/example_short_circuit_decorator.py took 0.065 seconds
[2024-03-18T15:41:32.782+0000] {processor.py:161} INFO - Started process (PID=1114) to work on /home/airflow/.local/lib/python3.8/site-packages/airflow/example_dags/example_short_circuit_decorator.py
[2024-03-18T15:41:32.782+0000] {processor.py:830} INFO - Processing file /home/airflow/.local/lib/python3.8/site-packages/airflow/example_dags/example_short_circuit_decorator.py for tasks to queue
[2024-03-18T15:41:32.784+0000] {logging_mixin.py:188} INFO - [2024-03-18T15:41:32.784+0000] {dagbag.py:540} INFO - Filling up the DagBag from /home/airflow/.local/lib/python3.8/site-packages/airflow/example_dags/example_short_circuit_decorator.py
[2024-03-18T15:41:32.791+0000] {processor.py:840} INFO - DAG(s) 'example_short_circuit_decorator' retrieved from /home/airflow/.local/lib/python3.8/site-packages/airflow/example_dags/example_short_circuit_decorator.py
[2024-03-18T15:41:32.811+0000] {logging_mixin.py:188} INFO - [2024-03-18T15:41:32.811+0000] {dag.py:3047} INFO - Sync 1 DAGs
[2024-03-18T15:41:32.831+0000] {logging_mixin.py:188} INFO - [2024-03-18T15:41:32.830+0000] {dag.py:3834} INFO - Setting next_dagrun for example_short_circuit_decorator to 2024-03-17 00:00:00+00:00, run_after=2024-03-18 00:00:00+00:00
[2024-03-18T15:41:32.845+0000] {processor.py:183} INFO - Processing /home/airflow/.local/lib/python3.8/site-packages/airflow/example_dags/example_short_circuit_decorator.py took 0.066 seconds
[2024-03-18T15:42:03.001+0000] {processor.py:161} INFO - Started process (PID=1169) to work on /home/airflow/.local/lib/python3.8/site-packages/airflow/example_dags/example_short_circuit_decorator.py
[2024-03-18T15:42:03.002+0000] {processor.py:830} INFO - Processing file /home/airflow/.local/lib/python3.8/site-packages/airflow/example_dags/example_short_circuit_decorator.py for tasks to queue
[2024-03-18T15:42:03.003+0000] {logging_mixin.py:188} INFO - [2024-03-18T15:42:03.003+0000] {dagbag.py:540} INFO - Filling up the DagBag from /home/airflow/.local/lib/python3.8/site-packages/airflow/example_dags/example_short_circuit_decorator.py
[2024-03-18T15:42:03.011+0000] {processor.py:840} INFO - DAG(s) 'example_short_circuit_decorator' retrieved from /home/airflow/.local/lib/python3.8/site-packages/airflow/example_dags/example_short_circuit_decorator.py
[2024-03-18T15:42:03.028+0000] {logging_mixin.py:188} INFO - [2024-03-18T15:42:03.028+0000] {dag.py:3047} INFO - Sync 1 DAGs
[2024-03-18T15:42:03.046+0000] {logging_mixin.py:188} INFO - [2024-03-18T15:42:03.046+0000] {dag.py:3834} INFO - Setting next_dagrun for example_short_circuit_decorator to 2024-03-17 00:00:00+00:00, run_after=2024-03-18 00:00:00+00:00
[2024-03-18T15:42:03.060+0000] {processor.py:183} INFO - Processing /home/airflow/.local/lib/python3.8/site-packages/airflow/example_dags/example_short_circuit_decorator.py took 0.062 seconds
[2024-03-18T15:42:33.195+0000] {processor.py:161} INFO - Started process (PID=1224) to work on /home/airflow/.local/lib/python3.8/site-packages/airflow/example_dags/example_short_circuit_decorator.py
[2024-03-18T15:42:33.196+0000] {processor.py:830} INFO - Processing file /home/airflow/.local/lib/python3.8/site-packages/airflow/example_dags/example_short_circuit_decorator.py for tasks to queue
[2024-03-18T15:42:33.198+0000] {logging_mixin.py:188} INFO - [2024-03-18T15:42:33.197+0000] {dagbag.py:540} INFO - Filling up the DagBag from /home/airflow/.local/lib/python3.8/site-packages/airflow/example_dags/example_short_circuit_decorator.py
[2024-03-18T15:42:33.205+0000] {processor.py:840} INFO - DAG(s) 'example_short_circuit_decorator' retrieved from /home/airflow/.local/lib/python3.8/site-packages/airflow/example_dags/example_short_circuit_decorator.py
[2024-03-18T15:42:33.223+0000] {logging_mixin.py:188} INFO - [2024-03-18T15:42:33.223+0000] {dag.py:3047} INFO - Sync 1 DAGs
[2024-03-18T15:42:33.241+0000] {logging_mixin.py:188} INFO - [2024-03-18T15:42:33.241+0000] {dag.py:3834} INFO - Setting next_dagrun for example_short_circuit_decorator to 2024-03-17 00:00:00+00:00, run_after=2024-03-18 00:00:00+00:00
[2024-03-18T15:42:33.255+0000] {processor.py:183} INFO - Processing /home/airflow/.local/lib/python3.8/site-packages/airflow/example_dags/example_short_circuit_decorator.py took 0.062 seconds
[2024-03-18T15:43:03.401+0000] {processor.py:161} INFO - Started process (PID=1279) to work on /home/airflow/.local/lib/python3.8/site-packages/airflow/example_dags/example_short_circuit_decorator.py
[2024-03-18T15:43:03.402+0000] {processor.py:830} INFO - Processing file /home/airflow/.local/lib/python3.8/site-packages/airflow/example_dags/example_short_circuit_decorator.py for tasks to queue
[2024-03-18T15:43:03.404+0000] {logging_mixin.py:188} INFO - [2024-03-18T15:43:03.403+0000] {dagbag.py:540} INFO - Filling up the DagBag from /home/airflow/.local/lib/python3.8/site-packages/airflow/example_dags/example_short_circuit_decorator.py
[2024-03-18T15:43:03.411+0000] {processor.py:840} INFO - DAG(s) 'example_short_circuit_decorator' retrieved from /home/airflow/.local/lib/python3.8/site-packages/airflow/example_dags/example_short_circuit_decorator.py
[2024-03-18T15:43:03.429+0000] {logging_mixin.py:188} INFO - [2024-03-18T15:43:03.429+0000] {dag.py:3047} INFO - Sync 1 DAGs
[2024-03-18T15:43:03.448+0000] {logging_mixin.py:188} INFO - [2024-03-18T15:43:03.448+0000] {dag.py:3834} INFO - Setting next_dagrun for example_short_circuit_decorator to 2024-03-17 00:00:00+00:00, run_after=2024-03-18 00:00:00+00:00
[2024-03-18T15:43:03.464+0000] {processor.py:183} INFO - Processing /home/airflow/.local/lib/python3.8/site-packages/airflow/example_dags/example_short_circuit_decorator.py took 0.065 seconds
