[2024-03-18T15:31:54.707+0000] {processor.py:161} INFO - Started process (PID=45) to work on /home/airflow/.local/lib/python3.8/site-packages/airflow/example_dags/example_subdag_operator.py
[2024-03-18T15:31:54.708+0000] {processor.py:830} INFO - Processing file /home/airflow/.local/lib/python3.8/site-packages/airflow/example_dags/example_subdag_operator.py for tasks to queue
[2024-03-18T15:31:54.710+0000] {logging_mixin.py:188} INFO - [2024-03-18T15:31:54.709+0000] {dagbag.py:540} INFO - Filling up the DagBag from /home/airflow/.local/lib/python3.8/site-packages/airflow/example_dags/example_subdag_operator.py
[2024-03-18T15:31:54.728+0000] {processor.py:840} INFO - DAG(s) 'example_subdag_operator.section-1', 'example_subdag_operator.section-2', 'example_subdag_operator' retrieved from /home/airflow/.local/lib/python3.8/site-packages/airflow/example_dags/example_subdag_operator.py
[2024-03-18T15:31:54.742+0000] {logging_mixin.py:188} INFO - [2024-03-18T15:31:54.742+0000] {dag.py:3047} INFO - Sync 3 DAGs
[2024-03-18T15:31:54.761+0000] {logging_mixin.py:188} INFO - [2024-03-18T15:31:54.761+0000] {dag.py:3834} INFO - Setting next_dagrun for example_subdag_operator to 2022-01-01 00:00:00+00:00, run_after=2022-01-01 00:00:00+00:00
[2024-03-18T15:31:54.764+0000] {logging_mixin.py:188} INFO - [2024-03-18T15:31:54.764+0000] {dag.py:3834} INFO - Setting next_dagrun for example_subdag_operator.section-1 to None, run_after=None
[2024-03-18T15:31:54.765+0000] {logging_mixin.py:188} INFO - [2024-03-18T15:31:54.765+0000] {dag.py:3834} INFO - Setting next_dagrun for example_subdag_operator.section-2 to None, run_after=None
[2024-03-18T15:31:54.772+0000] {logging_mixin.py:188} INFO - [2024-03-18T15:31:54.771+0000] {dag.py:3047} INFO - Sync 2 DAGs
[2024-03-18T15:31:54.776+0000] {logging_mixin.py:188} INFO - [2024-03-18T15:31:54.776+0000] {dag.py:3834} INFO - Setting next_dagrun for example_subdag_operator.section-1 to None, run_after=None
[2024-03-18T15:31:54.777+0000] {logging_mixin.py:188} INFO - [2024-03-18T15:31:54.777+0000] {dag.py:3834} INFO - Setting next_dagrun for example_subdag_operator.section-2 to None, run_after=None
[2024-03-18T15:31:54.787+0000] {processor.py:183} INFO - Processing /home/airflow/.local/lib/python3.8/site-packages/airflow/example_dags/example_subdag_operator.py took 0.082 seconds
[2024-03-18T15:32:25.131+0000] {processor.py:161} INFO - Started process (PID=100) to work on /home/airflow/.local/lib/python3.8/site-packages/airflow/example_dags/example_subdag_operator.py
[2024-03-18T15:32:25.132+0000] {processor.py:830} INFO - Processing file /home/airflow/.local/lib/python3.8/site-packages/airflow/example_dags/example_subdag_operator.py for tasks to queue
[2024-03-18T15:32:25.133+0000] {logging_mixin.py:188} INFO - [2024-03-18T15:32:25.133+0000] {dagbag.py:540} INFO - Filling up the DagBag from /home/airflow/.local/lib/python3.8/site-packages/airflow/example_dags/example_subdag_operator.py
[2024-03-18T15:32:25.151+0000] {processor.py:840} INFO - DAG(s) 'example_subdag_operator.section-1', 'example_subdag_operator.section-2', 'example_subdag_operator' retrieved from /home/airflow/.local/lib/python3.8/site-packages/airflow/example_dags/example_subdag_operator.py
[2024-03-18T15:32:25.270+0000] {logging_mixin.py:188} INFO - [2024-03-18T15:32:25.270+0000] {dag.py:3047} INFO - Sync 3 DAGs
[2024-03-18T15:32:25.286+0000] {logging_mixin.py:188} INFO - [2024-03-18T15:32:25.285+0000] {dag.py:3834} INFO - Setting next_dagrun for example_subdag_operator to 2022-01-01 00:00:00+00:00, run_after=2022-01-01 00:00:00+00:00
[2024-03-18T15:32:25.288+0000] {logging_mixin.py:188} INFO - [2024-03-18T15:32:25.288+0000] {dag.py:3834} INFO - Setting next_dagrun for example_subdag_operator.section-1 to None, run_after=None
[2024-03-18T15:32:25.289+0000] {logging_mixin.py:188} INFO - [2024-03-18T15:32:25.289+0000] {dag.py:3834} INFO - Setting next_dagrun for example_subdag_operator.section-2 to None, run_after=None
[2024-03-18T15:32:25.296+0000] {logging_mixin.py:188} INFO - [2024-03-18T15:32:25.295+0000] {dag.py:3047} INFO - Sync 2 DAGs
[2024-03-18T15:32:25.300+0000] {logging_mixin.py:188} INFO - [2024-03-18T15:32:25.299+0000] {dag.py:3834} INFO - Setting next_dagrun for example_subdag_operator.section-1 to None, run_after=None
[2024-03-18T15:32:25.300+0000] {logging_mixin.py:188} INFO - [2024-03-18T15:32:25.300+0000] {dag.py:3834} INFO - Setting next_dagrun for example_subdag_operator.section-2 to None, run_after=None
[2024-03-18T15:32:25.319+0000] {processor.py:183} INFO - Processing /home/airflow/.local/lib/python3.8/site-packages/airflow/example_dags/example_subdag_operator.py took 0.190 seconds
[2024-03-18T15:32:55.791+0000] {processor.py:161} INFO - Started process (PID=155) to work on /home/airflow/.local/lib/python3.8/site-packages/airflow/example_dags/example_subdag_operator.py
[2024-03-18T15:32:55.792+0000] {processor.py:830} INFO - Processing file /home/airflow/.local/lib/python3.8/site-packages/airflow/example_dags/example_subdag_operator.py for tasks to queue
[2024-03-18T15:32:55.793+0000] {logging_mixin.py:188} INFO - [2024-03-18T15:32:55.793+0000] {dagbag.py:540} INFO - Filling up the DagBag from /home/airflow/.local/lib/python3.8/site-packages/airflow/example_dags/example_subdag_operator.py
[2024-03-18T15:32:55.811+0000] {processor.py:840} INFO - DAG(s) 'example_subdag_operator.section-1', 'example_subdag_operator.section-2', 'example_subdag_operator' retrieved from /home/airflow/.local/lib/python3.8/site-packages/airflow/example_dags/example_subdag_operator.py
[2024-03-18T15:32:55.824+0000] {logging_mixin.py:188} INFO - [2024-03-18T15:32:55.824+0000] {dag.py:3047} INFO - Sync 3 DAGs
[2024-03-18T15:32:55.843+0000] {logging_mixin.py:188} INFO - [2024-03-18T15:32:55.842+0000] {dag.py:3834} INFO - Setting next_dagrun for example_subdag_operator to 2022-01-01 00:00:00+00:00, run_after=2022-01-01 00:00:00+00:00
[2024-03-18T15:32:55.845+0000] {logging_mixin.py:188} INFO - [2024-03-18T15:32:55.845+0000] {dag.py:3834} INFO - Setting next_dagrun for example_subdag_operator.section-1 to None, run_after=None
[2024-03-18T15:32:55.847+0000] {logging_mixin.py:188} INFO - [2024-03-18T15:32:55.846+0000] {dag.py:3834} INFO - Setting next_dagrun for example_subdag_operator.section-2 to None, run_after=None
[2024-03-18T15:32:55.852+0000] {logging_mixin.py:188} INFO - [2024-03-18T15:32:55.852+0000] {dag.py:3047} INFO - Sync 2 DAGs
[2024-03-18T15:32:55.856+0000] {logging_mixin.py:188} INFO - [2024-03-18T15:32:55.856+0000] {dag.py:3834} INFO - Setting next_dagrun for example_subdag_operator.section-1 to None, run_after=None
[2024-03-18T15:32:55.856+0000] {logging_mixin.py:188} INFO - [2024-03-18T15:32:55.856+0000] {dag.py:3834} INFO - Setting next_dagrun for example_subdag_operator.section-2 to None, run_after=None
[2024-03-18T15:32:55.866+0000] {processor.py:183} INFO - Processing /home/airflow/.local/lib/python3.8/site-packages/airflow/example_dags/example_subdag_operator.py took 0.077 seconds
[2024-03-18T15:33:25.951+0000] {processor.py:161} INFO - Started process (PID=210) to work on /home/airflow/.local/lib/python3.8/site-packages/airflow/example_dags/example_subdag_operator.py
[2024-03-18T15:33:25.952+0000] {processor.py:830} INFO - Processing file /home/airflow/.local/lib/python3.8/site-packages/airflow/example_dags/example_subdag_operator.py for tasks to queue
[2024-03-18T15:33:25.953+0000] {logging_mixin.py:188} INFO - [2024-03-18T15:33:25.953+0000] {dagbag.py:540} INFO - Filling up the DagBag from /home/airflow/.local/lib/python3.8/site-packages/airflow/example_dags/example_subdag_operator.py
[2024-03-18T15:33:25.971+0000] {processor.py:840} INFO - DAG(s) 'example_subdag_operator.section-1', 'example_subdag_operator.section-2', 'example_subdag_operator' retrieved from /home/airflow/.local/lib/python3.8/site-packages/airflow/example_dags/example_subdag_operator.py
[2024-03-18T15:33:25.984+0000] {logging_mixin.py:188} INFO - [2024-03-18T15:33:25.984+0000] {dag.py:3047} INFO - Sync 3 DAGs
[2024-03-18T15:33:26.003+0000] {logging_mixin.py:188} INFO - [2024-03-18T15:33:26.003+0000] {dag.py:3834} INFO - Setting next_dagrun for example_subdag_operator to 2022-01-01 00:00:00+00:00, run_after=2022-01-01 00:00:00+00:00
[2024-03-18T15:33:26.006+0000] {logging_mixin.py:188} INFO - [2024-03-18T15:33:26.006+0000] {dag.py:3834} INFO - Setting next_dagrun for example_subdag_operator.section-1 to None, run_after=None
[2024-03-18T15:33:26.007+0000] {logging_mixin.py:188} INFO - [2024-03-18T15:33:26.007+0000] {dag.py:3834} INFO - Setting next_dagrun for example_subdag_operator.section-2 to None, run_after=None
[2024-03-18T15:33:26.013+0000] {logging_mixin.py:188} INFO - [2024-03-18T15:33:26.013+0000] {dag.py:3047} INFO - Sync 2 DAGs
[2024-03-18T15:33:26.017+0000] {logging_mixin.py:188} INFO - [2024-03-18T15:33:26.017+0000] {dag.py:3834} INFO - Setting next_dagrun for example_subdag_operator.section-1 to None, run_after=None
[2024-03-18T15:33:26.018+0000] {logging_mixin.py:188} INFO - [2024-03-18T15:33:26.017+0000] {dag.py:3834} INFO - Setting next_dagrun for example_subdag_operator.section-2 to None, run_after=None
[2024-03-18T15:33:26.037+0000] {processor.py:183} INFO - Processing /home/airflow/.local/lib/python3.8/site-packages/airflow/example_dags/example_subdag_operator.py took 0.089 seconds
[2024-03-18T15:33:56.343+0000] {processor.py:161} INFO - Started process (PID=265) to work on /home/airflow/.local/lib/python3.8/site-packages/airflow/example_dags/example_subdag_operator.py
[2024-03-18T15:33:56.344+0000] {processor.py:830} INFO - Processing file /home/airflow/.local/lib/python3.8/site-packages/airflow/example_dags/example_subdag_operator.py for tasks to queue
[2024-03-18T15:33:56.346+0000] {logging_mixin.py:188} INFO - [2024-03-18T15:33:56.345+0000] {dagbag.py:540} INFO - Filling up the DagBag from /home/airflow/.local/lib/python3.8/site-packages/airflow/example_dags/example_subdag_operator.py
[2024-03-18T15:33:56.362+0000] {processor.py:840} INFO - DAG(s) 'example_subdag_operator.section-1', 'example_subdag_operator.section-2', 'example_subdag_operator' retrieved from /home/airflow/.local/lib/python3.8/site-packages/airflow/example_dags/example_subdag_operator.py
[2024-03-18T15:33:56.375+0000] {logging_mixin.py:188} INFO - [2024-03-18T15:33:56.374+0000] {dag.py:3047} INFO - Sync 3 DAGs
[2024-03-18T15:33:56.391+0000] {logging_mixin.py:188} INFO - [2024-03-18T15:33:56.391+0000] {dag.py:3834} INFO - Setting next_dagrun for example_subdag_operator to 2022-01-01 00:00:00+00:00, run_after=2022-01-01 00:00:00+00:00
[2024-03-18T15:33:56.394+0000] {logging_mixin.py:188} INFO - [2024-03-18T15:33:56.394+0000] {dag.py:3834} INFO - Setting next_dagrun for example_subdag_operator.section-1 to None, run_after=None
[2024-03-18T15:33:56.395+0000] {logging_mixin.py:188} INFO - [2024-03-18T15:33:56.395+0000] {dag.py:3834} INFO - Setting next_dagrun for example_subdag_operator.section-2 to None, run_after=None
[2024-03-18T15:33:56.400+0000] {logging_mixin.py:188} INFO - [2024-03-18T15:33:56.400+0000] {dag.py:3047} INFO - Sync 2 DAGs
[2024-03-18T15:33:56.405+0000] {logging_mixin.py:188} INFO - [2024-03-18T15:33:56.404+0000] {dag.py:3834} INFO - Setting next_dagrun for example_subdag_operator.section-1 to None, run_after=None
[2024-03-18T15:33:56.405+0000] {logging_mixin.py:188} INFO - [2024-03-18T15:33:56.405+0000] {dag.py:3834} INFO - Setting next_dagrun for example_subdag_operator.section-2 to None, run_after=None
[2024-03-18T15:33:56.414+0000] {processor.py:183} INFO - Processing /home/airflow/.local/lib/python3.8/site-packages/airflow/example_dags/example_subdag_operator.py took 0.073 seconds
[2024-03-18T15:34:26.494+0000] {processor.py:161} INFO - Started process (PID=320) to work on /home/airflow/.local/lib/python3.8/site-packages/airflow/example_dags/example_subdag_operator.py
[2024-03-18T15:34:26.495+0000] {processor.py:830} INFO - Processing file /home/airflow/.local/lib/python3.8/site-packages/airflow/example_dags/example_subdag_operator.py for tasks to queue
[2024-03-18T15:34:26.496+0000] {logging_mixin.py:188} INFO - [2024-03-18T15:34:26.496+0000] {dagbag.py:540} INFO - Filling up the DagBag from /home/airflow/.local/lib/python3.8/site-packages/airflow/example_dags/example_subdag_operator.py
[2024-03-18T15:34:26.513+0000] {processor.py:840} INFO - DAG(s) 'example_subdag_operator.section-1', 'example_subdag_operator.section-2', 'example_subdag_operator' retrieved from /home/airflow/.local/lib/python3.8/site-packages/airflow/example_dags/example_subdag_operator.py
[2024-03-18T15:34:26.525+0000] {logging_mixin.py:188} INFO - [2024-03-18T15:34:26.525+0000] {dag.py:3047} INFO - Sync 3 DAGs
[2024-03-18T15:34:26.542+0000] {logging_mixin.py:188} INFO - [2024-03-18T15:34:26.542+0000] {dag.py:3834} INFO - Setting next_dagrun for example_subdag_operator to 2022-01-01 00:00:00+00:00, run_after=2022-01-01 00:00:00+00:00
[2024-03-18T15:34:26.545+0000] {logging_mixin.py:188} INFO - [2024-03-18T15:34:26.545+0000] {dag.py:3834} INFO - Setting next_dagrun for example_subdag_operator.section-1 to None, run_after=None
[2024-03-18T15:34:26.546+0000] {logging_mixin.py:188} INFO - [2024-03-18T15:34:26.546+0000] {dag.py:3834} INFO - Setting next_dagrun for example_subdag_operator.section-2 to None, run_after=None
[2024-03-18T15:34:26.551+0000] {logging_mixin.py:188} INFO - [2024-03-18T15:34:26.551+0000] {dag.py:3047} INFO - Sync 2 DAGs
[2024-03-18T15:34:26.554+0000] {logging_mixin.py:188} INFO - [2024-03-18T15:34:26.554+0000] {dag.py:3834} INFO - Setting next_dagrun for example_subdag_operator.section-1 to None, run_after=None
[2024-03-18T15:34:26.555+0000] {logging_mixin.py:188} INFO - [2024-03-18T15:34:26.555+0000] {dag.py:3834} INFO - Setting next_dagrun for example_subdag_operator.section-2 to None, run_after=None
[2024-03-18T15:34:26.564+0000] {processor.py:183} INFO - Processing /home/airflow/.local/lib/python3.8/site-packages/airflow/example_dags/example_subdag_operator.py took 0.072 seconds
[2024-03-18T15:34:56.773+0000] {processor.py:161} INFO - Started process (PID=375) to work on /home/airflow/.local/lib/python3.8/site-packages/airflow/example_dags/example_subdag_operator.py
[2024-03-18T15:34:56.775+0000] {processor.py:830} INFO - Processing file /home/airflow/.local/lib/python3.8/site-packages/airflow/example_dags/example_subdag_operator.py for tasks to queue
[2024-03-18T15:34:56.776+0000] {logging_mixin.py:188} INFO - [2024-03-18T15:34:56.776+0000] {dagbag.py:540} INFO - Filling up the DagBag from /home/airflow/.local/lib/python3.8/site-packages/airflow/example_dags/example_subdag_operator.py
[2024-03-18T15:34:56.794+0000] {processor.py:840} INFO - DAG(s) 'example_subdag_operator.section-1', 'example_subdag_operator.section-2', 'example_subdag_operator' retrieved from /home/airflow/.local/lib/python3.8/site-packages/airflow/example_dags/example_subdag_operator.py
[2024-03-18T15:34:56.808+0000] {logging_mixin.py:188} INFO - [2024-03-18T15:34:56.807+0000] {dag.py:3047} INFO - Sync 3 DAGs
[2024-03-18T15:34:56.827+0000] {logging_mixin.py:188} INFO - [2024-03-18T15:34:56.826+0000] {dag.py:3834} INFO - Setting next_dagrun for example_subdag_operator to 2022-01-01 00:00:00+00:00, run_after=2022-01-01 00:00:00+00:00
[2024-03-18T15:34:56.830+0000] {logging_mixin.py:188} INFO - [2024-03-18T15:34:56.830+0000] {dag.py:3834} INFO - Setting next_dagrun for example_subdag_operator.section-1 to None, run_after=None
[2024-03-18T15:34:56.832+0000] {logging_mixin.py:188} INFO - [2024-03-18T15:34:56.831+0000] {dag.py:3834} INFO - Setting next_dagrun for example_subdag_operator.section-2 to None, run_after=None
[2024-03-18T15:34:56.837+0000] {logging_mixin.py:188} INFO - [2024-03-18T15:34:56.837+0000] {dag.py:3047} INFO - Sync 2 DAGs
[2024-03-18T15:34:56.842+0000] {logging_mixin.py:188} INFO - [2024-03-18T15:34:56.842+0000] {dag.py:3834} INFO - Setting next_dagrun for example_subdag_operator.section-1 to None, run_after=None
[2024-03-18T15:34:56.842+0000] {logging_mixin.py:188} INFO - [2024-03-18T15:34:56.842+0000] {dag.py:3834} INFO - Setting next_dagrun for example_subdag_operator.section-2 to None, run_after=None
[2024-03-18T15:34:56.851+0000] {processor.py:183} INFO - Processing /home/airflow/.local/lib/python3.8/site-packages/airflow/example_dags/example_subdag_operator.py took 0.080 seconds
[2024-03-18T15:35:27.012+0000] {processor.py:161} INFO - Started process (PID=430) to work on /home/airflow/.local/lib/python3.8/site-packages/airflow/example_dags/example_subdag_operator.py
[2024-03-18T15:35:27.013+0000] {processor.py:830} INFO - Processing file /home/airflow/.local/lib/python3.8/site-packages/airflow/example_dags/example_subdag_operator.py for tasks to queue
[2024-03-18T15:35:27.014+0000] {logging_mixin.py:188} INFO - [2024-03-18T15:35:27.014+0000] {dagbag.py:540} INFO - Filling up the DagBag from /home/airflow/.local/lib/python3.8/site-packages/airflow/example_dags/example_subdag_operator.py
[2024-03-18T15:35:27.031+0000] {processor.py:840} INFO - DAG(s) 'example_subdag_operator.section-1', 'example_subdag_operator.section-2', 'example_subdag_operator' retrieved from /home/airflow/.local/lib/python3.8/site-packages/airflow/example_dags/example_subdag_operator.py
[2024-03-18T15:35:27.044+0000] {logging_mixin.py:188} INFO - [2024-03-18T15:35:27.044+0000] {dag.py:3047} INFO - Sync 3 DAGs
[2024-03-18T15:35:27.061+0000] {logging_mixin.py:188} INFO - [2024-03-18T15:35:27.061+0000] {dag.py:3834} INFO - Setting next_dagrun for example_subdag_operator to 2022-01-01 00:00:00+00:00, run_after=2022-01-01 00:00:00+00:00
[2024-03-18T15:35:27.064+0000] {logging_mixin.py:188} INFO - [2024-03-18T15:35:27.064+0000] {dag.py:3834} INFO - Setting next_dagrun for example_subdag_operator.section-1 to None, run_after=None
[2024-03-18T15:35:27.065+0000] {logging_mixin.py:188} INFO - [2024-03-18T15:35:27.065+0000] {dag.py:3834} INFO - Setting next_dagrun for example_subdag_operator.section-2 to None, run_after=None
[2024-03-18T15:35:27.070+0000] {logging_mixin.py:188} INFO - [2024-03-18T15:35:27.070+0000] {dag.py:3047} INFO - Sync 2 DAGs
[2024-03-18T15:35:27.074+0000] {logging_mixin.py:188} INFO - [2024-03-18T15:35:27.074+0000] {dag.py:3834} INFO - Setting next_dagrun for example_subdag_operator.section-1 to None, run_after=None
[2024-03-18T15:35:27.075+0000] {logging_mixin.py:188} INFO - [2024-03-18T15:35:27.075+0000] {dag.py:3834} INFO - Setting next_dagrun for example_subdag_operator.section-2 to None, run_after=None
[2024-03-18T15:35:27.090+0000] {processor.py:183} INFO - Processing /home/airflow/.local/lib/python3.8/site-packages/airflow/example_dags/example_subdag_operator.py took 0.081 seconds
[2024-03-18T15:35:57.247+0000] {processor.py:161} INFO - Started process (PID=485) to work on /home/airflow/.local/lib/python3.8/site-packages/airflow/example_dags/example_subdag_operator.py
[2024-03-18T15:35:57.248+0000] {processor.py:830} INFO - Processing file /home/airflow/.local/lib/python3.8/site-packages/airflow/example_dags/example_subdag_operator.py for tasks to queue
[2024-03-18T15:35:57.250+0000] {logging_mixin.py:188} INFO - [2024-03-18T15:35:57.250+0000] {dagbag.py:540} INFO - Filling up the DagBag from /home/airflow/.local/lib/python3.8/site-packages/airflow/example_dags/example_subdag_operator.py
[2024-03-18T15:35:57.270+0000] {processor.py:840} INFO - DAG(s) 'example_subdag_operator.section-1', 'example_subdag_operator.section-2', 'example_subdag_operator' retrieved from /home/airflow/.local/lib/python3.8/site-packages/airflow/example_dags/example_subdag_operator.py
[2024-03-18T15:35:57.286+0000] {logging_mixin.py:188} INFO - [2024-03-18T15:35:57.285+0000] {dag.py:3047} INFO - Sync 3 DAGs
[2024-03-18T15:35:57.304+0000] {logging_mixin.py:188} INFO - [2024-03-18T15:35:57.304+0000] {dag.py:3834} INFO - Setting next_dagrun for example_subdag_operator to 2022-01-01 00:00:00+00:00, run_after=2022-01-01 00:00:00+00:00
[2024-03-18T15:35:57.307+0000] {logging_mixin.py:188} INFO - [2024-03-18T15:35:57.307+0000] {dag.py:3834} INFO - Setting next_dagrun for example_subdag_operator.section-1 to None, run_after=None
[2024-03-18T15:35:57.308+0000] {logging_mixin.py:188} INFO - [2024-03-18T15:35:57.308+0000] {dag.py:3834} INFO - Setting next_dagrun for example_subdag_operator.section-2 to None, run_after=None
[2024-03-18T15:35:57.314+0000] {logging_mixin.py:188} INFO - [2024-03-18T15:35:57.314+0000] {dag.py:3047} INFO - Sync 2 DAGs
[2024-03-18T15:35:57.319+0000] {logging_mixin.py:188} INFO - [2024-03-18T15:35:57.318+0000] {dag.py:3834} INFO - Setting next_dagrun for example_subdag_operator.section-1 to None, run_after=None
[2024-03-18T15:35:57.319+0000] {logging_mixin.py:188} INFO - [2024-03-18T15:35:57.319+0000] {dag.py:3834} INFO - Setting next_dagrun for example_subdag_operator.section-2 to None, run_after=None
[2024-03-18T15:35:57.335+0000] {processor.py:183} INFO - Processing /home/airflow/.local/lib/python3.8/site-packages/airflow/example_dags/example_subdag_operator.py took 0.091 seconds
[2024-03-18T15:36:27.612+0000] {processor.py:161} INFO - Started process (PID=540) to work on /home/airflow/.local/lib/python3.8/site-packages/airflow/example_dags/example_subdag_operator.py
[2024-03-18T15:36:27.612+0000] {processor.py:830} INFO - Processing file /home/airflow/.local/lib/python3.8/site-packages/airflow/example_dags/example_subdag_operator.py for tasks to queue
[2024-03-18T15:36:27.614+0000] {logging_mixin.py:188} INFO - [2024-03-18T15:36:27.614+0000] {dagbag.py:540} INFO - Filling up the DagBag from /home/airflow/.local/lib/python3.8/site-packages/airflow/example_dags/example_subdag_operator.py
[2024-03-18T15:36:27.634+0000] {processor.py:840} INFO - DAG(s) 'example_subdag_operator.section-1', 'example_subdag_operator.section-2', 'example_subdag_operator' retrieved from /home/airflow/.local/lib/python3.8/site-packages/airflow/example_dags/example_subdag_operator.py
[2024-03-18T15:36:27.647+0000] {logging_mixin.py:188} INFO - [2024-03-18T15:36:27.647+0000] {dag.py:3047} INFO - Sync 3 DAGs
[2024-03-18T15:36:27.665+0000] {logging_mixin.py:188} INFO - [2024-03-18T15:36:27.665+0000] {dag.py:3834} INFO - Setting next_dagrun for example_subdag_operator to 2022-01-01 00:00:00+00:00, run_after=2022-01-01 00:00:00+00:00
[2024-03-18T15:36:27.669+0000] {logging_mixin.py:188} INFO - [2024-03-18T15:36:27.669+0000] {dag.py:3834} INFO - Setting next_dagrun for example_subdag_operator.section-1 to None, run_after=None
[2024-03-18T15:36:27.670+0000] {logging_mixin.py:188} INFO - [2024-03-18T15:36:27.670+0000] {dag.py:3834} INFO - Setting next_dagrun for example_subdag_operator.section-2 to None, run_after=None
[2024-03-18T15:36:27.676+0000] {logging_mixin.py:188} INFO - [2024-03-18T15:36:27.676+0000] {dag.py:3047} INFO - Sync 2 DAGs
[2024-03-18T15:36:27.681+0000] {logging_mixin.py:188} INFO - [2024-03-18T15:36:27.681+0000] {dag.py:3834} INFO - Setting next_dagrun for example_subdag_operator.section-1 to None, run_after=None
[2024-03-18T15:36:27.681+0000] {logging_mixin.py:188} INFO - [2024-03-18T15:36:27.681+0000] {dag.py:3834} INFO - Setting next_dagrun for example_subdag_operator.section-2 to None, run_after=None
[2024-03-18T15:36:27.691+0000] {processor.py:183} INFO - Processing /home/airflow/.local/lib/python3.8/site-packages/airflow/example_dags/example_subdag_operator.py took 0.082 seconds
[2024-03-18T15:36:57.986+0000] {processor.py:161} INFO - Started process (PID=595) to work on /home/airflow/.local/lib/python3.8/site-packages/airflow/example_dags/example_subdag_operator.py
[2024-03-18T15:36:57.987+0000] {processor.py:830} INFO - Processing file /home/airflow/.local/lib/python3.8/site-packages/airflow/example_dags/example_subdag_operator.py for tasks to queue
[2024-03-18T15:36:57.988+0000] {logging_mixin.py:188} INFO - [2024-03-18T15:36:57.988+0000] {dagbag.py:540} INFO - Filling up the DagBag from /home/airflow/.local/lib/python3.8/site-packages/airflow/example_dags/example_subdag_operator.py
[2024-03-18T15:36:58.006+0000] {processor.py:840} INFO - DAG(s) 'example_subdag_operator.section-1', 'example_subdag_operator.section-2', 'example_subdag_operator' retrieved from /home/airflow/.local/lib/python3.8/site-packages/airflow/example_dags/example_subdag_operator.py
[2024-03-18T15:36:58.019+0000] {logging_mixin.py:188} INFO - [2024-03-18T15:36:58.018+0000] {dag.py:3047} INFO - Sync 3 DAGs
[2024-03-18T15:36:58.036+0000] {logging_mixin.py:188} INFO - [2024-03-18T15:36:58.036+0000] {dag.py:3834} INFO - Setting next_dagrun for example_subdag_operator to 2022-01-01 00:00:00+00:00, run_after=2022-01-01 00:00:00+00:00
[2024-03-18T15:36:58.039+0000] {logging_mixin.py:188} INFO - [2024-03-18T15:36:58.039+0000] {dag.py:3834} INFO - Setting next_dagrun for example_subdag_operator.section-1 to None, run_after=None
[2024-03-18T15:36:58.040+0000] {logging_mixin.py:188} INFO - [2024-03-18T15:36:58.040+0000] {dag.py:3834} INFO - Setting next_dagrun for example_subdag_operator.section-2 to None, run_after=None
[2024-03-18T15:36:58.046+0000] {logging_mixin.py:188} INFO - [2024-03-18T15:36:58.046+0000] {dag.py:3047} INFO - Sync 2 DAGs
[2024-03-18T15:36:58.050+0000] {logging_mixin.py:188} INFO - [2024-03-18T15:36:58.049+0000] {dag.py:3834} INFO - Setting next_dagrun for example_subdag_operator.section-1 to None, run_after=None
[2024-03-18T15:36:58.050+0000] {logging_mixin.py:188} INFO - [2024-03-18T15:36:58.050+0000] {dag.py:3834} INFO - Setting next_dagrun for example_subdag_operator.section-2 to None, run_after=None
[2024-03-18T15:36:58.069+0000] {processor.py:183} INFO - Processing /home/airflow/.local/lib/python3.8/site-packages/airflow/example_dags/example_subdag_operator.py took 0.085 seconds
[2024-03-18T15:37:28.296+0000] {processor.py:161} INFO - Started process (PID=650) to work on /home/airflow/.local/lib/python3.8/site-packages/airflow/example_dags/example_subdag_operator.py
[2024-03-18T15:37:28.297+0000] {processor.py:830} INFO - Processing file /home/airflow/.local/lib/python3.8/site-packages/airflow/example_dags/example_subdag_operator.py for tasks to queue
[2024-03-18T15:37:28.299+0000] {logging_mixin.py:188} INFO - [2024-03-18T15:37:28.298+0000] {dagbag.py:540} INFO - Filling up the DagBag from /home/airflow/.local/lib/python3.8/site-packages/airflow/example_dags/example_subdag_operator.py
[2024-03-18T15:37:28.316+0000] {processor.py:840} INFO - DAG(s) 'example_subdag_operator.section-1', 'example_subdag_operator.section-2', 'example_subdag_operator' retrieved from /home/airflow/.local/lib/python3.8/site-packages/airflow/example_dags/example_subdag_operator.py
[2024-03-18T15:37:28.330+0000] {logging_mixin.py:188} INFO - [2024-03-18T15:37:28.329+0000] {dag.py:3047} INFO - Sync 3 DAGs
[2024-03-18T15:37:28.349+0000] {logging_mixin.py:188} INFO - [2024-03-18T15:37:28.349+0000] {dag.py:3834} INFO - Setting next_dagrun for example_subdag_operator to 2022-01-01 00:00:00+00:00, run_after=2022-01-01 00:00:00+00:00
[2024-03-18T15:37:28.352+0000] {logging_mixin.py:188} INFO - [2024-03-18T15:37:28.352+0000] {dag.py:3834} INFO - Setting next_dagrun for example_subdag_operator.section-1 to None, run_after=None
[2024-03-18T15:37:28.353+0000] {logging_mixin.py:188} INFO - [2024-03-18T15:37:28.353+0000] {dag.py:3834} INFO - Setting next_dagrun for example_subdag_operator.section-2 to None, run_after=None
[2024-03-18T15:37:28.359+0000] {logging_mixin.py:188} INFO - [2024-03-18T15:37:28.359+0000] {dag.py:3047} INFO - Sync 2 DAGs
[2024-03-18T15:37:28.363+0000] {logging_mixin.py:188} INFO - [2024-03-18T15:37:28.363+0000] {dag.py:3834} INFO - Setting next_dagrun for example_subdag_operator.section-1 to None, run_after=None
[2024-03-18T15:37:28.364+0000] {logging_mixin.py:188} INFO - [2024-03-18T15:37:28.364+0000] {dag.py:3834} INFO - Setting next_dagrun for example_subdag_operator.section-2 to None, run_after=None
[2024-03-18T15:37:28.374+0000] {processor.py:183} INFO - Processing /home/airflow/.local/lib/python3.8/site-packages/airflow/example_dags/example_subdag_operator.py took 0.080 seconds
[2024-03-18T15:37:58.650+0000] {processor.py:161} INFO - Started process (PID=705) to work on /home/airflow/.local/lib/python3.8/site-packages/airflow/example_dags/example_subdag_operator.py
[2024-03-18T15:37:58.651+0000] {processor.py:830} INFO - Processing file /home/airflow/.local/lib/python3.8/site-packages/airflow/example_dags/example_subdag_operator.py for tasks to queue
[2024-03-18T15:37:58.653+0000] {logging_mixin.py:188} INFO - [2024-03-18T15:37:58.653+0000] {dagbag.py:540} INFO - Filling up the DagBag from /home/airflow/.local/lib/python3.8/site-packages/airflow/example_dags/example_subdag_operator.py
[2024-03-18T15:37:58.673+0000] {processor.py:840} INFO - DAG(s) 'example_subdag_operator.section-1', 'example_subdag_operator.section-2', 'example_subdag_operator' retrieved from /home/airflow/.local/lib/python3.8/site-packages/airflow/example_dags/example_subdag_operator.py
[2024-03-18T15:37:58.687+0000] {logging_mixin.py:188} INFO - [2024-03-18T15:37:58.686+0000] {dag.py:3047} INFO - Sync 3 DAGs
[2024-03-18T15:37:58.706+0000] {logging_mixin.py:188} INFO - [2024-03-18T15:37:58.706+0000] {dag.py:3834} INFO - Setting next_dagrun for example_subdag_operator to 2022-01-01 00:00:00+00:00, run_after=2022-01-01 00:00:00+00:00
[2024-03-18T15:37:58.711+0000] {logging_mixin.py:188} INFO - [2024-03-18T15:37:58.710+0000] {dag.py:3834} INFO - Setting next_dagrun for example_subdag_operator.section-1 to None, run_after=None
[2024-03-18T15:37:58.712+0000] {logging_mixin.py:188} INFO - [2024-03-18T15:37:58.712+0000] {dag.py:3834} INFO - Setting next_dagrun for example_subdag_operator.section-2 to None, run_after=None
[2024-03-18T15:37:58.718+0000] {logging_mixin.py:188} INFO - [2024-03-18T15:37:58.718+0000] {dag.py:3047} INFO - Sync 2 DAGs
[2024-03-18T15:37:58.724+0000] {logging_mixin.py:188} INFO - [2024-03-18T15:37:58.724+0000] {dag.py:3834} INFO - Setting next_dagrun for example_subdag_operator.section-1 to None, run_after=None
[2024-03-18T15:37:58.725+0000] {logging_mixin.py:188} INFO - [2024-03-18T15:37:58.725+0000] {dag.py:3834} INFO - Setting next_dagrun for example_subdag_operator.section-2 to None, run_after=None
[2024-03-18T15:37:58.737+0000] {processor.py:183} INFO - Processing /home/airflow/.local/lib/python3.8/site-packages/airflow/example_dags/example_subdag_operator.py took 0.089 seconds
[2024-03-18T15:38:28.839+0000] {processor.py:161} INFO - Started process (PID=760) to work on /home/airflow/.local/lib/python3.8/site-packages/airflow/example_dags/example_subdag_operator.py
[2024-03-18T15:38:28.839+0000] {processor.py:830} INFO - Processing file /home/airflow/.local/lib/python3.8/site-packages/airflow/example_dags/example_subdag_operator.py for tasks to queue
[2024-03-18T15:38:28.841+0000] {logging_mixin.py:188} INFO - [2024-03-18T15:38:28.841+0000] {dagbag.py:540} INFO - Filling up the DagBag from /home/airflow/.local/lib/python3.8/site-packages/airflow/example_dags/example_subdag_operator.py
[2024-03-18T15:38:28.858+0000] {processor.py:840} INFO - DAG(s) 'example_subdag_operator.section-1', 'example_subdag_operator.section-2', 'example_subdag_operator' retrieved from /home/airflow/.local/lib/python3.8/site-packages/airflow/example_dags/example_subdag_operator.py
[2024-03-18T15:38:28.872+0000] {logging_mixin.py:188} INFO - [2024-03-18T15:38:28.871+0000] {dag.py:3047} INFO - Sync 3 DAGs
[2024-03-18T15:38:28.889+0000] {logging_mixin.py:188} INFO - [2024-03-18T15:38:28.889+0000] {dag.py:3834} INFO - Setting next_dagrun for example_subdag_operator to 2022-01-01 00:00:00+00:00, run_after=2022-01-01 00:00:00+00:00
[2024-03-18T15:38:28.892+0000] {logging_mixin.py:188} INFO - [2024-03-18T15:38:28.892+0000] {dag.py:3834} INFO - Setting next_dagrun for example_subdag_operator.section-1 to None, run_after=None
[2024-03-18T15:38:28.893+0000] {logging_mixin.py:188} INFO - [2024-03-18T15:38:28.893+0000] {dag.py:3834} INFO - Setting next_dagrun for example_subdag_operator.section-2 to None, run_after=None
[2024-03-18T15:38:28.899+0000] {logging_mixin.py:188} INFO - [2024-03-18T15:38:28.899+0000] {dag.py:3047} INFO - Sync 2 DAGs
[2024-03-18T15:38:28.905+0000] {logging_mixin.py:188} INFO - [2024-03-18T15:38:28.905+0000] {dag.py:3834} INFO - Setting next_dagrun for example_subdag_operator.section-1 to None, run_after=None
[2024-03-18T15:38:28.905+0000] {logging_mixin.py:188} INFO - [2024-03-18T15:38:28.905+0000] {dag.py:3834} INFO - Setting next_dagrun for example_subdag_operator.section-2 to None, run_after=None
[2024-03-18T15:38:28.914+0000] {processor.py:183} INFO - Processing /home/airflow/.local/lib/python3.8/site-packages/airflow/example_dags/example_subdag_operator.py took 0.078 seconds
[2024-03-18T15:38:58.997+0000] {processor.py:161} INFO - Started process (PID=815) to work on /home/airflow/.local/lib/python3.8/site-packages/airflow/example_dags/example_subdag_operator.py
[2024-03-18T15:38:58.999+0000] {processor.py:830} INFO - Processing file /home/airflow/.local/lib/python3.8/site-packages/airflow/example_dags/example_subdag_operator.py for tasks to queue
[2024-03-18T15:38:59.000+0000] {logging_mixin.py:188} INFO - [2024-03-18T15:38:59.000+0000] {dagbag.py:540} INFO - Filling up the DagBag from /home/airflow/.local/lib/python3.8/site-packages/airflow/example_dags/example_subdag_operator.py
[2024-03-18T15:38:59.019+0000] {processor.py:840} INFO - DAG(s) 'example_subdag_operator.section-1', 'example_subdag_operator.section-2', 'example_subdag_operator' retrieved from /home/airflow/.local/lib/python3.8/site-packages/airflow/example_dags/example_subdag_operator.py
[2024-03-18T15:38:59.034+0000] {logging_mixin.py:188} INFO - [2024-03-18T15:38:59.034+0000] {dag.py:3047} INFO - Sync 3 DAGs
[2024-03-18T15:38:59.055+0000] {logging_mixin.py:188} INFO - [2024-03-18T15:38:59.055+0000] {dag.py:3834} INFO - Setting next_dagrun for example_subdag_operator to 2022-01-01 00:00:00+00:00, run_after=2022-01-01 00:00:00+00:00
[2024-03-18T15:38:59.058+0000] {logging_mixin.py:188} INFO - [2024-03-18T15:38:59.058+0000] {dag.py:3834} INFO - Setting next_dagrun for example_subdag_operator.section-1 to None, run_after=None
[2024-03-18T15:38:59.060+0000] {logging_mixin.py:188} INFO - [2024-03-18T15:38:59.060+0000] {dag.py:3834} INFO - Setting next_dagrun for example_subdag_operator.section-2 to None, run_after=None
[2024-03-18T15:38:59.066+0000] {logging_mixin.py:188} INFO - [2024-03-18T15:38:59.066+0000] {dag.py:3047} INFO - Sync 2 DAGs
[2024-03-18T15:38:59.071+0000] {logging_mixin.py:188} INFO - [2024-03-18T15:38:59.070+0000] {dag.py:3834} INFO - Setting next_dagrun for example_subdag_operator.section-1 to None, run_after=None
[2024-03-18T15:38:59.071+0000] {logging_mixin.py:188} INFO - [2024-03-18T15:38:59.071+0000] {dag.py:3834} INFO - Setting next_dagrun for example_subdag_operator.section-2 to None, run_after=None
[2024-03-18T15:38:59.081+0000] {processor.py:183} INFO - Processing /home/airflow/.local/lib/python3.8/site-packages/airflow/example_dags/example_subdag_operator.py took 0.087 seconds
[2024-03-18T15:39:29.185+0000] {processor.py:161} INFO - Started process (PID=870) to work on /home/airflow/.local/lib/python3.8/site-packages/airflow/example_dags/example_subdag_operator.py
[2024-03-18T15:39:29.186+0000] {processor.py:830} INFO - Processing file /home/airflow/.local/lib/python3.8/site-packages/airflow/example_dags/example_subdag_operator.py for tasks to queue
[2024-03-18T15:39:29.189+0000] {logging_mixin.py:188} INFO - [2024-03-18T15:39:29.189+0000] {dagbag.py:540} INFO - Filling up the DagBag from /home/airflow/.local/lib/python3.8/site-packages/airflow/example_dags/example_subdag_operator.py
[2024-03-18T15:39:29.213+0000] {processor.py:840} INFO - DAG(s) 'example_subdag_operator.section-1', 'example_subdag_operator.section-2', 'example_subdag_operator' retrieved from /home/airflow/.local/lib/python3.8/site-packages/airflow/example_dags/example_subdag_operator.py
[2024-03-18T15:39:29.232+0000] {logging_mixin.py:188} INFO - [2024-03-18T15:39:29.231+0000] {dag.py:3047} INFO - Sync 3 DAGs
[2024-03-18T15:39:29.253+0000] {logging_mixin.py:188} INFO - [2024-03-18T15:39:29.253+0000] {dag.py:3834} INFO - Setting next_dagrun for example_subdag_operator to 2022-01-01 00:00:00+00:00, run_after=2022-01-01 00:00:00+00:00
[2024-03-18T15:39:29.257+0000] {logging_mixin.py:188} INFO - [2024-03-18T15:39:29.256+0000] {dag.py:3834} INFO - Setting next_dagrun for example_subdag_operator.section-1 to None, run_after=None
[2024-03-18T15:39:29.258+0000] {logging_mixin.py:188} INFO - [2024-03-18T15:39:29.258+0000] {dag.py:3834} INFO - Setting next_dagrun for example_subdag_operator.section-2 to None, run_after=None
[2024-03-18T15:39:29.265+0000] {logging_mixin.py:188} INFO - [2024-03-18T15:39:29.265+0000] {dag.py:3047} INFO - Sync 2 DAGs
[2024-03-18T15:39:29.269+0000] {logging_mixin.py:188} INFO - [2024-03-18T15:39:29.269+0000] {dag.py:3834} INFO - Setting next_dagrun for example_subdag_operator.section-1 to None, run_after=None
[2024-03-18T15:39:29.270+0000] {logging_mixin.py:188} INFO - [2024-03-18T15:39:29.270+0000] {dag.py:3834} INFO - Setting next_dagrun for example_subdag_operator.section-2 to None, run_after=None
[2024-03-18T15:39:29.279+0000] {processor.py:183} INFO - Processing /home/airflow/.local/lib/python3.8/site-packages/airflow/example_dags/example_subdag_operator.py took 0.097 seconds
[2024-03-18T15:39:59.341+0000] {processor.py:161} INFO - Started process (PID=925) to work on /home/airflow/.local/lib/python3.8/site-packages/airflow/example_dags/example_subdag_operator.py
[2024-03-18T15:39:59.342+0000] {processor.py:830} INFO - Processing file /home/airflow/.local/lib/python3.8/site-packages/airflow/example_dags/example_subdag_operator.py for tasks to queue
[2024-03-18T15:39:59.343+0000] {logging_mixin.py:188} INFO - [2024-03-18T15:39:59.343+0000] {dagbag.py:540} INFO - Filling up the DagBag from /home/airflow/.local/lib/python3.8/site-packages/airflow/example_dags/example_subdag_operator.py
[2024-03-18T15:39:59.364+0000] {processor.py:840} INFO - DAG(s) 'example_subdag_operator.section-1', 'example_subdag_operator.section-2', 'example_subdag_operator' retrieved from /home/airflow/.local/lib/python3.8/site-packages/airflow/example_dags/example_subdag_operator.py
[2024-03-18T15:39:59.377+0000] {logging_mixin.py:188} INFO - [2024-03-18T15:39:59.377+0000] {dag.py:3047} INFO - Sync 3 DAGs
[2024-03-18T15:39:59.396+0000] {logging_mixin.py:188} INFO - [2024-03-18T15:39:59.396+0000] {dag.py:3834} INFO - Setting next_dagrun for example_subdag_operator to 2022-01-01 00:00:00+00:00, run_after=2022-01-01 00:00:00+00:00
[2024-03-18T15:39:59.399+0000] {logging_mixin.py:188} INFO - [2024-03-18T15:39:59.399+0000] {dag.py:3834} INFO - Setting next_dagrun for example_subdag_operator.section-1 to None, run_after=None
[2024-03-18T15:39:59.400+0000] {logging_mixin.py:188} INFO - [2024-03-18T15:39:59.400+0000] {dag.py:3834} INFO - Setting next_dagrun for example_subdag_operator.section-2 to None, run_after=None
[2024-03-18T15:39:59.407+0000] {logging_mixin.py:188} INFO - [2024-03-18T15:39:59.406+0000] {dag.py:3047} INFO - Sync 2 DAGs
[2024-03-18T15:39:59.411+0000] {logging_mixin.py:188} INFO - [2024-03-18T15:39:59.411+0000] {dag.py:3834} INFO - Setting next_dagrun for example_subdag_operator.section-1 to None, run_after=None
[2024-03-18T15:39:59.411+0000] {logging_mixin.py:188} INFO - [2024-03-18T15:39:59.411+0000] {dag.py:3834} INFO - Setting next_dagrun for example_subdag_operator.section-2 to None, run_after=None
[2024-03-18T15:39:59.420+0000] {processor.py:183} INFO - Processing /home/airflow/.local/lib/python3.8/site-packages/airflow/example_dags/example_subdag_operator.py took 0.081 seconds
[2024-03-18T15:40:29.447+0000] {processor.py:161} INFO - Started process (PID=980) to work on /home/airflow/.local/lib/python3.8/site-packages/airflow/example_dags/example_subdag_operator.py
[2024-03-18T15:40:29.448+0000] {processor.py:830} INFO - Processing file /home/airflow/.local/lib/python3.8/site-packages/airflow/example_dags/example_subdag_operator.py for tasks to queue
[2024-03-18T15:40:29.450+0000] {logging_mixin.py:188} INFO - [2024-03-18T15:40:29.449+0000] {dagbag.py:540} INFO - Filling up the DagBag from /home/airflow/.local/lib/python3.8/site-packages/airflow/example_dags/example_subdag_operator.py
[2024-03-18T15:40:29.468+0000] {processor.py:840} INFO - DAG(s) 'example_subdag_operator.section-1', 'example_subdag_operator.section-2', 'example_subdag_operator' retrieved from /home/airflow/.local/lib/python3.8/site-packages/airflow/example_dags/example_subdag_operator.py
[2024-03-18T15:40:29.481+0000] {logging_mixin.py:188} INFO - [2024-03-18T15:40:29.480+0000] {dag.py:3047} INFO - Sync 3 DAGs
[2024-03-18T15:40:29.501+0000] {logging_mixin.py:188} INFO - [2024-03-18T15:40:29.500+0000] {dag.py:3834} INFO - Setting next_dagrun for example_subdag_operator to 2022-01-01 00:00:00+00:00, run_after=2022-01-01 00:00:00+00:00
[2024-03-18T15:40:29.504+0000] {logging_mixin.py:188} INFO - [2024-03-18T15:40:29.504+0000] {dag.py:3834} INFO - Setting next_dagrun for example_subdag_operator.section-1 to None, run_after=None
[2024-03-18T15:40:29.506+0000] {logging_mixin.py:188} INFO - [2024-03-18T15:40:29.506+0000] {dag.py:3834} INFO - Setting next_dagrun for example_subdag_operator.section-2 to None, run_after=None
[2024-03-18T15:40:29.512+0000] {logging_mixin.py:188} INFO - [2024-03-18T15:40:29.512+0000] {dag.py:3047} INFO - Sync 2 DAGs
[2024-03-18T15:40:29.517+0000] {logging_mixin.py:188} INFO - [2024-03-18T15:40:29.516+0000] {dag.py:3834} INFO - Setting next_dagrun for example_subdag_operator.section-1 to None, run_after=None
[2024-03-18T15:40:29.517+0000] {logging_mixin.py:188} INFO - [2024-03-18T15:40:29.517+0000] {dag.py:3834} INFO - Setting next_dagrun for example_subdag_operator.section-2 to None, run_after=None
[2024-03-18T15:40:29.527+0000] {processor.py:183} INFO - Processing /home/airflow/.local/lib/python3.8/site-packages/airflow/example_dags/example_subdag_operator.py took 0.082 seconds
[2024-03-18T15:40:59.608+0000] {processor.py:161} INFO - Started process (PID=1035) to work on /home/airflow/.local/lib/python3.8/site-packages/airflow/example_dags/example_subdag_operator.py
[2024-03-18T15:40:59.609+0000] {processor.py:830} INFO - Processing file /home/airflow/.local/lib/python3.8/site-packages/airflow/example_dags/example_subdag_operator.py for tasks to queue
[2024-03-18T15:40:59.610+0000] {logging_mixin.py:188} INFO - [2024-03-18T15:40:59.610+0000] {dagbag.py:540} INFO - Filling up the DagBag from /home/airflow/.local/lib/python3.8/site-packages/airflow/example_dags/example_subdag_operator.py
[2024-03-18T15:40:59.630+0000] {processor.py:840} INFO - DAG(s) 'example_subdag_operator.section-1', 'example_subdag_operator.section-2', 'example_subdag_operator' retrieved from /home/airflow/.local/lib/python3.8/site-packages/airflow/example_dags/example_subdag_operator.py
[2024-03-18T15:40:59.646+0000] {logging_mixin.py:188} INFO - [2024-03-18T15:40:59.645+0000] {dag.py:3047} INFO - Sync 3 DAGs
[2024-03-18T15:40:59.666+0000] {logging_mixin.py:188} INFO - [2024-03-18T15:40:59.665+0000] {dag.py:3834} INFO - Setting next_dagrun for example_subdag_operator to 2022-01-01 00:00:00+00:00, run_after=2022-01-01 00:00:00+00:00
[2024-03-18T15:40:59.669+0000] {logging_mixin.py:188} INFO - [2024-03-18T15:40:59.669+0000] {dag.py:3834} INFO - Setting next_dagrun for example_subdag_operator.section-1 to None, run_after=None
[2024-03-18T15:40:59.671+0000] {logging_mixin.py:188} INFO - [2024-03-18T15:40:59.670+0000] {dag.py:3834} INFO - Setting next_dagrun for example_subdag_operator.section-2 to None, run_after=None
[2024-03-18T15:40:59.679+0000] {logging_mixin.py:188} INFO - [2024-03-18T15:40:59.679+0000] {dag.py:3047} INFO - Sync 2 DAGs
[2024-03-18T15:40:59.685+0000] {logging_mixin.py:188} INFO - [2024-03-18T15:40:59.685+0000] {dag.py:3834} INFO - Setting next_dagrun for example_subdag_operator.section-1 to None, run_after=None
[2024-03-18T15:40:59.685+0000] {logging_mixin.py:188} INFO - [2024-03-18T15:40:59.685+0000] {dag.py:3834} INFO - Setting next_dagrun for example_subdag_operator.section-2 to None, run_after=None
[2024-03-18T15:40:59.695+0000] {processor.py:183} INFO - Processing /home/airflow/.local/lib/python3.8/site-packages/airflow/example_dags/example_subdag_operator.py took 0.090 seconds
[2024-03-18T15:41:29.724+0000] {processor.py:161} INFO - Started process (PID=1090) to work on /home/airflow/.local/lib/python3.8/site-packages/airflow/example_dags/example_subdag_operator.py
[2024-03-18T15:41:29.725+0000] {processor.py:830} INFO - Processing file /home/airflow/.local/lib/python3.8/site-packages/airflow/example_dags/example_subdag_operator.py for tasks to queue
[2024-03-18T15:41:29.726+0000] {logging_mixin.py:188} INFO - [2024-03-18T15:41:29.726+0000] {dagbag.py:540} INFO - Filling up the DagBag from /home/airflow/.local/lib/python3.8/site-packages/airflow/example_dags/example_subdag_operator.py
[2024-03-18T15:41:29.744+0000] {processor.py:840} INFO - DAG(s) 'example_subdag_operator.section-1', 'example_subdag_operator.section-2', 'example_subdag_operator' retrieved from /home/airflow/.local/lib/python3.8/site-packages/airflow/example_dags/example_subdag_operator.py
[2024-03-18T15:41:29.757+0000] {logging_mixin.py:188} INFO - [2024-03-18T15:41:29.756+0000] {dag.py:3047} INFO - Sync 3 DAGs
[2024-03-18T15:41:29.774+0000] {logging_mixin.py:188} INFO - [2024-03-18T15:41:29.774+0000] {dag.py:3834} INFO - Setting next_dagrun for example_subdag_operator to 2022-01-01 00:00:00+00:00, run_after=2022-01-01 00:00:00+00:00
[2024-03-18T15:41:29.777+0000] {logging_mixin.py:188} INFO - [2024-03-18T15:41:29.777+0000] {dag.py:3834} INFO - Setting next_dagrun for example_subdag_operator.section-1 to None, run_after=None
[2024-03-18T15:41:29.778+0000] {logging_mixin.py:188} INFO - [2024-03-18T15:41:29.778+0000] {dag.py:3834} INFO - Setting next_dagrun for example_subdag_operator.section-2 to None, run_after=None
[2024-03-18T15:41:29.784+0000] {logging_mixin.py:188} INFO - [2024-03-18T15:41:29.784+0000] {dag.py:3047} INFO - Sync 2 DAGs
[2024-03-18T15:41:29.788+0000] {logging_mixin.py:188} INFO - [2024-03-18T15:41:29.788+0000] {dag.py:3834} INFO - Setting next_dagrun for example_subdag_operator.section-1 to None, run_after=None
[2024-03-18T15:41:29.788+0000] {logging_mixin.py:188} INFO - [2024-03-18T15:41:29.788+0000] {dag.py:3834} INFO - Setting next_dagrun for example_subdag_operator.section-2 to None, run_after=None
[2024-03-18T15:41:29.798+0000] {processor.py:183} INFO - Processing /home/airflow/.local/lib/python3.8/site-packages/airflow/example_dags/example_subdag_operator.py took 0.077 seconds
[2024-03-18T15:42:00.008+0000] {processor.py:161} INFO - Started process (PID=1145) to work on /home/airflow/.local/lib/python3.8/site-packages/airflow/example_dags/example_subdag_operator.py
[2024-03-18T15:42:00.009+0000] {processor.py:830} INFO - Processing file /home/airflow/.local/lib/python3.8/site-packages/airflow/example_dags/example_subdag_operator.py for tasks to queue
[2024-03-18T15:42:00.011+0000] {logging_mixin.py:188} INFO - [2024-03-18T15:42:00.011+0000] {dagbag.py:540} INFO - Filling up the DagBag from /home/airflow/.local/lib/python3.8/site-packages/airflow/example_dags/example_subdag_operator.py
[2024-03-18T15:42:00.028+0000] {processor.py:840} INFO - DAG(s) 'example_subdag_operator.section-1', 'example_subdag_operator.section-2', 'example_subdag_operator' retrieved from /home/airflow/.local/lib/python3.8/site-packages/airflow/example_dags/example_subdag_operator.py
[2024-03-18T15:42:00.041+0000] {logging_mixin.py:188} INFO - [2024-03-18T15:42:00.041+0000] {dag.py:3047} INFO - Sync 3 DAGs
[2024-03-18T15:42:00.058+0000] {logging_mixin.py:188} INFO - [2024-03-18T15:42:00.058+0000] {dag.py:3834} INFO - Setting next_dagrun for example_subdag_operator to 2022-01-01 00:00:00+00:00, run_after=2022-01-01 00:00:00+00:00
[2024-03-18T15:42:00.061+0000] {logging_mixin.py:188} INFO - [2024-03-18T15:42:00.061+0000] {dag.py:3834} INFO - Setting next_dagrun for example_subdag_operator.section-1 to None, run_after=None
[2024-03-18T15:42:00.063+0000] {logging_mixin.py:188} INFO - [2024-03-18T15:42:00.062+0000] {dag.py:3834} INFO - Setting next_dagrun for example_subdag_operator.section-2 to None, run_after=None
[2024-03-18T15:42:00.068+0000] {logging_mixin.py:188} INFO - [2024-03-18T15:42:00.068+0000] {dag.py:3047} INFO - Sync 2 DAGs
[2024-03-18T15:42:00.073+0000] {logging_mixin.py:188} INFO - [2024-03-18T15:42:00.072+0000] {dag.py:3834} INFO - Setting next_dagrun for example_subdag_operator.section-1 to None, run_after=None
[2024-03-18T15:42:00.073+0000] {logging_mixin.py:188} INFO - [2024-03-18T15:42:00.073+0000] {dag.py:3834} INFO - Setting next_dagrun for example_subdag_operator.section-2 to None, run_after=None
[2024-03-18T15:42:00.083+0000] {processor.py:183} INFO - Processing /home/airflow/.local/lib/python3.8/site-packages/airflow/example_dags/example_subdag_operator.py took 0.077 seconds
[2024-03-18T15:42:30.206+0000] {processor.py:161} INFO - Started process (PID=1200) to work on /home/airflow/.local/lib/python3.8/site-packages/airflow/example_dags/example_subdag_operator.py
[2024-03-18T15:42:30.206+0000] {processor.py:830} INFO - Processing file /home/airflow/.local/lib/python3.8/site-packages/airflow/example_dags/example_subdag_operator.py for tasks to queue
[2024-03-18T15:42:30.208+0000] {logging_mixin.py:188} INFO - [2024-03-18T15:42:30.208+0000] {dagbag.py:540} INFO - Filling up the DagBag from /home/airflow/.local/lib/python3.8/site-packages/airflow/example_dags/example_subdag_operator.py
[2024-03-18T15:42:30.225+0000] {processor.py:840} INFO - DAG(s) 'example_subdag_operator.section-1', 'example_subdag_operator.section-2', 'example_subdag_operator' retrieved from /home/airflow/.local/lib/python3.8/site-packages/airflow/example_dags/example_subdag_operator.py
[2024-03-18T15:42:30.237+0000] {logging_mixin.py:188} INFO - [2024-03-18T15:42:30.237+0000] {dag.py:3047} INFO - Sync 3 DAGs
[2024-03-18T15:42:30.254+0000] {logging_mixin.py:188} INFO - [2024-03-18T15:42:30.254+0000] {dag.py:3834} INFO - Setting next_dagrun for example_subdag_operator to 2022-01-01 00:00:00+00:00, run_after=2022-01-01 00:00:00+00:00
[2024-03-18T15:42:30.257+0000] {logging_mixin.py:188} INFO - [2024-03-18T15:42:30.257+0000] {dag.py:3834} INFO - Setting next_dagrun for example_subdag_operator.section-1 to None, run_after=None
[2024-03-18T15:42:30.259+0000] {logging_mixin.py:188} INFO - [2024-03-18T15:42:30.258+0000] {dag.py:3834} INFO - Setting next_dagrun for example_subdag_operator.section-2 to None, run_after=None
[2024-03-18T15:42:30.264+0000] {logging_mixin.py:188} INFO - [2024-03-18T15:42:30.264+0000] {dag.py:3047} INFO - Sync 2 DAGs
[2024-03-18T15:42:30.269+0000] {logging_mixin.py:188} INFO - [2024-03-18T15:42:30.268+0000] {dag.py:3834} INFO - Setting next_dagrun for example_subdag_operator.section-1 to None, run_after=None
[2024-03-18T15:42:30.269+0000] {logging_mixin.py:188} INFO - [2024-03-18T15:42:30.269+0000] {dag.py:3834} INFO - Setting next_dagrun for example_subdag_operator.section-2 to None, run_after=None
[2024-03-18T15:42:30.279+0000] {processor.py:183} INFO - Processing /home/airflow/.local/lib/python3.8/site-packages/airflow/example_dags/example_subdag_operator.py took 0.075 seconds
[2024-03-18T15:43:00.394+0000] {processor.py:161} INFO - Started process (PID=1255) to work on /home/airflow/.local/lib/python3.8/site-packages/airflow/example_dags/example_subdag_operator.py
[2024-03-18T15:43:00.395+0000] {processor.py:830} INFO - Processing file /home/airflow/.local/lib/python3.8/site-packages/airflow/example_dags/example_subdag_operator.py for tasks to queue
[2024-03-18T15:43:00.396+0000] {logging_mixin.py:188} INFO - [2024-03-18T15:43:00.396+0000] {dagbag.py:540} INFO - Filling up the DagBag from /home/airflow/.local/lib/python3.8/site-packages/airflow/example_dags/example_subdag_operator.py
[2024-03-18T15:43:00.413+0000] {processor.py:840} INFO - DAG(s) 'example_subdag_operator.section-1', 'example_subdag_operator.section-2', 'example_subdag_operator' retrieved from /home/airflow/.local/lib/python3.8/site-packages/airflow/example_dags/example_subdag_operator.py
[2024-03-18T15:43:00.426+0000] {logging_mixin.py:188} INFO - [2024-03-18T15:43:00.426+0000] {dag.py:3047} INFO - Sync 3 DAGs
[2024-03-18T15:43:00.444+0000] {logging_mixin.py:188} INFO - [2024-03-18T15:43:00.444+0000] {dag.py:3834} INFO - Setting next_dagrun for example_subdag_operator to 2022-01-01 00:00:00+00:00, run_after=2022-01-01 00:00:00+00:00
[2024-03-18T15:43:00.447+0000] {logging_mixin.py:188} INFO - [2024-03-18T15:43:00.447+0000] {dag.py:3834} INFO - Setting next_dagrun for example_subdag_operator.section-1 to None, run_after=None
[2024-03-18T15:43:00.448+0000] {logging_mixin.py:188} INFO - [2024-03-18T15:43:00.448+0000] {dag.py:3834} INFO - Setting next_dagrun for example_subdag_operator.section-2 to None, run_after=None
[2024-03-18T15:43:00.454+0000] {logging_mixin.py:188} INFO - [2024-03-18T15:43:00.454+0000] {dag.py:3047} INFO - Sync 2 DAGs
[2024-03-18T15:43:00.458+0000] {logging_mixin.py:188} INFO - [2024-03-18T15:43:00.458+0000] {dag.py:3834} INFO - Setting next_dagrun for example_subdag_operator.section-1 to None, run_after=None
[2024-03-18T15:43:00.459+0000] {logging_mixin.py:188} INFO - [2024-03-18T15:43:00.459+0000] {dag.py:3834} INFO - Setting next_dagrun for example_subdag_operator.section-2 to None, run_after=None
[2024-03-18T15:43:00.468+0000] {processor.py:183} INFO - Processing /home/airflow/.local/lib/python3.8/site-packages/airflow/example_dags/example_subdag_operator.py took 0.076 seconds
