[2024-03-18T15:31:55.426+0000] {processor.py:161} INFO - Started process (PID=56) to work on /home/airflow/.local/lib/python3.8/site-packages/airflow/example_dags/example_python_operator.py
[2024-03-18T15:31:55.427+0000] {processor.py:830} INFO - Processing file /home/airflow/.local/lib/python3.8/site-packages/airflow/example_dags/example_python_operator.py for tasks to queue
[2024-03-18T15:31:55.429+0000] {logging_mixin.py:188} INFO - [2024-03-18T15:31:55.429+0000] {dagbag.py:540} INFO - Filling up the DagBag from /home/airflow/.local/lib/python3.8/site-packages/airflow/example_dags/example_python_operator.py
[2024-03-18T15:31:55.440+0000] {processor.py:840} INFO - DAG(s) 'example_python_operator' retrieved from /home/airflow/.local/lib/python3.8/site-packages/airflow/example_dags/example_python_operator.py
[2024-03-18T15:31:55.451+0000] {logging_mixin.py:188} INFO - [2024-03-18T15:31:55.451+0000] {dag.py:3047} INFO - Sync 1 DAGs
[2024-03-18T15:31:55.465+0000] {logging_mixin.py:188} INFO - [2024-03-18T15:31:55.465+0000] {dag.py:3834} INFO - Setting next_dagrun for example_python_operator to None, run_after=None
[2024-03-18T15:31:55.486+0000] {processor.py:183} INFO - Processing /home/airflow/.local/lib/python3.8/site-packages/airflow/example_dags/example_python_operator.py took 0.064 seconds
[2024-03-18T15:32:26.175+0000] {processor.py:161} INFO - Started process (PID=111) to work on /home/airflow/.local/lib/python3.8/site-packages/airflow/example_dags/example_python_operator.py
[2024-03-18T15:32:26.176+0000] {processor.py:830} INFO - Processing file /home/airflow/.local/lib/python3.8/site-packages/airflow/example_dags/example_python_operator.py for tasks to queue
[2024-03-18T15:32:26.178+0000] {logging_mixin.py:188} INFO - [2024-03-18T15:32:26.178+0000] {dagbag.py:540} INFO - Filling up the DagBag from /home/airflow/.local/lib/python3.8/site-packages/airflow/example_dags/example_python_operator.py
[2024-03-18T15:32:26.187+0000] {processor.py:840} INFO - DAG(s) 'example_python_operator' retrieved from /home/airflow/.local/lib/python3.8/site-packages/airflow/example_dags/example_python_operator.py
[2024-03-18T15:32:26.267+0000] {logging_mixin.py:188} INFO - [2024-03-18T15:32:26.267+0000] {dag.py:3047} INFO - Sync 1 DAGs
[2024-03-18T15:32:26.275+0000] {logging_mixin.py:188} INFO - [2024-03-18T15:32:26.275+0000] {dag.py:3834} INFO - Setting next_dagrun for example_python_operator to None, run_after=None
[2024-03-18T15:32:26.291+0000] {processor.py:183} INFO - Processing /home/airflow/.local/lib/python3.8/site-packages/airflow/example_dags/example_python_operator.py took 0.120 seconds
[2024-03-18T15:32:56.312+0000] {processor.py:161} INFO - Started process (PID=166) to work on /home/airflow/.local/lib/python3.8/site-packages/airflow/example_dags/example_python_operator.py
[2024-03-18T15:32:56.313+0000] {processor.py:830} INFO - Processing file /home/airflow/.local/lib/python3.8/site-packages/airflow/example_dags/example_python_operator.py for tasks to queue
[2024-03-18T15:32:56.315+0000] {logging_mixin.py:188} INFO - [2024-03-18T15:32:56.314+0000] {dagbag.py:540} INFO - Filling up the DagBag from /home/airflow/.local/lib/python3.8/site-packages/airflow/example_dags/example_python_operator.py
[2024-03-18T15:32:56.323+0000] {processor.py:840} INFO - DAG(s) 'example_python_operator' retrieved from /home/airflow/.local/lib/python3.8/site-packages/airflow/example_dags/example_python_operator.py
[2024-03-18T15:32:56.340+0000] {logging_mixin.py:188} INFO - [2024-03-18T15:32:56.340+0000] {dag.py:3047} INFO - Sync 1 DAGs
[2024-03-18T15:32:56.350+0000] {logging_mixin.py:188} INFO - [2024-03-18T15:32:56.350+0000] {dag.py:3834} INFO - Setting next_dagrun for example_python_operator to None, run_after=None
[2024-03-18T15:32:56.364+0000] {processor.py:183} INFO - Processing /home/airflow/.local/lib/python3.8/site-packages/airflow/example_dags/example_python_operator.py took 0.055 seconds
[2024-03-18T15:33:26.458+0000] {processor.py:161} INFO - Started process (PID=221) to work on /home/airflow/.local/lib/python3.8/site-packages/airflow/example_dags/example_python_operator.py
[2024-03-18T15:33:26.459+0000] {processor.py:830} INFO - Processing file /home/airflow/.local/lib/python3.8/site-packages/airflow/example_dags/example_python_operator.py for tasks to queue
[2024-03-18T15:33:26.461+0000] {logging_mixin.py:188} INFO - [2024-03-18T15:33:26.461+0000] {dagbag.py:540} INFO - Filling up the DagBag from /home/airflow/.local/lib/python3.8/site-packages/airflow/example_dags/example_python_operator.py
[2024-03-18T15:33:26.469+0000] {processor.py:840} INFO - DAG(s) 'example_python_operator' retrieved from /home/airflow/.local/lib/python3.8/site-packages/airflow/example_dags/example_python_operator.py
[2024-03-18T15:33:26.485+0000] {logging_mixin.py:188} INFO - [2024-03-18T15:33:26.485+0000] {dag.py:3047} INFO - Sync 1 DAGs
[2024-03-18T15:33:26.495+0000] {logging_mixin.py:188} INFO - [2024-03-18T15:33:26.495+0000] {dag.py:3834} INFO - Setting next_dagrun for example_python_operator to None, run_after=None
[2024-03-18T15:33:26.510+0000] {processor.py:183} INFO - Processing /home/airflow/.local/lib/python3.8/site-packages/airflow/example_dags/example_python_operator.py took 0.055 seconds
[2024-03-18T15:33:56.835+0000] {processor.py:161} INFO - Started process (PID=276) to work on /home/airflow/.local/lib/python3.8/site-packages/airflow/example_dags/example_python_operator.py
[2024-03-18T15:33:56.836+0000] {processor.py:830} INFO - Processing file /home/airflow/.local/lib/python3.8/site-packages/airflow/example_dags/example_python_operator.py for tasks to queue
[2024-03-18T15:33:56.837+0000] {logging_mixin.py:188} INFO - [2024-03-18T15:33:56.837+0000] {dagbag.py:540} INFO - Filling up the DagBag from /home/airflow/.local/lib/python3.8/site-packages/airflow/example_dags/example_python_operator.py
[2024-03-18T15:33:56.845+0000] {processor.py:840} INFO - DAG(s) 'example_python_operator' retrieved from /home/airflow/.local/lib/python3.8/site-packages/airflow/example_dags/example_python_operator.py
[2024-03-18T15:33:56.862+0000] {logging_mixin.py:188} INFO - [2024-03-18T15:33:56.862+0000] {dag.py:3047} INFO - Sync 1 DAGs
[2024-03-18T15:33:56.875+0000] {logging_mixin.py:188} INFO - [2024-03-18T15:33:56.875+0000] {dag.py:3834} INFO - Setting next_dagrun for example_python_operator to None, run_after=None
[2024-03-18T15:33:56.893+0000] {processor.py:183} INFO - Processing /home/airflow/.local/lib/python3.8/site-packages/airflow/example_dags/example_python_operator.py took 0.060 seconds
[2024-03-18T15:34:27.030+0000] {processor.py:161} INFO - Started process (PID=331) to work on /home/airflow/.local/lib/python3.8/site-packages/airflow/example_dags/example_python_operator.py
[2024-03-18T15:34:27.031+0000] {processor.py:830} INFO - Processing file /home/airflow/.local/lib/python3.8/site-packages/airflow/example_dags/example_python_operator.py for tasks to queue
[2024-03-18T15:34:27.032+0000] {logging_mixin.py:188} INFO - [2024-03-18T15:34:27.032+0000] {dagbag.py:540} INFO - Filling up the DagBag from /home/airflow/.local/lib/python3.8/site-packages/airflow/example_dags/example_python_operator.py
[2024-03-18T15:34:27.040+0000] {processor.py:840} INFO - DAG(s) 'example_python_operator' retrieved from /home/airflow/.local/lib/python3.8/site-packages/airflow/example_dags/example_python_operator.py
[2024-03-18T15:34:27.056+0000] {logging_mixin.py:188} INFO - [2024-03-18T15:34:27.056+0000] {dag.py:3047} INFO - Sync 1 DAGs
[2024-03-18T15:34:27.066+0000] {logging_mixin.py:188} INFO - [2024-03-18T15:34:27.066+0000] {dag.py:3834} INFO - Setting next_dagrun for example_python_operator to None, run_after=None
[2024-03-18T15:34:27.080+0000] {processor.py:183} INFO - Processing /home/airflow/.local/lib/python3.8/site-packages/airflow/example_dags/example_python_operator.py took 0.053 seconds
[2024-03-18T15:34:57.271+0000] {processor.py:161} INFO - Started process (PID=386) to work on /home/airflow/.local/lib/python3.8/site-packages/airflow/example_dags/example_python_operator.py
[2024-03-18T15:34:57.272+0000] {processor.py:830} INFO - Processing file /home/airflow/.local/lib/python3.8/site-packages/airflow/example_dags/example_python_operator.py for tasks to queue
[2024-03-18T15:34:57.273+0000] {logging_mixin.py:188} INFO - [2024-03-18T15:34:57.273+0000] {dagbag.py:540} INFO - Filling up the DagBag from /home/airflow/.local/lib/python3.8/site-packages/airflow/example_dags/example_python_operator.py
[2024-03-18T15:34:57.281+0000] {processor.py:840} INFO - DAG(s) 'example_python_operator' retrieved from /home/airflow/.local/lib/python3.8/site-packages/airflow/example_dags/example_python_operator.py
[2024-03-18T15:34:57.298+0000] {logging_mixin.py:188} INFO - [2024-03-18T15:34:57.298+0000] {dag.py:3047} INFO - Sync 1 DAGs
[2024-03-18T15:34:57.308+0000] {logging_mixin.py:188} INFO - [2024-03-18T15:34:57.308+0000] {dag.py:3834} INFO - Setting next_dagrun for example_python_operator to None, run_after=None
[2024-03-18T15:34:57.323+0000] {processor.py:183} INFO - Processing /home/airflow/.local/lib/python3.8/site-packages/airflow/example_dags/example_python_operator.py took 0.055 seconds
[2024-03-18T15:35:27.431+0000] {processor.py:161} INFO - Started process (PID=440) to work on /home/airflow/.local/lib/python3.8/site-packages/airflow/example_dags/example_python_operator.py
[2024-03-18T15:35:27.432+0000] {processor.py:830} INFO - Processing file /home/airflow/.local/lib/python3.8/site-packages/airflow/example_dags/example_python_operator.py for tasks to queue
[2024-03-18T15:35:27.434+0000] {logging_mixin.py:188} INFO - [2024-03-18T15:35:27.433+0000] {dagbag.py:540} INFO - Filling up the DagBag from /home/airflow/.local/lib/python3.8/site-packages/airflow/example_dags/example_python_operator.py
[2024-03-18T15:35:27.442+0000] {processor.py:840} INFO - DAG(s) 'example_python_operator' retrieved from /home/airflow/.local/lib/python3.8/site-packages/airflow/example_dags/example_python_operator.py
[2024-03-18T15:35:27.458+0000] {logging_mixin.py:188} INFO - [2024-03-18T15:35:27.458+0000] {dag.py:3047} INFO - Sync 1 DAGs
[2024-03-18T15:35:27.468+0000] {logging_mixin.py:188} INFO - [2024-03-18T15:35:27.468+0000] {dag.py:3834} INFO - Setting next_dagrun for example_python_operator to None, run_after=None
[2024-03-18T15:35:27.483+0000] {processor.py:183} INFO - Processing /home/airflow/.local/lib/python3.8/site-packages/airflow/example_dags/example_python_operator.py took 0.054 seconds
[2024-03-18T15:35:57.699+0000] {processor.py:161} INFO - Started process (PID=495) to work on /home/airflow/.local/lib/python3.8/site-packages/airflow/example_dags/example_python_operator.py
[2024-03-18T15:35:57.700+0000] {processor.py:830} INFO - Processing file /home/airflow/.local/lib/python3.8/site-packages/airflow/example_dags/example_python_operator.py for tasks to queue
[2024-03-18T15:35:57.701+0000] {logging_mixin.py:188} INFO - [2024-03-18T15:35:57.701+0000] {dagbag.py:540} INFO - Filling up the DagBag from /home/airflow/.local/lib/python3.8/site-packages/airflow/example_dags/example_python_operator.py
[2024-03-18T15:35:57.711+0000] {processor.py:840} INFO - DAG(s) 'example_python_operator' retrieved from /home/airflow/.local/lib/python3.8/site-packages/airflow/example_dags/example_python_operator.py
[2024-03-18T15:35:57.730+0000] {logging_mixin.py:188} INFO - [2024-03-18T15:35:57.729+0000] {dag.py:3047} INFO - Sync 1 DAGs
[2024-03-18T15:35:57.740+0000] {logging_mixin.py:188} INFO - [2024-03-18T15:35:57.740+0000] {dag.py:3834} INFO - Setting next_dagrun for example_python_operator to None, run_after=None
[2024-03-18T15:35:57.756+0000] {processor.py:183} INFO - Processing /home/airflow/.local/lib/python3.8/site-packages/airflow/example_dags/example_python_operator.py took 0.060 seconds
[2024-03-18T15:36:28.039+0000] {processor.py:161} INFO - Started process (PID=550) to work on /home/airflow/.local/lib/python3.8/site-packages/airflow/example_dags/example_python_operator.py
[2024-03-18T15:36:28.040+0000] {processor.py:830} INFO - Processing file /home/airflow/.local/lib/python3.8/site-packages/airflow/example_dags/example_python_operator.py for tasks to queue
[2024-03-18T15:36:28.041+0000] {logging_mixin.py:188} INFO - [2024-03-18T15:36:28.041+0000] {dagbag.py:540} INFO - Filling up the DagBag from /home/airflow/.local/lib/python3.8/site-packages/airflow/example_dags/example_python_operator.py
[2024-03-18T15:36:28.049+0000] {processor.py:840} INFO - DAG(s) 'example_python_operator' retrieved from /home/airflow/.local/lib/python3.8/site-packages/airflow/example_dags/example_python_operator.py
[2024-03-18T15:36:28.068+0000] {logging_mixin.py:188} INFO - [2024-03-18T15:36:28.068+0000] {dag.py:3047} INFO - Sync 1 DAGs
[2024-03-18T15:36:28.079+0000] {logging_mixin.py:188} INFO - [2024-03-18T15:36:28.079+0000] {dag.py:3834} INFO - Setting next_dagrun for example_python_operator to None, run_after=None
[2024-03-18T15:36:28.095+0000] {processor.py:183} INFO - Processing /home/airflow/.local/lib/python3.8/site-packages/airflow/example_dags/example_python_operator.py took 0.059 seconds
[2024-03-18T15:36:58.421+0000] {processor.py:161} INFO - Started process (PID=605) to work on /home/airflow/.local/lib/python3.8/site-packages/airflow/example_dags/example_python_operator.py
[2024-03-18T15:36:58.422+0000] {processor.py:830} INFO - Processing file /home/airflow/.local/lib/python3.8/site-packages/airflow/example_dags/example_python_operator.py for tasks to queue
[2024-03-18T15:36:58.423+0000] {logging_mixin.py:188} INFO - [2024-03-18T15:36:58.423+0000] {dagbag.py:540} INFO - Filling up the DagBag from /home/airflow/.local/lib/python3.8/site-packages/airflow/example_dags/example_python_operator.py
[2024-03-18T15:36:58.432+0000] {processor.py:840} INFO - DAG(s) 'example_python_operator' retrieved from /home/airflow/.local/lib/python3.8/site-packages/airflow/example_dags/example_python_operator.py
[2024-03-18T15:36:58.449+0000] {logging_mixin.py:188} INFO - [2024-03-18T15:36:58.449+0000] {dag.py:3047} INFO - Sync 1 DAGs
[2024-03-18T15:36:58.460+0000] {logging_mixin.py:188} INFO - [2024-03-18T15:36:58.460+0000] {dag.py:3834} INFO - Setting next_dagrun for example_python_operator to None, run_after=None
[2024-03-18T15:36:58.474+0000] {processor.py:183} INFO - Processing /home/airflow/.local/lib/python3.8/site-packages/airflow/example_dags/example_python_operator.py took 0.056 seconds
[2024-03-18T15:37:28.744+0000] {processor.py:161} INFO - Started process (PID=660) to work on /home/airflow/.local/lib/python3.8/site-packages/airflow/example_dags/example_python_operator.py
[2024-03-18T15:37:28.745+0000] {processor.py:830} INFO - Processing file /home/airflow/.local/lib/python3.8/site-packages/airflow/example_dags/example_python_operator.py for tasks to queue
[2024-03-18T15:37:28.746+0000] {logging_mixin.py:188} INFO - [2024-03-18T15:37:28.746+0000] {dagbag.py:540} INFO - Filling up the DagBag from /home/airflow/.local/lib/python3.8/site-packages/airflow/example_dags/example_python_operator.py
[2024-03-18T15:37:28.755+0000] {processor.py:840} INFO - DAG(s) 'example_python_operator' retrieved from /home/airflow/.local/lib/python3.8/site-packages/airflow/example_dags/example_python_operator.py
[2024-03-18T15:37:28.772+0000] {logging_mixin.py:188} INFO - [2024-03-18T15:37:28.772+0000] {dag.py:3047} INFO - Sync 1 DAGs
[2024-03-18T15:37:28.782+0000] {logging_mixin.py:188} INFO - [2024-03-18T15:37:28.782+0000] {dag.py:3834} INFO - Setting next_dagrun for example_python_operator to None, run_after=None
[2024-03-18T15:37:28.795+0000] {processor.py:183} INFO - Processing /home/airflow/.local/lib/python3.8/site-packages/airflow/example_dags/example_python_operator.py took 0.054 seconds
[2024-03-18T15:37:59.097+0000] {processor.py:161} INFO - Started process (PID=715) to work on /home/airflow/.local/lib/python3.8/site-packages/airflow/example_dags/example_python_operator.py
[2024-03-18T15:37:59.098+0000] {processor.py:830} INFO - Processing file /home/airflow/.local/lib/python3.8/site-packages/airflow/example_dags/example_python_operator.py for tasks to queue
[2024-03-18T15:37:59.099+0000] {logging_mixin.py:188} INFO - [2024-03-18T15:37:59.099+0000] {dagbag.py:540} INFO - Filling up the DagBag from /home/airflow/.local/lib/python3.8/site-packages/airflow/example_dags/example_python_operator.py
[2024-03-18T15:37:59.108+0000] {processor.py:840} INFO - DAG(s) 'example_python_operator' retrieved from /home/airflow/.local/lib/python3.8/site-packages/airflow/example_dags/example_python_operator.py
[2024-03-18T15:37:59.126+0000] {logging_mixin.py:188} INFO - [2024-03-18T15:37:59.126+0000] {dag.py:3047} INFO - Sync 1 DAGs
[2024-03-18T15:37:59.137+0000] {logging_mixin.py:188} INFO - [2024-03-18T15:37:59.137+0000] {dag.py:3834} INFO - Setting next_dagrun for example_python_operator to None, run_after=None
[2024-03-18T15:37:59.153+0000] {processor.py:183} INFO - Processing /home/airflow/.local/lib/python3.8/site-packages/airflow/example_dags/example_python_operator.py took 0.059 seconds
[2024-03-18T15:38:29.251+0000] {processor.py:161} INFO - Started process (PID=770) to work on /home/airflow/.local/lib/python3.8/site-packages/airflow/example_dags/example_python_operator.py
[2024-03-18T15:38:29.252+0000] {processor.py:830} INFO - Processing file /home/airflow/.local/lib/python3.8/site-packages/airflow/example_dags/example_python_operator.py for tasks to queue
[2024-03-18T15:38:29.253+0000] {logging_mixin.py:188} INFO - [2024-03-18T15:38:29.253+0000] {dagbag.py:540} INFO - Filling up the DagBag from /home/airflow/.local/lib/python3.8/site-packages/airflow/example_dags/example_python_operator.py
[2024-03-18T15:38:29.261+0000] {processor.py:840} INFO - DAG(s) 'example_python_operator' retrieved from /home/airflow/.local/lib/python3.8/site-packages/airflow/example_dags/example_python_operator.py
[2024-03-18T15:38:29.279+0000] {logging_mixin.py:188} INFO - [2024-03-18T15:38:29.279+0000] {dag.py:3047} INFO - Sync 1 DAGs
[2024-03-18T15:38:29.289+0000] {logging_mixin.py:188} INFO - [2024-03-18T15:38:29.289+0000] {dag.py:3834} INFO - Setting next_dagrun for example_python_operator to None, run_after=None
[2024-03-18T15:38:29.305+0000] {processor.py:183} INFO - Processing /home/airflow/.local/lib/python3.8/site-packages/airflow/example_dags/example_python_operator.py took 0.056 seconds
[2024-03-18T15:38:59.420+0000] {processor.py:161} INFO - Started process (PID=825) to work on /home/airflow/.local/lib/python3.8/site-packages/airflow/example_dags/example_python_operator.py
[2024-03-18T15:38:59.420+0000] {processor.py:830} INFO - Processing file /home/airflow/.local/lib/python3.8/site-packages/airflow/example_dags/example_python_operator.py for tasks to queue
[2024-03-18T15:38:59.422+0000] {logging_mixin.py:188} INFO - [2024-03-18T15:38:59.422+0000] {dagbag.py:540} INFO - Filling up the DagBag from /home/airflow/.local/lib/python3.8/site-packages/airflow/example_dags/example_python_operator.py
[2024-03-18T15:38:59.430+0000] {processor.py:840} INFO - DAG(s) 'example_python_operator' retrieved from /home/airflow/.local/lib/python3.8/site-packages/airflow/example_dags/example_python_operator.py
[2024-03-18T15:38:59.447+0000] {logging_mixin.py:188} INFO - [2024-03-18T15:38:59.447+0000] {dag.py:3047} INFO - Sync 1 DAGs
[2024-03-18T15:38:59.457+0000] {logging_mixin.py:188} INFO - [2024-03-18T15:38:59.457+0000] {dag.py:3834} INFO - Setting next_dagrun for example_python_operator to None, run_after=None
[2024-03-18T15:38:59.472+0000] {processor.py:183} INFO - Processing /home/airflow/.local/lib/python3.8/site-packages/airflow/example_dags/example_python_operator.py took 0.055 seconds
[2024-03-18T15:39:29.625+0000] {processor.py:161} INFO - Started process (PID=880) to work on /home/airflow/.local/lib/python3.8/site-packages/airflow/example_dags/example_python_operator.py
[2024-03-18T15:39:29.626+0000] {processor.py:830} INFO - Processing file /home/airflow/.local/lib/python3.8/site-packages/airflow/example_dags/example_python_operator.py for tasks to queue
[2024-03-18T15:39:29.627+0000] {logging_mixin.py:188} INFO - [2024-03-18T15:39:29.627+0000] {dagbag.py:540} INFO - Filling up the DagBag from /home/airflow/.local/lib/python3.8/site-packages/airflow/example_dags/example_python_operator.py
[2024-03-18T15:39:29.636+0000] {processor.py:840} INFO - DAG(s) 'example_python_operator' retrieved from /home/airflow/.local/lib/python3.8/site-packages/airflow/example_dags/example_python_operator.py
[2024-03-18T15:39:29.654+0000] {logging_mixin.py:188} INFO - [2024-03-18T15:39:29.654+0000] {dag.py:3047} INFO - Sync 1 DAGs
[2024-03-18T15:39:29.665+0000] {logging_mixin.py:188} INFO - [2024-03-18T15:39:29.665+0000] {dag.py:3834} INFO - Setting next_dagrun for example_python_operator to None, run_after=None
[2024-03-18T15:39:29.682+0000] {processor.py:183} INFO - Processing /home/airflow/.local/lib/python3.8/site-packages/airflow/example_dags/example_python_operator.py took 0.060 seconds
[2024-03-18T15:39:59.736+0000] {processor.py:161} INFO - Started process (PID=935) to work on /home/airflow/.local/lib/python3.8/site-packages/airflow/example_dags/example_python_operator.py
[2024-03-18T15:39:59.737+0000] {processor.py:830} INFO - Processing file /home/airflow/.local/lib/python3.8/site-packages/airflow/example_dags/example_python_operator.py for tasks to queue
[2024-03-18T15:39:59.738+0000] {logging_mixin.py:188} INFO - [2024-03-18T15:39:59.738+0000] {dagbag.py:540} INFO - Filling up the DagBag from /home/airflow/.local/lib/python3.8/site-packages/airflow/example_dags/example_python_operator.py
[2024-03-18T15:39:59.746+0000] {processor.py:840} INFO - DAG(s) 'example_python_operator' retrieved from /home/airflow/.local/lib/python3.8/site-packages/airflow/example_dags/example_python_operator.py
[2024-03-18T15:39:59.763+0000] {logging_mixin.py:188} INFO - [2024-03-18T15:39:59.763+0000] {dag.py:3047} INFO - Sync 1 DAGs
[2024-03-18T15:39:59.773+0000] {logging_mixin.py:188} INFO - [2024-03-18T15:39:59.773+0000] {dag.py:3834} INFO - Setting next_dagrun for example_python_operator to None, run_after=None
[2024-03-18T15:39:59.787+0000] {processor.py:183} INFO - Processing /home/airflow/.local/lib/python3.8/site-packages/airflow/example_dags/example_python_operator.py took 0.054 seconds
[2024-03-18T15:40:29.860+0000] {processor.py:161} INFO - Started process (PID=990) to work on /home/airflow/.local/lib/python3.8/site-packages/airflow/example_dags/example_python_operator.py
[2024-03-18T15:40:29.861+0000] {processor.py:830} INFO - Processing file /home/airflow/.local/lib/python3.8/site-packages/airflow/example_dags/example_python_operator.py for tasks to queue
[2024-03-18T15:40:29.862+0000] {logging_mixin.py:188} INFO - [2024-03-18T15:40:29.862+0000] {dagbag.py:540} INFO - Filling up the DagBag from /home/airflow/.local/lib/python3.8/site-packages/airflow/example_dags/example_python_operator.py
[2024-03-18T15:40:29.870+0000] {processor.py:840} INFO - DAG(s) 'example_python_operator' retrieved from /home/airflow/.local/lib/python3.8/site-packages/airflow/example_dags/example_python_operator.py
[2024-03-18T15:40:29.888+0000] {logging_mixin.py:188} INFO - [2024-03-18T15:40:29.888+0000] {dag.py:3047} INFO - Sync 1 DAGs
[2024-03-18T15:40:29.898+0000] {logging_mixin.py:188} INFO - [2024-03-18T15:40:29.898+0000] {dag.py:3834} INFO - Setting next_dagrun for example_python_operator to None, run_after=None
[2024-03-18T15:40:29.912+0000] {processor.py:183} INFO - Processing /home/airflow/.local/lib/python3.8/site-packages/airflow/example_dags/example_python_operator.py took 0.054 seconds
[2024-03-18T15:41:00.018+0000] {processor.py:161} INFO - Started process (PID=1045) to work on /home/airflow/.local/lib/python3.8/site-packages/airflow/example_dags/example_python_operator.py
[2024-03-18T15:41:00.019+0000] {processor.py:830} INFO - Processing file /home/airflow/.local/lib/python3.8/site-packages/airflow/example_dags/example_python_operator.py for tasks to queue
[2024-03-18T15:41:00.020+0000] {logging_mixin.py:188} INFO - [2024-03-18T15:41:00.020+0000] {dagbag.py:540} INFO - Filling up the DagBag from /home/airflow/.local/lib/python3.8/site-packages/airflow/example_dags/example_python_operator.py
[2024-03-18T15:41:00.029+0000] {processor.py:840} INFO - DAG(s) 'example_python_operator' retrieved from /home/airflow/.local/lib/python3.8/site-packages/airflow/example_dags/example_python_operator.py
[2024-03-18T15:41:00.046+0000] {logging_mixin.py:188} INFO - [2024-03-18T15:41:00.046+0000] {dag.py:3047} INFO - Sync 1 DAGs
[2024-03-18T15:41:00.057+0000] {logging_mixin.py:188} INFO - [2024-03-18T15:41:00.056+0000] {dag.py:3834} INFO - Setting next_dagrun for example_python_operator to None, run_after=None
[2024-03-18T15:41:00.072+0000] {processor.py:183} INFO - Processing /home/airflow/.local/lib/python3.8/site-packages/airflow/example_dags/example_python_operator.py took 0.057 seconds
[2024-03-18T15:41:30.150+0000] {processor.py:161} INFO - Started process (PID=1100) to work on /home/airflow/.local/lib/python3.8/site-packages/airflow/example_dags/example_python_operator.py
[2024-03-18T15:41:30.151+0000] {processor.py:830} INFO - Processing file /home/airflow/.local/lib/python3.8/site-packages/airflow/example_dags/example_python_operator.py for tasks to queue
[2024-03-18T15:41:30.152+0000] {logging_mixin.py:188} INFO - [2024-03-18T15:41:30.152+0000] {dagbag.py:540} INFO - Filling up the DagBag from /home/airflow/.local/lib/python3.8/site-packages/airflow/example_dags/example_python_operator.py
[2024-03-18T15:41:30.160+0000] {processor.py:840} INFO - DAG(s) 'example_python_operator' retrieved from /home/airflow/.local/lib/python3.8/site-packages/airflow/example_dags/example_python_operator.py
[2024-03-18T15:41:30.177+0000] {logging_mixin.py:188} INFO - [2024-03-18T15:41:30.176+0000] {dag.py:3047} INFO - Sync 1 DAGs
[2024-03-18T15:41:30.186+0000] {logging_mixin.py:188} INFO - [2024-03-18T15:41:30.186+0000] {dag.py:3834} INFO - Setting next_dagrun for example_python_operator to None, run_after=None
[2024-03-18T15:41:30.200+0000] {processor.py:183} INFO - Processing /home/airflow/.local/lib/python3.8/site-packages/airflow/example_dags/example_python_operator.py took 0.053 seconds
[2024-03-18T15:42:00.423+0000] {processor.py:161} INFO - Started process (PID=1155) to work on /home/airflow/.local/lib/python3.8/site-packages/airflow/example_dags/example_python_operator.py
[2024-03-18T15:42:00.424+0000] {processor.py:830} INFO - Processing file /home/airflow/.local/lib/python3.8/site-packages/airflow/example_dags/example_python_operator.py for tasks to queue
[2024-03-18T15:42:00.425+0000] {logging_mixin.py:188} INFO - [2024-03-18T15:42:00.425+0000] {dagbag.py:540} INFO - Filling up the DagBag from /home/airflow/.local/lib/python3.8/site-packages/airflow/example_dags/example_python_operator.py
[2024-03-18T15:42:00.433+0000] {processor.py:840} INFO - DAG(s) 'example_python_operator' retrieved from /home/airflow/.local/lib/python3.8/site-packages/airflow/example_dags/example_python_operator.py
[2024-03-18T15:42:00.450+0000] {logging_mixin.py:188} INFO - [2024-03-18T15:42:00.450+0000] {dag.py:3047} INFO - Sync 1 DAGs
[2024-03-18T15:42:00.460+0000] {logging_mixin.py:188} INFO - [2024-03-18T15:42:00.460+0000] {dag.py:3834} INFO - Setting next_dagrun for example_python_operator to None, run_after=None
[2024-03-18T15:42:00.475+0000] {processor.py:183} INFO - Processing /home/airflow/.local/lib/python3.8/site-packages/airflow/example_dags/example_python_operator.py took 0.054 seconds
[2024-03-18T15:42:30.618+0000] {processor.py:161} INFO - Started process (PID=1210) to work on /home/airflow/.local/lib/python3.8/site-packages/airflow/example_dags/example_python_operator.py
[2024-03-18T15:42:30.619+0000] {processor.py:830} INFO - Processing file /home/airflow/.local/lib/python3.8/site-packages/airflow/example_dags/example_python_operator.py for tasks to queue
[2024-03-18T15:42:30.621+0000] {logging_mixin.py:188} INFO - [2024-03-18T15:42:30.620+0000] {dagbag.py:540} INFO - Filling up the DagBag from /home/airflow/.local/lib/python3.8/site-packages/airflow/example_dags/example_python_operator.py
[2024-03-18T15:42:30.629+0000] {processor.py:840} INFO - DAG(s) 'example_python_operator' retrieved from /home/airflow/.local/lib/python3.8/site-packages/airflow/example_dags/example_python_operator.py
[2024-03-18T15:42:30.647+0000] {logging_mixin.py:188} INFO - [2024-03-18T15:42:30.646+0000] {dag.py:3047} INFO - Sync 1 DAGs
[2024-03-18T15:42:30.657+0000] {logging_mixin.py:188} INFO - [2024-03-18T15:42:30.657+0000] {dag.py:3834} INFO - Setting next_dagrun for example_python_operator to None, run_after=None
[2024-03-18T15:42:30.672+0000] {processor.py:183} INFO - Processing /home/airflow/.local/lib/python3.8/site-packages/airflow/example_dags/example_python_operator.py took 0.056 seconds
[2024-03-18T15:43:00.806+0000] {processor.py:161} INFO - Started process (PID=1265) to work on /home/airflow/.local/lib/python3.8/site-packages/airflow/example_dags/example_python_operator.py
[2024-03-18T15:43:00.807+0000] {processor.py:830} INFO - Processing file /home/airflow/.local/lib/python3.8/site-packages/airflow/example_dags/example_python_operator.py for tasks to queue
[2024-03-18T15:43:00.808+0000] {logging_mixin.py:188} INFO - [2024-03-18T15:43:00.808+0000] {dagbag.py:540} INFO - Filling up the DagBag from /home/airflow/.local/lib/python3.8/site-packages/airflow/example_dags/example_python_operator.py
[2024-03-18T15:43:00.817+0000] {processor.py:840} INFO - DAG(s) 'example_python_operator' retrieved from /home/airflow/.local/lib/python3.8/site-packages/airflow/example_dags/example_python_operator.py
[2024-03-18T15:43:00.834+0000] {logging_mixin.py:188} INFO - [2024-03-18T15:43:00.834+0000] {dag.py:3047} INFO - Sync 1 DAGs
[2024-03-18T15:43:00.844+0000] {logging_mixin.py:188} INFO - [2024-03-18T15:43:00.844+0000] {dag.py:3834} INFO - Setting next_dagrun for example_python_operator to None, run_after=None
[2024-03-18T15:43:00.860+0000] {processor.py:183} INFO - Processing /home/airflow/.local/lib/python3.8/site-packages/airflow/example_dags/example_python_operator.py took 0.057 seconds
