[2024-03-18T15:31:54.700+0000] {processor.py:161} INFO - Started process (PID=44) to work on /home/airflow/.local/lib/python3.8/site-packages/airflow/example_dags/example_latest_only_with_trigger.py
[2024-03-18T15:31:54.701+0000] {processor.py:830} INFO - Processing file /home/airflow/.local/lib/python3.8/site-packages/airflow/example_dags/example_latest_only_with_trigger.py for tasks to queue
[2024-03-18T15:31:54.702+0000] {logging_mixin.py:188} INFO - [2024-03-18T15:31:54.702+0000] {dagbag.py:540} INFO - Filling up the DagBag from /home/airflow/.local/lib/python3.8/site-packages/airflow/example_dags/example_latest_only_with_trigger.py
[2024-03-18T15:31:54.710+0000] {processor.py:840} INFO - DAG(s) 'latest_only_with_trigger' retrieved from /home/airflow/.local/lib/python3.8/site-packages/airflow/example_dags/example_latest_only_with_trigger.py
[2024-03-18T15:31:54.729+0000] {logging_mixin.py:188} INFO - [2024-03-18T15:31:54.729+0000] {dag.py:3047} INFO - Sync 1 DAGs
[2024-03-18T15:31:54.749+0000] {logging_mixin.py:188} INFO - [2024-03-18T15:31:54.749+0000] {dag.py:3834} INFO - Setting next_dagrun for latest_only_with_trigger to 2024-03-18 08:00:00+00:00, run_after=2024-03-18 12:00:00+00:00
[2024-03-18T15:31:54.764+0000] {processor.py:183} INFO - Processing /home/airflow/.local/lib/python3.8/site-packages/airflow/example_dags/example_latest_only_with_trigger.py took 0.067 seconds
[2024-03-18T15:32:25.131+0000] {processor.py:161} INFO - Started process (PID=99) to work on /home/airflow/.local/lib/python3.8/site-packages/airflow/example_dags/example_latest_only_with_trigger.py
[2024-03-18T15:32:25.132+0000] {processor.py:830} INFO - Processing file /home/airflow/.local/lib/python3.8/site-packages/airflow/example_dags/example_latest_only_with_trigger.py for tasks to queue
[2024-03-18T15:32:25.133+0000] {logging_mixin.py:188} INFO - [2024-03-18T15:32:25.133+0000] {dagbag.py:540} INFO - Filling up the DagBag from /home/airflow/.local/lib/python3.8/site-packages/airflow/example_dags/example_latest_only_with_trigger.py
[2024-03-18T15:32:25.138+0000] {processor.py:840} INFO - DAG(s) 'latest_only_with_trigger' retrieved from /home/airflow/.local/lib/python3.8/site-packages/airflow/example_dags/example_latest_only_with_trigger.py
[2024-03-18T15:32:25.271+0000] {logging_mixin.py:188} INFO - [2024-03-18T15:32:25.270+0000] {dag.py:3047} INFO - Sync 1 DAGs
[2024-03-18T15:32:25.286+0000] {logging_mixin.py:188} INFO - [2024-03-18T15:32:25.286+0000] {dag.py:3834} INFO - Setting next_dagrun for latest_only_with_trigger to 2024-03-18 08:00:00+00:00, run_after=2024-03-18 12:00:00+00:00
[2024-03-18T15:32:25.319+0000] {processor.py:183} INFO - Processing /home/airflow/.local/lib/python3.8/site-packages/airflow/example_dags/example_latest_only_with_trigger.py took 0.190 seconds
[2024-03-18T15:32:55.791+0000] {processor.py:161} INFO - Started process (PID=154) to work on /home/airflow/.local/lib/python3.8/site-packages/airflow/example_dags/example_latest_only_with_trigger.py
[2024-03-18T15:32:55.792+0000] {processor.py:830} INFO - Processing file /home/airflow/.local/lib/python3.8/site-packages/airflow/example_dags/example_latest_only_with_trigger.py for tasks to queue
[2024-03-18T15:32:55.793+0000] {logging_mixin.py:188} INFO - [2024-03-18T15:32:55.793+0000] {dagbag.py:540} INFO - Filling up the DagBag from /home/airflow/.local/lib/python3.8/site-packages/airflow/example_dags/example_latest_only_with_trigger.py
[2024-03-18T15:32:55.797+0000] {processor.py:840} INFO - DAG(s) 'latest_only_with_trigger' retrieved from /home/airflow/.local/lib/python3.8/site-packages/airflow/example_dags/example_latest_only_with_trigger.py
[2024-03-18T15:32:55.813+0000] {logging_mixin.py:188} INFO - [2024-03-18T15:32:55.813+0000] {dag.py:3047} INFO - Sync 1 DAGs
[2024-03-18T15:32:55.831+0000] {logging_mixin.py:188} INFO - [2024-03-18T15:32:55.831+0000] {dag.py:3834} INFO - Setting next_dagrun for latest_only_with_trigger to 2024-03-18 08:00:00+00:00, run_after=2024-03-18 12:00:00+00:00
[2024-03-18T15:32:55.857+0000] {processor.py:183} INFO - Processing /home/airflow/.local/lib/python3.8/site-packages/airflow/example_dags/example_latest_only_with_trigger.py took 0.069 seconds
[2024-03-18T15:33:25.951+0000] {processor.py:161} INFO - Started process (PID=209) to work on /home/airflow/.local/lib/python3.8/site-packages/airflow/example_dags/example_latest_only_with_trigger.py
[2024-03-18T15:33:25.952+0000] {processor.py:830} INFO - Processing file /home/airflow/.local/lib/python3.8/site-packages/airflow/example_dags/example_latest_only_with_trigger.py for tasks to queue
[2024-03-18T15:33:25.953+0000] {logging_mixin.py:188} INFO - [2024-03-18T15:33:25.953+0000] {dagbag.py:540} INFO - Filling up the DagBag from /home/airflow/.local/lib/python3.8/site-packages/airflow/example_dags/example_latest_only_with_trigger.py
[2024-03-18T15:33:25.957+0000] {processor.py:840} INFO - DAG(s) 'latest_only_with_trigger' retrieved from /home/airflow/.local/lib/python3.8/site-packages/airflow/example_dags/example_latest_only_with_trigger.py
[2024-03-18T15:33:25.974+0000] {logging_mixin.py:188} INFO - [2024-03-18T15:33:25.974+0000] {dag.py:3047} INFO - Sync 1 DAGs
[2024-03-18T15:33:25.993+0000] {logging_mixin.py:188} INFO - [2024-03-18T15:33:25.993+0000] {dag.py:3834} INFO - Setting next_dagrun for latest_only_with_trigger to 2024-03-18 08:00:00+00:00, run_after=2024-03-18 12:00:00+00:00
[2024-03-18T15:33:26.020+0000] {processor.py:183} INFO - Processing /home/airflow/.local/lib/python3.8/site-packages/airflow/example_dags/example_latest_only_with_trigger.py took 0.071 seconds
[2024-03-18T15:33:56.343+0000] {processor.py:161} INFO - Started process (PID=264) to work on /home/airflow/.local/lib/python3.8/site-packages/airflow/example_dags/example_latest_only_with_trigger.py
[2024-03-18T15:33:56.344+0000] {processor.py:830} INFO - Processing file /home/airflow/.local/lib/python3.8/site-packages/airflow/example_dags/example_latest_only_with_trigger.py for tasks to queue
[2024-03-18T15:33:56.346+0000] {logging_mixin.py:188} INFO - [2024-03-18T15:33:56.345+0000] {dagbag.py:540} INFO - Filling up the DagBag from /home/airflow/.local/lib/python3.8/site-packages/airflow/example_dags/example_latest_only_with_trigger.py
[2024-03-18T15:33:56.350+0000] {processor.py:840} INFO - DAG(s) 'latest_only_with_trigger' retrieved from /home/airflow/.local/lib/python3.8/site-packages/airflow/example_dags/example_latest_only_with_trigger.py
[2024-03-18T15:33:56.365+0000] {logging_mixin.py:188} INFO - [2024-03-18T15:33:56.365+0000] {dag.py:3047} INFO - Sync 1 DAGs
[2024-03-18T15:33:56.383+0000] {logging_mixin.py:188} INFO - [2024-03-18T15:33:56.383+0000] {dag.py:3834} INFO - Setting next_dagrun for latest_only_with_trigger to 2024-03-18 08:00:00+00:00, run_after=2024-03-18 12:00:00+00:00
[2024-03-18T15:33:56.398+0000] {processor.py:183} INFO - Processing /home/airflow/.local/lib/python3.8/site-packages/airflow/example_dags/example_latest_only_with_trigger.py took 0.057 seconds
[2024-03-18T15:34:26.494+0000] {processor.py:161} INFO - Started process (PID=319) to work on /home/airflow/.local/lib/python3.8/site-packages/airflow/example_dags/example_latest_only_with_trigger.py
[2024-03-18T15:34:26.495+0000] {processor.py:830} INFO - Processing file /home/airflow/.local/lib/python3.8/site-packages/airflow/example_dags/example_latest_only_with_trigger.py for tasks to queue
[2024-03-18T15:34:26.496+0000] {logging_mixin.py:188} INFO - [2024-03-18T15:34:26.496+0000] {dagbag.py:540} INFO - Filling up the DagBag from /home/airflow/.local/lib/python3.8/site-packages/airflow/example_dags/example_latest_only_with_trigger.py
[2024-03-18T15:34:26.501+0000] {processor.py:840} INFO - DAG(s) 'latest_only_with_trigger' retrieved from /home/airflow/.local/lib/python3.8/site-packages/airflow/example_dags/example_latest_only_with_trigger.py
[2024-03-18T15:34:26.516+0000] {logging_mixin.py:188} INFO - [2024-03-18T15:34:26.515+0000] {dag.py:3047} INFO - Sync 1 DAGs
[2024-03-18T15:34:26.533+0000] {logging_mixin.py:188} INFO - [2024-03-18T15:34:26.533+0000] {dag.py:3834} INFO - Setting next_dagrun for latest_only_with_trigger to 2024-03-18 08:00:00+00:00, run_after=2024-03-18 12:00:00+00:00
[2024-03-18T15:34:26.558+0000] {processor.py:183} INFO - Processing /home/airflow/.local/lib/python3.8/site-packages/airflow/example_dags/example_latest_only_with_trigger.py took 0.066 seconds
[2024-03-18T15:34:56.772+0000] {processor.py:161} INFO - Started process (PID=374) to work on /home/airflow/.local/lib/python3.8/site-packages/airflow/example_dags/example_latest_only_with_trigger.py
[2024-03-18T15:34:56.773+0000] {processor.py:830} INFO - Processing file /home/airflow/.local/lib/python3.8/site-packages/airflow/example_dags/example_latest_only_with_trigger.py for tasks to queue
[2024-03-18T15:34:56.775+0000] {logging_mixin.py:188} INFO - [2024-03-18T15:34:56.775+0000] {dagbag.py:540} INFO - Filling up the DagBag from /home/airflow/.local/lib/python3.8/site-packages/airflow/example_dags/example_latest_only_with_trigger.py
[2024-03-18T15:34:56.779+0000] {processor.py:840} INFO - DAG(s) 'latest_only_with_trigger' retrieved from /home/airflow/.local/lib/python3.8/site-packages/airflow/example_dags/example_latest_only_with_trigger.py
[2024-03-18T15:34:56.796+0000] {logging_mixin.py:188} INFO - [2024-03-18T15:34:56.795+0000] {dag.py:3047} INFO - Sync 1 DAGs
[2024-03-18T15:34:56.814+0000] {logging_mixin.py:188} INFO - [2024-03-18T15:34:56.814+0000] {dag.py:3834} INFO - Setting next_dagrun for latest_only_with_trigger to 2024-03-18 08:00:00+00:00, run_after=2024-03-18 12:00:00+00:00
[2024-03-18T15:34:56.829+0000] {processor.py:183} INFO - Processing /home/airflow/.local/lib/python3.8/site-packages/airflow/example_dags/example_latest_only_with_trigger.py took 0.060 seconds
[2024-03-18T15:35:27.011+0000] {processor.py:161} INFO - Started process (PID=429) to work on /home/airflow/.local/lib/python3.8/site-packages/airflow/example_dags/example_latest_only_with_trigger.py
[2024-03-18T15:35:27.012+0000] {processor.py:830} INFO - Processing file /home/airflow/.local/lib/python3.8/site-packages/airflow/example_dags/example_latest_only_with_trigger.py for tasks to queue
[2024-03-18T15:35:27.014+0000] {logging_mixin.py:188} INFO - [2024-03-18T15:35:27.014+0000] {dagbag.py:540} INFO - Filling up the DagBag from /home/airflow/.local/lib/python3.8/site-packages/airflow/example_dags/example_latest_only_with_trigger.py
[2024-03-18T15:35:27.018+0000] {processor.py:840} INFO - DAG(s) 'latest_only_with_trigger' retrieved from /home/airflow/.local/lib/python3.8/site-packages/airflow/example_dags/example_latest_only_with_trigger.py
[2024-03-18T15:35:27.034+0000] {logging_mixin.py:188} INFO - [2024-03-18T15:35:27.034+0000] {dag.py:3047} INFO - Sync 1 DAGs
[2024-03-18T15:35:27.052+0000] {logging_mixin.py:188} INFO - [2024-03-18T15:35:27.052+0000] {dag.py:3834} INFO - Setting next_dagrun for latest_only_with_trigger to 2024-03-18 08:00:00+00:00, run_after=2024-03-18 12:00:00+00:00
[2024-03-18T15:35:27.078+0000] {processor.py:183} INFO - Processing /home/airflow/.local/lib/python3.8/site-packages/airflow/example_dags/example_latest_only_with_trigger.py took 0.069 seconds
[2024-03-18T15:35:57.246+0000] {processor.py:161} INFO - Started process (PID=484) to work on /home/airflow/.local/lib/python3.8/site-packages/airflow/example_dags/example_latest_only_with_trigger.py
[2024-03-18T15:35:57.247+0000] {processor.py:830} INFO - Processing file /home/airflow/.local/lib/python3.8/site-packages/airflow/example_dags/example_latest_only_with_trigger.py for tasks to queue
[2024-03-18T15:35:57.249+0000] {logging_mixin.py:188} INFO - [2024-03-18T15:35:57.249+0000] {dagbag.py:540} INFO - Filling up the DagBag from /home/airflow/.local/lib/python3.8/site-packages/airflow/example_dags/example_latest_only_with_trigger.py
[2024-03-18T15:35:57.254+0000] {processor.py:840} INFO - DAG(s) 'latest_only_with_trigger' retrieved from /home/airflow/.local/lib/python3.8/site-packages/airflow/example_dags/example_latest_only_with_trigger.py
[2024-03-18T15:35:57.273+0000] {logging_mixin.py:188} INFO - [2024-03-18T15:35:57.272+0000] {dag.py:3047} INFO - Sync 1 DAGs
[2024-03-18T15:35:57.292+0000] {logging_mixin.py:188} INFO - [2024-03-18T15:35:57.292+0000] {dag.py:3834} INFO - Setting next_dagrun for latest_only_with_trigger to 2024-03-18 08:00:00+00:00, run_after=2024-03-18 12:00:00+00:00
[2024-03-18T15:35:57.309+0000] {processor.py:183} INFO - Processing /home/airflow/.local/lib/python3.8/site-packages/airflow/example_dags/example_latest_only_with_trigger.py took 0.067 seconds
[2024-03-18T15:36:27.611+0000] {processor.py:161} INFO - Started process (PID=539) to work on /home/airflow/.local/lib/python3.8/site-packages/airflow/example_dags/example_latest_only_with_trigger.py
[2024-03-18T15:36:27.612+0000] {processor.py:830} INFO - Processing file /home/airflow/.local/lib/python3.8/site-packages/airflow/example_dags/example_latest_only_with_trigger.py for tasks to queue
[2024-03-18T15:36:27.614+0000] {logging_mixin.py:188} INFO - [2024-03-18T15:36:27.614+0000] {dagbag.py:540} INFO - Filling up the DagBag from /home/airflow/.local/lib/python3.8/site-packages/airflow/example_dags/example_latest_only_with_trigger.py
[2024-03-18T15:36:27.619+0000] {processor.py:840} INFO - DAG(s) 'latest_only_with_trigger' retrieved from /home/airflow/.local/lib/python3.8/site-packages/airflow/example_dags/example_latest_only_with_trigger.py
[2024-03-18T15:36:27.636+0000] {logging_mixin.py:188} INFO - [2024-03-18T15:36:27.636+0000] {dag.py:3047} INFO - Sync 1 DAGs
[2024-03-18T15:36:27.654+0000] {logging_mixin.py:188} INFO - [2024-03-18T15:36:27.654+0000] {dag.py:3834} INFO - Setting next_dagrun for latest_only_with_trigger to 2024-03-18 08:00:00+00:00, run_after=2024-03-18 12:00:00+00:00
[2024-03-18T15:36:27.670+0000] {processor.py:183} INFO - Processing /home/airflow/.local/lib/python3.8/site-packages/airflow/example_dags/example_latest_only_with_trigger.py took 0.061 seconds
[2024-03-18T15:36:57.986+0000] {processor.py:161} INFO - Started process (PID=594) to work on /home/airflow/.local/lib/python3.8/site-packages/airflow/example_dags/example_latest_only_with_trigger.py
[2024-03-18T15:36:57.987+0000] {processor.py:830} INFO - Processing file /home/airflow/.local/lib/python3.8/site-packages/airflow/example_dags/example_latest_only_with_trigger.py for tasks to queue
[2024-03-18T15:36:57.988+0000] {logging_mixin.py:188} INFO - [2024-03-18T15:36:57.988+0000] {dagbag.py:540} INFO - Filling up the DagBag from /home/airflow/.local/lib/python3.8/site-packages/airflow/example_dags/example_latest_only_with_trigger.py
[2024-03-18T15:36:57.993+0000] {processor.py:840} INFO - DAG(s) 'latest_only_with_trigger' retrieved from /home/airflow/.local/lib/python3.8/site-packages/airflow/example_dags/example_latest_only_with_trigger.py
[2024-03-18T15:36:58.009+0000] {logging_mixin.py:188} INFO - [2024-03-18T15:36:58.009+0000] {dag.py:3047} INFO - Sync 1 DAGs
[2024-03-18T15:36:58.028+0000] {logging_mixin.py:188} INFO - [2024-03-18T15:36:58.028+0000] {dag.py:3834} INFO - Setting next_dagrun for latest_only_with_trigger to 2024-03-18 08:00:00+00:00, run_after=2024-03-18 12:00:00+00:00
[2024-03-18T15:36:58.053+0000] {processor.py:183} INFO - Processing /home/airflow/.local/lib/python3.8/site-packages/airflow/example_dags/example_latest_only_with_trigger.py took 0.070 seconds
[2024-03-18T15:37:28.296+0000] {processor.py:161} INFO - Started process (PID=649) to work on /home/airflow/.local/lib/python3.8/site-packages/airflow/example_dags/example_latest_only_with_trigger.py
[2024-03-18T15:37:28.297+0000] {processor.py:830} INFO - Processing file /home/airflow/.local/lib/python3.8/site-packages/airflow/example_dags/example_latest_only_with_trigger.py for tasks to queue
[2024-03-18T15:37:28.299+0000] {logging_mixin.py:188} INFO - [2024-03-18T15:37:28.298+0000] {dagbag.py:540} INFO - Filling up the DagBag from /home/airflow/.local/lib/python3.8/site-packages/airflow/example_dags/example_latest_only_with_trigger.py
[2024-03-18T15:37:28.303+0000] {processor.py:840} INFO - DAG(s) 'latest_only_with_trigger' retrieved from /home/airflow/.local/lib/python3.8/site-packages/airflow/example_dags/example_latest_only_with_trigger.py
[2024-03-18T15:37:28.319+0000] {logging_mixin.py:188} INFO - [2024-03-18T15:37:28.318+0000] {dag.py:3047} INFO - Sync 1 DAGs
[2024-03-18T15:37:28.337+0000] {logging_mixin.py:188} INFO - [2024-03-18T15:37:28.337+0000] {dag.py:3834} INFO - Setting next_dagrun for latest_only_with_trigger to 2024-03-18 08:00:00+00:00, run_after=2024-03-18 12:00:00+00:00
[2024-03-18T15:37:28.365+0000] {processor.py:183} INFO - Processing /home/airflow/.local/lib/python3.8/site-packages/airflow/example_dags/example_latest_only_with_trigger.py took 0.072 seconds
[2024-03-18T15:37:58.650+0000] {processor.py:161} INFO - Started process (PID=704) to work on /home/airflow/.local/lib/python3.8/site-packages/airflow/example_dags/example_latest_only_with_trigger.py
[2024-03-18T15:37:58.651+0000] {processor.py:830} INFO - Processing file /home/airflow/.local/lib/python3.8/site-packages/airflow/example_dags/example_latest_only_with_trigger.py for tasks to queue
[2024-03-18T15:37:58.653+0000] {logging_mixin.py:188} INFO - [2024-03-18T15:37:58.653+0000] {dagbag.py:540} INFO - Filling up the DagBag from /home/airflow/.local/lib/python3.8/site-packages/airflow/example_dags/example_latest_only_with_trigger.py
[2024-03-18T15:37:58.657+0000] {processor.py:840} INFO - DAG(s) 'latest_only_with_trigger' retrieved from /home/airflow/.local/lib/python3.8/site-packages/airflow/example_dags/example_latest_only_with_trigger.py
[2024-03-18T15:37:58.676+0000] {logging_mixin.py:188} INFO - [2024-03-18T15:37:58.676+0000] {dag.py:3047} INFO - Sync 1 DAGs
[2024-03-18T15:37:58.697+0000] {logging_mixin.py:188} INFO - [2024-03-18T15:37:58.696+0000] {dag.py:3834} INFO - Setting next_dagrun for latest_only_with_trigger to 2024-03-18 08:00:00+00:00, run_after=2024-03-18 12:00:00+00:00
[2024-03-18T15:37:58.716+0000] {processor.py:183} INFO - Processing /home/airflow/.local/lib/python3.8/site-packages/airflow/example_dags/example_latest_only_with_trigger.py took 0.069 seconds
[2024-03-18T15:38:28.839+0000] {processor.py:161} INFO - Started process (PID=759) to work on /home/airflow/.local/lib/python3.8/site-packages/airflow/example_dags/example_latest_only_with_trigger.py
[2024-03-18T15:38:28.839+0000] {processor.py:830} INFO - Processing file /home/airflow/.local/lib/python3.8/site-packages/airflow/example_dags/example_latest_only_with_trigger.py for tasks to queue
[2024-03-18T15:38:28.841+0000] {logging_mixin.py:188} INFO - [2024-03-18T15:38:28.841+0000] {dagbag.py:540} INFO - Filling up the DagBag from /home/airflow/.local/lib/python3.8/site-packages/airflow/example_dags/example_latest_only_with_trigger.py
[2024-03-18T15:38:28.845+0000] {processor.py:840} INFO - DAG(s) 'latest_only_with_trigger' retrieved from /home/airflow/.local/lib/python3.8/site-packages/airflow/example_dags/example_latest_only_with_trigger.py
[2024-03-18T15:38:28.861+0000] {logging_mixin.py:188} INFO - [2024-03-18T15:38:28.861+0000] {dag.py:3047} INFO - Sync 1 DAGs
[2024-03-18T15:38:28.880+0000] {logging_mixin.py:188} INFO - [2024-03-18T15:38:28.879+0000] {dag.py:3834} INFO - Setting next_dagrun for latest_only_with_trigger to 2024-03-18 08:00:00+00:00, run_after=2024-03-18 12:00:00+00:00
[2024-03-18T15:38:28.894+0000] {processor.py:183} INFO - Processing /home/airflow/.local/lib/python3.8/site-packages/airflow/example_dags/example_latest_only_with_trigger.py took 0.058 seconds
[2024-03-18T15:38:58.997+0000] {processor.py:161} INFO - Started process (PID=814) to work on /home/airflow/.local/lib/python3.8/site-packages/airflow/example_dags/example_latest_only_with_trigger.py
[2024-03-18T15:38:58.999+0000] {processor.py:830} INFO - Processing file /home/airflow/.local/lib/python3.8/site-packages/airflow/example_dags/example_latest_only_with_trigger.py for tasks to queue
[2024-03-18T15:38:59.000+0000] {logging_mixin.py:188} INFO - [2024-03-18T15:38:59.000+0000] {dagbag.py:540} INFO - Filling up the DagBag from /home/airflow/.local/lib/python3.8/site-packages/airflow/example_dags/example_latest_only_with_trigger.py
[2024-03-18T15:38:59.005+0000] {processor.py:840} INFO - DAG(s) 'latest_only_with_trigger' retrieved from /home/airflow/.local/lib/python3.8/site-packages/airflow/example_dags/example_latest_only_with_trigger.py
[2024-03-18T15:38:59.022+0000] {logging_mixin.py:188} INFO - [2024-03-18T15:38:59.022+0000] {dag.py:3047} INFO - Sync 1 DAGs
[2024-03-18T15:38:59.044+0000] {logging_mixin.py:188} INFO - [2024-03-18T15:38:59.044+0000] {dag.py:3834} INFO - Setting next_dagrun for latest_only_with_trigger to 2024-03-18 08:00:00+00:00, run_after=2024-03-18 12:00:00+00:00
[2024-03-18T15:38:59.061+0000] {processor.py:183} INFO - Processing /home/airflow/.local/lib/python3.8/site-packages/airflow/example_dags/example_latest_only_with_trigger.py took 0.066 seconds
[2024-03-18T15:39:29.099+0000] {processor.py:161} INFO - Started process (PID=869) to work on /home/airflow/.local/lib/python3.8/site-packages/airflow/example_dags/example_latest_only_with_trigger.py
[2024-03-18T15:39:29.100+0000] {processor.py:830} INFO - Processing file /home/airflow/.local/lib/python3.8/site-packages/airflow/example_dags/example_latest_only_with_trigger.py for tasks to queue
[2024-03-18T15:39:29.101+0000] {logging_mixin.py:188} INFO - [2024-03-18T15:39:29.101+0000] {dagbag.py:540} INFO - Filling up the DagBag from /home/airflow/.local/lib/python3.8/site-packages/airflow/example_dags/example_latest_only_with_trigger.py
[2024-03-18T15:39:29.106+0000] {processor.py:840} INFO - DAG(s) 'latest_only_with_trigger' retrieved from /home/airflow/.local/lib/python3.8/site-packages/airflow/example_dags/example_latest_only_with_trigger.py
[2024-03-18T15:39:29.123+0000] {logging_mixin.py:188} INFO - [2024-03-18T15:39:29.122+0000] {dag.py:3047} INFO - Sync 1 DAGs
[2024-03-18T15:39:29.142+0000] {logging_mixin.py:188} INFO - [2024-03-18T15:39:29.141+0000] {dag.py:3834} INFO - Setting next_dagrun for latest_only_with_trigger to 2024-03-18 08:00:00+00:00, run_after=2024-03-18 12:00:00+00:00
[2024-03-18T15:39:29.158+0000] {processor.py:183} INFO - Processing /home/airflow/.local/lib/python3.8/site-packages/airflow/example_dags/example_latest_only_with_trigger.py took 0.061 seconds
[2024-03-18T15:39:59.255+0000] {processor.py:161} INFO - Started process (PID=924) to work on /home/airflow/.local/lib/python3.8/site-packages/airflow/example_dags/example_latest_only_with_trigger.py
[2024-03-18T15:39:59.255+0000] {processor.py:830} INFO - Processing file /home/airflow/.local/lib/python3.8/site-packages/airflow/example_dags/example_latest_only_with_trigger.py for tasks to queue
[2024-03-18T15:39:59.257+0000] {logging_mixin.py:188} INFO - [2024-03-18T15:39:59.257+0000] {dagbag.py:540} INFO - Filling up the DagBag from /home/airflow/.local/lib/python3.8/site-packages/airflow/example_dags/example_latest_only_with_trigger.py
[2024-03-18T15:39:59.261+0000] {processor.py:840} INFO - DAG(s) 'latest_only_with_trigger' retrieved from /home/airflow/.local/lib/python3.8/site-packages/airflow/example_dags/example_latest_only_with_trigger.py
[2024-03-18T15:39:59.277+0000] {logging_mixin.py:188} INFO - [2024-03-18T15:39:59.277+0000] {dag.py:3047} INFO - Sync 1 DAGs
[2024-03-18T15:39:59.294+0000] {logging_mixin.py:188} INFO - [2024-03-18T15:39:59.294+0000] {dag.py:3834} INFO - Setting next_dagrun for latest_only_with_trigger to 2024-03-18 08:00:00+00:00, run_after=2024-03-18 12:00:00+00:00
[2024-03-18T15:39:59.320+0000] {processor.py:183} INFO - Processing /home/airflow/.local/lib/python3.8/site-packages/airflow/example_dags/example_latest_only_with_trigger.py took 0.068 seconds
[2024-03-18T15:40:29.357+0000] {processor.py:161} INFO - Started process (PID=979) to work on /home/airflow/.local/lib/python3.8/site-packages/airflow/example_dags/example_latest_only_with_trigger.py
[2024-03-18T15:40:29.358+0000] {processor.py:830} INFO - Processing file /home/airflow/.local/lib/python3.8/site-packages/airflow/example_dags/example_latest_only_with_trigger.py for tasks to queue
[2024-03-18T15:40:29.359+0000] {logging_mixin.py:188} INFO - [2024-03-18T15:40:29.359+0000] {dagbag.py:540} INFO - Filling up the DagBag from /home/airflow/.local/lib/python3.8/site-packages/airflow/example_dags/example_latest_only_with_trigger.py
[2024-03-18T15:40:29.364+0000] {processor.py:840} INFO - DAG(s) 'latest_only_with_trigger' retrieved from /home/airflow/.local/lib/python3.8/site-packages/airflow/example_dags/example_latest_only_with_trigger.py
[2024-03-18T15:40:29.380+0000] {logging_mixin.py:188} INFO - [2024-03-18T15:40:29.380+0000] {dag.py:3047} INFO - Sync 1 DAGs
[2024-03-18T15:40:29.398+0000] {logging_mixin.py:188} INFO - [2024-03-18T15:40:29.398+0000] {dag.py:3834} INFO - Setting next_dagrun for latest_only_with_trigger to 2024-03-18 08:00:00+00:00, run_after=2024-03-18 12:00:00+00:00
[2024-03-18T15:40:29.425+0000] {processor.py:183} INFO - Processing /home/airflow/.local/lib/python3.8/site-packages/airflow/example_dags/example_latest_only_with_trigger.py took 0.070 seconds
[2024-03-18T15:40:59.518+0000] {processor.py:161} INFO - Started process (PID=1034) to work on /home/airflow/.local/lib/python3.8/site-packages/airflow/example_dags/example_latest_only_with_trigger.py
[2024-03-18T15:40:59.518+0000] {processor.py:830} INFO - Processing file /home/airflow/.local/lib/python3.8/site-packages/airflow/example_dags/example_latest_only_with_trigger.py for tasks to queue
[2024-03-18T15:40:59.520+0000] {logging_mixin.py:188} INFO - [2024-03-18T15:40:59.519+0000] {dagbag.py:540} INFO - Filling up the DagBag from /home/airflow/.local/lib/python3.8/site-packages/airflow/example_dags/example_latest_only_with_trigger.py
[2024-03-18T15:40:59.525+0000] {processor.py:840} INFO - DAG(s) 'latest_only_with_trigger' retrieved from /home/airflow/.local/lib/python3.8/site-packages/airflow/example_dags/example_latest_only_with_trigger.py
[2024-03-18T15:40:59.541+0000] {logging_mixin.py:188} INFO - [2024-03-18T15:40:59.541+0000] {dag.py:3047} INFO - Sync 1 DAGs
[2024-03-18T15:40:59.558+0000] {logging_mixin.py:188} INFO - [2024-03-18T15:40:59.558+0000] {dag.py:3834} INFO - Setting next_dagrun for latest_only_with_trigger to 2024-03-18 08:00:00+00:00, run_after=2024-03-18 12:00:00+00:00
[2024-03-18T15:40:59.585+0000] {processor.py:183} INFO - Processing /home/airflow/.local/lib/python3.8/site-packages/airflow/example_dags/example_latest_only_with_trigger.py took 0.070 seconds
[2024-03-18T15:41:29.724+0000] {processor.py:161} INFO - Started process (PID=1089) to work on /home/airflow/.local/lib/python3.8/site-packages/airflow/example_dags/example_latest_only_with_trigger.py
[2024-03-18T15:41:29.725+0000] {processor.py:830} INFO - Processing file /home/airflow/.local/lib/python3.8/site-packages/airflow/example_dags/example_latest_only_with_trigger.py for tasks to queue
[2024-03-18T15:41:29.726+0000] {logging_mixin.py:188} INFO - [2024-03-18T15:41:29.726+0000] {dagbag.py:540} INFO - Filling up the DagBag from /home/airflow/.local/lib/python3.8/site-packages/airflow/example_dags/example_latest_only_with_trigger.py
[2024-03-18T15:41:29.731+0000] {processor.py:840} INFO - DAG(s) 'latest_only_with_trigger' retrieved from /home/airflow/.local/lib/python3.8/site-packages/airflow/example_dags/example_latest_only_with_trigger.py
[2024-03-18T15:41:29.746+0000] {logging_mixin.py:188} INFO - [2024-03-18T15:41:29.746+0000] {dag.py:3047} INFO - Sync 1 DAGs
[2024-03-18T15:41:29.764+0000] {logging_mixin.py:188} INFO - [2024-03-18T15:41:29.764+0000] {dag.py:3834} INFO - Setting next_dagrun for latest_only_with_trigger to 2024-03-18 08:00:00+00:00, run_after=2024-03-18 12:00:00+00:00
[2024-03-18T15:41:29.790+0000] {processor.py:183} INFO - Processing /home/airflow/.local/lib/python3.8/site-packages/airflow/example_dags/example_latest_only_with_trigger.py took 0.069 seconds
[2024-03-18T15:42:00.008+0000] {processor.py:161} INFO - Started process (PID=1144) to work on /home/airflow/.local/lib/python3.8/site-packages/airflow/example_dags/example_latest_only_with_trigger.py
[2024-03-18T15:42:00.009+0000] {processor.py:830} INFO - Processing file /home/airflow/.local/lib/python3.8/site-packages/airflow/example_dags/example_latest_only_with_trigger.py for tasks to queue
[2024-03-18T15:42:00.011+0000] {logging_mixin.py:188} INFO - [2024-03-18T15:42:00.011+0000] {dagbag.py:540} INFO - Filling up the DagBag from /home/airflow/.local/lib/python3.8/site-packages/airflow/example_dags/example_latest_only_with_trigger.py
[2024-03-18T15:42:00.015+0000] {processor.py:840} INFO - DAG(s) 'latest_only_with_trigger' retrieved from /home/airflow/.local/lib/python3.8/site-packages/airflow/example_dags/example_latest_only_with_trigger.py
[2024-03-18T15:42:00.031+0000] {logging_mixin.py:188} INFO - [2024-03-18T15:42:00.031+0000] {dag.py:3047} INFO - Sync 1 DAGs
[2024-03-18T15:42:00.049+0000] {logging_mixin.py:188} INFO - [2024-03-18T15:42:00.049+0000] {dag.py:3834} INFO - Setting next_dagrun for latest_only_with_trigger to 2024-03-18 08:00:00+00:00, run_after=2024-03-18 12:00:00+00:00
[2024-03-18T15:42:00.063+0000] {processor.py:183} INFO - Processing /home/airflow/.local/lib/python3.8/site-packages/airflow/example_dags/example_latest_only_with_trigger.py took 0.058 seconds
[2024-03-18T15:42:30.206+0000] {processor.py:161} INFO - Started process (PID=1199) to work on /home/airflow/.local/lib/python3.8/site-packages/airflow/example_dags/example_latest_only_with_trigger.py
[2024-03-18T15:42:30.206+0000] {processor.py:830} INFO - Processing file /home/airflow/.local/lib/python3.8/site-packages/airflow/example_dags/example_latest_only_with_trigger.py for tasks to queue
[2024-03-18T15:42:30.208+0000] {logging_mixin.py:188} INFO - [2024-03-18T15:42:30.208+0000] {dagbag.py:540} INFO - Filling up the DagBag from /home/airflow/.local/lib/python3.8/site-packages/airflow/example_dags/example_latest_only_with_trigger.py
[2024-03-18T15:42:30.212+0000] {processor.py:840} INFO - DAG(s) 'latest_only_with_trigger' retrieved from /home/airflow/.local/lib/python3.8/site-packages/airflow/example_dags/example_latest_only_with_trigger.py
[2024-03-18T15:42:30.228+0000] {logging_mixin.py:188} INFO - [2024-03-18T15:42:30.228+0000] {dag.py:3047} INFO - Sync 1 DAGs
[2024-03-18T15:42:30.245+0000] {logging_mixin.py:188} INFO - [2024-03-18T15:42:30.245+0000] {dag.py:3834} INFO - Setting next_dagrun for latest_only_with_trigger to 2024-03-18 08:00:00+00:00, run_after=2024-03-18 12:00:00+00:00
[2024-03-18T15:42:30.260+0000] {processor.py:183} INFO - Processing /home/airflow/.local/lib/python3.8/site-packages/airflow/example_dags/example_latest_only_with_trigger.py took 0.057 seconds
[2024-03-18T15:43:00.394+0000] {processor.py:161} INFO - Started process (PID=1254) to work on /home/airflow/.local/lib/python3.8/site-packages/airflow/example_dags/example_latest_only_with_trigger.py
[2024-03-18T15:43:00.395+0000] {processor.py:830} INFO - Processing file /home/airflow/.local/lib/python3.8/site-packages/airflow/example_dags/example_latest_only_with_trigger.py for tasks to queue
[2024-03-18T15:43:00.396+0000] {logging_mixin.py:188} INFO - [2024-03-18T15:43:00.396+0000] {dagbag.py:540} INFO - Filling up the DagBag from /home/airflow/.local/lib/python3.8/site-packages/airflow/example_dags/example_latest_only_with_trigger.py
[2024-03-18T15:43:00.401+0000] {processor.py:840} INFO - DAG(s) 'latest_only_with_trigger' retrieved from /home/airflow/.local/lib/python3.8/site-packages/airflow/example_dags/example_latest_only_with_trigger.py
[2024-03-18T15:43:00.417+0000] {logging_mixin.py:188} INFO - [2024-03-18T15:43:00.416+0000] {dag.py:3047} INFO - Sync 1 DAGs
[2024-03-18T15:43:00.434+0000] {logging_mixin.py:188} INFO - [2024-03-18T15:43:00.434+0000] {dag.py:3834} INFO - Setting next_dagrun for latest_only_with_trigger to 2024-03-18 08:00:00+00:00, run_after=2024-03-18 12:00:00+00:00
[2024-03-18T15:43:00.449+0000] {processor.py:183} INFO - Processing /home/airflow/.local/lib/python3.8/site-packages/airflow/example_dags/example_latest_only_with_trigger.py took 0.058 seconds
