[2024-03-18T15:31:56.709+0000] {processor.py:161} INFO - Started process (PID=84) to work on /home/airflow/.local/lib/python3.8/site-packages/airflow/example_dags/example_external_task_marker_dag.py
[2024-03-18T15:31:56.710+0000] {processor.py:830} INFO - Processing file /home/airflow/.local/lib/python3.8/site-packages/airflow/example_dags/example_external_task_marker_dag.py for tasks to queue
[2024-03-18T15:31:56.712+0000] {logging_mixin.py:188} INFO - [2024-03-18T15:31:56.712+0000] {dagbag.py:540} INFO - Filling up the DagBag from /home/airflow/.local/lib/python3.8/site-packages/airflow/example_dags/example_external_task_marker_dag.py
[2024-03-18T15:31:56.719+0000] {processor.py:840} INFO - DAG(s) 'example_external_task_marker_parent', 'example_external_task_marker_child' retrieved from /home/airflow/.local/lib/python3.8/site-packages/airflow/example_dags/example_external_task_marker_dag.py
[2024-03-18T15:31:56.729+0000] {logging_mixin.py:188} INFO - [2024-03-18T15:31:56.729+0000] {dag.py:3047} INFO - Sync 2 DAGs
[2024-03-18T15:31:56.742+0000] {logging_mixin.py:188} INFO - [2024-03-18T15:31:56.741+0000] {dag.py:3834} INFO - Setting next_dagrun for example_external_task_marker_child to None, run_after=None
[2024-03-18T15:31:56.745+0000] {logging_mixin.py:188} INFO - [2024-03-18T15:31:56.745+0000] {dag.py:3834} INFO - Setting next_dagrun for example_external_task_marker_parent to None, run_after=None
[2024-03-18T15:31:56.762+0000] {processor.py:183} INFO - Processing /home/airflow/.local/lib/python3.8/site-packages/airflow/example_dags/example_external_task_marker_dag.py took 0.056 seconds
[2024-03-18T15:32:28.245+0000] {processor.py:161} INFO - Started process (PID=139) to work on /home/airflow/.local/lib/python3.8/site-packages/airflow/example_dags/example_external_task_marker_dag.py
[2024-03-18T15:32:28.246+0000] {processor.py:830} INFO - Processing file /home/airflow/.local/lib/python3.8/site-packages/airflow/example_dags/example_external_task_marker_dag.py for tasks to queue
[2024-03-18T15:32:28.248+0000] {logging_mixin.py:188} INFO - [2024-03-18T15:32:28.248+0000] {dagbag.py:540} INFO - Filling up the DagBag from /home/airflow/.local/lib/python3.8/site-packages/airflow/example_dags/example_external_task_marker_dag.py
[2024-03-18T15:32:28.253+0000] {processor.py:840} INFO - DAG(s) 'example_external_task_marker_parent', 'example_external_task_marker_child' retrieved from /home/airflow/.local/lib/python3.8/site-packages/airflow/example_dags/example_external_task_marker_dag.py
[2024-03-18T15:32:28.343+0000] {logging_mixin.py:188} INFO - [2024-03-18T15:32:28.343+0000] {dag.py:3047} INFO - Sync 2 DAGs
[2024-03-18T15:32:28.352+0000] {logging_mixin.py:188} INFO - [2024-03-18T15:32:28.352+0000] {dag.py:3834} INFO - Setting next_dagrun for example_external_task_marker_child to None, run_after=None
[2024-03-18T15:32:28.355+0000] {logging_mixin.py:188} INFO - [2024-03-18T15:32:28.354+0000] {dag.py:3834} INFO - Setting next_dagrun for example_external_task_marker_parent to None, run_after=None
[2024-03-18T15:32:28.369+0000] {processor.py:183} INFO - Processing /home/airflow/.local/lib/python3.8/site-packages/airflow/example_dags/example_external_task_marker_dag.py took 0.126 seconds
[2024-03-18T15:32:58.606+0000] {processor.py:161} INFO - Started process (PID=194) to work on /home/airflow/.local/lib/python3.8/site-packages/airflow/example_dags/example_external_task_marker_dag.py
[2024-03-18T15:32:58.607+0000] {processor.py:830} INFO - Processing file /home/airflow/.local/lib/python3.8/site-packages/airflow/example_dags/example_external_task_marker_dag.py for tasks to queue
[2024-03-18T15:32:58.608+0000] {logging_mixin.py:188} INFO - [2024-03-18T15:32:58.608+0000] {dagbag.py:540} INFO - Filling up the DagBag from /home/airflow/.local/lib/python3.8/site-packages/airflow/example_dags/example_external_task_marker_dag.py
[2024-03-18T15:32:58.613+0000] {processor.py:840} INFO - DAG(s) 'example_external_task_marker_child', 'example_external_task_marker_parent' retrieved from /home/airflow/.local/lib/python3.8/site-packages/airflow/example_dags/example_external_task_marker_dag.py
[2024-03-18T15:32:58.630+0000] {logging_mixin.py:188} INFO - [2024-03-18T15:32:58.630+0000] {dag.py:3047} INFO - Sync 2 DAGs
[2024-03-18T15:32:58.640+0000] {logging_mixin.py:188} INFO - [2024-03-18T15:32:58.640+0000] {dag.py:3834} INFO - Setting next_dagrun for example_external_task_marker_child to None, run_after=None
[2024-03-18T15:32:58.643+0000] {logging_mixin.py:188} INFO - [2024-03-18T15:32:58.643+0000] {dag.py:3834} INFO - Setting next_dagrun for example_external_task_marker_parent to None, run_after=None
[2024-03-18T15:32:58.656+0000] {processor.py:183} INFO - Processing /home/airflow/.local/lib/python3.8/site-packages/airflow/example_dags/example_external_task_marker_dag.py took 0.053 seconds
[2024-03-18T15:33:28.865+0000] {processor.py:161} INFO - Started process (PID=249) to work on /home/airflow/.local/lib/python3.8/site-packages/airflow/example_dags/example_external_task_marker_dag.py
[2024-03-18T15:33:28.866+0000] {processor.py:830} INFO - Processing file /home/airflow/.local/lib/python3.8/site-packages/airflow/example_dags/example_external_task_marker_dag.py for tasks to queue
[2024-03-18T15:33:28.868+0000] {logging_mixin.py:188} INFO - [2024-03-18T15:33:28.867+0000] {dagbag.py:540} INFO - Filling up the DagBag from /home/airflow/.local/lib/python3.8/site-packages/airflow/example_dags/example_external_task_marker_dag.py
[2024-03-18T15:33:28.873+0000] {processor.py:840} INFO - DAG(s) 'example_external_task_marker_parent', 'example_external_task_marker_child' retrieved from /home/airflow/.local/lib/python3.8/site-packages/airflow/example_dags/example_external_task_marker_dag.py
[2024-03-18T15:33:28.894+0000] {logging_mixin.py:188} INFO - [2024-03-18T15:33:28.894+0000] {dag.py:3047} INFO - Sync 2 DAGs
[2024-03-18T15:33:28.905+0000] {logging_mixin.py:188} INFO - [2024-03-18T15:33:28.905+0000] {dag.py:3834} INFO - Setting next_dagrun for example_external_task_marker_child to None, run_after=None
[2024-03-18T15:33:28.908+0000] {logging_mixin.py:188} INFO - [2024-03-18T15:33:28.908+0000] {dag.py:3834} INFO - Setting next_dagrun for example_external_task_marker_parent to None, run_after=None
[2024-03-18T15:33:28.922+0000] {processor.py:183} INFO - Processing /home/airflow/.local/lib/python3.8/site-packages/airflow/example_dags/example_external_task_marker_dag.py took 0.060 seconds
[2024-03-18T15:33:59.053+0000] {processor.py:161} INFO - Started process (PID=304) to work on /home/airflow/.local/lib/python3.8/site-packages/airflow/example_dags/example_external_task_marker_dag.py
[2024-03-18T15:33:59.053+0000] {processor.py:830} INFO - Processing file /home/airflow/.local/lib/python3.8/site-packages/airflow/example_dags/example_external_task_marker_dag.py for tasks to queue
[2024-03-18T15:33:59.055+0000] {logging_mixin.py:188} INFO - [2024-03-18T15:33:59.054+0000] {dagbag.py:540} INFO - Filling up the DagBag from /home/airflow/.local/lib/python3.8/site-packages/airflow/example_dags/example_external_task_marker_dag.py
[2024-03-18T15:33:59.059+0000] {processor.py:840} INFO - DAG(s) 'example_external_task_marker_child', 'example_external_task_marker_parent' retrieved from /home/airflow/.local/lib/python3.8/site-packages/airflow/example_dags/example_external_task_marker_dag.py
[2024-03-18T15:33:59.077+0000] {logging_mixin.py:188} INFO - [2024-03-18T15:33:59.077+0000] {dag.py:3047} INFO - Sync 2 DAGs
[2024-03-18T15:33:59.087+0000] {logging_mixin.py:188} INFO - [2024-03-18T15:33:59.087+0000] {dag.py:3834} INFO - Setting next_dagrun for example_external_task_marker_child to None, run_after=None
[2024-03-18T15:33:59.090+0000] {logging_mixin.py:188} INFO - [2024-03-18T15:33:59.090+0000] {dag.py:3834} INFO - Setting next_dagrun for example_external_task_marker_parent to None, run_after=None
[2024-03-18T15:33:59.104+0000] {processor.py:183} INFO - Processing /home/airflow/.local/lib/python3.8/site-packages/airflow/example_dags/example_external_task_marker_dag.py took 0.054 seconds
[2024-03-18T15:34:29.171+0000] {processor.py:161} INFO - Started process (PID=359) to work on /home/airflow/.local/lib/python3.8/site-packages/airflow/example_dags/example_external_task_marker_dag.py
[2024-03-18T15:34:29.172+0000] {processor.py:830} INFO - Processing file /home/airflow/.local/lib/python3.8/site-packages/airflow/example_dags/example_external_task_marker_dag.py for tasks to queue
[2024-03-18T15:34:29.174+0000] {logging_mixin.py:188} INFO - [2024-03-18T15:34:29.173+0000] {dagbag.py:540} INFO - Filling up the DagBag from /home/airflow/.local/lib/python3.8/site-packages/airflow/example_dags/example_external_task_marker_dag.py
[2024-03-18T15:34:29.178+0000] {processor.py:840} INFO - DAG(s) 'example_external_task_marker_parent', 'example_external_task_marker_child' retrieved from /home/airflow/.local/lib/python3.8/site-packages/airflow/example_dags/example_external_task_marker_dag.py
[2024-03-18T15:34:29.196+0000] {logging_mixin.py:188} INFO - [2024-03-18T15:34:29.195+0000] {dag.py:3047} INFO - Sync 2 DAGs
[2024-03-18T15:34:29.207+0000] {logging_mixin.py:188} INFO - [2024-03-18T15:34:29.206+0000] {dag.py:3834} INFO - Setting next_dagrun for example_external_task_marker_child to None, run_after=None
[2024-03-18T15:34:29.209+0000] {logging_mixin.py:188} INFO - [2024-03-18T15:34:29.209+0000] {dag.py:3834} INFO - Setting next_dagrun for example_external_task_marker_parent to None, run_after=None
[2024-03-18T15:34:29.223+0000] {processor.py:183} INFO - Processing /home/airflow/.local/lib/python3.8/site-packages/airflow/example_dags/example_external_task_marker_dag.py took 0.054 seconds
[2024-03-18T15:34:59.479+0000] {processor.py:161} INFO - Started process (PID=414) to work on /home/airflow/.local/lib/python3.8/site-packages/airflow/example_dags/example_external_task_marker_dag.py
[2024-03-18T15:34:59.480+0000] {processor.py:830} INFO - Processing file /home/airflow/.local/lib/python3.8/site-packages/airflow/example_dags/example_external_task_marker_dag.py for tasks to queue
[2024-03-18T15:34:59.481+0000] {logging_mixin.py:188} INFO - [2024-03-18T15:34:59.481+0000] {dagbag.py:540} INFO - Filling up the DagBag from /home/airflow/.local/lib/python3.8/site-packages/airflow/example_dags/example_external_task_marker_dag.py
[2024-03-18T15:34:59.486+0000] {processor.py:840} INFO - DAG(s) 'example_external_task_marker_parent', 'example_external_task_marker_child' retrieved from /home/airflow/.local/lib/python3.8/site-packages/airflow/example_dags/example_external_task_marker_dag.py
[2024-03-18T15:34:59.504+0000] {logging_mixin.py:188} INFO - [2024-03-18T15:34:59.504+0000] {dag.py:3047} INFO - Sync 2 DAGs
[2024-03-18T15:34:59.515+0000] {logging_mixin.py:188} INFO - [2024-03-18T15:34:59.515+0000] {dag.py:3834} INFO - Setting next_dagrun for example_external_task_marker_child to None, run_after=None
[2024-03-18T15:34:59.519+0000] {logging_mixin.py:188} INFO - [2024-03-18T15:34:59.518+0000] {dag.py:3834} INFO - Setting next_dagrun for example_external_task_marker_parent to None, run_after=None
[2024-03-18T15:34:59.533+0000] {processor.py:183} INFO - Processing /home/airflow/.local/lib/python3.8/site-packages/airflow/example_dags/example_external_task_marker_dag.py took 0.057 seconds
[2024-03-18T15:35:29.615+0000] {processor.py:161} INFO - Started process (PID=469) to work on /home/airflow/.local/lib/python3.8/site-packages/airflow/example_dags/example_external_task_marker_dag.py
[2024-03-18T15:35:29.616+0000] {processor.py:830} INFO - Processing file /home/airflow/.local/lib/python3.8/site-packages/airflow/example_dags/example_external_task_marker_dag.py for tasks to queue
[2024-03-18T15:35:29.617+0000] {logging_mixin.py:188} INFO - [2024-03-18T15:35:29.617+0000] {dagbag.py:540} INFO - Filling up the DagBag from /home/airflow/.local/lib/python3.8/site-packages/airflow/example_dags/example_external_task_marker_dag.py
[2024-03-18T15:35:29.622+0000] {processor.py:840} INFO - DAG(s) 'example_external_task_marker_parent', 'example_external_task_marker_child' retrieved from /home/airflow/.local/lib/python3.8/site-packages/airflow/example_dags/example_external_task_marker_dag.py
[2024-03-18T15:35:29.640+0000] {logging_mixin.py:188} INFO - [2024-03-18T15:35:29.640+0000] {dag.py:3047} INFO - Sync 2 DAGs
[2024-03-18T15:35:29.650+0000] {logging_mixin.py:188} INFO - [2024-03-18T15:35:29.650+0000] {dag.py:3834} INFO - Setting next_dagrun for example_external_task_marker_child to None, run_after=None
[2024-03-18T15:35:29.654+0000] {logging_mixin.py:188} INFO - [2024-03-18T15:35:29.653+0000] {dag.py:3834} INFO - Setting next_dagrun for example_external_task_marker_parent to None, run_after=None
[2024-03-18T15:35:29.668+0000] {processor.py:183} INFO - Processing /home/airflow/.local/lib/python3.8/site-packages/airflow/example_dags/example_external_task_marker_dag.py took 0.055 seconds
[2024-03-18T15:35:59.958+0000] {processor.py:161} INFO - Started process (PID=524) to work on /home/airflow/.local/lib/python3.8/site-packages/airflow/example_dags/example_external_task_marker_dag.py
[2024-03-18T15:35:59.959+0000] {processor.py:830} INFO - Processing file /home/airflow/.local/lib/python3.8/site-packages/airflow/example_dags/example_external_task_marker_dag.py for tasks to queue
[2024-03-18T15:35:59.960+0000] {logging_mixin.py:188} INFO - [2024-03-18T15:35:59.960+0000] {dagbag.py:540} INFO - Filling up the DagBag from /home/airflow/.local/lib/python3.8/site-packages/airflow/example_dags/example_external_task_marker_dag.py
[2024-03-18T15:35:59.965+0000] {processor.py:840} INFO - DAG(s) 'example_external_task_marker_parent', 'example_external_task_marker_child' retrieved from /home/airflow/.local/lib/python3.8/site-packages/airflow/example_dags/example_external_task_marker_dag.py
[2024-03-18T15:35:59.984+0000] {logging_mixin.py:188} INFO - [2024-03-18T15:35:59.984+0000] {dag.py:3047} INFO - Sync 2 DAGs
[2024-03-18T15:35:59.995+0000] {logging_mixin.py:188} INFO - [2024-03-18T15:35:59.995+0000] {dag.py:3834} INFO - Setting next_dagrun for example_external_task_marker_child to None, run_after=None
[2024-03-18T15:35:59.998+0000] {logging_mixin.py:188} INFO - [2024-03-18T15:35:59.998+0000] {dag.py:3834} INFO - Setting next_dagrun for example_external_task_marker_parent to None, run_after=None
[2024-03-18T15:36:00.013+0000] {processor.py:183} INFO - Processing /home/airflow/.local/lib/python3.8/site-packages/airflow/example_dags/example_external_task_marker_dag.py took 0.057 seconds
[2024-03-18T15:36:30.304+0000] {processor.py:161} INFO - Started process (PID=579) to work on /home/airflow/.local/lib/python3.8/site-packages/airflow/example_dags/example_external_task_marker_dag.py
[2024-03-18T15:36:30.305+0000] {processor.py:830} INFO - Processing file /home/airflow/.local/lib/python3.8/site-packages/airflow/example_dags/example_external_task_marker_dag.py for tasks to queue
[2024-03-18T15:36:30.306+0000] {logging_mixin.py:188} INFO - [2024-03-18T15:36:30.306+0000] {dagbag.py:540} INFO - Filling up the DagBag from /home/airflow/.local/lib/python3.8/site-packages/airflow/example_dags/example_external_task_marker_dag.py
[2024-03-18T15:36:30.311+0000] {processor.py:840} INFO - DAG(s) 'example_external_task_marker_child', 'example_external_task_marker_parent' retrieved from /home/airflow/.local/lib/python3.8/site-packages/airflow/example_dags/example_external_task_marker_dag.py
[2024-03-18T15:36:30.330+0000] {logging_mixin.py:188} INFO - [2024-03-18T15:36:30.330+0000] {dag.py:3047} INFO - Sync 2 DAGs
[2024-03-18T15:36:30.341+0000] {logging_mixin.py:188} INFO - [2024-03-18T15:36:30.340+0000] {dag.py:3834} INFO - Setting next_dagrun for example_external_task_marker_child to None, run_after=None
[2024-03-18T15:36:30.344+0000] {logging_mixin.py:188} INFO - [2024-03-18T15:36:30.344+0000] {dag.py:3834} INFO - Setting next_dagrun for example_external_task_marker_parent to None, run_after=None
[2024-03-18T15:36:30.359+0000] {processor.py:183} INFO - Processing /home/airflow/.local/lib/python3.8/site-packages/airflow/example_dags/example_external_task_marker_dag.py took 0.057 seconds
[2024-03-18T15:37:00.630+0000] {processor.py:161} INFO - Started process (PID=634) to work on /home/airflow/.local/lib/python3.8/site-packages/airflow/example_dags/example_external_task_marker_dag.py
[2024-03-18T15:37:00.631+0000] {processor.py:830} INFO - Processing file /home/airflow/.local/lib/python3.8/site-packages/airflow/example_dags/example_external_task_marker_dag.py for tasks to queue
[2024-03-18T15:37:00.633+0000] {logging_mixin.py:188} INFO - [2024-03-18T15:37:00.632+0000] {dagbag.py:540} INFO - Filling up the DagBag from /home/airflow/.local/lib/python3.8/site-packages/airflow/example_dags/example_external_task_marker_dag.py
[2024-03-18T15:37:00.638+0000] {processor.py:840} INFO - DAG(s) 'example_external_task_marker_child', 'example_external_task_marker_parent' retrieved from /home/airflow/.local/lib/python3.8/site-packages/airflow/example_dags/example_external_task_marker_dag.py
[2024-03-18T15:37:00.657+0000] {logging_mixin.py:188} INFO - [2024-03-18T15:37:00.656+0000] {dag.py:3047} INFO - Sync 2 DAGs
[2024-03-18T15:37:00.668+0000] {logging_mixin.py:188} INFO - [2024-03-18T15:37:00.668+0000] {dag.py:3834} INFO - Setting next_dagrun for example_external_task_marker_child to None, run_after=None
[2024-03-18T15:37:00.671+0000] {logging_mixin.py:188} INFO - [2024-03-18T15:37:00.671+0000] {dag.py:3834} INFO - Setting next_dagrun for example_external_task_marker_parent to None, run_after=None
[2024-03-18T15:37:00.687+0000] {processor.py:183} INFO - Processing /home/airflow/.local/lib/python3.8/site-packages/airflow/example_dags/example_external_task_marker_dag.py took 0.059 seconds
[2024-03-18T15:37:30.988+0000] {processor.py:161} INFO - Started process (PID=689) to work on /home/airflow/.local/lib/python3.8/site-packages/airflow/example_dags/example_external_task_marker_dag.py
[2024-03-18T15:37:30.989+0000] {processor.py:830} INFO - Processing file /home/airflow/.local/lib/python3.8/site-packages/airflow/example_dags/example_external_task_marker_dag.py for tasks to queue
[2024-03-18T15:37:30.991+0000] {logging_mixin.py:188} INFO - [2024-03-18T15:37:30.991+0000] {dagbag.py:540} INFO - Filling up the DagBag from /home/airflow/.local/lib/python3.8/site-packages/airflow/example_dags/example_external_task_marker_dag.py
[2024-03-18T15:37:30.996+0000] {processor.py:840} INFO - DAG(s) 'example_external_task_marker_parent', 'example_external_task_marker_child' retrieved from /home/airflow/.local/lib/python3.8/site-packages/airflow/example_dags/example_external_task_marker_dag.py
[2024-03-18T15:37:31.017+0000] {logging_mixin.py:188} INFO - [2024-03-18T15:37:31.017+0000] {dag.py:3047} INFO - Sync 2 DAGs
[2024-03-18T15:37:31.031+0000] {logging_mixin.py:188} INFO - [2024-03-18T15:37:31.030+0000] {dag.py:3834} INFO - Setting next_dagrun for example_external_task_marker_child to None, run_after=None
[2024-03-18T15:37:31.035+0000] {logging_mixin.py:188} INFO - [2024-03-18T15:37:31.035+0000] {dag.py:3834} INFO - Setting next_dagrun for example_external_task_marker_parent to None, run_after=None
[2024-03-18T15:37:31.052+0000] {processor.py:183} INFO - Processing /home/airflow/.local/lib/python3.8/site-packages/airflow/example_dags/example_external_task_marker_dag.py took 0.067 seconds
[2024-03-18T15:38:01.469+0000] {processor.py:161} INFO - Started process (PID=744) to work on /home/airflow/.local/lib/python3.8/site-packages/airflow/example_dags/example_external_task_marker_dag.py
[2024-03-18T15:38:01.470+0000] {processor.py:830} INFO - Processing file /home/airflow/.local/lib/python3.8/site-packages/airflow/example_dags/example_external_task_marker_dag.py for tasks to queue
[2024-03-18T15:38:01.471+0000] {logging_mixin.py:188} INFO - [2024-03-18T15:38:01.471+0000] {dagbag.py:540} INFO - Filling up the DagBag from /home/airflow/.local/lib/python3.8/site-packages/airflow/example_dags/example_external_task_marker_dag.py
[2024-03-18T15:38:01.477+0000] {processor.py:840} INFO - DAG(s) 'example_external_task_marker_parent', 'example_external_task_marker_child' retrieved from /home/airflow/.local/lib/python3.8/site-packages/airflow/example_dags/example_external_task_marker_dag.py
[2024-03-18T15:38:01.497+0000] {logging_mixin.py:188} INFO - [2024-03-18T15:38:01.497+0000] {dag.py:3047} INFO - Sync 2 DAGs
[2024-03-18T15:38:01.509+0000] {logging_mixin.py:188} INFO - [2024-03-18T15:38:01.509+0000] {dag.py:3834} INFO - Setting next_dagrun for example_external_task_marker_child to None, run_after=None
[2024-03-18T15:38:01.513+0000] {logging_mixin.py:188} INFO - [2024-03-18T15:38:01.513+0000] {dag.py:3834} INFO - Setting next_dagrun for example_external_task_marker_parent to None, run_after=None
[2024-03-18T15:38:01.529+0000] {processor.py:183} INFO - Processing /home/airflow/.local/lib/python3.8/site-packages/airflow/example_dags/example_external_task_marker_dag.py took 0.063 seconds
[2024-03-18T15:38:31.562+0000] {processor.py:161} INFO - Started process (PID=799) to work on /home/airflow/.local/lib/python3.8/site-packages/airflow/example_dags/example_external_task_marker_dag.py
[2024-03-18T15:38:31.563+0000] {processor.py:830} INFO - Processing file /home/airflow/.local/lib/python3.8/site-packages/airflow/example_dags/example_external_task_marker_dag.py for tasks to queue
[2024-03-18T15:38:31.564+0000] {logging_mixin.py:188} INFO - [2024-03-18T15:38:31.564+0000] {dagbag.py:540} INFO - Filling up the DagBag from /home/airflow/.local/lib/python3.8/site-packages/airflow/example_dags/example_external_task_marker_dag.py
[2024-03-18T15:38:31.569+0000] {processor.py:840} INFO - DAG(s) 'example_external_task_marker_child', 'example_external_task_marker_parent' retrieved from /home/airflow/.local/lib/python3.8/site-packages/airflow/example_dags/example_external_task_marker_dag.py
[2024-03-18T15:38:31.587+0000] {logging_mixin.py:188} INFO - [2024-03-18T15:38:31.587+0000] {dag.py:3047} INFO - Sync 2 DAGs
[2024-03-18T15:38:31.598+0000] {logging_mixin.py:188} INFO - [2024-03-18T15:38:31.598+0000] {dag.py:3834} INFO - Setting next_dagrun for example_external_task_marker_child to None, run_after=None
[2024-03-18T15:38:31.601+0000] {logging_mixin.py:188} INFO - [2024-03-18T15:38:31.601+0000] {dag.py:3834} INFO - Setting next_dagrun for example_external_task_marker_parent to None, run_after=None
[2024-03-18T15:38:31.624+0000] {processor.py:183} INFO - Processing /home/airflow/.local/lib/python3.8/site-packages/airflow/example_dags/example_external_task_marker_dag.py took 0.064 seconds
[2024-03-18T15:39:01.679+0000] {processor.py:161} INFO - Started process (PID=854) to work on /home/airflow/.local/lib/python3.8/site-packages/airflow/example_dags/example_external_task_marker_dag.py
[2024-03-18T15:39:01.680+0000] {processor.py:830} INFO - Processing file /home/airflow/.local/lib/python3.8/site-packages/airflow/example_dags/example_external_task_marker_dag.py for tasks to queue
[2024-03-18T15:39:01.681+0000] {logging_mixin.py:188} INFO - [2024-03-18T15:39:01.681+0000] {dagbag.py:540} INFO - Filling up the DagBag from /home/airflow/.local/lib/python3.8/site-packages/airflow/example_dags/example_external_task_marker_dag.py
[2024-03-18T15:39:01.686+0000] {processor.py:840} INFO - DAG(s) 'example_external_task_marker_parent', 'example_external_task_marker_child' retrieved from /home/airflow/.local/lib/python3.8/site-packages/airflow/example_dags/example_external_task_marker_dag.py
[2024-03-18T15:39:01.704+0000] {logging_mixin.py:188} INFO - [2024-03-18T15:39:01.704+0000] {dag.py:3047} INFO - Sync 2 DAGs
[2024-03-18T15:39:01.714+0000] {logging_mixin.py:188} INFO - [2024-03-18T15:39:01.713+0000] {dag.py:3834} INFO - Setting next_dagrun for example_external_task_marker_child to None, run_after=None
[2024-03-18T15:39:01.717+0000] {logging_mixin.py:188} INFO - [2024-03-18T15:39:01.717+0000] {dag.py:3834} INFO - Setting next_dagrun for example_external_task_marker_parent to None, run_after=None
[2024-03-18T15:39:01.730+0000] {processor.py:183} INFO - Processing /home/airflow/.local/lib/python3.8/site-packages/airflow/example_dags/example_external_task_marker_dag.py took 0.053 seconds
[2024-03-18T15:39:31.911+0000] {processor.py:161} INFO - Started process (PID=909) to work on /home/airflow/.local/lib/python3.8/site-packages/airflow/example_dags/example_external_task_marker_dag.py
[2024-03-18T15:39:31.912+0000] {processor.py:830} INFO - Processing file /home/airflow/.local/lib/python3.8/site-packages/airflow/example_dags/example_external_task_marker_dag.py for tasks to queue
[2024-03-18T15:39:31.914+0000] {logging_mixin.py:188} INFO - [2024-03-18T15:39:31.913+0000] {dagbag.py:540} INFO - Filling up the DagBag from /home/airflow/.local/lib/python3.8/site-packages/airflow/example_dags/example_external_task_marker_dag.py
[2024-03-18T15:39:31.918+0000] {processor.py:840} INFO - DAG(s) 'example_external_task_marker_parent', 'example_external_task_marker_child' retrieved from /home/airflow/.local/lib/python3.8/site-packages/airflow/example_dags/example_external_task_marker_dag.py
[2024-03-18T15:39:31.937+0000] {logging_mixin.py:188} INFO - [2024-03-18T15:39:31.937+0000] {dag.py:3047} INFO - Sync 2 DAGs
[2024-03-18T15:39:31.948+0000] {logging_mixin.py:188} INFO - [2024-03-18T15:39:31.948+0000] {dag.py:3834} INFO - Setting next_dagrun for example_external_task_marker_child to None, run_after=None
[2024-03-18T15:39:31.952+0000] {logging_mixin.py:188} INFO - [2024-03-18T15:39:31.952+0000] {dag.py:3834} INFO - Setting next_dagrun for example_external_task_marker_parent to None, run_after=None
[2024-03-18T15:39:31.966+0000] {processor.py:183} INFO - Processing /home/airflow/.local/lib/python3.8/site-packages/airflow/example_dags/example_external_task_marker_dag.py took 0.057 seconds
[2024-03-18T15:40:02.041+0000] {processor.py:161} INFO - Started process (PID=964) to work on /home/airflow/.local/lib/python3.8/site-packages/airflow/example_dags/example_external_task_marker_dag.py
[2024-03-18T15:40:02.042+0000] {processor.py:830} INFO - Processing file /home/airflow/.local/lib/python3.8/site-packages/airflow/example_dags/example_external_task_marker_dag.py for tasks to queue
[2024-03-18T15:40:02.043+0000] {logging_mixin.py:188} INFO - [2024-03-18T15:40:02.043+0000] {dagbag.py:540} INFO - Filling up the DagBag from /home/airflow/.local/lib/python3.8/site-packages/airflow/example_dags/example_external_task_marker_dag.py
[2024-03-18T15:40:02.048+0000] {processor.py:840} INFO - DAG(s) 'example_external_task_marker_child', 'example_external_task_marker_parent' retrieved from /home/airflow/.local/lib/python3.8/site-packages/airflow/example_dags/example_external_task_marker_dag.py
[2024-03-18T15:40:02.065+0000] {logging_mixin.py:188} INFO - [2024-03-18T15:40:02.065+0000] {dag.py:3047} INFO - Sync 2 DAGs
[2024-03-18T15:40:02.076+0000] {logging_mixin.py:188} INFO - [2024-03-18T15:40:02.076+0000] {dag.py:3834} INFO - Setting next_dagrun for example_external_task_marker_child to None, run_after=None
[2024-03-18T15:40:02.079+0000] {logging_mixin.py:188} INFO - [2024-03-18T15:40:02.079+0000] {dag.py:3834} INFO - Setting next_dagrun for example_external_task_marker_parent to None, run_after=None
[2024-03-18T15:40:02.092+0000] {processor.py:183} INFO - Processing /home/airflow/.local/lib/python3.8/site-packages/airflow/example_dags/example_external_task_marker_dag.py took 0.054 seconds
[2024-03-18T15:40:32.198+0000] {processor.py:161} INFO - Started process (PID=1019) to work on /home/airflow/.local/lib/python3.8/site-packages/airflow/example_dags/example_external_task_marker_dag.py
[2024-03-18T15:40:32.200+0000] {processor.py:830} INFO - Processing file /home/airflow/.local/lib/python3.8/site-packages/airflow/example_dags/example_external_task_marker_dag.py for tasks to queue
[2024-03-18T15:40:32.201+0000] {logging_mixin.py:188} INFO - [2024-03-18T15:40:32.201+0000] {dagbag.py:540} INFO - Filling up the DagBag from /home/airflow/.local/lib/python3.8/site-packages/airflow/example_dags/example_external_task_marker_dag.py
[2024-03-18T15:40:32.207+0000] {processor.py:840} INFO - DAG(s) 'example_external_task_marker_child', 'example_external_task_marker_parent' retrieved from /home/airflow/.local/lib/python3.8/site-packages/airflow/example_dags/example_external_task_marker_dag.py
[2024-03-18T15:40:32.225+0000] {logging_mixin.py:188} INFO - [2024-03-18T15:40:32.225+0000] {dag.py:3047} INFO - Sync 2 DAGs
[2024-03-18T15:40:32.236+0000] {logging_mixin.py:188} INFO - [2024-03-18T15:40:32.236+0000] {dag.py:3834} INFO - Setting next_dagrun for example_external_task_marker_child to None, run_after=None
[2024-03-18T15:40:32.240+0000] {logging_mixin.py:188} INFO - [2024-03-18T15:40:32.240+0000] {dag.py:3834} INFO - Setting next_dagrun for example_external_task_marker_parent to None, run_after=None
[2024-03-18T15:40:32.254+0000] {processor.py:183} INFO - Processing /home/airflow/.local/lib/python3.8/site-packages/airflow/example_dags/example_external_task_marker_dag.py took 0.058 seconds
[2024-03-18T15:41:02.400+0000] {processor.py:161} INFO - Started process (PID=1074) to work on /home/airflow/.local/lib/python3.8/site-packages/airflow/example_dags/example_external_task_marker_dag.py
[2024-03-18T15:41:02.401+0000] {processor.py:830} INFO - Processing file /home/airflow/.local/lib/python3.8/site-packages/airflow/example_dags/example_external_task_marker_dag.py for tasks to queue
[2024-03-18T15:41:02.403+0000] {logging_mixin.py:188} INFO - [2024-03-18T15:41:02.402+0000] {dagbag.py:540} INFO - Filling up the DagBag from /home/airflow/.local/lib/python3.8/site-packages/airflow/example_dags/example_external_task_marker_dag.py
[2024-03-18T15:41:02.407+0000] {processor.py:840} INFO - DAG(s) 'example_external_task_marker_child', 'example_external_task_marker_parent' retrieved from /home/airflow/.local/lib/python3.8/site-packages/airflow/example_dags/example_external_task_marker_dag.py
[2024-03-18T15:41:02.425+0000] {logging_mixin.py:188} INFO - [2024-03-18T15:41:02.425+0000] {dag.py:3047} INFO - Sync 2 DAGs
[2024-03-18T15:41:02.436+0000] {logging_mixin.py:188} INFO - [2024-03-18T15:41:02.436+0000] {dag.py:3834} INFO - Setting next_dagrun for example_external_task_marker_child to None, run_after=None
[2024-03-18T15:41:02.439+0000] {logging_mixin.py:188} INFO - [2024-03-18T15:41:02.439+0000] {dag.py:3834} INFO - Setting next_dagrun for example_external_task_marker_parent to None, run_after=None
[2024-03-18T15:41:02.453+0000] {processor.py:183} INFO - Processing /home/airflow/.local/lib/python3.8/site-packages/airflow/example_dags/example_external_task_marker_dag.py took 0.055 seconds
[2024-03-18T15:41:33.361+0000] {processor.py:161} INFO - Started process (PID=1129) to work on /home/airflow/.local/lib/python3.8/site-packages/airflow/example_dags/example_external_task_marker_dag.py
[2024-03-18T15:41:33.362+0000] {processor.py:830} INFO - Processing file /home/airflow/.local/lib/python3.8/site-packages/airflow/example_dags/example_external_task_marker_dag.py for tasks to queue
[2024-03-18T15:41:33.363+0000] {logging_mixin.py:188} INFO - [2024-03-18T15:41:33.363+0000] {dagbag.py:540} INFO - Filling up the DagBag from /home/airflow/.local/lib/python3.8/site-packages/airflow/example_dags/example_external_task_marker_dag.py
[2024-03-18T15:41:33.368+0000] {processor.py:840} INFO - DAG(s) 'example_external_task_marker_parent', 'example_external_task_marker_child' retrieved from /home/airflow/.local/lib/python3.8/site-packages/airflow/example_dags/example_external_task_marker_dag.py
[2024-03-18T15:41:33.385+0000] {logging_mixin.py:188} INFO - [2024-03-18T15:41:33.385+0000] {dag.py:3047} INFO - Sync 2 DAGs
[2024-03-18T15:41:33.395+0000] {logging_mixin.py:188} INFO - [2024-03-18T15:41:33.395+0000] {dag.py:3834} INFO - Setting next_dagrun for example_external_task_marker_child to None, run_after=None
[2024-03-18T15:41:33.398+0000] {logging_mixin.py:188} INFO - [2024-03-18T15:41:33.398+0000] {dag.py:3834} INFO - Setting next_dagrun for example_external_task_marker_parent to None, run_after=None
[2024-03-18T15:41:33.412+0000] {processor.py:183} INFO - Processing /home/airflow/.local/lib/python3.8/site-packages/airflow/example_dags/example_external_task_marker_dag.py took 0.054 seconds
[2024-03-18T15:42:03.581+0000] {processor.py:161} INFO - Started process (PID=1184) to work on /home/airflow/.local/lib/python3.8/site-packages/airflow/example_dags/example_external_task_marker_dag.py
[2024-03-18T15:42:03.582+0000] {processor.py:830} INFO - Processing file /home/airflow/.local/lib/python3.8/site-packages/airflow/example_dags/example_external_task_marker_dag.py for tasks to queue
[2024-03-18T15:42:03.583+0000] {logging_mixin.py:188} INFO - [2024-03-18T15:42:03.583+0000] {dagbag.py:540} INFO - Filling up the DagBag from /home/airflow/.local/lib/python3.8/site-packages/airflow/example_dags/example_external_task_marker_dag.py
[2024-03-18T15:42:03.588+0000] {processor.py:840} INFO - DAG(s) 'example_external_task_marker_child', 'example_external_task_marker_parent' retrieved from /home/airflow/.local/lib/python3.8/site-packages/airflow/example_dags/example_external_task_marker_dag.py
[2024-03-18T15:42:03.605+0000] {logging_mixin.py:188} INFO - [2024-03-18T15:42:03.605+0000] {dag.py:3047} INFO - Sync 2 DAGs
[2024-03-18T15:42:03.615+0000] {logging_mixin.py:188} INFO - [2024-03-18T15:42:03.615+0000] {dag.py:3834} INFO - Setting next_dagrun for example_external_task_marker_child to None, run_after=None
[2024-03-18T15:42:03.618+0000] {logging_mixin.py:188} INFO - [2024-03-18T15:42:03.618+0000] {dag.py:3834} INFO - Setting next_dagrun for example_external_task_marker_parent to None, run_after=None
[2024-03-18T15:42:03.632+0000] {processor.py:183} INFO - Processing /home/airflow/.local/lib/python3.8/site-packages/airflow/example_dags/example_external_task_marker_dag.py took 0.053 seconds
[2024-03-18T15:42:33.775+0000] {processor.py:161} INFO - Started process (PID=1239) to work on /home/airflow/.local/lib/python3.8/site-packages/airflow/example_dags/example_external_task_marker_dag.py
[2024-03-18T15:42:33.776+0000] {processor.py:830} INFO - Processing file /home/airflow/.local/lib/python3.8/site-packages/airflow/example_dags/example_external_task_marker_dag.py for tasks to queue
[2024-03-18T15:42:33.778+0000] {logging_mixin.py:188} INFO - [2024-03-18T15:42:33.777+0000] {dagbag.py:540} INFO - Filling up the DagBag from /home/airflow/.local/lib/python3.8/site-packages/airflow/example_dags/example_external_task_marker_dag.py
[2024-03-18T15:42:33.782+0000] {processor.py:840} INFO - DAG(s) 'example_external_task_marker_parent', 'example_external_task_marker_child' retrieved from /home/airflow/.local/lib/python3.8/site-packages/airflow/example_dags/example_external_task_marker_dag.py
[2024-03-18T15:42:33.799+0000] {logging_mixin.py:188} INFO - [2024-03-18T15:42:33.799+0000] {dag.py:3047} INFO - Sync 2 DAGs
[2024-03-18T15:42:33.810+0000] {logging_mixin.py:188} INFO - [2024-03-18T15:42:33.810+0000] {dag.py:3834} INFO - Setting next_dagrun for example_external_task_marker_child to None, run_after=None
[2024-03-18T15:42:33.813+0000] {logging_mixin.py:188} INFO - [2024-03-18T15:42:33.813+0000] {dag.py:3834} INFO - Setting next_dagrun for example_external_task_marker_parent to None, run_after=None
[2024-03-18T15:42:33.826+0000] {processor.py:183} INFO - Processing /home/airflow/.local/lib/python3.8/site-packages/airflow/example_dags/example_external_task_marker_dag.py took 0.053 seconds
[2024-03-18T15:43:04.027+0000] {processor.py:161} INFO - Started process (PID=1294) to work on /home/airflow/.local/lib/python3.8/site-packages/airflow/example_dags/example_external_task_marker_dag.py
[2024-03-18T15:43:04.028+0000] {processor.py:830} INFO - Processing file /home/airflow/.local/lib/python3.8/site-packages/airflow/example_dags/example_external_task_marker_dag.py for tasks to queue
[2024-03-18T15:43:04.029+0000] {logging_mixin.py:188} INFO - [2024-03-18T15:43:04.029+0000] {dagbag.py:540} INFO - Filling up the DagBag from /home/airflow/.local/lib/python3.8/site-packages/airflow/example_dags/example_external_task_marker_dag.py
[2024-03-18T15:43:04.034+0000] {processor.py:840} INFO - DAG(s) 'example_external_task_marker_parent', 'example_external_task_marker_child' retrieved from /home/airflow/.local/lib/python3.8/site-packages/airflow/example_dags/example_external_task_marker_dag.py
[2024-03-18T15:43:04.052+0000] {logging_mixin.py:188} INFO - [2024-03-18T15:43:04.052+0000] {dag.py:3047} INFO - Sync 2 DAGs
[2024-03-18T15:43:04.063+0000] {logging_mixin.py:188} INFO - [2024-03-18T15:43:04.063+0000] {dag.py:3834} INFO - Setting next_dagrun for example_external_task_marker_child to None, run_after=None
[2024-03-18T15:43:04.066+0000] {logging_mixin.py:188} INFO - [2024-03-18T15:43:04.066+0000] {dag.py:3834} INFO - Setting next_dagrun for example_external_task_marker_parent to None, run_after=None
[2024-03-18T15:43:04.080+0000] {processor.py:183} INFO - Processing /home/airflow/.local/lib/python3.8/site-packages/airflow/example_dags/example_external_task_marker_dag.py took 0.056 seconds
