[2024-03-18T15:31:56.496+0000] {processor.py:161} INFO - Started process (PID=79) to work on /home/airflow/.local/lib/python3.8/site-packages/airflow/example_dags/example_branch_python_dop_operator_3.py
[2024-03-18T15:31:56.498+0000] {processor.py:830} INFO - Processing file /home/airflow/.local/lib/python3.8/site-packages/airflow/example_dags/example_branch_python_dop_operator_3.py for tasks to queue
[2024-03-18T15:31:56.499+0000] {logging_mixin.py:188} INFO - [2024-03-18T15:31:56.499+0000] {dagbag.py:540} INFO - Filling up the DagBag from /home/airflow/.local/lib/python3.8/site-packages/airflow/example_dags/example_branch_python_dop_operator_3.py
[2024-03-18T15:31:56.508+0000] {processor.py:840} INFO - DAG(s) 'example_branch_dop_operator_v3' retrieved from /home/airflow/.local/lib/python3.8/site-packages/airflow/example_dags/example_branch_python_dop_operator_3.py
[2024-03-18T15:31:56.517+0000] {logging_mixin.py:188} INFO - [2024-03-18T15:31:56.517+0000] {dag.py:3047} INFO - Sync 1 DAGs
[2024-03-18T15:31:56.543+0000] {logging_mixin.py:188} INFO - [2024-03-18T15:31:56.543+0000] {dag.py:3834} INFO - Setting next_dagrun for example_branch_dop_operator_v3 to 2024-03-18 15:30:00+00:00, run_after=2024-03-18 15:31:00+00:00
[2024-03-18T15:31:56.560+0000] {processor.py:183} INFO - Processing /home/airflow/.local/lib/python3.8/site-packages/airflow/example_dags/example_branch_python_dop_operator_3.py took 0.068 seconds
[2024-03-18T15:32:27.875+0000] {processor.py:161} INFO - Started process (PID=134) to work on /home/airflow/.local/lib/python3.8/site-packages/airflow/example_dags/example_branch_python_dop_operator_3.py
[2024-03-18T15:32:27.876+0000] {processor.py:830} INFO - Processing file /home/airflow/.local/lib/python3.8/site-packages/airflow/example_dags/example_branch_python_dop_operator_3.py for tasks to queue
[2024-03-18T15:32:27.878+0000] {logging_mixin.py:188} INFO - [2024-03-18T15:32:27.878+0000] {dagbag.py:540} INFO - Filling up the DagBag from /home/airflow/.local/lib/python3.8/site-packages/airflow/example_dags/example_branch_python_dop_operator_3.py
[2024-03-18T15:32:27.886+0000] {processor.py:840} INFO - DAG(s) 'example_branch_dop_operator_v3' retrieved from /home/airflow/.local/lib/python3.8/site-packages/airflow/example_dags/example_branch_python_dop_operator_3.py
[2024-03-18T15:32:27.971+0000] {logging_mixin.py:188} INFO - [2024-03-18T15:32:27.971+0000] {dag.py:3047} INFO - Sync 1 DAGs
[2024-03-18T15:32:27.992+0000] {logging_mixin.py:188} INFO - [2024-03-18T15:32:27.992+0000] {dag.py:3834} INFO - Setting next_dagrun for example_branch_dop_operator_v3 to 2024-03-18 15:31:00+00:00, run_after=2024-03-18 15:32:00+00:00
[2024-03-18T15:32:28.008+0000] {processor.py:183} INFO - Processing /home/airflow/.local/lib/python3.8/site-packages/airflow/example_dags/example_branch_python_dop_operator_3.py took 0.135 seconds
[2024-03-18T15:32:58.425+0000] {processor.py:161} INFO - Started process (PID=189) to work on /home/airflow/.local/lib/python3.8/site-packages/airflow/example_dags/example_branch_python_dop_operator_3.py
[2024-03-18T15:32:58.426+0000] {processor.py:830} INFO - Processing file /home/airflow/.local/lib/python3.8/site-packages/airflow/example_dags/example_branch_python_dop_operator_3.py for tasks to queue
[2024-03-18T15:32:58.427+0000] {logging_mixin.py:188} INFO - [2024-03-18T15:32:58.427+0000] {dagbag.py:540} INFO - Filling up the DagBag from /home/airflow/.local/lib/python3.8/site-packages/airflow/example_dags/example_branch_python_dop_operator_3.py
[2024-03-18T15:32:58.434+0000] {processor.py:840} INFO - DAG(s) 'example_branch_dop_operator_v3' retrieved from /home/airflow/.local/lib/python3.8/site-packages/airflow/example_dags/example_branch_python_dop_operator_3.py
[2024-03-18T15:32:58.449+0000] {logging_mixin.py:188} INFO - [2024-03-18T15:32:58.449+0000] {dag.py:3047} INFO - Sync 1 DAGs
[2024-03-18T15:32:58.471+0000] {logging_mixin.py:188} INFO - [2024-03-18T15:32:58.470+0000] {dag.py:3834} INFO - Setting next_dagrun for example_branch_dop_operator_v3 to 2024-03-18 15:31:00+00:00, run_after=2024-03-18 15:32:00+00:00
[2024-03-18T15:32:58.485+0000] {processor.py:183} INFO - Processing /home/airflow/.local/lib/python3.8/site-packages/airflow/example_dags/example_branch_python_dop_operator_3.py took 0.063 seconds
[2024-03-18T15:33:28.649+0000] {processor.py:161} INFO - Started process (PID=244) to work on /home/airflow/.local/lib/python3.8/site-packages/airflow/example_dags/example_branch_python_dop_operator_3.py
[2024-03-18T15:33:28.650+0000] {processor.py:830} INFO - Processing file /home/airflow/.local/lib/python3.8/site-packages/airflow/example_dags/example_branch_python_dop_operator_3.py for tasks to queue
[2024-03-18T15:33:28.652+0000] {logging_mixin.py:188} INFO - [2024-03-18T15:33:28.651+0000] {dagbag.py:540} INFO - Filling up the DagBag from /home/airflow/.local/lib/python3.8/site-packages/airflow/example_dags/example_branch_python_dop_operator_3.py
[2024-03-18T15:33:28.661+0000] {processor.py:840} INFO - DAG(s) 'example_branch_dop_operator_v3' retrieved from /home/airflow/.local/lib/python3.8/site-packages/airflow/example_dags/example_branch_python_dop_operator_3.py
[2024-03-18T15:33:28.678+0000] {logging_mixin.py:188} INFO - [2024-03-18T15:33:28.677+0000] {dag.py:3047} INFO - Sync 1 DAGs
[2024-03-18T15:33:28.705+0000] {logging_mixin.py:188} INFO - [2024-03-18T15:33:28.704+0000] {dag.py:3834} INFO - Setting next_dagrun for example_branch_dop_operator_v3 to 2024-03-18 15:32:00+00:00, run_after=2024-03-18 15:33:00+00:00
[2024-03-18T15:33:28.722+0000] {processor.py:183} INFO - Processing /home/airflow/.local/lib/python3.8/site-packages/airflow/example_dags/example_branch_python_dop_operator_3.py took 0.077 seconds
[2024-03-18T15:33:58.780+0000] {processor.py:161} INFO - Started process (PID=299) to work on /home/airflow/.local/lib/python3.8/site-packages/airflow/example_dags/example_branch_python_dop_operator_3.py
[2024-03-18T15:33:58.781+0000] {processor.py:830} INFO - Processing file /home/airflow/.local/lib/python3.8/site-packages/airflow/example_dags/example_branch_python_dop_operator_3.py for tasks to queue
[2024-03-18T15:33:58.782+0000] {logging_mixin.py:188} INFO - [2024-03-18T15:33:58.782+0000] {dagbag.py:540} INFO - Filling up the DagBag from /home/airflow/.local/lib/python3.8/site-packages/airflow/example_dags/example_branch_python_dop_operator_3.py
[2024-03-18T15:33:58.789+0000] {processor.py:840} INFO - DAG(s) 'example_branch_dop_operator_v3' retrieved from /home/airflow/.local/lib/python3.8/site-packages/airflow/example_dags/example_branch_python_dop_operator_3.py
[2024-03-18T15:33:58.806+0000] {logging_mixin.py:188} INFO - [2024-03-18T15:33:58.805+0000] {dag.py:3047} INFO - Sync 1 DAGs
[2024-03-18T15:33:58.828+0000] {logging_mixin.py:188} INFO - [2024-03-18T15:33:58.828+0000] {dag.py:3834} INFO - Setting next_dagrun for example_branch_dop_operator_v3 to 2024-03-18 15:32:00+00:00, run_after=2024-03-18 15:33:00+00:00
[2024-03-18T15:33:58.845+0000] {processor.py:183} INFO - Processing /home/airflow/.local/lib/python3.8/site-packages/airflow/example_dags/example_branch_python_dop_operator_3.py took 0.068 seconds
[2024-03-18T15:34:28.977+0000] {processor.py:161} INFO - Started process (PID=354) to work on /home/airflow/.local/lib/python3.8/site-packages/airflow/example_dags/example_branch_python_dop_operator_3.py
[2024-03-18T15:34:28.977+0000] {processor.py:830} INFO - Processing file /home/airflow/.local/lib/python3.8/site-packages/airflow/example_dags/example_branch_python_dop_operator_3.py for tasks to queue
[2024-03-18T15:34:28.979+0000] {logging_mixin.py:188} INFO - [2024-03-18T15:34:28.979+0000] {dagbag.py:540} INFO - Filling up the DagBag from /home/airflow/.local/lib/python3.8/site-packages/airflow/example_dags/example_branch_python_dop_operator_3.py
[2024-03-18T15:34:28.986+0000] {processor.py:840} INFO - DAG(s) 'example_branch_dop_operator_v3' retrieved from /home/airflow/.local/lib/python3.8/site-packages/airflow/example_dags/example_branch_python_dop_operator_3.py
[2024-03-18T15:34:29.002+0000] {logging_mixin.py:188} INFO - [2024-03-18T15:34:29.001+0000] {dag.py:3047} INFO - Sync 1 DAGs
[2024-03-18T15:34:29.023+0000] {logging_mixin.py:188} INFO - [2024-03-18T15:34:29.023+0000] {dag.py:3834} INFO - Setting next_dagrun for example_branch_dop_operator_v3 to 2024-03-18 15:33:00+00:00, run_after=2024-03-18 15:34:00+00:00
[2024-03-18T15:34:29.038+0000] {processor.py:183} INFO - Processing /home/airflow/.local/lib/python3.8/site-packages/airflow/example_dags/example_branch_python_dop_operator_3.py took 0.064 seconds
[2024-03-18T15:34:59.268+0000] {processor.py:161} INFO - Started process (PID=409) to work on /home/airflow/.local/lib/python3.8/site-packages/airflow/example_dags/example_branch_python_dop_operator_3.py
[2024-03-18T15:34:59.269+0000] {processor.py:830} INFO - Processing file /home/airflow/.local/lib/python3.8/site-packages/airflow/example_dags/example_branch_python_dop_operator_3.py for tasks to queue
[2024-03-18T15:34:59.270+0000] {logging_mixin.py:188} INFO - [2024-03-18T15:34:59.270+0000] {dagbag.py:540} INFO - Filling up the DagBag from /home/airflow/.local/lib/python3.8/site-packages/airflow/example_dags/example_branch_python_dop_operator_3.py
[2024-03-18T15:34:59.277+0000] {processor.py:840} INFO - DAG(s) 'example_branch_dop_operator_v3' retrieved from /home/airflow/.local/lib/python3.8/site-packages/airflow/example_dags/example_branch_python_dop_operator_3.py
[2024-03-18T15:34:59.292+0000] {logging_mixin.py:188} INFO - [2024-03-18T15:34:59.292+0000] {dag.py:3047} INFO - Sync 1 DAGs
[2024-03-18T15:34:59.316+0000] {logging_mixin.py:188} INFO - [2024-03-18T15:34:59.316+0000] {dag.py:3834} INFO - Setting next_dagrun for example_branch_dop_operator_v3 to 2024-03-18 15:33:00+00:00, run_after=2024-03-18 15:34:00+00:00
[2024-03-18T15:34:59.332+0000] {processor.py:183} INFO - Processing /home/airflow/.local/lib/python3.8/site-packages/airflow/example_dags/example_branch_python_dop_operator_3.py took 0.067 seconds
[2024-03-18T15:35:29.422+0000] {processor.py:161} INFO - Started process (PID=464) to work on /home/airflow/.local/lib/python3.8/site-packages/airflow/example_dags/example_branch_python_dop_operator_3.py
[2024-03-18T15:35:29.422+0000] {processor.py:830} INFO - Processing file /home/airflow/.local/lib/python3.8/site-packages/airflow/example_dags/example_branch_python_dop_operator_3.py for tasks to queue
[2024-03-18T15:35:29.424+0000] {logging_mixin.py:188} INFO - [2024-03-18T15:35:29.424+0000] {dagbag.py:540} INFO - Filling up the DagBag from /home/airflow/.local/lib/python3.8/site-packages/airflow/example_dags/example_branch_python_dop_operator_3.py
[2024-03-18T15:35:29.431+0000] {processor.py:840} INFO - DAG(s) 'example_branch_dop_operator_v3' retrieved from /home/airflow/.local/lib/python3.8/site-packages/airflow/example_dags/example_branch_python_dop_operator_3.py
[2024-03-18T15:35:29.446+0000] {logging_mixin.py:188} INFO - [2024-03-18T15:35:29.446+0000] {dag.py:3047} INFO - Sync 1 DAGs
[2024-03-18T15:35:29.468+0000] {logging_mixin.py:188} INFO - [2024-03-18T15:35:29.468+0000] {dag.py:3834} INFO - Setting next_dagrun for example_branch_dop_operator_v3 to 2024-03-18 15:34:00+00:00, run_after=2024-03-18 15:35:00+00:00
[2024-03-18T15:35:29.484+0000] {processor.py:183} INFO - Processing /home/airflow/.local/lib/python3.8/site-packages/airflow/example_dags/example_branch_python_dop_operator_3.py took 0.065 seconds
[2024-03-18T15:35:59.751+0000] {processor.py:161} INFO - Started process (PID=519) to work on /home/airflow/.local/lib/python3.8/site-packages/airflow/example_dags/example_branch_python_dop_operator_3.py
[2024-03-18T15:35:59.752+0000] {processor.py:830} INFO - Processing file /home/airflow/.local/lib/python3.8/site-packages/airflow/example_dags/example_branch_python_dop_operator_3.py for tasks to queue
[2024-03-18T15:35:59.754+0000] {logging_mixin.py:188} INFO - [2024-03-18T15:35:59.753+0000] {dagbag.py:540} INFO - Filling up the DagBag from /home/airflow/.local/lib/python3.8/site-packages/airflow/example_dags/example_branch_python_dop_operator_3.py
[2024-03-18T15:35:59.761+0000] {processor.py:840} INFO - DAG(s) 'example_branch_dop_operator_v3' retrieved from /home/airflow/.local/lib/python3.8/site-packages/airflow/example_dags/example_branch_python_dop_operator_3.py
[2024-03-18T15:35:59.777+0000] {logging_mixin.py:188} INFO - [2024-03-18T15:35:59.776+0000] {dag.py:3047} INFO - Sync 1 DAGs
[2024-03-18T15:35:59.799+0000] {logging_mixin.py:188} INFO - [2024-03-18T15:35:59.799+0000] {dag.py:3834} INFO - Setting next_dagrun for example_branch_dop_operator_v3 to 2024-03-18 15:34:00+00:00, run_after=2024-03-18 15:35:00+00:00
[2024-03-18T15:35:59.813+0000] {processor.py:183} INFO - Processing /home/airflow/.local/lib/python3.8/site-packages/airflow/example_dags/example_branch_python_dop_operator_3.py took 0.065 seconds
[2024-03-18T15:36:30.097+0000] {processor.py:161} INFO - Started process (PID=574) to work on /home/airflow/.local/lib/python3.8/site-packages/airflow/example_dags/example_branch_python_dop_operator_3.py
[2024-03-18T15:36:30.098+0000] {processor.py:830} INFO - Processing file /home/airflow/.local/lib/python3.8/site-packages/airflow/example_dags/example_branch_python_dop_operator_3.py for tasks to queue
[2024-03-18T15:36:30.100+0000] {logging_mixin.py:188} INFO - [2024-03-18T15:36:30.099+0000] {dagbag.py:540} INFO - Filling up the DagBag from /home/airflow/.local/lib/python3.8/site-packages/airflow/example_dags/example_branch_python_dop_operator_3.py
[2024-03-18T15:36:30.108+0000] {processor.py:840} INFO - DAG(s) 'example_branch_dop_operator_v3' retrieved from /home/airflow/.local/lib/python3.8/site-packages/airflow/example_dags/example_branch_python_dop_operator_3.py
[2024-03-18T15:36:30.124+0000] {logging_mixin.py:188} INFO - [2024-03-18T15:36:30.124+0000] {dag.py:3047} INFO - Sync 1 DAGs
[2024-03-18T15:36:30.147+0000] {logging_mixin.py:188} INFO - [2024-03-18T15:36:30.147+0000] {dag.py:3834} INFO - Setting next_dagrun for example_branch_dop_operator_v3 to 2024-03-18 15:35:00+00:00, run_after=2024-03-18 15:36:00+00:00
[2024-03-18T15:36:30.163+0000] {processor.py:183} INFO - Processing /home/airflow/.local/lib/python3.8/site-packages/airflow/example_dags/example_branch_python_dop_operator_3.py took 0.068 seconds
[2024-03-18T15:37:00.438+0000] {processor.py:161} INFO - Started process (PID=629) to work on /home/airflow/.local/lib/python3.8/site-packages/airflow/example_dags/example_branch_python_dop_operator_3.py
[2024-03-18T15:37:00.439+0000] {processor.py:830} INFO - Processing file /home/airflow/.local/lib/python3.8/site-packages/airflow/example_dags/example_branch_python_dop_operator_3.py for tasks to queue
[2024-03-18T15:37:00.440+0000] {logging_mixin.py:188} INFO - [2024-03-18T15:37:00.440+0000] {dagbag.py:540} INFO - Filling up the DagBag from /home/airflow/.local/lib/python3.8/site-packages/airflow/example_dags/example_branch_python_dop_operator_3.py
[2024-03-18T15:37:00.447+0000] {processor.py:840} INFO - DAG(s) 'example_branch_dop_operator_v3' retrieved from /home/airflow/.local/lib/python3.8/site-packages/airflow/example_dags/example_branch_python_dop_operator_3.py
[2024-03-18T15:37:00.462+0000] {logging_mixin.py:188} INFO - [2024-03-18T15:37:00.462+0000] {dag.py:3047} INFO - Sync 1 DAGs
[2024-03-18T15:37:00.484+0000] {logging_mixin.py:188} INFO - [2024-03-18T15:37:00.484+0000] {dag.py:3834} INFO - Setting next_dagrun for example_branch_dop_operator_v3 to 2024-03-18 15:36:00+00:00, run_after=2024-03-18 15:37:00+00:00
[2024-03-18T15:37:00.499+0000] {processor.py:183} INFO - Processing /home/airflow/.local/lib/python3.8/site-packages/airflow/example_dags/example_branch_python_dop_operator_3.py took 0.064 seconds
[2024-03-18T15:37:30.770+0000] {processor.py:161} INFO - Started process (PID=684) to work on /home/airflow/.local/lib/python3.8/site-packages/airflow/example_dags/example_branch_python_dop_operator_3.py
[2024-03-18T15:37:30.771+0000] {processor.py:830} INFO - Processing file /home/airflow/.local/lib/python3.8/site-packages/airflow/example_dags/example_branch_python_dop_operator_3.py for tasks to queue
[2024-03-18T15:37:30.773+0000] {logging_mixin.py:188} INFO - [2024-03-18T15:37:30.773+0000] {dagbag.py:540} INFO - Filling up the DagBag from /home/airflow/.local/lib/python3.8/site-packages/airflow/example_dags/example_branch_python_dop_operator_3.py
[2024-03-18T15:37:30.780+0000] {processor.py:840} INFO - DAG(s) 'example_branch_dop_operator_v3' retrieved from /home/airflow/.local/lib/python3.8/site-packages/airflow/example_dags/example_branch_python_dop_operator_3.py
[2024-03-18T15:37:30.796+0000] {logging_mixin.py:188} INFO - [2024-03-18T15:37:30.796+0000] {dag.py:3047} INFO - Sync 1 DAGs
[2024-03-18T15:37:30.820+0000] {logging_mixin.py:188} INFO - [2024-03-18T15:37:30.819+0000] {dag.py:3834} INFO - Setting next_dagrun for example_branch_dop_operator_v3 to 2024-03-18 15:36:00+00:00, run_after=2024-03-18 15:37:00+00:00
[2024-03-18T15:37:30.836+0000] {processor.py:183} INFO - Processing /home/airflow/.local/lib/python3.8/site-packages/airflow/example_dags/example_branch_python_dop_operator_3.py took 0.068 seconds
[2024-03-18T15:38:01.222+0000] {processor.py:161} INFO - Started process (PID=739) to work on /home/airflow/.local/lib/python3.8/site-packages/airflow/example_dags/example_branch_python_dop_operator_3.py
[2024-03-18T15:38:01.223+0000] {processor.py:830} INFO - Processing file /home/airflow/.local/lib/python3.8/site-packages/airflow/example_dags/example_branch_python_dop_operator_3.py for tasks to queue
[2024-03-18T15:38:01.224+0000] {logging_mixin.py:188} INFO - [2024-03-18T15:38:01.224+0000] {dagbag.py:540} INFO - Filling up the DagBag from /home/airflow/.local/lib/python3.8/site-packages/airflow/example_dags/example_branch_python_dop_operator_3.py
[2024-03-18T15:38:01.232+0000] {processor.py:840} INFO - DAG(s) 'example_branch_dop_operator_v3' retrieved from /home/airflow/.local/lib/python3.8/site-packages/airflow/example_dags/example_branch_python_dop_operator_3.py
[2024-03-18T15:38:01.249+0000] {logging_mixin.py:188} INFO - [2024-03-18T15:38:01.249+0000] {dag.py:3047} INFO - Sync 1 DAGs
[2024-03-18T15:38:01.273+0000] {logging_mixin.py:188} INFO - [2024-03-18T15:38:01.273+0000] {dag.py:3834} INFO - Setting next_dagrun for example_branch_dop_operator_v3 to 2024-03-18 15:37:00+00:00, run_after=2024-03-18 15:38:00+00:00
[2024-03-18T15:38:01.291+0000] {processor.py:183} INFO - Processing /home/airflow/.local/lib/python3.8/site-packages/airflow/example_dags/example_branch_python_dop_operator_3.py took 0.072 seconds
[2024-03-18T15:38:31.338+0000] {processor.py:161} INFO - Started process (PID=794) to work on /home/airflow/.local/lib/python3.8/site-packages/airflow/example_dags/example_branch_python_dop_operator_3.py
[2024-03-18T15:38:31.339+0000] {processor.py:830} INFO - Processing file /home/airflow/.local/lib/python3.8/site-packages/airflow/example_dags/example_branch_python_dop_operator_3.py for tasks to queue
[2024-03-18T15:38:31.340+0000] {logging_mixin.py:188} INFO - [2024-03-18T15:38:31.340+0000] {dagbag.py:540} INFO - Filling up the DagBag from /home/airflow/.local/lib/python3.8/site-packages/airflow/example_dags/example_branch_python_dop_operator_3.py
[2024-03-18T15:38:31.347+0000] {processor.py:840} INFO - DAG(s) 'example_branch_dop_operator_v3' retrieved from /home/airflow/.local/lib/python3.8/site-packages/airflow/example_dags/example_branch_python_dop_operator_3.py
[2024-03-18T15:38:31.362+0000] {logging_mixin.py:188} INFO - [2024-03-18T15:38:31.362+0000] {dag.py:3047} INFO - Sync 1 DAGs
[2024-03-18T15:38:31.384+0000] {logging_mixin.py:188} INFO - [2024-03-18T15:38:31.384+0000] {dag.py:3834} INFO - Setting next_dagrun for example_branch_dop_operator_v3 to 2024-03-18 15:37:00+00:00, run_after=2024-03-18 15:38:00+00:00
[2024-03-18T15:38:31.399+0000] {processor.py:183} INFO - Processing /home/airflow/.local/lib/python3.8/site-packages/airflow/example_dags/example_branch_python_dop_operator_3.py took 0.063 seconds
[2024-03-18T15:39:01.449+0000] {processor.py:161} INFO - Started process (PID=849) to work on /home/airflow/.local/lib/python3.8/site-packages/airflow/example_dags/example_branch_python_dop_operator_3.py
[2024-03-18T15:39:01.450+0000] {processor.py:830} INFO - Processing file /home/airflow/.local/lib/python3.8/site-packages/airflow/example_dags/example_branch_python_dop_operator_3.py for tasks to queue
[2024-03-18T15:39:01.451+0000] {logging_mixin.py:188} INFO - [2024-03-18T15:39:01.451+0000] {dagbag.py:540} INFO - Filling up the DagBag from /home/airflow/.local/lib/python3.8/site-packages/airflow/example_dags/example_branch_python_dop_operator_3.py
[2024-03-18T15:39:01.458+0000] {processor.py:840} INFO - DAG(s) 'example_branch_dop_operator_v3' retrieved from /home/airflow/.local/lib/python3.8/site-packages/airflow/example_dags/example_branch_python_dop_operator_3.py
[2024-03-18T15:39:01.473+0000] {logging_mixin.py:188} INFO - [2024-03-18T15:39:01.473+0000] {dag.py:3047} INFO - Sync 1 DAGs
[2024-03-18T15:39:01.494+0000] {logging_mixin.py:188} INFO - [2024-03-18T15:39:01.494+0000] {dag.py:3834} INFO - Setting next_dagrun for example_branch_dop_operator_v3 to 2024-03-18 15:38:00+00:00, run_after=2024-03-18 15:39:00+00:00
[2024-03-18T15:39:01.509+0000] {processor.py:183} INFO - Processing /home/airflow/.local/lib/python3.8/site-packages/airflow/example_dags/example_branch_python_dop_operator_3.py took 0.063 seconds
[2024-03-18T15:39:31.699+0000] {processor.py:161} INFO - Started process (PID=904) to work on /home/airflow/.local/lib/python3.8/site-packages/airflow/example_dags/example_branch_python_dop_operator_3.py
[2024-03-18T15:39:31.700+0000] {processor.py:830} INFO - Processing file /home/airflow/.local/lib/python3.8/site-packages/airflow/example_dags/example_branch_python_dop_operator_3.py for tasks to queue
[2024-03-18T15:39:31.702+0000] {logging_mixin.py:188} INFO - [2024-03-18T15:39:31.702+0000] {dagbag.py:540} INFO - Filling up the DagBag from /home/airflow/.local/lib/python3.8/site-packages/airflow/example_dags/example_branch_python_dop_operator_3.py
[2024-03-18T15:39:31.709+0000] {processor.py:840} INFO - DAG(s) 'example_branch_dop_operator_v3' retrieved from /home/airflow/.local/lib/python3.8/site-packages/airflow/example_dags/example_branch_python_dop_operator_3.py
[2024-03-18T15:39:31.725+0000] {logging_mixin.py:188} INFO - [2024-03-18T15:39:31.725+0000] {dag.py:3047} INFO - Sync 1 DAGs
[2024-03-18T15:39:31.748+0000] {logging_mixin.py:188} INFO - [2024-03-18T15:39:31.748+0000] {dag.py:3834} INFO - Setting next_dagrun for example_branch_dop_operator_v3 to 2024-03-18 15:38:00+00:00, run_after=2024-03-18 15:39:00+00:00
[2024-03-18T15:39:31.765+0000] {processor.py:183} INFO - Processing /home/airflow/.local/lib/python3.8/site-packages/airflow/example_dags/example_branch_python_dop_operator_3.py took 0.068 seconds
[2024-03-18T15:40:01.810+0000] {processor.py:161} INFO - Started process (PID=959) to work on /home/airflow/.local/lib/python3.8/site-packages/airflow/example_dags/example_branch_python_dop_operator_3.py
[2024-03-18T15:40:01.811+0000] {processor.py:830} INFO - Processing file /home/airflow/.local/lib/python3.8/site-packages/airflow/example_dags/example_branch_python_dop_operator_3.py for tasks to queue
[2024-03-18T15:40:01.813+0000] {logging_mixin.py:188} INFO - [2024-03-18T15:40:01.812+0000] {dagbag.py:540} INFO - Filling up the DagBag from /home/airflow/.local/lib/python3.8/site-packages/airflow/example_dags/example_branch_python_dop_operator_3.py
[2024-03-18T15:40:01.819+0000] {processor.py:840} INFO - DAG(s) 'example_branch_dop_operator_v3' retrieved from /home/airflow/.local/lib/python3.8/site-packages/airflow/example_dags/example_branch_python_dop_operator_3.py
[2024-03-18T15:40:01.835+0000] {logging_mixin.py:188} INFO - [2024-03-18T15:40:01.834+0000] {dag.py:3047} INFO - Sync 1 DAGs
[2024-03-18T15:40:01.856+0000] {logging_mixin.py:188} INFO - [2024-03-18T15:40:01.856+0000] {dag.py:3834} INFO - Setting next_dagrun for example_branch_dop_operator_v3 to 2024-03-18 15:39:00+00:00, run_after=2024-03-18 15:40:00+00:00
[2024-03-18T15:40:01.871+0000] {processor.py:183} INFO - Processing /home/airflow/.local/lib/python3.8/site-packages/airflow/example_dags/example_branch_python_dop_operator_3.py took 0.064 seconds
[2024-03-18T15:40:31.960+0000] {processor.py:161} INFO - Started process (PID=1014) to work on /home/airflow/.local/lib/python3.8/site-packages/airflow/example_dags/example_branch_python_dop_operator_3.py
[2024-03-18T15:40:31.961+0000] {processor.py:830} INFO - Processing file /home/airflow/.local/lib/python3.8/site-packages/airflow/example_dags/example_branch_python_dop_operator_3.py for tasks to queue
[2024-03-18T15:40:31.963+0000] {logging_mixin.py:188} INFO - [2024-03-18T15:40:31.962+0000] {dagbag.py:540} INFO - Filling up the DagBag from /home/airflow/.local/lib/python3.8/site-packages/airflow/example_dags/example_branch_python_dop_operator_3.py
[2024-03-18T15:40:31.970+0000] {processor.py:840} INFO - DAG(s) 'example_branch_dop_operator_v3' retrieved from /home/airflow/.local/lib/python3.8/site-packages/airflow/example_dags/example_branch_python_dop_operator_3.py
[2024-03-18T15:40:31.985+0000] {logging_mixin.py:188} INFO - [2024-03-18T15:40:31.985+0000] {dag.py:3047} INFO - Sync 1 DAGs
[2024-03-18T15:40:32.008+0000] {logging_mixin.py:188} INFO - [2024-03-18T15:40:32.007+0000] {dag.py:3834} INFO - Setting next_dagrun for example_branch_dop_operator_v3 to 2024-03-18 15:39:00+00:00, run_after=2024-03-18 15:40:00+00:00
[2024-03-18T15:40:32.023+0000] {processor.py:183} INFO - Processing /home/airflow/.local/lib/python3.8/site-packages/airflow/example_dags/example_branch_python_dop_operator_3.py took 0.066 seconds
[2024-03-18T15:41:02.206+0000] {processor.py:161} INFO - Started process (PID=1069) to work on /home/airflow/.local/lib/python3.8/site-packages/airflow/example_dags/example_branch_python_dop_operator_3.py
[2024-03-18T15:41:02.207+0000] {processor.py:830} INFO - Processing file /home/airflow/.local/lib/python3.8/site-packages/airflow/example_dags/example_branch_python_dop_operator_3.py for tasks to queue
[2024-03-18T15:41:02.209+0000] {logging_mixin.py:188} INFO - [2024-03-18T15:41:02.208+0000] {dagbag.py:540} INFO - Filling up the DagBag from /home/airflow/.local/lib/python3.8/site-packages/airflow/example_dags/example_branch_python_dop_operator_3.py
[2024-03-18T15:41:02.216+0000] {processor.py:840} INFO - DAG(s) 'example_branch_dop_operator_v3' retrieved from /home/airflow/.local/lib/python3.8/site-packages/airflow/example_dags/example_branch_python_dop_operator_3.py
[2024-03-18T15:41:02.232+0000] {logging_mixin.py:188} INFO - [2024-03-18T15:41:02.231+0000] {dag.py:3047} INFO - Sync 1 DAGs
[2024-03-18T15:41:02.253+0000] {logging_mixin.py:188} INFO - [2024-03-18T15:41:02.253+0000] {dag.py:3834} INFO - Setting next_dagrun for example_branch_dop_operator_v3 to 2024-03-18 15:40:00+00:00, run_after=2024-03-18 15:41:00+00:00
[2024-03-18T15:41:02.268+0000] {processor.py:183} INFO - Processing /home/airflow/.local/lib/python3.8/site-packages/airflow/example_dags/example_branch_python_dop_operator_3.py took 0.064 seconds
[2024-03-18T15:41:33.173+0000] {processor.py:161} INFO - Started process (PID=1124) to work on /home/airflow/.local/lib/python3.8/site-packages/airflow/example_dags/example_branch_python_dop_operator_3.py
[2024-03-18T15:41:33.174+0000] {processor.py:830} INFO - Processing file /home/airflow/.local/lib/python3.8/site-packages/airflow/example_dags/example_branch_python_dop_operator_3.py for tasks to queue
[2024-03-18T15:41:33.175+0000] {logging_mixin.py:188} INFO - [2024-03-18T15:41:33.175+0000] {dagbag.py:540} INFO - Filling up the DagBag from /home/airflow/.local/lib/python3.8/site-packages/airflow/example_dags/example_branch_python_dop_operator_3.py
[2024-03-18T15:41:33.182+0000] {processor.py:840} INFO - DAG(s) 'example_branch_dop_operator_v3' retrieved from /home/airflow/.local/lib/python3.8/site-packages/airflow/example_dags/example_branch_python_dop_operator_3.py
[2024-03-18T15:41:33.198+0000] {logging_mixin.py:188} INFO - [2024-03-18T15:41:33.198+0000] {dag.py:3047} INFO - Sync 1 DAGs
[2024-03-18T15:41:33.220+0000] {logging_mixin.py:188} INFO - [2024-03-18T15:41:33.220+0000] {dag.py:3834} INFO - Setting next_dagrun for example_branch_dop_operator_v3 to 2024-03-18 15:40:00+00:00, run_after=2024-03-18 15:41:00+00:00
[2024-03-18T15:41:33.236+0000] {processor.py:183} INFO - Processing /home/airflow/.local/lib/python3.8/site-packages/airflow/example_dags/example_branch_python_dop_operator_3.py took 0.065 seconds
[2024-03-18T15:42:03.396+0000] {processor.py:161} INFO - Started process (PID=1179) to work on /home/airflow/.local/lib/python3.8/site-packages/airflow/example_dags/example_branch_python_dop_operator_3.py
[2024-03-18T15:42:03.397+0000] {processor.py:830} INFO - Processing file /home/airflow/.local/lib/python3.8/site-packages/airflow/example_dags/example_branch_python_dop_operator_3.py for tasks to queue
[2024-03-18T15:42:03.398+0000] {logging_mixin.py:188} INFO - [2024-03-18T15:42:03.398+0000] {dagbag.py:540} INFO - Filling up the DagBag from /home/airflow/.local/lib/python3.8/site-packages/airflow/example_dags/example_branch_python_dop_operator_3.py
[2024-03-18T15:42:03.406+0000] {processor.py:840} INFO - DAG(s) 'example_branch_dop_operator_v3' retrieved from /home/airflow/.local/lib/python3.8/site-packages/airflow/example_dags/example_branch_python_dop_operator_3.py
[2024-03-18T15:42:03.420+0000] {logging_mixin.py:188} INFO - [2024-03-18T15:42:03.420+0000] {dag.py:3047} INFO - Sync 1 DAGs
[2024-03-18T15:42:03.441+0000] {logging_mixin.py:188} INFO - [2024-03-18T15:42:03.441+0000] {dag.py:3834} INFO - Setting next_dagrun for example_branch_dop_operator_v3 to 2024-03-18 15:41:00+00:00, run_after=2024-03-18 15:42:00+00:00
[2024-03-18T15:42:03.456+0000] {processor.py:183} INFO - Processing /home/airflow/.local/lib/python3.8/site-packages/airflow/example_dags/example_branch_python_dop_operator_3.py took 0.063 seconds
[2024-03-18T15:42:33.589+0000] {processor.py:161} INFO - Started process (PID=1234) to work on /home/airflow/.local/lib/python3.8/site-packages/airflow/example_dags/example_branch_python_dop_operator_3.py
[2024-03-18T15:42:33.590+0000] {processor.py:830} INFO - Processing file /home/airflow/.local/lib/python3.8/site-packages/airflow/example_dags/example_branch_python_dop_operator_3.py for tasks to queue
[2024-03-18T15:42:33.591+0000] {logging_mixin.py:188} INFO - [2024-03-18T15:42:33.591+0000] {dagbag.py:540} INFO - Filling up the DagBag from /home/airflow/.local/lib/python3.8/site-packages/airflow/example_dags/example_branch_python_dop_operator_3.py
[2024-03-18T15:42:33.599+0000] {processor.py:840} INFO - DAG(s) 'example_branch_dop_operator_v3' retrieved from /home/airflow/.local/lib/python3.8/site-packages/airflow/example_dags/example_branch_python_dop_operator_3.py
[2024-03-18T15:42:33.614+0000] {logging_mixin.py:188} INFO - [2024-03-18T15:42:33.614+0000] {dag.py:3047} INFO - Sync 1 DAGs
[2024-03-18T15:42:33.635+0000] {logging_mixin.py:188} INFO - [2024-03-18T15:42:33.635+0000] {dag.py:3834} INFO - Setting next_dagrun for example_branch_dop_operator_v3 to 2024-03-18 15:41:00+00:00, run_after=2024-03-18 15:42:00+00:00
[2024-03-18T15:42:33.649+0000] {processor.py:183} INFO - Processing /home/airflow/.local/lib/python3.8/site-packages/airflow/example_dags/example_branch_python_dop_operator_3.py took 0.062 seconds
[2024-03-18T15:43:03.814+0000] {processor.py:161} INFO - Started process (PID=1289) to work on /home/airflow/.local/lib/python3.8/site-packages/airflow/example_dags/example_branch_python_dop_operator_3.py
[2024-03-18T15:43:03.815+0000] {processor.py:830} INFO - Processing file /home/airflow/.local/lib/python3.8/site-packages/airflow/example_dags/example_branch_python_dop_operator_3.py for tasks to queue
[2024-03-18T15:43:03.816+0000] {logging_mixin.py:188} INFO - [2024-03-18T15:43:03.816+0000] {dagbag.py:540} INFO - Filling up the DagBag from /home/airflow/.local/lib/python3.8/site-packages/airflow/example_dags/example_branch_python_dop_operator_3.py
[2024-03-18T15:43:03.824+0000] {processor.py:840} INFO - DAG(s) 'example_branch_dop_operator_v3' retrieved from /home/airflow/.local/lib/python3.8/site-packages/airflow/example_dags/example_branch_python_dop_operator_3.py
[2024-03-18T15:43:03.840+0000] {logging_mixin.py:188} INFO - [2024-03-18T15:43:03.840+0000] {dag.py:3047} INFO - Sync 1 DAGs
[2024-03-18T15:43:03.864+0000] {logging_mixin.py:188} INFO - [2024-03-18T15:43:03.864+0000] {dag.py:3834} INFO - Setting next_dagrun for example_branch_dop_operator_v3 to 2024-03-18 15:42:00+00:00, run_after=2024-03-18 15:43:00+00:00
[2024-03-18T15:43:03.880+0000] {processor.py:183} INFO - Processing /home/airflow/.local/lib/python3.8/site-packages/airflow/example_dags/example_branch_python_dop_operator_3.py took 0.069 seconds
