[2024-03-18T15:31:56.068+0000] {processor.py:161} INFO - Started process (PID=68) to work on /home/airflow/.local/lib/python3.8/site-packages/airflow/example_dags/example_skip_dag.py
[2024-03-18T15:31:56.069+0000] {processor.py:830} INFO - Processing file /home/airflow/.local/lib/python3.8/site-packages/airflow/example_dags/example_skip_dag.py for tasks to queue
[2024-03-18T15:31:56.071+0000] {logging_mixin.py:188} INFO - [2024-03-18T15:31:56.071+0000] {dagbag.py:540} INFO - Filling up the DagBag from /home/airflow/.local/lib/python3.8/site-packages/airflow/example_dags/example_skip_dag.py
[2024-03-18T15:31:56.078+0000] {processor.py:840} INFO - DAG(s) 'example_skip_dag' retrieved from /home/airflow/.local/lib/python3.8/site-packages/airflow/example_dags/example_skip_dag.py
[2024-03-18T15:31:56.087+0000] {logging_mixin.py:188} INFO - [2024-03-18T15:31:56.087+0000] {dag.py:3047} INFO - Sync 1 DAGs
[2024-03-18T15:31:56.108+0000] {logging_mixin.py:188} INFO - [2024-03-18T15:31:56.108+0000] {dag.py:3834} INFO - Setting next_dagrun for example_skip_dag to 2024-03-17 00:00:00+00:00, run_after=2024-03-18 00:00:00+00:00
[2024-03-18T15:31:56.124+0000] {processor.py:183} INFO - Processing /home/airflow/.local/lib/python3.8/site-packages/airflow/example_dags/example_skip_dag.py took 0.059 seconds
[2024-03-18T15:32:27.059+0000] {processor.py:161} INFO - Started process (PID=123) to work on /home/airflow/.local/lib/python3.8/site-packages/airflow/example_dags/example_skip_dag.py
[2024-03-18T15:32:27.060+0000] {processor.py:830} INFO - Processing file /home/airflow/.local/lib/python3.8/site-packages/airflow/example_dags/example_skip_dag.py for tasks to queue
[2024-03-18T15:32:27.061+0000] {logging_mixin.py:188} INFO - [2024-03-18T15:32:27.061+0000] {dagbag.py:540} INFO - Filling up the DagBag from /home/airflow/.local/lib/python3.8/site-packages/airflow/example_dags/example_skip_dag.py
[2024-03-18T15:32:27.067+0000] {processor.py:840} INFO - DAG(s) 'example_skip_dag' retrieved from /home/airflow/.local/lib/python3.8/site-packages/airflow/example_dags/example_skip_dag.py
[2024-03-18T15:32:27.153+0000] {logging_mixin.py:188} INFO - [2024-03-18T15:32:27.153+0000] {dag.py:3047} INFO - Sync 1 DAGs
[2024-03-18T15:32:27.173+0000] {logging_mixin.py:188} INFO - [2024-03-18T15:32:27.172+0000] {dag.py:3834} INFO - Setting next_dagrun for example_skip_dag to 2024-03-17 00:00:00+00:00, run_after=2024-03-18 00:00:00+00:00
[2024-03-18T15:32:27.191+0000] {processor.py:183} INFO - Processing /home/airflow/.local/lib/python3.8/site-packages/airflow/example_dags/example_skip_dag.py took 0.135 seconds
[2024-03-18T15:32:57.958+0000] {processor.py:161} INFO - Started process (PID=178) to work on /home/airflow/.local/lib/python3.8/site-packages/airflow/example_dags/example_skip_dag.py
[2024-03-18T15:32:57.959+0000] {processor.py:830} INFO - Processing file /home/airflow/.local/lib/python3.8/site-packages/airflow/example_dags/example_skip_dag.py for tasks to queue
[2024-03-18T15:32:57.960+0000] {logging_mixin.py:188} INFO - [2024-03-18T15:32:57.960+0000] {dagbag.py:540} INFO - Filling up the DagBag from /home/airflow/.local/lib/python3.8/site-packages/airflow/example_dags/example_skip_dag.py
[2024-03-18T15:32:57.965+0000] {processor.py:840} INFO - DAG(s) 'example_skip_dag' retrieved from /home/airflow/.local/lib/python3.8/site-packages/airflow/example_dags/example_skip_dag.py
[2024-03-18T15:32:57.982+0000] {logging_mixin.py:188} INFO - [2024-03-18T15:32:57.982+0000] {dag.py:3047} INFO - Sync 1 DAGs
[2024-03-18T15:32:58.000+0000] {logging_mixin.py:188} INFO - [2024-03-18T15:32:58.000+0000] {dag.py:3834} INFO - Setting next_dagrun for example_skip_dag to 2024-03-17 00:00:00+00:00, run_after=2024-03-18 00:00:00+00:00
[2024-03-18T15:32:58.014+0000] {processor.py:183} INFO - Processing /home/airflow/.local/lib/python3.8/site-packages/airflow/example_dags/example_skip_dag.py took 0.059 seconds
[2024-03-18T15:33:28.083+0000] {processor.py:161} INFO - Started process (PID=233) to work on /home/airflow/.local/lib/python3.8/site-packages/airflow/example_dags/example_skip_dag.py
[2024-03-18T15:33:28.084+0000] {processor.py:830} INFO - Processing file /home/airflow/.local/lib/python3.8/site-packages/airflow/example_dags/example_skip_dag.py for tasks to queue
[2024-03-18T15:33:28.085+0000] {logging_mixin.py:188} INFO - [2024-03-18T15:33:28.085+0000] {dagbag.py:540} INFO - Filling up the DagBag from /home/airflow/.local/lib/python3.8/site-packages/airflow/example_dags/example_skip_dag.py
[2024-03-18T15:33:28.090+0000] {processor.py:840} INFO - DAG(s) 'example_skip_dag' retrieved from /home/airflow/.local/lib/python3.8/site-packages/airflow/example_dags/example_skip_dag.py
[2024-03-18T15:33:28.107+0000] {logging_mixin.py:188} INFO - [2024-03-18T15:33:28.107+0000] {dag.py:3047} INFO - Sync 1 DAGs
[2024-03-18T15:33:28.125+0000] {logging_mixin.py:188} INFO - [2024-03-18T15:33:28.125+0000] {dag.py:3834} INFO - Setting next_dagrun for example_skip_dag to 2024-03-17 00:00:00+00:00, run_after=2024-03-18 00:00:00+00:00
[2024-03-18T15:33:28.139+0000] {processor.py:183} INFO - Processing /home/airflow/.local/lib/python3.8/site-packages/airflow/example_dags/example_skip_dag.py took 0.059 seconds
[2024-03-18T15:33:58.318+0000] {processor.py:161} INFO - Started process (PID=288) to work on /home/airflow/.local/lib/python3.8/site-packages/airflow/example_dags/example_skip_dag.py
[2024-03-18T15:33:58.319+0000] {processor.py:830} INFO - Processing file /home/airflow/.local/lib/python3.8/site-packages/airflow/example_dags/example_skip_dag.py for tasks to queue
[2024-03-18T15:33:58.320+0000] {logging_mixin.py:188} INFO - [2024-03-18T15:33:58.320+0000] {dagbag.py:540} INFO - Filling up the DagBag from /home/airflow/.local/lib/python3.8/site-packages/airflow/example_dags/example_skip_dag.py
[2024-03-18T15:33:58.325+0000] {processor.py:840} INFO - DAG(s) 'example_skip_dag' retrieved from /home/airflow/.local/lib/python3.8/site-packages/airflow/example_dags/example_skip_dag.py
[2024-03-18T15:33:58.342+0000] {logging_mixin.py:188} INFO - [2024-03-18T15:33:58.342+0000] {dag.py:3047} INFO - Sync 1 DAGs
[2024-03-18T15:33:58.360+0000] {logging_mixin.py:188} INFO - [2024-03-18T15:33:58.360+0000] {dag.py:3834} INFO - Setting next_dagrun for example_skip_dag to 2024-03-17 00:00:00+00:00, run_after=2024-03-18 00:00:00+00:00
[2024-03-18T15:33:58.376+0000] {processor.py:183} INFO - Processing /home/airflow/.local/lib/python3.8/site-packages/airflow/example_dags/example_skip_dag.py took 0.060 seconds
[2024-03-18T15:34:28.566+0000] {processor.py:161} INFO - Started process (PID=343) to work on /home/airflow/.local/lib/python3.8/site-packages/airflow/example_dags/example_skip_dag.py
[2024-03-18T15:34:28.567+0000] {processor.py:830} INFO - Processing file /home/airflow/.local/lib/python3.8/site-packages/airflow/example_dags/example_skip_dag.py for tasks to queue
[2024-03-18T15:34:28.568+0000] {logging_mixin.py:188} INFO - [2024-03-18T15:34:28.568+0000] {dagbag.py:540} INFO - Filling up the DagBag from /home/airflow/.local/lib/python3.8/site-packages/airflow/example_dags/example_skip_dag.py
[2024-03-18T15:34:28.573+0000] {processor.py:840} INFO - DAG(s) 'example_skip_dag' retrieved from /home/airflow/.local/lib/python3.8/site-packages/airflow/example_dags/example_skip_dag.py
[2024-03-18T15:34:28.589+0000] {logging_mixin.py:188} INFO - [2024-03-18T15:34:28.589+0000] {dag.py:3047} INFO - Sync 1 DAGs
[2024-03-18T15:34:28.606+0000] {logging_mixin.py:188} INFO - [2024-03-18T15:34:28.606+0000] {dag.py:3834} INFO - Setting next_dagrun for example_skip_dag to 2024-03-17 00:00:00+00:00, run_after=2024-03-18 00:00:00+00:00
[2024-03-18T15:34:28.621+0000] {processor.py:183} INFO - Processing /home/airflow/.local/lib/python3.8/site-packages/airflow/example_dags/example_skip_dag.py took 0.058 seconds
[2024-03-18T15:34:58.847+0000] {processor.py:161} INFO - Started process (PID=398) to work on /home/airflow/.local/lib/python3.8/site-packages/airflow/example_dags/example_skip_dag.py
[2024-03-18T15:34:58.848+0000] {processor.py:830} INFO - Processing file /home/airflow/.local/lib/python3.8/site-packages/airflow/example_dags/example_skip_dag.py for tasks to queue
[2024-03-18T15:34:58.849+0000] {logging_mixin.py:188} INFO - [2024-03-18T15:34:58.849+0000] {dagbag.py:540} INFO - Filling up the DagBag from /home/airflow/.local/lib/python3.8/site-packages/airflow/example_dags/example_skip_dag.py
[2024-03-18T15:34:58.855+0000] {processor.py:840} INFO - DAG(s) 'example_skip_dag' retrieved from /home/airflow/.local/lib/python3.8/site-packages/airflow/example_dags/example_skip_dag.py
[2024-03-18T15:34:58.871+0000] {logging_mixin.py:188} INFO - [2024-03-18T15:34:58.871+0000] {dag.py:3047} INFO - Sync 1 DAGs
[2024-03-18T15:34:58.889+0000] {logging_mixin.py:188} INFO - [2024-03-18T15:34:58.889+0000] {dag.py:3834} INFO - Setting next_dagrun for example_skip_dag to 2024-03-17 00:00:00+00:00, run_after=2024-03-18 00:00:00+00:00
[2024-03-18T15:34:58.903+0000] {processor.py:183} INFO - Processing /home/airflow/.local/lib/python3.8/site-packages/airflow/example_dags/example_skip_dag.py took 0.059 seconds
[2024-03-18T15:35:28.992+0000] {processor.py:161} INFO - Started process (PID=453) to work on /home/airflow/.local/lib/python3.8/site-packages/airflow/example_dags/example_skip_dag.py
[2024-03-18T15:35:28.992+0000] {processor.py:830} INFO - Processing file /home/airflow/.local/lib/python3.8/site-packages/airflow/example_dags/example_skip_dag.py for tasks to queue
[2024-03-18T15:35:28.994+0000] {logging_mixin.py:188} INFO - [2024-03-18T15:35:28.994+0000] {dagbag.py:540} INFO - Filling up the DagBag from /home/airflow/.local/lib/python3.8/site-packages/airflow/example_dags/example_skip_dag.py
[2024-03-18T15:35:28.999+0000] {processor.py:840} INFO - DAG(s) 'example_skip_dag' retrieved from /home/airflow/.local/lib/python3.8/site-packages/airflow/example_dags/example_skip_dag.py
[2024-03-18T15:35:29.015+0000] {logging_mixin.py:188} INFO - [2024-03-18T15:35:29.015+0000] {dag.py:3047} INFO - Sync 1 DAGs
[2024-03-18T15:35:29.033+0000] {logging_mixin.py:188} INFO - [2024-03-18T15:35:29.033+0000] {dag.py:3834} INFO - Setting next_dagrun for example_skip_dag to 2024-03-17 00:00:00+00:00, run_after=2024-03-18 00:00:00+00:00
[2024-03-18T15:35:29.047+0000] {processor.py:183} INFO - Processing /home/airflow/.local/lib/python3.8/site-packages/airflow/example_dags/example_skip_dag.py took 0.058 seconds
[2024-03-18T15:35:59.313+0000] {processor.py:161} INFO - Started process (PID=508) to work on /home/airflow/.local/lib/python3.8/site-packages/airflow/example_dags/example_skip_dag.py
[2024-03-18T15:35:59.314+0000] {processor.py:830} INFO - Processing file /home/airflow/.local/lib/python3.8/site-packages/airflow/example_dags/example_skip_dag.py for tasks to queue
[2024-03-18T15:35:59.315+0000] {logging_mixin.py:188} INFO - [2024-03-18T15:35:59.315+0000] {dagbag.py:540} INFO - Filling up the DagBag from /home/airflow/.local/lib/python3.8/site-packages/airflow/example_dags/example_skip_dag.py
[2024-03-18T15:35:59.320+0000] {processor.py:840} INFO - DAG(s) 'example_skip_dag' retrieved from /home/airflow/.local/lib/python3.8/site-packages/airflow/example_dags/example_skip_dag.py
[2024-03-18T15:35:59.337+0000] {logging_mixin.py:188} INFO - [2024-03-18T15:35:59.336+0000] {dag.py:3047} INFO - Sync 1 DAGs
[2024-03-18T15:35:59.356+0000] {logging_mixin.py:188} INFO - [2024-03-18T15:35:59.356+0000] {dag.py:3834} INFO - Setting next_dagrun for example_skip_dag to 2024-03-17 00:00:00+00:00, run_after=2024-03-18 00:00:00+00:00
[2024-03-18T15:35:59.372+0000] {processor.py:183} INFO - Processing /home/airflow/.local/lib/python3.8/site-packages/airflow/example_dags/example_skip_dag.py took 0.062 seconds
[2024-03-18T15:36:29.665+0000] {processor.py:161} INFO - Started process (PID=563) to work on /home/airflow/.local/lib/python3.8/site-packages/airflow/example_dags/example_skip_dag.py
[2024-03-18T15:36:29.666+0000] {processor.py:830} INFO - Processing file /home/airflow/.local/lib/python3.8/site-packages/airflow/example_dags/example_skip_dag.py for tasks to queue
[2024-03-18T15:36:29.667+0000] {logging_mixin.py:188} INFO - [2024-03-18T15:36:29.667+0000] {dagbag.py:540} INFO - Filling up the DagBag from /home/airflow/.local/lib/python3.8/site-packages/airflow/example_dags/example_skip_dag.py
[2024-03-18T15:36:29.673+0000] {processor.py:840} INFO - DAG(s) 'example_skip_dag' retrieved from /home/airflow/.local/lib/python3.8/site-packages/airflow/example_dags/example_skip_dag.py
[2024-03-18T15:36:29.691+0000] {logging_mixin.py:188} INFO - [2024-03-18T15:36:29.690+0000] {dag.py:3047} INFO - Sync 1 DAGs
[2024-03-18T15:36:29.711+0000] {logging_mixin.py:188} INFO - [2024-03-18T15:36:29.710+0000] {dag.py:3834} INFO - Setting next_dagrun for example_skip_dag to 2024-03-17 00:00:00+00:00, run_after=2024-03-18 00:00:00+00:00
[2024-03-18T15:36:29.726+0000] {processor.py:183} INFO - Processing /home/airflow/.local/lib/python3.8/site-packages/airflow/example_dags/example_skip_dag.py took 0.063 seconds
[2024-03-18T15:37:00.004+0000] {processor.py:161} INFO - Started process (PID=618) to work on /home/airflow/.local/lib/python3.8/site-packages/airflow/example_dags/example_skip_dag.py
[2024-03-18T15:37:00.005+0000] {processor.py:830} INFO - Processing file /home/airflow/.local/lib/python3.8/site-packages/airflow/example_dags/example_skip_dag.py for tasks to queue
[2024-03-18T15:37:00.006+0000] {logging_mixin.py:188} INFO - [2024-03-18T15:37:00.006+0000] {dagbag.py:540} INFO - Filling up the DagBag from /home/airflow/.local/lib/python3.8/site-packages/airflow/example_dags/example_skip_dag.py
[2024-03-18T15:37:00.011+0000] {processor.py:840} INFO - DAG(s) 'example_skip_dag' retrieved from /home/airflow/.local/lib/python3.8/site-packages/airflow/example_dags/example_skip_dag.py
[2024-03-18T15:37:00.028+0000] {logging_mixin.py:188} INFO - [2024-03-18T15:37:00.028+0000] {dag.py:3047} INFO - Sync 1 DAGs
[2024-03-18T15:37:00.046+0000] {logging_mixin.py:188} INFO - [2024-03-18T15:37:00.046+0000] {dag.py:3834} INFO - Setting next_dagrun for example_skip_dag to 2024-03-17 00:00:00+00:00, run_after=2024-03-18 00:00:00+00:00
[2024-03-18T15:37:00.060+0000] {processor.py:183} INFO - Processing /home/airflow/.local/lib/python3.8/site-packages/airflow/example_dags/example_skip_dag.py took 0.060 seconds
[2024-03-18T15:37:30.335+0000] {processor.py:161} INFO - Started process (PID=673) to work on /home/airflow/.local/lib/python3.8/site-packages/airflow/example_dags/example_skip_dag.py
[2024-03-18T15:37:30.336+0000] {processor.py:830} INFO - Processing file /home/airflow/.local/lib/python3.8/site-packages/airflow/example_dags/example_skip_dag.py for tasks to queue
[2024-03-18T15:37:30.338+0000] {logging_mixin.py:188} INFO - [2024-03-18T15:37:30.337+0000] {dagbag.py:540} INFO - Filling up the DagBag from /home/airflow/.local/lib/python3.8/site-packages/airflow/example_dags/example_skip_dag.py
[2024-03-18T15:37:30.343+0000] {processor.py:840} INFO - DAG(s) 'example_skip_dag' retrieved from /home/airflow/.local/lib/python3.8/site-packages/airflow/example_dags/example_skip_dag.py
[2024-03-18T15:37:30.360+0000] {logging_mixin.py:188} INFO - [2024-03-18T15:37:30.360+0000] {dag.py:3047} INFO - Sync 1 DAGs
[2024-03-18T15:37:30.380+0000] {logging_mixin.py:188} INFO - [2024-03-18T15:37:30.379+0000] {dag.py:3834} INFO - Setting next_dagrun for example_skip_dag to 2024-03-17 00:00:00+00:00, run_after=2024-03-18 00:00:00+00:00
[2024-03-18T15:37:30.395+0000] {processor.py:183} INFO - Processing /home/airflow/.local/lib/python3.8/site-packages/airflow/example_dags/example_skip_dag.py took 0.063 seconds
[2024-03-18T15:38:00.733+0000] {processor.py:161} INFO - Started process (PID=728) to work on /home/airflow/.local/lib/python3.8/site-packages/airflow/example_dags/example_skip_dag.py
[2024-03-18T15:38:00.734+0000] {processor.py:830} INFO - Processing file /home/airflow/.local/lib/python3.8/site-packages/airflow/example_dags/example_skip_dag.py for tasks to queue
[2024-03-18T15:38:00.735+0000] {logging_mixin.py:188} INFO - [2024-03-18T15:38:00.735+0000] {dagbag.py:540} INFO - Filling up the DagBag from /home/airflow/.local/lib/python3.8/site-packages/airflow/example_dags/example_skip_dag.py
[2024-03-18T15:38:00.741+0000] {processor.py:840} INFO - DAG(s) 'example_skip_dag' retrieved from /home/airflow/.local/lib/python3.8/site-packages/airflow/example_dags/example_skip_dag.py
[2024-03-18T15:38:00.759+0000] {logging_mixin.py:188} INFO - [2024-03-18T15:38:00.758+0000] {dag.py:3047} INFO - Sync 1 DAGs
[2024-03-18T15:38:00.778+0000] {logging_mixin.py:188} INFO - [2024-03-18T15:38:00.777+0000] {dag.py:3834} INFO - Setting next_dagrun for example_skip_dag to 2024-03-17 00:00:00+00:00, run_after=2024-03-18 00:00:00+00:00
[2024-03-18T15:38:00.797+0000] {processor.py:183} INFO - Processing /home/airflow/.local/lib/python3.8/site-packages/airflow/example_dags/example_skip_dag.py took 0.066 seconds
[2024-03-18T15:38:30.860+0000] {processor.py:161} INFO - Started process (PID=783) to work on /home/airflow/.local/lib/python3.8/site-packages/airflow/example_dags/example_skip_dag.py
[2024-03-18T15:38:30.861+0000] {processor.py:830} INFO - Processing file /home/airflow/.local/lib/python3.8/site-packages/airflow/example_dags/example_skip_dag.py for tasks to queue
[2024-03-18T15:38:30.862+0000] {logging_mixin.py:188} INFO - [2024-03-18T15:38:30.862+0000] {dagbag.py:540} INFO - Filling up the DagBag from /home/airflow/.local/lib/python3.8/site-packages/airflow/example_dags/example_skip_dag.py
[2024-03-18T15:38:30.867+0000] {processor.py:840} INFO - DAG(s) 'example_skip_dag' retrieved from /home/airflow/.local/lib/python3.8/site-packages/airflow/example_dags/example_skip_dag.py
[2024-03-18T15:38:30.884+0000] {logging_mixin.py:188} INFO - [2024-03-18T15:38:30.884+0000] {dag.py:3047} INFO - Sync 1 DAGs
[2024-03-18T15:38:30.902+0000] {logging_mixin.py:188} INFO - [2024-03-18T15:38:30.902+0000] {dag.py:3834} INFO - Setting next_dagrun for example_skip_dag to 2024-03-17 00:00:00+00:00, run_after=2024-03-18 00:00:00+00:00
[2024-03-18T15:38:30.917+0000] {processor.py:183} INFO - Processing /home/airflow/.local/lib/python3.8/site-packages/airflow/example_dags/example_skip_dag.py took 0.059 seconds
[2024-03-18T15:39:01.013+0000] {processor.py:161} INFO - Started process (PID=838) to work on /home/airflow/.local/lib/python3.8/site-packages/airflow/example_dags/example_skip_dag.py
[2024-03-18T15:39:01.014+0000] {processor.py:830} INFO - Processing file /home/airflow/.local/lib/python3.8/site-packages/airflow/example_dags/example_skip_dag.py for tasks to queue
[2024-03-18T15:39:01.015+0000] {logging_mixin.py:188} INFO - [2024-03-18T15:39:01.015+0000] {dagbag.py:540} INFO - Filling up the DagBag from /home/airflow/.local/lib/python3.8/site-packages/airflow/example_dags/example_skip_dag.py
[2024-03-18T15:39:01.021+0000] {processor.py:840} INFO - DAG(s) 'example_skip_dag' retrieved from /home/airflow/.local/lib/python3.8/site-packages/airflow/example_dags/example_skip_dag.py
[2024-03-18T15:39:01.038+0000] {logging_mixin.py:188} INFO - [2024-03-18T15:39:01.037+0000] {dag.py:3047} INFO - Sync 1 DAGs
[2024-03-18T15:39:01.056+0000] {logging_mixin.py:188} INFO - [2024-03-18T15:39:01.056+0000] {dag.py:3834} INFO - Setting next_dagrun for example_skip_dag to 2024-03-17 00:00:00+00:00, run_after=2024-03-18 00:00:00+00:00
[2024-03-18T15:39:01.071+0000] {processor.py:183} INFO - Processing /home/airflow/.local/lib/python3.8/site-packages/airflow/example_dags/example_skip_dag.py took 0.060 seconds
[2024-03-18T15:39:31.244+0000] {processor.py:161} INFO - Started process (PID=893) to work on /home/airflow/.local/lib/python3.8/site-packages/airflow/example_dags/example_skip_dag.py
[2024-03-18T15:39:31.245+0000] {processor.py:830} INFO - Processing file /home/airflow/.local/lib/python3.8/site-packages/airflow/example_dags/example_skip_dag.py for tasks to queue
[2024-03-18T15:39:31.246+0000] {logging_mixin.py:188} INFO - [2024-03-18T15:39:31.246+0000] {dagbag.py:540} INFO - Filling up the DagBag from /home/airflow/.local/lib/python3.8/site-packages/airflow/example_dags/example_skip_dag.py
[2024-03-18T15:39:31.252+0000] {processor.py:840} INFO - DAG(s) 'example_skip_dag' retrieved from /home/airflow/.local/lib/python3.8/site-packages/airflow/example_dags/example_skip_dag.py
[2024-03-18T15:39:31.269+0000] {logging_mixin.py:188} INFO - [2024-03-18T15:39:31.268+0000] {dag.py:3047} INFO - Sync 1 DAGs
[2024-03-18T15:39:31.289+0000] {logging_mixin.py:188} INFO - [2024-03-18T15:39:31.289+0000] {dag.py:3834} INFO - Setting next_dagrun for example_skip_dag to 2024-03-17 00:00:00+00:00, run_after=2024-03-18 00:00:00+00:00
[2024-03-18T15:39:31.305+0000] {processor.py:183} INFO - Processing /home/airflow/.local/lib/python3.8/site-packages/airflow/example_dags/example_skip_dag.py took 0.064 seconds
[2024-03-18T15:40:01.352+0000] {processor.py:161} INFO - Started process (PID=948) to work on /home/airflow/.local/lib/python3.8/site-packages/airflow/example_dags/example_skip_dag.py
[2024-03-18T15:40:01.353+0000] {processor.py:830} INFO - Processing file /home/airflow/.local/lib/python3.8/site-packages/airflow/example_dags/example_skip_dag.py for tasks to queue
[2024-03-18T15:40:01.354+0000] {logging_mixin.py:188} INFO - [2024-03-18T15:40:01.354+0000] {dagbag.py:540} INFO - Filling up the DagBag from /home/airflow/.local/lib/python3.8/site-packages/airflow/example_dags/example_skip_dag.py
[2024-03-18T15:40:01.359+0000] {processor.py:840} INFO - DAG(s) 'example_skip_dag' retrieved from /home/airflow/.local/lib/python3.8/site-packages/airflow/example_dags/example_skip_dag.py
[2024-03-18T15:40:01.375+0000] {logging_mixin.py:188} INFO - [2024-03-18T15:40:01.375+0000] {dag.py:3047} INFO - Sync 1 DAGs
[2024-03-18T15:40:01.394+0000] {logging_mixin.py:188} INFO - [2024-03-18T15:40:01.394+0000] {dag.py:3834} INFO - Setting next_dagrun for example_skip_dag to 2024-03-17 00:00:00+00:00, run_after=2024-03-18 00:00:00+00:00
[2024-03-18T15:40:01.409+0000] {processor.py:183} INFO - Processing /home/airflow/.local/lib/python3.8/site-packages/airflow/example_dags/example_skip_dag.py took 0.060 seconds
[2024-03-18T15:40:31.501+0000] {processor.py:161} INFO - Started process (PID=1003) to work on /home/airflow/.local/lib/python3.8/site-packages/airflow/example_dags/example_skip_dag.py
[2024-03-18T15:40:31.502+0000] {processor.py:830} INFO - Processing file /home/airflow/.local/lib/python3.8/site-packages/airflow/example_dags/example_skip_dag.py for tasks to queue
[2024-03-18T15:40:31.503+0000] {logging_mixin.py:188} INFO - [2024-03-18T15:40:31.503+0000] {dagbag.py:540} INFO - Filling up the DagBag from /home/airflow/.local/lib/python3.8/site-packages/airflow/example_dags/example_skip_dag.py
[2024-03-18T15:40:31.509+0000] {processor.py:840} INFO - DAG(s) 'example_skip_dag' retrieved from /home/airflow/.local/lib/python3.8/site-packages/airflow/example_dags/example_skip_dag.py
[2024-03-18T15:40:31.525+0000] {logging_mixin.py:188} INFO - [2024-03-18T15:40:31.525+0000] {dag.py:3047} INFO - Sync 1 DAGs
[2024-03-18T15:40:31.544+0000] {logging_mixin.py:188} INFO - [2024-03-18T15:40:31.544+0000] {dag.py:3834} INFO - Setting next_dagrun for example_skip_dag to 2024-03-17 00:00:00+00:00, run_after=2024-03-18 00:00:00+00:00
[2024-03-18T15:40:31.560+0000] {processor.py:183} INFO - Processing /home/airflow/.local/lib/python3.8/site-packages/airflow/example_dags/example_skip_dag.py took 0.061 seconds
[2024-03-18T15:41:01.772+0000] {processor.py:161} INFO - Started process (PID=1058) to work on /home/airflow/.local/lib/python3.8/site-packages/airflow/example_dags/example_skip_dag.py
[2024-03-18T15:41:01.773+0000] {processor.py:830} INFO - Processing file /home/airflow/.local/lib/python3.8/site-packages/airflow/example_dags/example_skip_dag.py for tasks to queue
[2024-03-18T15:41:01.775+0000] {logging_mixin.py:188} INFO - [2024-03-18T15:41:01.774+0000] {dagbag.py:540} INFO - Filling up the DagBag from /home/airflow/.local/lib/python3.8/site-packages/airflow/example_dags/example_skip_dag.py
[2024-03-18T15:41:01.780+0000] {processor.py:840} INFO - DAG(s) 'example_skip_dag' retrieved from /home/airflow/.local/lib/python3.8/site-packages/airflow/example_dags/example_skip_dag.py
[2024-03-18T15:41:01.798+0000] {logging_mixin.py:188} INFO - [2024-03-18T15:41:01.797+0000] {dag.py:3047} INFO - Sync 1 DAGs
[2024-03-18T15:41:01.817+0000] {logging_mixin.py:188} INFO - [2024-03-18T15:41:01.817+0000] {dag.py:3834} INFO - Setting next_dagrun for example_skip_dag to 2024-03-17 00:00:00+00:00, run_after=2024-03-18 00:00:00+00:00
[2024-03-18T15:41:01.832+0000] {processor.py:183} INFO - Processing /home/airflow/.local/lib/python3.8/site-packages/airflow/example_dags/example_skip_dag.py took 0.063 seconds
[2024-03-18T15:41:32.742+0000] {processor.py:161} INFO - Started process (PID=1113) to work on /home/airflow/.local/lib/python3.8/site-packages/airflow/example_dags/example_skip_dag.py
[2024-03-18T15:41:32.743+0000] {processor.py:830} INFO - Processing file /home/airflow/.local/lib/python3.8/site-packages/airflow/example_dags/example_skip_dag.py for tasks to queue
[2024-03-18T15:41:32.744+0000] {logging_mixin.py:188} INFO - [2024-03-18T15:41:32.744+0000] {dagbag.py:540} INFO - Filling up the DagBag from /home/airflow/.local/lib/python3.8/site-packages/airflow/example_dags/example_skip_dag.py
[2024-03-18T15:41:32.750+0000] {processor.py:840} INFO - DAG(s) 'example_skip_dag' retrieved from /home/airflow/.local/lib/python3.8/site-packages/airflow/example_dags/example_skip_dag.py
[2024-03-18T15:41:32.766+0000] {logging_mixin.py:188} INFO - [2024-03-18T15:41:32.766+0000] {dag.py:3047} INFO - Sync 1 DAGs
[2024-03-18T15:41:32.785+0000] {logging_mixin.py:188} INFO - [2024-03-18T15:41:32.784+0000] {dag.py:3834} INFO - Setting next_dagrun for example_skip_dag to 2024-03-17 00:00:00+00:00, run_after=2024-03-18 00:00:00+00:00
[2024-03-18T15:41:32.799+0000] {processor.py:183} INFO - Processing /home/airflow/.local/lib/python3.8/site-packages/airflow/example_dags/example_skip_dag.py took 0.060 seconds
[2024-03-18T15:42:02.964+0000] {processor.py:161} INFO - Started process (PID=1168) to work on /home/airflow/.local/lib/python3.8/site-packages/airflow/example_dags/example_skip_dag.py
[2024-03-18T15:42:02.964+0000] {processor.py:830} INFO - Processing file /home/airflow/.local/lib/python3.8/site-packages/airflow/example_dags/example_skip_dag.py for tasks to queue
[2024-03-18T15:42:02.966+0000] {logging_mixin.py:188} INFO - [2024-03-18T15:42:02.966+0000] {dagbag.py:540} INFO - Filling up the DagBag from /home/airflow/.local/lib/python3.8/site-packages/airflow/example_dags/example_skip_dag.py
[2024-03-18T15:42:02.971+0000] {processor.py:840} INFO - DAG(s) 'example_skip_dag' retrieved from /home/airflow/.local/lib/python3.8/site-packages/airflow/example_dags/example_skip_dag.py
[2024-03-18T15:42:02.988+0000] {logging_mixin.py:188} INFO - [2024-03-18T15:42:02.988+0000] {dag.py:3047} INFO - Sync 1 DAGs
[2024-03-18T15:42:03.006+0000] {logging_mixin.py:188} INFO - [2024-03-18T15:42:03.006+0000] {dag.py:3834} INFO - Setting next_dagrun for example_skip_dag to 2024-03-17 00:00:00+00:00, run_after=2024-03-18 00:00:00+00:00
[2024-03-18T15:42:03.021+0000] {processor.py:183} INFO - Processing /home/airflow/.local/lib/python3.8/site-packages/airflow/example_dags/example_skip_dag.py took 0.060 seconds
[2024-03-18T15:42:33.164+0000] {processor.py:161} INFO - Started process (PID=1223) to work on /home/airflow/.local/lib/python3.8/site-packages/airflow/example_dags/example_skip_dag.py
[2024-03-18T15:42:33.165+0000] {processor.py:830} INFO - Processing file /home/airflow/.local/lib/python3.8/site-packages/airflow/example_dags/example_skip_dag.py for tasks to queue
[2024-03-18T15:42:33.166+0000] {logging_mixin.py:188} INFO - [2024-03-18T15:42:33.166+0000] {dagbag.py:540} INFO - Filling up the DagBag from /home/airflow/.local/lib/python3.8/site-packages/airflow/example_dags/example_skip_dag.py
[2024-03-18T15:42:33.171+0000] {processor.py:840} INFO - DAG(s) 'example_skip_dag' retrieved from /home/airflow/.local/lib/python3.8/site-packages/airflow/example_dags/example_skip_dag.py
[2024-03-18T15:42:33.189+0000] {logging_mixin.py:188} INFO - [2024-03-18T15:42:33.189+0000] {dag.py:3047} INFO - Sync 1 DAGs
[2024-03-18T15:42:33.207+0000] {logging_mixin.py:188} INFO - [2024-03-18T15:42:33.206+0000] {dag.py:3834} INFO - Setting next_dagrun for example_skip_dag to 2024-03-17 00:00:00+00:00, run_after=2024-03-18 00:00:00+00:00
[2024-03-18T15:42:33.221+0000] {processor.py:183} INFO - Processing /home/airflow/.local/lib/python3.8/site-packages/airflow/example_dags/example_skip_dag.py took 0.059 seconds
[2024-03-18T15:43:03.387+0000] {processor.py:161} INFO - Started process (PID=1278) to work on /home/airflow/.local/lib/python3.8/site-packages/airflow/example_dags/example_skip_dag.py
[2024-03-18T15:43:03.388+0000] {processor.py:830} INFO - Processing file /home/airflow/.local/lib/python3.8/site-packages/airflow/example_dags/example_skip_dag.py for tasks to queue
[2024-03-18T15:43:03.390+0000] {logging_mixin.py:188} INFO - [2024-03-18T15:43:03.389+0000] {dagbag.py:540} INFO - Filling up the DagBag from /home/airflow/.local/lib/python3.8/site-packages/airflow/example_dags/example_skip_dag.py
[2024-03-18T15:43:03.395+0000] {processor.py:840} INFO - DAG(s) 'example_skip_dag' retrieved from /home/airflow/.local/lib/python3.8/site-packages/airflow/example_dags/example_skip_dag.py
[2024-03-18T15:43:03.411+0000] {logging_mixin.py:188} INFO - [2024-03-18T15:43:03.411+0000] {dag.py:3047} INFO - Sync 1 DAGs
[2024-03-18T15:43:03.430+0000] {logging_mixin.py:188} INFO - [2024-03-18T15:43:03.430+0000] {dag.py:3834} INFO - Setting next_dagrun for example_skip_dag to 2024-03-17 00:00:00+00:00, run_after=2024-03-18 00:00:00+00:00
[2024-03-18T15:43:03.444+0000] {processor.py:183} INFO - Processing /home/airflow/.local/lib/python3.8/site-packages/airflow/example_dags/example_skip_dag.py took 0.060 seconds
