[2024-03-18T15:31:55.142+0000] {processor.py:161} INFO - Started process (PID=51) to work on /home/airflow/.local/lib/python3.8/site-packages/airflow/example_dags/example_short_circuit_operator.py
[2024-03-18T15:31:55.143+0000] {processor.py:830} INFO - Processing file /home/airflow/.local/lib/python3.8/site-packages/airflow/example_dags/example_short_circuit_operator.py for tasks to queue
[2024-03-18T15:31:55.145+0000] {logging_mixin.py:188} INFO - [2024-03-18T15:31:55.145+0000] {dagbag.py:540} INFO - Filling up the DagBag from /home/airflow/.local/lib/python3.8/site-packages/airflow/example_dags/example_short_circuit_operator.py
[2024-03-18T15:31:55.152+0000] {processor.py:840} INFO - DAG(s) 'example_short_circuit_operator' retrieved from /home/airflow/.local/lib/python3.8/site-packages/airflow/example_dags/example_short_circuit_operator.py
[2024-03-18T15:31:55.163+0000] {logging_mixin.py:188} INFO - [2024-03-18T15:31:55.163+0000] {dag.py:3047} INFO - Sync 1 DAGs
[2024-03-18T15:31:55.186+0000] {logging_mixin.py:188} INFO - [2024-03-18T15:31:55.185+0000] {dag.py:3834} INFO - Setting next_dagrun for example_short_circuit_operator to 2024-03-17 00:00:00+00:00, run_after=2024-03-18 00:00:00+00:00
[2024-03-18T15:31:55.206+0000] {processor.py:183} INFO - Processing /home/airflow/.local/lib/python3.8/site-packages/airflow/example_dags/example_short_circuit_operator.py took 0.067 seconds
[2024-03-18T15:32:25.743+0000] {processor.py:161} INFO - Started process (PID=106) to work on /home/airflow/.local/lib/python3.8/site-packages/airflow/example_dags/example_short_circuit_operator.py
[2024-03-18T15:32:25.744+0000] {processor.py:830} INFO - Processing file /home/airflow/.local/lib/python3.8/site-packages/airflow/example_dags/example_short_circuit_operator.py for tasks to queue
[2024-03-18T15:32:25.745+0000] {logging_mixin.py:188} INFO - [2024-03-18T15:32:25.745+0000] {dagbag.py:540} INFO - Filling up the DagBag from /home/airflow/.local/lib/python3.8/site-packages/airflow/example_dags/example_short_circuit_operator.py
[2024-03-18T15:32:25.751+0000] {processor.py:840} INFO - DAG(s) 'example_short_circuit_operator' retrieved from /home/airflow/.local/lib/python3.8/site-packages/airflow/example_dags/example_short_circuit_operator.py
[2024-03-18T15:32:25.830+0000] {logging_mixin.py:188} INFO - [2024-03-18T15:32:25.830+0000] {dag.py:3047} INFO - Sync 1 DAGs
[2024-03-18T15:32:25.846+0000] {logging_mixin.py:188} INFO - [2024-03-18T15:32:25.846+0000] {dag.py:3834} INFO - Setting next_dagrun for example_short_circuit_operator to 2024-03-17 00:00:00+00:00, run_after=2024-03-18 00:00:00+00:00
[2024-03-18T15:32:25.861+0000] {processor.py:183} INFO - Processing /home/airflow/.local/lib/python3.8/site-packages/airflow/example_dags/example_short_circuit_operator.py took 0.120 seconds
[2024-03-18T15:32:56.042+0000] {processor.py:161} INFO - Started process (PID=161) to work on /home/airflow/.local/lib/python3.8/site-packages/airflow/example_dags/example_short_circuit_operator.py
[2024-03-18T15:32:56.043+0000] {processor.py:830} INFO - Processing file /home/airflow/.local/lib/python3.8/site-packages/airflow/example_dags/example_short_circuit_operator.py for tasks to queue
[2024-03-18T15:32:56.044+0000] {logging_mixin.py:188} INFO - [2024-03-18T15:32:56.044+0000] {dagbag.py:540} INFO - Filling up the DagBag from /home/airflow/.local/lib/python3.8/site-packages/airflow/example_dags/example_short_circuit_operator.py
[2024-03-18T15:32:56.050+0000] {processor.py:840} INFO - DAG(s) 'example_short_circuit_operator' retrieved from /home/airflow/.local/lib/python3.8/site-packages/airflow/example_dags/example_short_circuit_operator.py
[2024-03-18T15:32:56.068+0000] {logging_mixin.py:188} INFO - [2024-03-18T15:32:56.067+0000] {dag.py:3047} INFO - Sync 1 DAGs
[2024-03-18T15:32:56.086+0000] {logging_mixin.py:188} INFO - [2024-03-18T15:32:56.086+0000] {dag.py:3834} INFO - Setting next_dagrun for example_short_circuit_operator to 2024-03-17 00:00:00+00:00, run_after=2024-03-18 00:00:00+00:00
[2024-03-18T15:32:56.101+0000] {processor.py:183} INFO - Processing /home/airflow/.local/lib/python3.8/site-packages/airflow/example_dags/example_short_circuit_operator.py took 0.061 seconds
[2024-03-18T15:33:26.179+0000] {processor.py:161} INFO - Started process (PID=215) to work on /home/airflow/.local/lib/python3.8/site-packages/airflow/example_dags/example_short_circuit_operator.py
[2024-03-18T15:33:26.180+0000] {processor.py:830} INFO - Processing file /home/airflow/.local/lib/python3.8/site-packages/airflow/example_dags/example_short_circuit_operator.py for tasks to queue
[2024-03-18T15:33:26.181+0000] {logging_mixin.py:188} INFO - [2024-03-18T15:33:26.181+0000] {dagbag.py:540} INFO - Filling up the DagBag from /home/airflow/.local/lib/python3.8/site-packages/airflow/example_dags/example_short_circuit_operator.py
[2024-03-18T15:33:26.187+0000] {processor.py:840} INFO - DAG(s) 'example_short_circuit_operator' retrieved from /home/airflow/.local/lib/python3.8/site-packages/airflow/example_dags/example_short_circuit_operator.py
[2024-03-18T15:33:26.205+0000] {logging_mixin.py:188} INFO - [2024-03-18T15:33:26.205+0000] {dag.py:3047} INFO - Sync 1 DAGs
[2024-03-18T15:33:26.223+0000] {logging_mixin.py:188} INFO - [2024-03-18T15:33:26.223+0000] {dag.py:3834} INFO - Setting next_dagrun for example_short_circuit_operator to 2024-03-17 00:00:00+00:00, run_after=2024-03-18 00:00:00+00:00
[2024-03-18T15:33:26.238+0000] {processor.py:183} INFO - Processing /home/airflow/.local/lib/python3.8/site-packages/airflow/example_dags/example_short_circuit_operator.py took 0.061 seconds
[2024-03-18T15:33:56.552+0000] {processor.py:161} INFO - Started process (PID=270) to work on /home/airflow/.local/lib/python3.8/site-packages/airflow/example_dags/example_short_circuit_operator.py
[2024-03-18T15:33:56.553+0000] {processor.py:830} INFO - Processing file /home/airflow/.local/lib/python3.8/site-packages/airflow/example_dags/example_short_circuit_operator.py for tasks to queue
[2024-03-18T15:33:56.554+0000] {logging_mixin.py:188} INFO - [2024-03-18T15:33:56.554+0000] {dagbag.py:540} INFO - Filling up the DagBag from /home/airflow/.local/lib/python3.8/site-packages/airflow/example_dags/example_short_circuit_operator.py
[2024-03-18T15:33:56.560+0000] {processor.py:840} INFO - DAG(s) 'example_short_circuit_operator' retrieved from /home/airflow/.local/lib/python3.8/site-packages/airflow/example_dags/example_short_circuit_operator.py
[2024-03-18T15:33:56.579+0000] {logging_mixin.py:188} INFO - [2024-03-18T15:33:56.579+0000] {dag.py:3047} INFO - Sync 1 DAGs
[2024-03-18T15:33:56.597+0000] {logging_mixin.py:188} INFO - [2024-03-18T15:33:56.597+0000] {dag.py:3834} INFO - Setting next_dagrun for example_short_circuit_operator to 2024-03-17 00:00:00+00:00, run_after=2024-03-18 00:00:00+00:00
[2024-03-18T15:33:56.612+0000] {processor.py:183} INFO - Processing /home/airflow/.local/lib/python3.8/site-packages/airflow/example_dags/example_short_circuit_operator.py took 0.062 seconds
[2024-03-18T15:34:26.722+0000] {processor.py:161} INFO - Started process (PID=325) to work on /home/airflow/.local/lib/python3.8/site-packages/airflow/example_dags/example_short_circuit_operator.py
[2024-03-18T15:34:26.723+0000] {processor.py:830} INFO - Processing file /home/airflow/.local/lib/python3.8/site-packages/airflow/example_dags/example_short_circuit_operator.py for tasks to queue
[2024-03-18T15:34:26.724+0000] {logging_mixin.py:188} INFO - [2024-03-18T15:34:26.724+0000] {dagbag.py:540} INFO - Filling up the DagBag from /home/airflow/.local/lib/python3.8/site-packages/airflow/example_dags/example_short_circuit_operator.py
[2024-03-18T15:34:26.731+0000] {processor.py:840} INFO - DAG(s) 'example_short_circuit_operator' retrieved from /home/airflow/.local/lib/python3.8/site-packages/airflow/example_dags/example_short_circuit_operator.py
[2024-03-18T15:34:26.748+0000] {logging_mixin.py:188} INFO - [2024-03-18T15:34:26.748+0000] {dag.py:3047} INFO - Sync 1 DAGs
[2024-03-18T15:34:26.767+0000] {logging_mixin.py:188} INFO - [2024-03-18T15:34:26.767+0000] {dag.py:3834} INFO - Setting next_dagrun for example_short_circuit_operator to 2024-03-17 00:00:00+00:00, run_after=2024-03-18 00:00:00+00:00
[2024-03-18T15:34:26.781+0000] {processor.py:183} INFO - Processing /home/airflow/.local/lib/python3.8/site-packages/airflow/example_dags/example_short_circuit_operator.py took 0.062 seconds
[2024-03-18T15:34:56.993+0000] {processor.py:161} INFO - Started process (PID=380) to work on /home/airflow/.local/lib/python3.8/site-packages/airflow/example_dags/example_short_circuit_operator.py
[2024-03-18T15:34:56.994+0000] {processor.py:830} INFO - Processing file /home/airflow/.local/lib/python3.8/site-packages/airflow/example_dags/example_short_circuit_operator.py for tasks to queue
[2024-03-18T15:34:56.995+0000] {logging_mixin.py:188} INFO - [2024-03-18T15:34:56.995+0000] {dagbag.py:540} INFO - Filling up the DagBag from /home/airflow/.local/lib/python3.8/site-packages/airflow/example_dags/example_short_circuit_operator.py
[2024-03-18T15:34:57.002+0000] {processor.py:840} INFO - DAG(s) 'example_short_circuit_operator' retrieved from /home/airflow/.local/lib/python3.8/site-packages/airflow/example_dags/example_short_circuit_operator.py
[2024-03-18T15:34:57.021+0000] {logging_mixin.py:188} INFO - [2024-03-18T15:34:57.021+0000] {dag.py:3047} INFO - Sync 1 DAGs
[2024-03-18T15:34:57.039+0000] {logging_mixin.py:188} INFO - [2024-03-18T15:34:57.039+0000] {dag.py:3834} INFO - Setting next_dagrun for example_short_circuit_operator to 2024-03-17 00:00:00+00:00, run_after=2024-03-18 00:00:00+00:00
[2024-03-18T15:34:57.057+0000] {processor.py:183} INFO - Processing /home/airflow/.local/lib/python3.8/site-packages/airflow/example_dags/example_short_circuit_operator.py took 0.066 seconds
[2024-03-18T15:35:27.241+0000] {processor.py:161} INFO - Started process (PID=435) to work on /home/airflow/.local/lib/python3.8/site-packages/airflow/example_dags/example_short_circuit_operator.py
[2024-03-18T15:35:27.242+0000] {processor.py:830} INFO - Processing file /home/airflow/.local/lib/python3.8/site-packages/airflow/example_dags/example_short_circuit_operator.py for tasks to queue
[2024-03-18T15:35:27.243+0000] {logging_mixin.py:188} INFO - [2024-03-18T15:35:27.243+0000] {dagbag.py:540} INFO - Filling up the DagBag from /home/airflow/.local/lib/python3.8/site-packages/airflow/example_dags/example_short_circuit_operator.py
[2024-03-18T15:35:27.249+0000] {processor.py:840} INFO - DAG(s) 'example_short_circuit_operator' retrieved from /home/airflow/.local/lib/python3.8/site-packages/airflow/example_dags/example_short_circuit_operator.py
[2024-03-18T15:35:27.267+0000] {logging_mixin.py:188} INFO - [2024-03-18T15:35:27.267+0000] {dag.py:3047} INFO - Sync 1 DAGs
[2024-03-18T15:35:27.284+0000] {logging_mixin.py:188} INFO - [2024-03-18T15:35:27.284+0000] {dag.py:3834} INFO - Setting next_dagrun for example_short_circuit_operator to 2024-03-17 00:00:00+00:00, run_after=2024-03-18 00:00:00+00:00
[2024-03-18T15:35:27.299+0000] {processor.py:183} INFO - Processing /home/airflow/.local/lib/python3.8/site-packages/airflow/example_dags/example_short_circuit_operator.py took 0.061 seconds
[2024-03-18T15:35:57.481+0000] {processor.py:161} INFO - Started process (PID=490) to work on /home/airflow/.local/lib/python3.8/site-packages/airflow/example_dags/example_short_circuit_operator.py
[2024-03-18T15:35:57.482+0000] {processor.py:830} INFO - Processing file /home/airflow/.local/lib/python3.8/site-packages/airflow/example_dags/example_short_circuit_operator.py for tasks to queue
[2024-03-18T15:35:57.484+0000] {logging_mixin.py:188} INFO - [2024-03-18T15:35:57.484+0000] {dagbag.py:540} INFO - Filling up the DagBag from /home/airflow/.local/lib/python3.8/site-packages/airflow/example_dags/example_short_circuit_operator.py
[2024-03-18T15:35:57.490+0000] {processor.py:840} INFO - DAG(s) 'example_short_circuit_operator' retrieved from /home/airflow/.local/lib/python3.8/site-packages/airflow/example_dags/example_short_circuit_operator.py
[2024-03-18T15:35:57.513+0000] {logging_mixin.py:188} INFO - [2024-03-18T15:35:57.513+0000] {dag.py:3047} INFO - Sync 1 DAGs
[2024-03-18T15:35:57.531+0000] {logging_mixin.py:188} INFO - [2024-03-18T15:35:57.531+0000] {dag.py:3834} INFO - Setting next_dagrun for example_short_circuit_operator to 2024-03-17 00:00:00+00:00, run_after=2024-03-18 00:00:00+00:00
[2024-03-18T15:35:57.547+0000] {processor.py:183} INFO - Processing /home/airflow/.local/lib/python3.8/site-packages/airflow/example_dags/example_short_circuit_operator.py took 0.068 seconds
[2024-03-18T15:36:27.828+0000] {processor.py:161} INFO - Started process (PID=545) to work on /home/airflow/.local/lib/python3.8/site-packages/airflow/example_dags/example_short_circuit_operator.py
[2024-03-18T15:36:27.829+0000] {processor.py:830} INFO - Processing file /home/airflow/.local/lib/python3.8/site-packages/airflow/example_dags/example_short_circuit_operator.py for tasks to queue
[2024-03-18T15:36:27.831+0000] {logging_mixin.py:188} INFO - [2024-03-18T15:36:27.830+0000] {dagbag.py:540} INFO - Filling up the DagBag from /home/airflow/.local/lib/python3.8/site-packages/airflow/example_dags/example_short_circuit_operator.py
[2024-03-18T15:36:27.837+0000] {processor.py:840} INFO - DAG(s) 'example_short_circuit_operator' retrieved from /home/airflow/.local/lib/python3.8/site-packages/airflow/example_dags/example_short_circuit_operator.py
[2024-03-18T15:36:27.856+0000] {logging_mixin.py:188} INFO - [2024-03-18T15:36:27.856+0000] {dag.py:3047} INFO - Sync 1 DAGs
[2024-03-18T15:36:27.874+0000] {logging_mixin.py:188} INFO - [2024-03-18T15:36:27.874+0000] {dag.py:3834} INFO - Setting next_dagrun for example_short_circuit_operator to 2024-03-17 00:00:00+00:00, run_after=2024-03-18 00:00:00+00:00
[2024-03-18T15:36:27.893+0000] {processor.py:183} INFO - Processing /home/airflow/.local/lib/python3.8/site-packages/airflow/example_dags/example_short_circuit_operator.py took 0.067 seconds
[2024-03-18T15:36:58.215+0000] {processor.py:161} INFO - Started process (PID=600) to work on /home/airflow/.local/lib/python3.8/site-packages/airflow/example_dags/example_short_circuit_operator.py
[2024-03-18T15:36:58.215+0000] {processor.py:830} INFO - Processing file /home/airflow/.local/lib/python3.8/site-packages/airflow/example_dags/example_short_circuit_operator.py for tasks to queue
[2024-03-18T15:36:58.217+0000] {logging_mixin.py:188} INFO - [2024-03-18T15:36:58.217+0000] {dagbag.py:540} INFO - Filling up the DagBag from /home/airflow/.local/lib/python3.8/site-packages/airflow/example_dags/example_short_circuit_operator.py
[2024-03-18T15:36:58.223+0000] {processor.py:840} INFO - DAG(s) 'example_short_circuit_operator' retrieved from /home/airflow/.local/lib/python3.8/site-packages/airflow/example_dags/example_short_circuit_operator.py
[2024-03-18T15:36:58.243+0000] {logging_mixin.py:188} INFO - [2024-03-18T15:36:58.243+0000] {dag.py:3047} INFO - Sync 1 DAGs
[2024-03-18T15:36:58.262+0000] {logging_mixin.py:188} INFO - [2024-03-18T15:36:58.262+0000] {dag.py:3834} INFO - Setting next_dagrun for example_short_circuit_operator to 2024-03-17 00:00:00+00:00, run_after=2024-03-18 00:00:00+00:00
[2024-03-18T15:36:58.277+0000] {processor.py:183} INFO - Processing /home/airflow/.local/lib/python3.8/site-packages/airflow/example_dags/example_short_circuit_operator.py took 0.065 seconds
[2024-03-18T15:37:28.540+0000] {processor.py:161} INFO - Started process (PID=655) to work on /home/airflow/.local/lib/python3.8/site-packages/airflow/example_dags/example_short_circuit_operator.py
[2024-03-18T15:37:28.541+0000] {processor.py:830} INFO - Processing file /home/airflow/.local/lib/python3.8/site-packages/airflow/example_dags/example_short_circuit_operator.py for tasks to queue
[2024-03-18T15:37:28.542+0000] {logging_mixin.py:188} INFO - [2024-03-18T15:37:28.542+0000] {dagbag.py:540} INFO - Filling up the DagBag from /home/airflow/.local/lib/python3.8/site-packages/airflow/example_dags/example_short_circuit_operator.py
[2024-03-18T15:37:28.549+0000] {processor.py:840} INFO - DAG(s) 'example_short_circuit_operator' retrieved from /home/airflow/.local/lib/python3.8/site-packages/airflow/example_dags/example_short_circuit_operator.py
[2024-03-18T15:37:28.568+0000] {logging_mixin.py:188} INFO - [2024-03-18T15:37:28.568+0000] {dag.py:3047} INFO - Sync 1 DAGs
[2024-03-18T15:37:28.587+0000] {logging_mixin.py:188} INFO - [2024-03-18T15:37:28.587+0000] {dag.py:3834} INFO - Setting next_dagrun for example_short_circuit_operator to 2024-03-17 00:00:00+00:00, run_after=2024-03-18 00:00:00+00:00
[2024-03-18T15:37:28.602+0000] {processor.py:183} INFO - Processing /home/airflow/.local/lib/python3.8/site-packages/airflow/example_dags/example_short_circuit_operator.py took 0.065 seconds
[2024-03-18T15:37:58.897+0000] {processor.py:161} INFO - Started process (PID=710) to work on /home/airflow/.local/lib/python3.8/site-packages/airflow/example_dags/example_short_circuit_operator.py
[2024-03-18T15:37:58.898+0000] {processor.py:830} INFO - Processing file /home/airflow/.local/lib/python3.8/site-packages/airflow/example_dags/example_short_circuit_operator.py for tasks to queue
[2024-03-18T15:37:58.899+0000] {logging_mixin.py:188} INFO - [2024-03-18T15:37:58.899+0000] {dagbag.py:540} INFO - Filling up the DagBag from /home/airflow/.local/lib/python3.8/site-packages/airflow/example_dags/example_short_circuit_operator.py
[2024-03-18T15:37:58.905+0000] {processor.py:840} INFO - DAG(s) 'example_short_circuit_operator' retrieved from /home/airflow/.local/lib/python3.8/site-packages/airflow/example_dags/example_short_circuit_operator.py
[2024-03-18T15:37:58.925+0000] {logging_mixin.py:188} INFO - [2024-03-18T15:37:58.925+0000] {dag.py:3047} INFO - Sync 1 DAGs
[2024-03-18T15:37:58.946+0000] {logging_mixin.py:188} INFO - [2024-03-18T15:37:58.946+0000] {dag.py:3834} INFO - Setting next_dagrun for example_short_circuit_operator to 2024-03-17 00:00:00+00:00, run_after=2024-03-18 00:00:00+00:00
[2024-03-18T15:37:58.971+0000] {processor.py:183} INFO - Processing /home/airflow/.local/lib/python3.8/site-packages/airflow/example_dags/example_short_circuit_operator.py took 0.077 seconds
[2024-03-18T15:38:29.058+0000] {processor.py:161} INFO - Started process (PID=765) to work on /home/airflow/.local/lib/python3.8/site-packages/airflow/example_dags/example_short_circuit_operator.py
[2024-03-18T15:38:29.058+0000] {processor.py:830} INFO - Processing file /home/airflow/.local/lib/python3.8/site-packages/airflow/example_dags/example_short_circuit_operator.py for tasks to queue
[2024-03-18T15:38:29.060+0000] {logging_mixin.py:188} INFO - [2024-03-18T15:38:29.060+0000] {dagbag.py:540} INFO - Filling up the DagBag from /home/airflow/.local/lib/python3.8/site-packages/airflow/example_dags/example_short_circuit_operator.py
[2024-03-18T15:38:29.065+0000] {processor.py:840} INFO - DAG(s) 'example_short_circuit_operator' retrieved from /home/airflow/.local/lib/python3.8/site-packages/airflow/example_dags/example_short_circuit_operator.py
[2024-03-18T15:38:29.085+0000] {logging_mixin.py:188} INFO - [2024-03-18T15:38:29.085+0000] {dag.py:3047} INFO - Sync 1 DAGs
[2024-03-18T15:38:29.105+0000] {logging_mixin.py:188} INFO - [2024-03-18T15:38:29.105+0000] {dag.py:3834} INFO - Setting next_dagrun for example_short_circuit_operator to 2024-03-17 00:00:00+00:00, run_after=2024-03-18 00:00:00+00:00
[2024-03-18T15:38:29.121+0000] {processor.py:183} INFO - Processing /home/airflow/.local/lib/python3.8/site-packages/airflow/example_dags/example_short_circuit_operator.py took 0.066 seconds
[2024-03-18T15:38:59.221+0000] {processor.py:161} INFO - Started process (PID=820) to work on /home/airflow/.local/lib/python3.8/site-packages/airflow/example_dags/example_short_circuit_operator.py
[2024-03-18T15:38:59.222+0000] {processor.py:830} INFO - Processing file /home/airflow/.local/lib/python3.8/site-packages/airflow/example_dags/example_short_circuit_operator.py for tasks to queue
[2024-03-18T15:38:59.223+0000] {logging_mixin.py:188} INFO - [2024-03-18T15:38:59.223+0000] {dagbag.py:540} INFO - Filling up the DagBag from /home/airflow/.local/lib/python3.8/site-packages/airflow/example_dags/example_short_circuit_operator.py
[2024-03-18T15:38:59.229+0000] {processor.py:840} INFO - DAG(s) 'example_short_circuit_operator' retrieved from /home/airflow/.local/lib/python3.8/site-packages/airflow/example_dags/example_short_circuit_operator.py
[2024-03-18T15:38:59.248+0000] {logging_mixin.py:188} INFO - [2024-03-18T15:38:59.248+0000] {dag.py:3047} INFO - Sync 1 DAGs
[2024-03-18T15:38:59.266+0000] {logging_mixin.py:188} INFO - [2024-03-18T15:38:59.266+0000] {dag.py:3834} INFO - Setting next_dagrun for example_short_circuit_operator to 2024-03-17 00:00:00+00:00, run_after=2024-03-18 00:00:00+00:00
[2024-03-18T15:38:59.281+0000] {processor.py:183} INFO - Processing /home/airflow/.local/lib/python3.8/site-packages/airflow/example_dags/example_short_circuit_operator.py took 0.063 seconds
[2024-03-18T15:39:29.380+0000] {processor.py:161} INFO - Started process (PID=875) to work on /home/airflow/.local/lib/python3.8/site-packages/airflow/example_dags/example_short_circuit_operator.py
[2024-03-18T15:39:29.381+0000] {processor.py:830} INFO - Processing file /home/airflow/.local/lib/python3.8/site-packages/airflow/example_dags/example_short_circuit_operator.py for tasks to queue
[2024-03-18T15:39:29.383+0000] {logging_mixin.py:188} INFO - [2024-03-18T15:39:29.382+0000] {dagbag.py:540} INFO - Filling up the DagBag from /home/airflow/.local/lib/python3.8/site-packages/airflow/example_dags/example_short_circuit_operator.py
[2024-03-18T15:39:29.389+0000] {processor.py:840} INFO - DAG(s) 'example_short_circuit_operator' retrieved from /home/airflow/.local/lib/python3.8/site-packages/airflow/example_dags/example_short_circuit_operator.py
[2024-03-18T15:39:29.408+0000] {logging_mixin.py:188} INFO - [2024-03-18T15:39:29.408+0000] {dag.py:3047} INFO - Sync 1 DAGs
[2024-03-18T15:39:29.428+0000] {logging_mixin.py:188} INFO - [2024-03-18T15:39:29.427+0000] {dag.py:3834} INFO - Setting next_dagrun for example_short_circuit_operator to 2024-03-17 00:00:00+00:00, run_after=2024-03-18 00:00:00+00:00
[2024-03-18T15:39:29.444+0000] {processor.py:183} INFO - Processing /home/airflow/.local/lib/python3.8/site-packages/airflow/example_dags/example_short_circuit_operator.py took 0.067 seconds
[2024-03-18T15:39:59.516+0000] {processor.py:161} INFO - Started process (PID=930) to work on /home/airflow/.local/lib/python3.8/site-packages/airflow/example_dags/example_short_circuit_operator.py
[2024-03-18T15:39:59.517+0000] {processor.py:830} INFO - Processing file /home/airflow/.local/lib/python3.8/site-packages/airflow/example_dags/example_short_circuit_operator.py for tasks to queue
[2024-03-18T15:39:59.519+0000] {logging_mixin.py:188} INFO - [2024-03-18T15:39:59.518+0000] {dagbag.py:540} INFO - Filling up the DagBag from /home/airflow/.local/lib/python3.8/site-packages/airflow/example_dags/example_short_circuit_operator.py
[2024-03-18T15:39:59.524+0000] {processor.py:840} INFO - DAG(s) 'example_short_circuit_operator' retrieved from /home/airflow/.local/lib/python3.8/site-packages/airflow/example_dags/example_short_circuit_operator.py
[2024-03-18T15:39:59.542+0000] {logging_mixin.py:188} INFO - [2024-03-18T15:39:59.542+0000] {dag.py:3047} INFO - Sync 1 DAGs
[2024-03-18T15:39:59.562+0000] {logging_mixin.py:188} INFO - [2024-03-18T15:39:59.562+0000] {dag.py:3834} INFO - Setting next_dagrun for example_short_circuit_operator to 2024-03-17 00:00:00+00:00, run_after=2024-03-18 00:00:00+00:00
[2024-03-18T15:39:59.580+0000] {processor.py:183} INFO - Processing /home/airflow/.local/lib/python3.8/site-packages/airflow/example_dags/example_short_circuit_operator.py took 0.066 seconds
[2024-03-18T15:40:29.634+0000] {processor.py:161} INFO - Started process (PID=985) to work on /home/airflow/.local/lib/python3.8/site-packages/airflow/example_dags/example_short_circuit_operator.py
[2024-03-18T15:40:29.635+0000] {processor.py:830} INFO - Processing file /home/airflow/.local/lib/python3.8/site-packages/airflow/example_dags/example_short_circuit_operator.py for tasks to queue
[2024-03-18T15:40:29.637+0000] {logging_mixin.py:188} INFO - [2024-03-18T15:40:29.636+0000] {dagbag.py:540} INFO - Filling up the DagBag from /home/airflow/.local/lib/python3.8/site-packages/airflow/example_dags/example_short_circuit_operator.py
[2024-03-18T15:40:29.643+0000] {processor.py:840} INFO - DAG(s) 'example_short_circuit_operator' retrieved from /home/airflow/.local/lib/python3.8/site-packages/airflow/example_dags/example_short_circuit_operator.py
[2024-03-18T15:40:29.660+0000] {logging_mixin.py:188} INFO - [2024-03-18T15:40:29.660+0000] {dag.py:3047} INFO - Sync 1 DAGs
[2024-03-18T15:40:29.678+0000] {logging_mixin.py:188} INFO - [2024-03-18T15:40:29.678+0000] {dag.py:3834} INFO - Setting next_dagrun for example_short_circuit_operator to 2024-03-17 00:00:00+00:00, run_after=2024-03-18 00:00:00+00:00
[2024-03-18T15:40:29.693+0000] {processor.py:183} INFO - Processing /home/airflow/.local/lib/python3.8/site-packages/airflow/example_dags/example_short_circuit_operator.py took 0.061 seconds
[2024-03-18T15:40:59.795+0000] {processor.py:161} INFO - Started process (PID=1040) to work on /home/airflow/.local/lib/python3.8/site-packages/airflow/example_dags/example_short_circuit_operator.py
[2024-03-18T15:40:59.795+0000] {processor.py:830} INFO - Processing file /home/airflow/.local/lib/python3.8/site-packages/airflow/example_dags/example_short_circuit_operator.py for tasks to queue
[2024-03-18T15:40:59.797+0000] {logging_mixin.py:188} INFO - [2024-03-18T15:40:59.797+0000] {dagbag.py:540} INFO - Filling up the DagBag from /home/airflow/.local/lib/python3.8/site-packages/airflow/example_dags/example_short_circuit_operator.py
[2024-03-18T15:40:59.803+0000] {processor.py:840} INFO - DAG(s) 'example_short_circuit_operator' retrieved from /home/airflow/.local/lib/python3.8/site-packages/airflow/example_dags/example_short_circuit_operator.py
[2024-03-18T15:40:59.821+0000] {logging_mixin.py:188} INFO - [2024-03-18T15:40:59.821+0000] {dag.py:3047} INFO - Sync 1 DAGs
[2024-03-18T15:40:59.840+0000] {logging_mixin.py:188} INFO - [2024-03-18T15:40:59.840+0000] {dag.py:3834} INFO - Setting next_dagrun for example_short_circuit_operator to 2024-03-17 00:00:00+00:00, run_after=2024-03-18 00:00:00+00:00
[2024-03-18T15:40:59.855+0000] {processor.py:183} INFO - Processing /home/airflow/.local/lib/python3.8/site-packages/airflow/example_dags/example_short_circuit_operator.py took 0.063 seconds
[2024-03-18T15:41:29.952+0000] {processor.py:161} INFO - Started process (PID=1095) to work on /home/airflow/.local/lib/python3.8/site-packages/airflow/example_dags/example_short_circuit_operator.py
[2024-03-18T15:41:29.953+0000] {processor.py:830} INFO - Processing file /home/airflow/.local/lib/python3.8/site-packages/airflow/example_dags/example_short_circuit_operator.py for tasks to queue
[2024-03-18T15:41:29.955+0000] {logging_mixin.py:188} INFO - [2024-03-18T15:41:29.954+0000] {dagbag.py:540} INFO - Filling up the DagBag from /home/airflow/.local/lib/python3.8/site-packages/airflow/example_dags/example_short_circuit_operator.py
[2024-03-18T15:41:29.961+0000] {processor.py:840} INFO - DAG(s) 'example_short_circuit_operator' retrieved from /home/airflow/.local/lib/python3.8/site-packages/airflow/example_dags/example_short_circuit_operator.py
[2024-03-18T15:41:29.980+0000] {logging_mixin.py:188} INFO - [2024-03-18T15:41:29.980+0000] {dag.py:3047} INFO - Sync 1 DAGs
[2024-03-18T15:41:29.997+0000] {logging_mixin.py:188} INFO - [2024-03-18T15:41:29.997+0000] {dag.py:3834} INFO - Setting next_dagrun for example_short_circuit_operator to 2024-03-17 00:00:00+00:00, run_after=2024-03-18 00:00:00+00:00
[2024-03-18T15:41:30.011+0000] {processor.py:183} INFO - Processing /home/airflow/.local/lib/python3.8/site-packages/airflow/example_dags/example_short_circuit_operator.py took 0.061 seconds
[2024-03-18T15:42:00.228+0000] {processor.py:161} INFO - Started process (PID=1150) to work on /home/airflow/.local/lib/python3.8/site-packages/airflow/example_dags/example_short_circuit_operator.py
[2024-03-18T15:42:00.229+0000] {processor.py:830} INFO - Processing file /home/airflow/.local/lib/python3.8/site-packages/airflow/example_dags/example_short_circuit_operator.py for tasks to queue
[2024-03-18T15:42:00.230+0000] {logging_mixin.py:188} INFO - [2024-03-18T15:42:00.230+0000] {dagbag.py:540} INFO - Filling up the DagBag from /home/airflow/.local/lib/python3.8/site-packages/airflow/example_dags/example_short_circuit_operator.py
[2024-03-18T15:42:00.236+0000] {processor.py:840} INFO - DAG(s) 'example_short_circuit_operator' retrieved from /home/airflow/.local/lib/python3.8/site-packages/airflow/example_dags/example_short_circuit_operator.py
[2024-03-18T15:42:00.254+0000] {logging_mixin.py:188} INFO - [2024-03-18T15:42:00.254+0000] {dag.py:3047} INFO - Sync 1 DAGs
[2024-03-18T15:42:00.272+0000] {logging_mixin.py:188} INFO - [2024-03-18T15:42:00.272+0000] {dag.py:3834} INFO - Setting next_dagrun for example_short_circuit_operator to 2024-03-17 00:00:00+00:00, run_after=2024-03-18 00:00:00+00:00
[2024-03-18T15:42:00.286+0000] {processor.py:183} INFO - Processing /home/airflow/.local/lib/python3.8/site-packages/airflow/example_dags/example_short_circuit_operator.py took 0.061 seconds
[2024-03-18T15:42:30.421+0000] {processor.py:161} INFO - Started process (PID=1205) to work on /home/airflow/.local/lib/python3.8/site-packages/airflow/example_dags/example_short_circuit_operator.py
[2024-03-18T15:42:30.422+0000] {processor.py:830} INFO - Processing file /home/airflow/.local/lib/python3.8/site-packages/airflow/example_dags/example_short_circuit_operator.py for tasks to queue
[2024-03-18T15:42:30.423+0000] {logging_mixin.py:188} INFO - [2024-03-18T15:42:30.423+0000] {dagbag.py:540} INFO - Filling up the DagBag from /home/airflow/.local/lib/python3.8/site-packages/airflow/example_dags/example_short_circuit_operator.py
[2024-03-18T15:42:30.429+0000] {processor.py:840} INFO - DAG(s) 'example_short_circuit_operator' retrieved from /home/airflow/.local/lib/python3.8/site-packages/airflow/example_dags/example_short_circuit_operator.py
[2024-03-18T15:42:30.447+0000] {logging_mixin.py:188} INFO - [2024-03-18T15:42:30.447+0000] {dag.py:3047} INFO - Sync 1 DAGs
[2024-03-18T15:42:30.465+0000] {logging_mixin.py:188} INFO - [2024-03-18T15:42:30.465+0000] {dag.py:3834} INFO - Setting next_dagrun for example_short_circuit_operator to 2024-03-17 00:00:00+00:00, run_after=2024-03-18 00:00:00+00:00
[2024-03-18T15:42:30.479+0000] {processor.py:183} INFO - Processing /home/airflow/.local/lib/python3.8/site-packages/airflow/example_dags/example_short_circuit_operator.py took 0.061 seconds
[2024-03-18T15:43:00.612+0000] {processor.py:161} INFO - Started process (PID=1260) to work on /home/airflow/.local/lib/python3.8/site-packages/airflow/example_dags/example_short_circuit_operator.py
[2024-03-18T15:43:00.612+0000] {processor.py:830} INFO - Processing file /home/airflow/.local/lib/python3.8/site-packages/airflow/example_dags/example_short_circuit_operator.py for tasks to queue
[2024-03-18T15:43:00.614+0000] {logging_mixin.py:188} INFO - [2024-03-18T15:43:00.614+0000] {dagbag.py:540} INFO - Filling up the DagBag from /home/airflow/.local/lib/python3.8/site-packages/airflow/example_dags/example_short_circuit_operator.py
[2024-03-18T15:43:00.620+0000] {processor.py:840} INFO - DAG(s) 'example_short_circuit_operator' retrieved from /home/airflow/.local/lib/python3.8/site-packages/airflow/example_dags/example_short_circuit_operator.py
[2024-03-18T15:43:00.639+0000] {logging_mixin.py:188} INFO - [2024-03-18T15:43:00.638+0000] {dag.py:3047} INFO - Sync 1 DAGs
[2024-03-18T15:43:00.656+0000] {logging_mixin.py:188} INFO - [2024-03-18T15:43:00.656+0000] {dag.py:3834} INFO - Setting next_dagrun for example_short_circuit_operator to 2024-03-17 00:00:00+00:00, run_after=2024-03-18 00:00:00+00:00
[2024-03-18T15:43:00.671+0000] {processor.py:183} INFO - Processing /home/airflow/.local/lib/python3.8/site-packages/airflow/example_dags/example_short_circuit_operator.py took 0.062 seconds
