[2024-03-18T15:31:55.611+0000] {processor.py:161} INFO - Started process (PID=58) to work on /home/airflow/.local/lib/python3.8/site-packages/airflow/example_dags/example_branch_labels.py
[2024-03-18T15:31:55.612+0000] {processor.py:830} INFO - Processing file /home/airflow/.local/lib/python3.8/site-packages/airflow/example_dags/example_branch_labels.py for tasks to queue
[2024-03-18T15:31:55.613+0000] {logging_mixin.py:188} INFO - [2024-03-18T15:31:55.613+0000] {dagbag.py:540} INFO - Filling up the DagBag from /home/airflow/.local/lib/python3.8/site-packages/airflow/example_dags/example_branch_labels.py
[2024-03-18T15:31:55.621+0000] {processor.py:840} INFO - DAG(s) 'example_branch_labels' retrieved from /home/airflow/.local/lib/python3.8/site-packages/airflow/example_dags/example_branch_labels.py
[2024-03-18T15:31:55.631+0000] {logging_mixin.py:188} INFO - [2024-03-18T15:31:55.631+0000] {dag.py:3047} INFO - Sync 1 DAGs
[2024-03-18T15:31:55.656+0000] {logging_mixin.py:188} INFO - [2024-03-18T15:31:55.656+0000] {dag.py:3834} INFO - Setting next_dagrun for example_branch_labels to 2024-03-17 00:00:00+00:00, run_after=2024-03-18 00:00:00+00:00
[2024-03-18T15:31:55.676+0000] {processor.py:183} INFO - Processing /home/airflow/.local/lib/python3.8/site-packages/airflow/example_dags/example_branch_labels.py took 0.069 seconds
[2024-03-18T15:32:26.310+0000] {processor.py:161} INFO - Started process (PID=113) to work on /home/airflow/.local/lib/python3.8/site-packages/airflow/example_dags/example_branch_labels.py
[2024-03-18T15:32:26.311+0000] {processor.py:830} INFO - Processing file /home/airflow/.local/lib/python3.8/site-packages/airflow/example_dags/example_branch_labels.py for tasks to queue
[2024-03-18T15:32:26.312+0000] {logging_mixin.py:188} INFO - [2024-03-18T15:32:26.312+0000] {dagbag.py:540} INFO - Filling up the DagBag from /home/airflow/.local/lib/python3.8/site-packages/airflow/example_dags/example_branch_labels.py
[2024-03-18T15:32:26.318+0000] {processor.py:840} INFO - DAG(s) 'example_branch_labels' retrieved from /home/airflow/.local/lib/python3.8/site-packages/airflow/example_dags/example_branch_labels.py
[2024-03-18T15:32:26.396+0000] {logging_mixin.py:188} INFO - [2024-03-18T15:32:26.396+0000] {dag.py:3047} INFO - Sync 1 DAGs
[2024-03-18T15:32:26.413+0000] {logging_mixin.py:188} INFO - [2024-03-18T15:32:26.413+0000] {dag.py:3834} INFO - Setting next_dagrun for example_branch_labels to 2024-03-17 00:00:00+00:00, run_after=2024-03-18 00:00:00+00:00
[2024-03-18T15:32:26.428+0000] {processor.py:183} INFO - Processing /home/airflow/.local/lib/python3.8/site-packages/airflow/example_dags/example_branch_labels.py took 0.120 seconds
[2024-03-18T15:32:56.495+0000] {processor.py:161} INFO - Started process (PID=168) to work on /home/airflow/.local/lib/python3.8/site-packages/airflow/example_dags/example_branch_labels.py
[2024-03-18T15:32:56.495+0000] {processor.py:830} INFO - Processing file /home/airflow/.local/lib/python3.8/site-packages/airflow/example_dags/example_branch_labels.py for tasks to queue
[2024-03-18T15:32:56.497+0000] {logging_mixin.py:188} INFO - [2024-03-18T15:32:56.497+0000] {dagbag.py:540} INFO - Filling up the DagBag from /home/airflow/.local/lib/python3.8/site-packages/airflow/example_dags/example_branch_labels.py
[2024-03-18T15:32:56.503+0000] {processor.py:840} INFO - DAG(s) 'example_branch_labels' retrieved from /home/airflow/.local/lib/python3.8/site-packages/airflow/example_dags/example_branch_labels.py
[2024-03-18T15:32:56.520+0000] {logging_mixin.py:188} INFO - [2024-03-18T15:32:56.519+0000] {dag.py:3047} INFO - Sync 1 DAGs
[2024-03-18T15:32:56.538+0000] {logging_mixin.py:188} INFO - [2024-03-18T15:32:56.538+0000] {dag.py:3834} INFO - Setting next_dagrun for example_branch_labels to 2024-03-17 00:00:00+00:00, run_after=2024-03-18 00:00:00+00:00
[2024-03-18T15:32:56.575+0000] {processor.py:183} INFO - Processing /home/airflow/.local/lib/python3.8/site-packages/airflow/example_dags/example_branch_labels.py took 0.083 seconds
[2024-03-18T15:33:26.616+0000] {processor.py:161} INFO - Started process (PID=223) to work on /home/airflow/.local/lib/python3.8/site-packages/airflow/example_dags/example_branch_labels.py
[2024-03-18T15:33:26.617+0000] {processor.py:830} INFO - Processing file /home/airflow/.local/lib/python3.8/site-packages/airflow/example_dags/example_branch_labels.py for tasks to queue
[2024-03-18T15:33:26.618+0000] {logging_mixin.py:188} INFO - [2024-03-18T15:33:26.618+0000] {dagbag.py:540} INFO - Filling up the DagBag from /home/airflow/.local/lib/python3.8/site-packages/airflow/example_dags/example_branch_labels.py
[2024-03-18T15:33:26.625+0000] {processor.py:840} INFO - DAG(s) 'example_branch_labels' retrieved from /home/airflow/.local/lib/python3.8/site-packages/airflow/example_dags/example_branch_labels.py
[2024-03-18T15:33:26.642+0000] {logging_mixin.py:188} INFO - [2024-03-18T15:33:26.641+0000] {dag.py:3047} INFO - Sync 1 DAGs
[2024-03-18T15:33:26.664+0000] {logging_mixin.py:188} INFO - [2024-03-18T15:33:26.663+0000] {dag.py:3834} INFO - Setting next_dagrun for example_branch_labels to 2024-03-17 00:00:00+00:00, run_after=2024-03-18 00:00:00+00:00
[2024-03-18T15:33:26.681+0000] {processor.py:183} INFO - Processing /home/airflow/.local/lib/python3.8/site-packages/airflow/example_dags/example_branch_labels.py took 0.068 seconds
[2024-03-18T15:33:56.912+0000] {processor.py:161} INFO - Started process (PID=278) to work on /home/airflow/.local/lib/python3.8/site-packages/airflow/example_dags/example_branch_labels.py
[2024-03-18T15:33:56.913+0000] {processor.py:830} INFO - Processing file /home/airflow/.local/lib/python3.8/site-packages/airflow/example_dags/example_branch_labels.py for tasks to queue
[2024-03-18T15:33:56.914+0000] {logging_mixin.py:188} INFO - [2024-03-18T15:33:56.914+0000] {dagbag.py:540} INFO - Filling up the DagBag from /home/airflow/.local/lib/python3.8/site-packages/airflow/example_dags/example_branch_labels.py
[2024-03-18T15:33:56.921+0000] {processor.py:840} INFO - DAG(s) 'example_branch_labels' retrieved from /home/airflow/.local/lib/python3.8/site-packages/airflow/example_dags/example_branch_labels.py
[2024-03-18T15:33:56.937+0000] {logging_mixin.py:188} INFO - [2024-03-18T15:33:56.937+0000] {dag.py:3047} INFO - Sync 1 DAGs
[2024-03-18T15:33:56.955+0000] {logging_mixin.py:188} INFO - [2024-03-18T15:33:56.955+0000] {dag.py:3834} INFO - Setting next_dagrun for example_branch_labels to 2024-03-17 00:00:00+00:00, run_after=2024-03-18 00:00:00+00:00
[2024-03-18T15:33:56.970+0000] {processor.py:183} INFO - Processing /home/airflow/.local/lib/python3.8/site-packages/airflow/example_dags/example_branch_labels.py took 0.060 seconds
[2024-03-18T15:34:27.099+0000] {processor.py:161} INFO - Started process (PID=333) to work on /home/airflow/.local/lib/python3.8/site-packages/airflow/example_dags/example_branch_labels.py
[2024-03-18T15:34:27.100+0000] {processor.py:830} INFO - Processing file /home/airflow/.local/lib/python3.8/site-packages/airflow/example_dags/example_branch_labels.py for tasks to queue
[2024-03-18T15:34:27.101+0000] {logging_mixin.py:188} INFO - [2024-03-18T15:34:27.101+0000] {dagbag.py:540} INFO - Filling up the DagBag from /home/airflow/.local/lib/python3.8/site-packages/airflow/example_dags/example_branch_labels.py
[2024-03-18T15:34:27.107+0000] {processor.py:840} INFO - DAG(s) 'example_branch_labels' retrieved from /home/airflow/.local/lib/python3.8/site-packages/airflow/example_dags/example_branch_labels.py
[2024-03-18T15:34:27.122+0000] {logging_mixin.py:188} INFO - [2024-03-18T15:34:27.122+0000] {dag.py:3047} INFO - Sync 1 DAGs
[2024-03-18T15:34:27.139+0000] {logging_mixin.py:188} INFO - [2024-03-18T15:34:27.139+0000] {dag.py:3834} INFO - Setting next_dagrun for example_branch_labels to 2024-03-17 00:00:00+00:00, run_after=2024-03-18 00:00:00+00:00
[2024-03-18T15:34:27.152+0000] {processor.py:183} INFO - Processing /home/airflow/.local/lib/python3.8/site-packages/airflow/example_dags/example_branch_labels.py took 0.056 seconds
[2024-03-18T15:34:57.449+0000] {processor.py:161} INFO - Started process (PID=388) to work on /home/airflow/.local/lib/python3.8/site-packages/airflow/example_dags/example_branch_labels.py
[2024-03-18T15:34:57.449+0000] {processor.py:830} INFO - Processing file /home/airflow/.local/lib/python3.8/site-packages/airflow/example_dags/example_branch_labels.py for tasks to queue
[2024-03-18T15:34:57.451+0000] {logging_mixin.py:188} INFO - [2024-03-18T15:34:57.451+0000] {dagbag.py:540} INFO - Filling up the DagBag from /home/airflow/.local/lib/python3.8/site-packages/airflow/example_dags/example_branch_labels.py
[2024-03-18T15:34:57.457+0000] {processor.py:840} INFO - DAG(s) 'example_branch_labels' retrieved from /home/airflow/.local/lib/python3.8/site-packages/airflow/example_dags/example_branch_labels.py
[2024-03-18T15:34:57.474+0000] {logging_mixin.py:188} INFO - [2024-03-18T15:34:57.473+0000] {dag.py:3047} INFO - Sync 1 DAGs
[2024-03-18T15:34:57.492+0000] {logging_mixin.py:188} INFO - [2024-03-18T15:34:57.492+0000] {dag.py:3834} INFO - Setting next_dagrun for example_branch_labels to 2024-03-17 00:00:00+00:00, run_after=2024-03-18 00:00:00+00:00
[2024-03-18T15:34:57.508+0000] {processor.py:183} INFO - Processing /home/airflow/.local/lib/python3.8/site-packages/airflow/example_dags/example_branch_labels.py took 0.062 seconds
[2024-03-18T15:35:27.599+0000] {processor.py:161} INFO - Started process (PID=443) to work on /home/airflow/.local/lib/python3.8/site-packages/airflow/example_dags/example_branch_labels.py
[2024-03-18T15:35:27.600+0000] {processor.py:830} INFO - Processing file /home/airflow/.local/lib/python3.8/site-packages/airflow/example_dags/example_branch_labels.py for tasks to queue
[2024-03-18T15:35:27.601+0000] {logging_mixin.py:188} INFO - [2024-03-18T15:35:27.601+0000] {dagbag.py:540} INFO - Filling up the DagBag from /home/airflow/.local/lib/python3.8/site-packages/airflow/example_dags/example_branch_labels.py
[2024-03-18T15:35:27.607+0000] {processor.py:840} INFO - DAG(s) 'example_branch_labels' retrieved from /home/airflow/.local/lib/python3.8/site-packages/airflow/example_dags/example_branch_labels.py
[2024-03-18T15:35:27.623+0000] {logging_mixin.py:188} INFO - [2024-03-18T15:35:27.623+0000] {dag.py:3047} INFO - Sync 1 DAGs
[2024-03-18T15:35:27.641+0000] {logging_mixin.py:188} INFO - [2024-03-18T15:35:27.641+0000] {dag.py:3834} INFO - Setting next_dagrun for example_branch_labels to 2024-03-17 00:00:00+00:00, run_after=2024-03-18 00:00:00+00:00
[2024-03-18T15:35:27.655+0000] {processor.py:183} INFO - Processing /home/airflow/.local/lib/python3.8/site-packages/airflow/example_dags/example_branch_labels.py took 0.058 seconds
[2024-03-18T15:35:57.831+0000] {processor.py:161} INFO - Started process (PID=498) to work on /home/airflow/.local/lib/python3.8/site-packages/airflow/example_dags/example_branch_labels.py
[2024-03-18T15:35:57.832+0000] {processor.py:830} INFO - Processing file /home/airflow/.local/lib/python3.8/site-packages/airflow/example_dags/example_branch_labels.py for tasks to queue
[2024-03-18T15:35:57.834+0000] {logging_mixin.py:188} INFO - [2024-03-18T15:35:57.834+0000] {dagbag.py:540} INFO - Filling up the DagBag from /home/airflow/.local/lib/python3.8/site-packages/airflow/example_dags/example_branch_labels.py
[2024-03-18T15:35:57.841+0000] {processor.py:840} INFO - DAG(s) 'example_branch_labels' retrieved from /home/airflow/.local/lib/python3.8/site-packages/airflow/example_dags/example_branch_labels.py
[2024-03-18T15:35:57.858+0000] {logging_mixin.py:188} INFO - [2024-03-18T15:35:57.858+0000] {dag.py:3047} INFO - Sync 1 DAGs
[2024-03-18T15:35:57.879+0000] {logging_mixin.py:188} INFO - [2024-03-18T15:35:57.879+0000] {dag.py:3834} INFO - Setting next_dagrun for example_branch_labels to 2024-03-17 00:00:00+00:00, run_after=2024-03-18 00:00:00+00:00
[2024-03-18T15:35:57.894+0000] {processor.py:183} INFO - Processing /home/airflow/.local/lib/python3.8/site-packages/airflow/example_dags/example_branch_labels.py took 0.066 seconds
[2024-03-18T15:36:28.113+0000] {processor.py:161} INFO - Started process (PID=552) to work on /home/airflow/.local/lib/python3.8/site-packages/airflow/example_dags/example_branch_labels.py
[2024-03-18T15:36:28.114+0000] {processor.py:830} INFO - Processing file /home/airflow/.local/lib/python3.8/site-packages/airflow/example_dags/example_branch_labels.py for tasks to queue
[2024-03-18T15:36:28.115+0000] {logging_mixin.py:188} INFO - [2024-03-18T15:36:28.115+0000] {dagbag.py:540} INFO - Filling up the DagBag from /home/airflow/.local/lib/python3.8/site-packages/airflow/example_dags/example_branch_labels.py
[2024-03-18T15:36:28.122+0000] {processor.py:840} INFO - DAG(s) 'example_branch_labels' retrieved from /home/airflow/.local/lib/python3.8/site-packages/airflow/example_dags/example_branch_labels.py
[2024-03-18T15:36:28.139+0000] {logging_mixin.py:188} INFO - [2024-03-18T15:36:28.139+0000] {dag.py:3047} INFO - Sync 1 DAGs
[2024-03-18T15:36:28.162+0000] {logging_mixin.py:188} INFO - [2024-03-18T15:36:28.162+0000] {dag.py:3834} INFO - Setting next_dagrun for example_branch_labels to 2024-03-17 00:00:00+00:00, run_after=2024-03-18 00:00:00+00:00
[2024-03-18T15:36:28.177+0000] {processor.py:183} INFO - Processing /home/airflow/.local/lib/python3.8/site-packages/airflow/example_dags/example_branch_labels.py took 0.066 seconds
[2024-03-18T15:36:58.492+0000] {processor.py:161} INFO - Started process (PID=607) to work on /home/airflow/.local/lib/python3.8/site-packages/airflow/example_dags/example_branch_labels.py
[2024-03-18T15:36:58.493+0000] {processor.py:830} INFO - Processing file /home/airflow/.local/lib/python3.8/site-packages/airflow/example_dags/example_branch_labels.py for tasks to queue
[2024-03-18T15:36:58.494+0000] {logging_mixin.py:188} INFO - [2024-03-18T15:36:58.494+0000] {dagbag.py:540} INFO - Filling up the DagBag from /home/airflow/.local/lib/python3.8/site-packages/airflow/example_dags/example_branch_labels.py
[2024-03-18T15:36:58.500+0000] {processor.py:840} INFO - DAG(s) 'example_branch_labels' retrieved from /home/airflow/.local/lib/python3.8/site-packages/airflow/example_dags/example_branch_labels.py
[2024-03-18T15:36:58.516+0000] {logging_mixin.py:188} INFO - [2024-03-18T15:36:58.516+0000] {dag.py:3047} INFO - Sync 1 DAGs
[2024-03-18T15:36:58.535+0000] {logging_mixin.py:188} INFO - [2024-03-18T15:36:58.535+0000] {dag.py:3834} INFO - Setting next_dagrun for example_branch_labels to 2024-03-17 00:00:00+00:00, run_after=2024-03-18 00:00:00+00:00
[2024-03-18T15:36:58.550+0000] {processor.py:183} INFO - Processing /home/airflow/.local/lib/python3.8/site-packages/airflow/example_dags/example_branch_labels.py took 0.060 seconds
[2024-03-18T15:37:28.915+0000] {processor.py:161} INFO - Started process (PID=663) to work on /home/airflow/.local/lib/python3.8/site-packages/airflow/example_dags/example_branch_labels.py
[2024-03-18T15:37:28.916+0000] {processor.py:830} INFO - Processing file /home/airflow/.local/lib/python3.8/site-packages/airflow/example_dags/example_branch_labels.py for tasks to queue
[2024-03-18T15:37:28.917+0000] {logging_mixin.py:188} INFO - [2024-03-18T15:37:28.917+0000] {dagbag.py:540} INFO - Filling up the DagBag from /home/airflow/.local/lib/python3.8/site-packages/airflow/example_dags/example_branch_labels.py
[2024-03-18T15:37:28.924+0000] {processor.py:840} INFO - DAG(s) 'example_branch_labels' retrieved from /home/airflow/.local/lib/python3.8/site-packages/airflow/example_dags/example_branch_labels.py
[2024-03-18T15:37:28.940+0000] {logging_mixin.py:188} INFO - [2024-03-18T15:37:28.940+0000] {dag.py:3047} INFO - Sync 1 DAGs
[2024-03-18T15:37:28.959+0000] {logging_mixin.py:188} INFO - [2024-03-18T15:37:28.958+0000] {dag.py:3834} INFO - Setting next_dagrun for example_branch_labels to 2024-03-17 00:00:00+00:00, run_after=2024-03-18 00:00:00+00:00
[2024-03-18T15:37:28.973+0000] {processor.py:183} INFO - Processing /home/airflow/.local/lib/python3.8/site-packages/airflow/example_dags/example_branch_labels.py took 0.061 seconds
[2024-03-18T15:37:59.247+0000] {processor.py:161} INFO - Started process (PID=718) to work on /home/airflow/.local/lib/python3.8/site-packages/airflow/example_dags/example_branch_labels.py
[2024-03-18T15:37:59.248+0000] {processor.py:830} INFO - Processing file /home/airflow/.local/lib/python3.8/site-packages/airflow/example_dags/example_branch_labels.py for tasks to queue
[2024-03-18T15:37:59.249+0000] {logging_mixin.py:188} INFO - [2024-03-18T15:37:59.249+0000] {dagbag.py:540} INFO - Filling up the DagBag from /home/airflow/.local/lib/python3.8/site-packages/airflow/example_dags/example_branch_labels.py
[2024-03-18T15:37:59.256+0000] {processor.py:840} INFO - DAG(s) 'example_branch_labels' retrieved from /home/airflow/.local/lib/python3.8/site-packages/airflow/example_dags/example_branch_labels.py
[2024-03-18T15:37:59.274+0000] {logging_mixin.py:188} INFO - [2024-03-18T15:37:59.274+0000] {dag.py:3047} INFO - Sync 1 DAGs
[2024-03-18T15:37:59.296+0000] {logging_mixin.py:188} INFO - [2024-03-18T15:37:59.295+0000] {dag.py:3834} INFO - Setting next_dagrun for example_branch_labels to 2024-03-17 00:00:00+00:00, run_after=2024-03-18 00:00:00+00:00
[2024-03-18T15:37:59.312+0000] {processor.py:183} INFO - Processing /home/airflow/.local/lib/python3.8/site-packages/airflow/example_dags/example_branch_labels.py took 0.068 seconds
[2024-03-18T15:38:29.389+0000] {processor.py:161} INFO - Started process (PID=773) to work on /home/airflow/.local/lib/python3.8/site-packages/airflow/example_dags/example_branch_labels.py
[2024-03-18T15:38:29.390+0000] {processor.py:830} INFO - Processing file /home/airflow/.local/lib/python3.8/site-packages/airflow/example_dags/example_branch_labels.py for tasks to queue
[2024-03-18T15:38:29.392+0000] {logging_mixin.py:188} INFO - [2024-03-18T15:38:29.391+0000] {dagbag.py:540} INFO - Filling up the DagBag from /home/airflow/.local/lib/python3.8/site-packages/airflow/example_dags/example_branch_labels.py
[2024-03-18T15:38:29.398+0000] {processor.py:840} INFO - DAG(s) 'example_branch_labels' retrieved from /home/airflow/.local/lib/python3.8/site-packages/airflow/example_dags/example_branch_labels.py
[2024-03-18T15:38:29.414+0000] {logging_mixin.py:188} INFO - [2024-03-18T15:38:29.414+0000] {dag.py:3047} INFO - Sync 1 DAGs
[2024-03-18T15:38:29.433+0000] {logging_mixin.py:188} INFO - [2024-03-18T15:38:29.433+0000] {dag.py:3834} INFO - Setting next_dagrun for example_branch_labels to 2024-03-17 00:00:00+00:00, run_after=2024-03-18 00:00:00+00:00
[2024-03-18T15:38:29.447+0000] {processor.py:183} INFO - Processing /home/airflow/.local/lib/python3.8/site-packages/airflow/example_dags/example_branch_labels.py took 0.060 seconds
[2024-03-18T15:38:59.490+0000] {processor.py:161} INFO - Started process (PID=827) to work on /home/airflow/.local/lib/python3.8/site-packages/airflow/example_dags/example_branch_labels.py
[2024-03-18T15:38:59.491+0000] {processor.py:830} INFO - Processing file /home/airflow/.local/lib/python3.8/site-packages/airflow/example_dags/example_branch_labels.py for tasks to queue
[2024-03-18T15:38:59.493+0000] {logging_mixin.py:188} INFO - [2024-03-18T15:38:59.492+0000] {dagbag.py:540} INFO - Filling up the DagBag from /home/airflow/.local/lib/python3.8/site-packages/airflow/example_dags/example_branch_labels.py
[2024-03-18T15:38:59.499+0000] {processor.py:840} INFO - DAG(s) 'example_branch_labels' retrieved from /home/airflow/.local/lib/python3.8/site-packages/airflow/example_dags/example_branch_labels.py
[2024-03-18T15:38:59.516+0000] {logging_mixin.py:188} INFO - [2024-03-18T15:38:59.516+0000] {dag.py:3047} INFO - Sync 1 DAGs
[2024-03-18T15:38:59.537+0000] {logging_mixin.py:188} INFO - [2024-03-18T15:38:59.536+0000] {dag.py:3834} INFO - Setting next_dagrun for example_branch_labels to 2024-03-17 00:00:00+00:00, run_after=2024-03-18 00:00:00+00:00
[2024-03-18T15:38:59.556+0000] {processor.py:183} INFO - Processing /home/airflow/.local/lib/python3.8/site-packages/airflow/example_dags/example_branch_labels.py took 0.069 seconds
[2024-03-18T15:39:29.707+0000] {processor.py:161} INFO - Started process (PID=882) to work on /home/airflow/.local/lib/python3.8/site-packages/airflow/example_dags/example_branch_labels.py
[2024-03-18T15:39:29.708+0000] {processor.py:830} INFO - Processing file /home/airflow/.local/lib/python3.8/site-packages/airflow/example_dags/example_branch_labels.py for tasks to queue
[2024-03-18T15:39:29.709+0000] {logging_mixin.py:188} INFO - [2024-03-18T15:39:29.709+0000] {dagbag.py:540} INFO - Filling up the DagBag from /home/airflow/.local/lib/python3.8/site-packages/airflow/example_dags/example_branch_labels.py
[2024-03-18T15:39:29.716+0000] {processor.py:840} INFO - DAG(s) 'example_branch_labels' retrieved from /home/airflow/.local/lib/python3.8/site-packages/airflow/example_dags/example_branch_labels.py
[2024-03-18T15:39:29.734+0000] {logging_mixin.py:188} INFO - [2024-03-18T15:39:29.733+0000] {dag.py:3047} INFO - Sync 1 DAGs
[2024-03-18T15:39:29.755+0000] {logging_mixin.py:188} INFO - [2024-03-18T15:39:29.755+0000] {dag.py:3834} INFO - Setting next_dagrun for example_branch_labels to 2024-03-17 00:00:00+00:00, run_after=2024-03-18 00:00:00+00:00
[2024-03-18T15:39:29.771+0000] {processor.py:183} INFO - Processing /home/airflow/.local/lib/python3.8/site-packages/airflow/example_dags/example_branch_labels.py took 0.068 seconds
[2024-03-18T15:39:59.809+0000] {processor.py:161} INFO - Started process (PID=936) to work on /home/airflow/.local/lib/python3.8/site-packages/airflow/example_dags/example_branch_labels.py
[2024-03-18T15:39:59.810+0000] {processor.py:830} INFO - Processing file /home/airflow/.local/lib/python3.8/site-packages/airflow/example_dags/example_branch_labels.py for tasks to queue
[2024-03-18T15:39:59.812+0000] {logging_mixin.py:188} INFO - [2024-03-18T15:39:59.811+0000] {dagbag.py:540} INFO - Filling up the DagBag from /home/airflow/.local/lib/python3.8/site-packages/airflow/example_dags/example_branch_labels.py
[2024-03-18T15:39:59.818+0000] {processor.py:840} INFO - DAG(s) 'example_branch_labels' retrieved from /home/airflow/.local/lib/python3.8/site-packages/airflow/example_dags/example_branch_labels.py
[2024-03-18T15:39:59.834+0000] {logging_mixin.py:188} INFO - [2024-03-18T15:39:59.834+0000] {dag.py:3047} INFO - Sync 1 DAGs
[2024-03-18T15:39:59.853+0000] {logging_mixin.py:188} INFO - [2024-03-18T15:39:59.853+0000] {dag.py:3834} INFO - Setting next_dagrun for example_branch_labels to 2024-03-17 00:00:00+00:00, run_after=2024-03-18 00:00:00+00:00
[2024-03-18T15:39:59.868+0000] {processor.py:183} INFO - Processing /home/airflow/.local/lib/python3.8/site-packages/airflow/example_dags/example_branch_labels.py took 0.062 seconds
[2024-03-18T15:40:29.934+0000] {processor.py:161} INFO - Started process (PID=991) to work on /home/airflow/.local/lib/python3.8/site-packages/airflow/example_dags/example_branch_labels.py
[2024-03-18T15:40:29.935+0000] {processor.py:830} INFO - Processing file /home/airflow/.local/lib/python3.8/site-packages/airflow/example_dags/example_branch_labels.py for tasks to queue
[2024-03-18T15:40:29.936+0000] {logging_mixin.py:188} INFO - [2024-03-18T15:40:29.936+0000] {dagbag.py:540} INFO - Filling up the DagBag from /home/airflow/.local/lib/python3.8/site-packages/airflow/example_dags/example_branch_labels.py
[2024-03-18T15:40:29.943+0000] {processor.py:840} INFO - DAG(s) 'example_branch_labels' retrieved from /home/airflow/.local/lib/python3.8/site-packages/airflow/example_dags/example_branch_labels.py
[2024-03-18T15:40:29.959+0000] {logging_mixin.py:188} INFO - [2024-03-18T15:40:29.959+0000] {dag.py:3047} INFO - Sync 1 DAGs
[2024-03-18T15:40:29.977+0000] {logging_mixin.py:188} INFO - [2024-03-18T15:40:29.977+0000] {dag.py:3834} INFO - Setting next_dagrun for example_branch_labels to 2024-03-17 00:00:00+00:00, run_after=2024-03-18 00:00:00+00:00
[2024-03-18T15:40:29.992+0000] {processor.py:183} INFO - Processing /home/airflow/.local/lib/python3.8/site-packages/airflow/example_dags/example_branch_labels.py took 0.060 seconds
[2024-03-18T15:41:00.096+0000] {processor.py:161} INFO - Started process (PID=1046) to work on /home/airflow/.local/lib/python3.8/site-packages/airflow/example_dags/example_branch_labels.py
[2024-03-18T15:41:00.096+0000] {processor.py:830} INFO - Processing file /home/airflow/.local/lib/python3.8/site-packages/airflow/example_dags/example_branch_labels.py for tasks to queue
[2024-03-18T15:41:00.098+0000] {logging_mixin.py:188} INFO - [2024-03-18T15:41:00.098+0000] {dagbag.py:540} INFO - Filling up the DagBag from /home/airflow/.local/lib/python3.8/site-packages/airflow/example_dags/example_branch_labels.py
[2024-03-18T15:41:00.104+0000] {processor.py:840} INFO - DAG(s) 'example_branch_labels' retrieved from /home/airflow/.local/lib/python3.8/site-packages/airflow/example_dags/example_branch_labels.py
[2024-03-18T15:41:00.121+0000] {logging_mixin.py:188} INFO - [2024-03-18T15:41:00.120+0000] {dag.py:3047} INFO - Sync 1 DAGs
[2024-03-18T15:41:00.139+0000] {logging_mixin.py:188} INFO - [2024-03-18T15:41:00.138+0000] {dag.py:3834} INFO - Setting next_dagrun for example_branch_labels to 2024-03-17 00:00:00+00:00, run_after=2024-03-18 00:00:00+00:00
[2024-03-18T15:41:00.153+0000] {processor.py:183} INFO - Processing /home/airflow/.local/lib/python3.8/site-packages/airflow/example_dags/example_branch_labels.py took 0.060 seconds
[2024-03-18T15:41:30.173+0000] {processor.py:161} INFO - Started process (PID=1101) to work on /home/airflow/.local/lib/python3.8/site-packages/airflow/example_dags/example_branch_labels.py
[2024-03-18T15:41:30.174+0000] {processor.py:830} INFO - Processing file /home/airflow/.local/lib/python3.8/site-packages/airflow/example_dags/example_branch_labels.py for tasks to queue
[2024-03-18T15:41:30.175+0000] {logging_mixin.py:188} INFO - [2024-03-18T15:41:30.175+0000] {dagbag.py:540} INFO - Filling up the DagBag from /home/airflow/.local/lib/python3.8/site-packages/airflow/example_dags/example_branch_labels.py
[2024-03-18T15:41:30.182+0000] {processor.py:840} INFO - DAG(s) 'example_branch_labels' retrieved from /home/airflow/.local/lib/python3.8/site-packages/airflow/example_dags/example_branch_labels.py
[2024-03-18T15:41:30.198+0000] {logging_mixin.py:188} INFO - [2024-03-18T15:41:30.198+0000] {dag.py:3047} INFO - Sync 1 DAGs
[2024-03-18T15:41:30.218+0000] {logging_mixin.py:188} INFO - [2024-03-18T15:41:30.217+0000] {dag.py:3834} INFO - Setting next_dagrun for example_branch_labels to 2024-03-17 00:00:00+00:00, run_after=2024-03-18 00:00:00+00:00
[2024-03-18T15:41:30.233+0000] {processor.py:183} INFO - Processing /home/airflow/.local/lib/python3.8/site-packages/airflow/example_dags/example_branch_labels.py took 0.062 seconds
[2024-03-18T15:42:00.494+0000] {processor.py:161} INFO - Started process (PID=1157) to work on /home/airflow/.local/lib/python3.8/site-packages/airflow/example_dags/example_branch_labels.py
[2024-03-18T15:42:00.495+0000] {processor.py:830} INFO - Processing file /home/airflow/.local/lib/python3.8/site-packages/airflow/example_dags/example_branch_labels.py for tasks to queue
[2024-03-18T15:42:00.496+0000] {logging_mixin.py:188} INFO - [2024-03-18T15:42:00.496+0000] {dagbag.py:540} INFO - Filling up the DagBag from /home/airflow/.local/lib/python3.8/site-packages/airflow/example_dags/example_branch_labels.py
[2024-03-18T15:42:00.503+0000] {processor.py:840} INFO - DAG(s) 'example_branch_labels' retrieved from /home/airflow/.local/lib/python3.8/site-packages/airflow/example_dags/example_branch_labels.py
[2024-03-18T15:42:00.520+0000] {logging_mixin.py:188} INFO - [2024-03-18T15:42:00.520+0000] {dag.py:3047} INFO - Sync 1 DAGs
[2024-03-18T15:42:00.540+0000] {logging_mixin.py:188} INFO - [2024-03-18T15:42:00.539+0000] {dag.py:3834} INFO - Setting next_dagrun for example_branch_labels to 2024-03-17 00:00:00+00:00, run_after=2024-03-18 00:00:00+00:00
[2024-03-18T15:42:00.554+0000] {processor.py:183} INFO - Processing /home/airflow/.local/lib/python3.8/site-packages/airflow/example_dags/example_branch_labels.py took 0.063 seconds
[2024-03-18T15:42:30.690+0000] {processor.py:161} INFO - Started process (PID=1212) to work on /home/airflow/.local/lib/python3.8/site-packages/airflow/example_dags/example_branch_labels.py
[2024-03-18T15:42:30.690+0000] {processor.py:830} INFO - Processing file /home/airflow/.local/lib/python3.8/site-packages/airflow/example_dags/example_branch_labels.py for tasks to queue
[2024-03-18T15:42:30.692+0000] {logging_mixin.py:188} INFO - [2024-03-18T15:42:30.692+0000] {dagbag.py:540} INFO - Filling up the DagBag from /home/airflow/.local/lib/python3.8/site-packages/airflow/example_dags/example_branch_labels.py
[2024-03-18T15:42:30.698+0000] {processor.py:840} INFO - DAG(s) 'example_branch_labels' retrieved from /home/airflow/.local/lib/python3.8/site-packages/airflow/example_dags/example_branch_labels.py
[2024-03-18T15:42:30.714+0000] {logging_mixin.py:188} INFO - [2024-03-18T15:42:30.714+0000] {dag.py:3047} INFO - Sync 1 DAGs
[2024-03-18T15:42:30.733+0000] {logging_mixin.py:188} INFO - [2024-03-18T15:42:30.733+0000] {dag.py:3834} INFO - Setting next_dagrun for example_branch_labels to 2024-03-17 00:00:00+00:00, run_after=2024-03-18 00:00:00+00:00
[2024-03-18T15:42:30.747+0000] {processor.py:183} INFO - Processing /home/airflow/.local/lib/python3.8/site-packages/airflow/example_dags/example_branch_labels.py took 0.061 seconds
[2024-03-18T15:43:00.879+0000] {processor.py:161} INFO - Started process (PID=1267) to work on /home/airflow/.local/lib/python3.8/site-packages/airflow/example_dags/example_branch_labels.py
[2024-03-18T15:43:00.880+0000] {processor.py:830} INFO - Processing file /home/airflow/.local/lib/python3.8/site-packages/airflow/example_dags/example_branch_labels.py for tasks to queue
[2024-03-18T15:43:00.881+0000] {logging_mixin.py:188} INFO - [2024-03-18T15:43:00.881+0000] {dagbag.py:540} INFO - Filling up the DagBag from /home/airflow/.local/lib/python3.8/site-packages/airflow/example_dags/example_branch_labels.py
[2024-03-18T15:43:00.888+0000] {processor.py:840} INFO - DAG(s) 'example_branch_labels' retrieved from /home/airflow/.local/lib/python3.8/site-packages/airflow/example_dags/example_branch_labels.py
[2024-03-18T15:43:00.903+0000] {logging_mixin.py:188} INFO - [2024-03-18T15:43:00.903+0000] {dag.py:3047} INFO - Sync 1 DAGs
[2024-03-18T15:43:00.925+0000] {logging_mixin.py:188} INFO - [2024-03-18T15:43:00.924+0000] {dag.py:3834} INFO - Setting next_dagrun for example_branch_labels to 2024-03-17 00:00:00+00:00, run_after=2024-03-18 00:00:00+00:00
[2024-03-18T15:43:00.940+0000] {processor.py:183} INFO - Processing /home/airflow/.local/lib/python3.8/site-packages/airflow/example_dags/example_branch_labels.py took 0.064 seconds
