[2024-03-18T15:31:56.148+0000] {processor.py:161} INFO - Started process (PID=70) to work on /home/airflow/.local/lib/python3.8/site-packages/airflow/example_dags/example_sensors.py
[2024-03-18T15:31:56.149+0000] {processor.py:830} INFO - Processing file /home/airflow/.local/lib/python3.8/site-packages/airflow/example_dags/example_sensors.py for tasks to queue
[2024-03-18T15:31:56.151+0000] {logging_mixin.py:188} INFO - [2024-03-18T15:31:56.150+0000] {dagbag.py:540} INFO - Filling up the DagBag from /home/airflow/.local/lib/python3.8/site-packages/airflow/example_dags/example_sensors.py
[2024-03-18T15:31:56.160+0000] {processor.py:840} INFO - DAG(s) 'example_sensors' retrieved from /home/airflow/.local/lib/python3.8/site-packages/airflow/example_dags/example_sensors.py
[2024-03-18T15:31:56.170+0000] {logging_mixin.py:188} INFO - [2024-03-18T15:31:56.169+0000] {dag.py:3047} INFO - Sync 1 DAGs
[2024-03-18T15:31:56.182+0000] {logging_mixin.py:188} INFO - [2024-03-18T15:31:56.181+0000] {dag.py:3834} INFO - Setting next_dagrun for example_sensors to None, run_after=None
[2024-03-18T15:31:56.199+0000] {processor.py:183} INFO - Processing /home/airflow/.local/lib/python3.8/site-packages/airflow/example_dags/example_sensors.py took 0.054 seconds
[2024-03-18T15:32:27.212+0000] {processor.py:161} INFO - Started process (PID=125) to work on /home/airflow/.local/lib/python3.8/site-packages/airflow/example_dags/example_sensors.py
[2024-03-18T15:32:27.213+0000] {processor.py:830} INFO - Processing file /home/airflow/.local/lib/python3.8/site-packages/airflow/example_dags/example_sensors.py for tasks to queue
[2024-03-18T15:32:27.214+0000] {logging_mixin.py:188} INFO - [2024-03-18T15:32:27.214+0000] {dagbag.py:540} INFO - Filling up the DagBag from /home/airflow/.local/lib/python3.8/site-packages/airflow/example_dags/example_sensors.py
[2024-03-18T15:32:27.223+0000] {processor.py:840} INFO - DAG(s) 'example_sensors' retrieved from /home/airflow/.local/lib/python3.8/site-packages/airflow/example_dags/example_sensors.py
[2024-03-18T15:32:27.318+0000] {logging_mixin.py:188} INFO - [2024-03-18T15:32:27.317+0000] {dag.py:3047} INFO - Sync 1 DAGs
[2024-03-18T15:32:27.327+0000] {logging_mixin.py:188} INFO - [2024-03-18T15:32:27.327+0000] {dag.py:3834} INFO - Setting next_dagrun for example_sensors to None, run_after=None
[2024-03-18T15:32:27.345+0000] {processor.py:183} INFO - Processing /home/airflow/.local/lib/python3.8/site-packages/airflow/example_dags/example_sensors.py took 0.137 seconds
[2024-03-18T15:32:58.064+0000] {processor.py:161} INFO - Started process (PID=180) to work on /home/airflow/.local/lib/python3.8/site-packages/airflow/example_dags/example_sensors.py
[2024-03-18T15:32:58.065+0000] {processor.py:830} INFO - Processing file /home/airflow/.local/lib/python3.8/site-packages/airflow/example_dags/example_sensors.py for tasks to queue
[2024-03-18T15:32:58.067+0000] {logging_mixin.py:188} INFO - [2024-03-18T15:32:58.066+0000] {dagbag.py:540} INFO - Filling up the DagBag from /home/airflow/.local/lib/python3.8/site-packages/airflow/example_dags/example_sensors.py
[2024-03-18T15:32:58.074+0000] {processor.py:840} INFO - DAG(s) 'example_sensors' retrieved from /home/airflow/.local/lib/python3.8/site-packages/airflow/example_dags/example_sensors.py
[2024-03-18T15:32:58.094+0000] {logging_mixin.py:188} INFO - [2024-03-18T15:32:58.094+0000] {dag.py:3047} INFO - Sync 1 DAGs
[2024-03-18T15:32:58.104+0000] {logging_mixin.py:188} INFO - [2024-03-18T15:32:58.104+0000] {dag.py:3834} INFO - Setting next_dagrun for example_sensors to None, run_after=None
[2024-03-18T15:32:58.119+0000] {processor.py:183} INFO - Processing /home/airflow/.local/lib/python3.8/site-packages/airflow/example_dags/example_sensors.py took 0.058 seconds
[2024-03-18T15:33:28.187+0000] {processor.py:161} INFO - Started process (PID=235) to work on /home/airflow/.local/lib/python3.8/site-packages/airflow/example_dags/example_sensors.py
[2024-03-18T15:33:28.188+0000] {processor.py:830} INFO - Processing file /home/airflow/.local/lib/python3.8/site-packages/airflow/example_dags/example_sensors.py for tasks to queue
[2024-03-18T15:33:28.189+0000] {logging_mixin.py:188} INFO - [2024-03-18T15:33:28.189+0000] {dagbag.py:540} INFO - Filling up the DagBag from /home/airflow/.local/lib/python3.8/site-packages/airflow/example_dags/example_sensors.py
[2024-03-18T15:33:28.196+0000] {processor.py:840} INFO - DAG(s) 'example_sensors' retrieved from /home/airflow/.local/lib/python3.8/site-packages/airflow/example_dags/example_sensors.py
[2024-03-18T15:33:28.217+0000] {logging_mixin.py:188} INFO - [2024-03-18T15:33:28.216+0000] {dag.py:3047} INFO - Sync 1 DAGs
[2024-03-18T15:33:28.229+0000] {logging_mixin.py:188} INFO - [2024-03-18T15:33:28.229+0000] {dag.py:3834} INFO - Setting next_dagrun for example_sensors to None, run_after=None
[2024-03-18T15:33:28.246+0000] {processor.py:183} INFO - Processing /home/airflow/.local/lib/python3.8/site-packages/airflow/example_dags/example_sensors.py took 0.062 seconds
[2024-03-18T15:33:58.396+0000] {processor.py:161} INFO - Started process (PID=290) to work on /home/airflow/.local/lib/python3.8/site-packages/airflow/example_dags/example_sensors.py
[2024-03-18T15:33:58.396+0000] {processor.py:830} INFO - Processing file /home/airflow/.local/lib/python3.8/site-packages/airflow/example_dags/example_sensors.py for tasks to queue
[2024-03-18T15:33:58.398+0000] {logging_mixin.py:188} INFO - [2024-03-18T15:33:58.397+0000] {dagbag.py:540} INFO - Filling up the DagBag from /home/airflow/.local/lib/python3.8/site-packages/airflow/example_dags/example_sensors.py
[2024-03-18T15:33:58.405+0000] {processor.py:840} INFO - DAG(s) 'example_sensors' retrieved from /home/airflow/.local/lib/python3.8/site-packages/airflow/example_dags/example_sensors.py
[2024-03-18T15:33:58.424+0000] {logging_mixin.py:188} INFO - [2024-03-18T15:33:58.424+0000] {dag.py:3047} INFO - Sync 1 DAGs
[2024-03-18T15:33:58.435+0000] {logging_mixin.py:188} INFO - [2024-03-18T15:33:58.434+0000] {dag.py:3834} INFO - Setting next_dagrun for example_sensors to None, run_after=None
[2024-03-18T15:33:58.449+0000] {processor.py:183} INFO - Processing /home/airflow/.local/lib/python3.8/site-packages/airflow/example_dags/example_sensors.py took 0.056 seconds
[2024-03-18T15:34:28.640+0000] {processor.py:161} INFO - Started process (PID=345) to work on /home/airflow/.local/lib/python3.8/site-packages/airflow/example_dags/example_sensors.py
[2024-03-18T15:34:28.641+0000] {processor.py:830} INFO - Processing file /home/airflow/.local/lib/python3.8/site-packages/airflow/example_dags/example_sensors.py for tasks to queue
[2024-03-18T15:34:28.642+0000] {logging_mixin.py:188} INFO - [2024-03-18T15:34:28.642+0000] {dagbag.py:540} INFO - Filling up the DagBag from /home/airflow/.local/lib/python3.8/site-packages/airflow/example_dags/example_sensors.py
[2024-03-18T15:34:28.649+0000] {processor.py:840} INFO - DAG(s) 'example_sensors' retrieved from /home/airflow/.local/lib/python3.8/site-packages/airflow/example_dags/example_sensors.py
[2024-03-18T15:34:28.669+0000] {logging_mixin.py:188} INFO - [2024-03-18T15:34:28.669+0000] {dag.py:3047} INFO - Sync 1 DAGs
[2024-03-18T15:34:28.679+0000] {logging_mixin.py:188} INFO - [2024-03-18T15:34:28.678+0000] {dag.py:3834} INFO - Setting next_dagrun for example_sensors to None, run_after=None
[2024-03-18T15:34:28.693+0000] {processor.py:183} INFO - Processing /home/airflow/.local/lib/python3.8/site-packages/airflow/example_dags/example_sensors.py took 0.056 seconds
[2024-03-18T15:34:58.923+0000] {processor.py:161} INFO - Started process (PID=400) to work on /home/airflow/.local/lib/python3.8/site-packages/airflow/example_dags/example_sensors.py
[2024-03-18T15:34:58.923+0000] {processor.py:830} INFO - Processing file /home/airflow/.local/lib/python3.8/site-packages/airflow/example_dags/example_sensors.py for tasks to queue
[2024-03-18T15:34:58.925+0000] {logging_mixin.py:188} INFO - [2024-03-18T15:34:58.925+0000] {dagbag.py:540} INFO - Filling up the DagBag from /home/airflow/.local/lib/python3.8/site-packages/airflow/example_dags/example_sensors.py
[2024-03-18T15:34:58.933+0000] {processor.py:840} INFO - DAG(s) 'example_sensors' retrieved from /home/airflow/.local/lib/python3.8/site-packages/airflow/example_dags/example_sensors.py
[2024-03-18T15:34:58.953+0000] {logging_mixin.py:188} INFO - [2024-03-18T15:34:58.953+0000] {dag.py:3047} INFO - Sync 1 DAGs
[2024-03-18T15:34:58.963+0000] {logging_mixin.py:188} INFO - [2024-03-18T15:34:58.963+0000] {dag.py:3834} INFO - Setting next_dagrun for example_sensors to None, run_after=None
[2024-03-18T15:34:58.978+0000] {processor.py:183} INFO - Processing /home/airflow/.local/lib/python3.8/site-packages/airflow/example_dags/example_sensors.py took 0.058 seconds
[2024-03-18T15:35:29.066+0000] {processor.py:161} INFO - Started process (PID=455) to work on /home/airflow/.local/lib/python3.8/site-packages/airflow/example_dags/example_sensors.py
[2024-03-18T15:35:29.067+0000] {processor.py:830} INFO - Processing file /home/airflow/.local/lib/python3.8/site-packages/airflow/example_dags/example_sensors.py for tasks to queue
[2024-03-18T15:35:29.068+0000] {logging_mixin.py:188} INFO - [2024-03-18T15:35:29.068+0000] {dagbag.py:540} INFO - Filling up the DagBag from /home/airflow/.local/lib/python3.8/site-packages/airflow/example_dags/example_sensors.py
[2024-03-18T15:35:29.076+0000] {processor.py:840} INFO - DAG(s) 'example_sensors' retrieved from /home/airflow/.local/lib/python3.8/site-packages/airflow/example_dags/example_sensors.py
[2024-03-18T15:35:29.096+0000] {logging_mixin.py:188} INFO - [2024-03-18T15:35:29.095+0000] {dag.py:3047} INFO - Sync 1 DAGs
[2024-03-18T15:35:29.106+0000] {logging_mixin.py:188} INFO - [2024-03-18T15:35:29.106+0000] {dag.py:3834} INFO - Setting next_dagrun for example_sensors to None, run_after=None
[2024-03-18T15:35:29.121+0000] {processor.py:183} INFO - Processing /home/airflow/.local/lib/python3.8/site-packages/airflow/example_dags/example_sensors.py took 0.057 seconds
[2024-03-18T15:35:59.394+0000] {processor.py:161} INFO - Started process (PID=510) to work on /home/airflow/.local/lib/python3.8/site-packages/airflow/example_dags/example_sensors.py
[2024-03-18T15:35:59.395+0000] {processor.py:830} INFO - Processing file /home/airflow/.local/lib/python3.8/site-packages/airflow/example_dags/example_sensors.py for tasks to queue
[2024-03-18T15:35:59.398+0000] {logging_mixin.py:188} INFO - [2024-03-18T15:35:59.397+0000] {dagbag.py:540} INFO - Filling up the DagBag from /home/airflow/.local/lib/python3.8/site-packages/airflow/example_dags/example_sensors.py
[2024-03-18T15:35:59.406+0000] {processor.py:840} INFO - DAG(s) 'example_sensors' retrieved from /home/airflow/.local/lib/python3.8/site-packages/airflow/example_dags/example_sensors.py
[2024-03-18T15:35:59.427+0000] {logging_mixin.py:188} INFO - [2024-03-18T15:35:59.427+0000] {dag.py:3047} INFO - Sync 1 DAGs
[2024-03-18T15:35:59.438+0000] {logging_mixin.py:188} INFO - [2024-03-18T15:35:59.437+0000] {dag.py:3834} INFO - Setting next_dagrun for example_sensors to None, run_after=None
[2024-03-18T15:35:59.452+0000] {processor.py:183} INFO - Processing /home/airflow/.local/lib/python3.8/site-packages/airflow/example_dags/example_sensors.py took 0.061 seconds
[2024-03-18T15:36:29.744+0000] {processor.py:161} INFO - Started process (PID=565) to work on /home/airflow/.local/lib/python3.8/site-packages/airflow/example_dags/example_sensors.py
[2024-03-18T15:36:29.745+0000] {processor.py:830} INFO - Processing file /home/airflow/.local/lib/python3.8/site-packages/airflow/example_dags/example_sensors.py for tasks to queue
[2024-03-18T15:36:29.746+0000] {logging_mixin.py:188} INFO - [2024-03-18T15:36:29.746+0000] {dagbag.py:540} INFO - Filling up the DagBag from /home/airflow/.local/lib/python3.8/site-packages/airflow/example_dags/example_sensors.py
[2024-03-18T15:36:29.754+0000] {processor.py:840} INFO - DAG(s) 'example_sensors' retrieved from /home/airflow/.local/lib/python3.8/site-packages/airflow/example_dags/example_sensors.py
[2024-03-18T15:36:29.774+0000] {logging_mixin.py:188} INFO - [2024-03-18T15:36:29.773+0000] {dag.py:3047} INFO - Sync 1 DAGs
[2024-03-18T15:36:29.784+0000] {logging_mixin.py:188} INFO - [2024-03-18T15:36:29.784+0000] {dag.py:3834} INFO - Setting next_dagrun for example_sensors to None, run_after=None
[2024-03-18T15:36:29.799+0000] {processor.py:183} INFO - Processing /home/airflow/.local/lib/python3.8/site-packages/airflow/example_dags/example_sensors.py took 0.058 seconds
[2024-03-18T15:37:00.079+0000] {processor.py:161} INFO - Started process (PID=620) to work on /home/airflow/.local/lib/python3.8/site-packages/airflow/example_dags/example_sensors.py
[2024-03-18T15:37:00.080+0000] {processor.py:830} INFO - Processing file /home/airflow/.local/lib/python3.8/site-packages/airflow/example_dags/example_sensors.py for tasks to queue
[2024-03-18T15:37:00.081+0000] {logging_mixin.py:188} INFO - [2024-03-18T15:37:00.081+0000] {dagbag.py:540} INFO - Filling up the DagBag from /home/airflow/.local/lib/python3.8/site-packages/airflow/example_dags/example_sensors.py
[2024-03-18T15:37:00.088+0000] {processor.py:840} INFO - DAG(s) 'example_sensors' retrieved from /home/airflow/.local/lib/python3.8/site-packages/airflow/example_dags/example_sensors.py
[2024-03-18T15:37:00.109+0000] {logging_mixin.py:188} INFO - [2024-03-18T15:37:00.109+0000] {dag.py:3047} INFO - Sync 1 DAGs
[2024-03-18T15:37:00.120+0000] {logging_mixin.py:188} INFO - [2024-03-18T15:37:00.120+0000] {dag.py:3834} INFO - Setting next_dagrun for example_sensors to None, run_after=None
[2024-03-18T15:37:00.136+0000] {processor.py:183} INFO - Processing /home/airflow/.local/lib/python3.8/site-packages/airflow/example_dags/example_sensors.py took 0.060 seconds
[2024-03-18T15:37:30.414+0000] {processor.py:161} INFO - Started process (PID=675) to work on /home/airflow/.local/lib/python3.8/site-packages/airflow/example_dags/example_sensors.py
[2024-03-18T15:37:30.415+0000] {processor.py:830} INFO - Processing file /home/airflow/.local/lib/python3.8/site-packages/airflow/example_dags/example_sensors.py for tasks to queue
[2024-03-18T15:37:30.417+0000] {logging_mixin.py:188} INFO - [2024-03-18T15:37:30.417+0000] {dagbag.py:540} INFO - Filling up the DagBag from /home/airflow/.local/lib/python3.8/site-packages/airflow/example_dags/example_sensors.py
[2024-03-18T15:37:30.425+0000] {processor.py:840} INFO - DAG(s) 'example_sensors' retrieved from /home/airflow/.local/lib/python3.8/site-packages/airflow/example_dags/example_sensors.py
[2024-03-18T15:37:30.446+0000] {logging_mixin.py:188} INFO - [2024-03-18T15:37:30.446+0000] {dag.py:3047} INFO - Sync 1 DAGs
[2024-03-18T15:37:30.458+0000] {logging_mixin.py:188} INFO - [2024-03-18T15:37:30.458+0000] {dag.py:3834} INFO - Setting next_dagrun for example_sensors to None, run_after=None
[2024-03-18T15:37:30.473+0000] {processor.py:183} INFO - Processing /home/airflow/.local/lib/python3.8/site-packages/airflow/example_dags/example_sensors.py took 0.061 seconds
[2024-03-18T15:38:00.821+0000] {processor.py:161} INFO - Started process (PID=730) to work on /home/airflow/.local/lib/python3.8/site-packages/airflow/example_dags/example_sensors.py
[2024-03-18T15:38:00.822+0000] {processor.py:830} INFO - Processing file /home/airflow/.local/lib/python3.8/site-packages/airflow/example_dags/example_sensors.py for tasks to queue
[2024-03-18T15:38:00.824+0000] {logging_mixin.py:188} INFO - [2024-03-18T15:38:00.823+0000] {dagbag.py:540} INFO - Filling up the DagBag from /home/airflow/.local/lib/python3.8/site-packages/airflow/example_dags/example_sensors.py
[2024-03-18T15:38:00.832+0000] {processor.py:840} INFO - DAG(s) 'example_sensors' retrieved from /home/airflow/.local/lib/python3.8/site-packages/airflow/example_dags/example_sensors.py
[2024-03-18T15:38:00.856+0000] {logging_mixin.py:188} INFO - [2024-03-18T15:38:00.856+0000] {dag.py:3047} INFO - Sync 1 DAGs
[2024-03-18T15:38:00.868+0000] {logging_mixin.py:188} INFO - [2024-03-18T15:38:00.868+0000] {dag.py:3834} INFO - Setting next_dagrun for example_sensors to None, run_after=None
[2024-03-18T15:38:00.893+0000] {processor.py:183} INFO - Processing /home/airflow/.local/lib/python3.8/site-packages/airflow/example_dags/example_sensors.py took 0.075 seconds
[2024-03-18T15:38:30.936+0000] {processor.py:161} INFO - Started process (PID=785) to work on /home/airflow/.local/lib/python3.8/site-packages/airflow/example_dags/example_sensors.py
[2024-03-18T15:38:30.937+0000] {processor.py:830} INFO - Processing file /home/airflow/.local/lib/python3.8/site-packages/airflow/example_dags/example_sensors.py for tasks to queue
[2024-03-18T15:38:30.939+0000] {logging_mixin.py:188} INFO - [2024-03-18T15:38:30.938+0000] {dagbag.py:540} INFO - Filling up the DagBag from /home/airflow/.local/lib/python3.8/site-packages/airflow/example_dags/example_sensors.py
[2024-03-18T15:38:30.946+0000] {processor.py:840} INFO - DAG(s) 'example_sensors' retrieved from /home/airflow/.local/lib/python3.8/site-packages/airflow/example_dags/example_sensors.py
[2024-03-18T15:38:30.966+0000] {logging_mixin.py:188} INFO - [2024-03-18T15:38:30.966+0000] {dag.py:3047} INFO - Sync 1 DAGs
[2024-03-18T15:38:30.976+0000] {logging_mixin.py:188} INFO - [2024-03-18T15:38:30.976+0000] {dag.py:3834} INFO - Setting next_dagrun for example_sensors to None, run_after=None
[2024-03-18T15:38:30.992+0000] {processor.py:183} INFO - Processing /home/airflow/.local/lib/python3.8/site-packages/airflow/example_dags/example_sensors.py took 0.058 seconds
[2024-03-18T15:39:01.089+0000] {processor.py:161} INFO - Started process (PID=840) to work on /home/airflow/.local/lib/python3.8/site-packages/airflow/example_dags/example_sensors.py
[2024-03-18T15:39:01.090+0000] {processor.py:830} INFO - Processing file /home/airflow/.local/lib/python3.8/site-packages/airflow/example_dags/example_sensors.py for tasks to queue
[2024-03-18T15:39:01.092+0000] {logging_mixin.py:188} INFO - [2024-03-18T15:39:01.091+0000] {dagbag.py:540} INFO - Filling up the DagBag from /home/airflow/.local/lib/python3.8/site-packages/airflow/example_dags/example_sensors.py
[2024-03-18T15:39:01.099+0000] {processor.py:840} INFO - DAG(s) 'example_sensors' retrieved from /home/airflow/.local/lib/python3.8/site-packages/airflow/example_dags/example_sensors.py
[2024-03-18T15:39:01.119+0000] {logging_mixin.py:188} INFO - [2024-03-18T15:39:01.119+0000] {dag.py:3047} INFO - Sync 1 DAGs
[2024-03-18T15:39:01.129+0000] {logging_mixin.py:188} INFO - [2024-03-18T15:39:01.129+0000] {dag.py:3834} INFO - Setting next_dagrun for example_sensors to None, run_after=None
[2024-03-18T15:39:01.144+0000] {processor.py:183} INFO - Processing /home/airflow/.local/lib/python3.8/site-packages/airflow/example_dags/example_sensors.py took 0.057 seconds
[2024-03-18T15:39:31.326+0000] {processor.py:161} INFO - Started process (PID=895) to work on /home/airflow/.local/lib/python3.8/site-packages/airflow/example_dags/example_sensors.py
[2024-03-18T15:39:31.326+0000] {processor.py:830} INFO - Processing file /home/airflow/.local/lib/python3.8/site-packages/airflow/example_dags/example_sensors.py for tasks to queue
[2024-03-18T15:39:31.328+0000] {logging_mixin.py:188} INFO - [2024-03-18T15:39:31.328+0000] {dagbag.py:540} INFO - Filling up the DagBag from /home/airflow/.local/lib/python3.8/site-packages/airflow/example_dags/example_sensors.py
[2024-03-18T15:39:31.335+0000] {processor.py:840} INFO - DAG(s) 'example_sensors' retrieved from /home/airflow/.local/lib/python3.8/site-packages/airflow/example_dags/example_sensors.py
[2024-03-18T15:39:31.356+0000] {logging_mixin.py:188} INFO - [2024-03-18T15:39:31.356+0000] {dag.py:3047} INFO - Sync 1 DAGs
[2024-03-18T15:39:31.367+0000] {logging_mixin.py:188} INFO - [2024-03-18T15:39:31.367+0000] {dag.py:3834} INFO - Setting next_dagrun for example_sensors to None, run_after=None
[2024-03-18T15:39:31.383+0000] {processor.py:183} INFO - Processing /home/airflow/.local/lib/python3.8/site-packages/airflow/example_dags/example_sensors.py took 0.060 seconds
[2024-03-18T15:40:01.430+0000] {processor.py:161} INFO - Started process (PID=950) to work on /home/airflow/.local/lib/python3.8/site-packages/airflow/example_dags/example_sensors.py
[2024-03-18T15:40:01.431+0000] {processor.py:830} INFO - Processing file /home/airflow/.local/lib/python3.8/site-packages/airflow/example_dags/example_sensors.py for tasks to queue
[2024-03-18T15:40:01.432+0000] {logging_mixin.py:188} INFO - [2024-03-18T15:40:01.432+0000] {dagbag.py:540} INFO - Filling up the DagBag from /home/airflow/.local/lib/python3.8/site-packages/airflow/example_dags/example_sensors.py
[2024-03-18T15:40:01.439+0000] {processor.py:840} INFO - DAG(s) 'example_sensors' retrieved from /home/airflow/.local/lib/python3.8/site-packages/airflow/example_dags/example_sensors.py
[2024-03-18T15:40:01.460+0000] {logging_mixin.py:188} INFO - [2024-03-18T15:40:01.459+0000] {dag.py:3047} INFO - Sync 1 DAGs
[2024-03-18T15:40:01.471+0000] {logging_mixin.py:188} INFO - [2024-03-18T15:40:01.470+0000] {dag.py:3834} INFO - Setting next_dagrun for example_sensors to None, run_after=None
[2024-03-18T15:40:01.486+0000] {processor.py:183} INFO - Processing /home/airflow/.local/lib/python3.8/site-packages/airflow/example_dags/example_sensors.py took 0.059 seconds
[2024-03-18T15:40:31.578+0000] {processor.py:161} INFO - Started process (PID=1005) to work on /home/airflow/.local/lib/python3.8/site-packages/airflow/example_dags/example_sensors.py
[2024-03-18T15:40:31.579+0000] {processor.py:830} INFO - Processing file /home/airflow/.local/lib/python3.8/site-packages/airflow/example_dags/example_sensors.py for tasks to queue
[2024-03-18T15:40:31.581+0000] {logging_mixin.py:188} INFO - [2024-03-18T15:40:31.580+0000] {dagbag.py:540} INFO - Filling up the DagBag from /home/airflow/.local/lib/python3.8/site-packages/airflow/example_dags/example_sensors.py
[2024-03-18T15:40:31.588+0000] {processor.py:840} INFO - DAG(s) 'example_sensors' retrieved from /home/airflow/.local/lib/python3.8/site-packages/airflow/example_dags/example_sensors.py
[2024-03-18T15:40:31.607+0000] {logging_mixin.py:188} INFO - [2024-03-18T15:40:31.607+0000] {dag.py:3047} INFO - Sync 1 DAGs
[2024-03-18T15:40:31.618+0000] {logging_mixin.py:188} INFO - [2024-03-18T15:40:31.617+0000] {dag.py:3834} INFO - Setting next_dagrun for example_sensors to None, run_after=None
[2024-03-18T15:40:31.633+0000] {processor.py:183} INFO - Processing /home/airflow/.local/lib/python3.8/site-packages/airflow/example_dags/example_sensors.py took 0.057 seconds
[2024-03-18T15:41:01.851+0000] {processor.py:161} INFO - Started process (PID=1060) to work on /home/airflow/.local/lib/python3.8/site-packages/airflow/example_dags/example_sensors.py
[2024-03-18T15:41:01.852+0000] {processor.py:830} INFO - Processing file /home/airflow/.local/lib/python3.8/site-packages/airflow/example_dags/example_sensors.py for tasks to queue
[2024-03-18T15:41:01.854+0000] {logging_mixin.py:188} INFO - [2024-03-18T15:41:01.853+0000] {dagbag.py:540} INFO - Filling up the DagBag from /home/airflow/.local/lib/python3.8/site-packages/airflow/example_dags/example_sensors.py
[2024-03-18T15:41:01.861+0000] {processor.py:840} INFO - DAG(s) 'example_sensors' retrieved from /home/airflow/.local/lib/python3.8/site-packages/airflow/example_dags/example_sensors.py
[2024-03-18T15:41:01.881+0000] {logging_mixin.py:188} INFO - [2024-03-18T15:41:01.881+0000] {dag.py:3047} INFO - Sync 1 DAGs
[2024-03-18T15:41:01.891+0000] {logging_mixin.py:188} INFO - [2024-03-18T15:41:01.891+0000] {dag.py:3834} INFO - Setting next_dagrun for example_sensors to None, run_after=None
[2024-03-18T15:41:01.906+0000] {processor.py:183} INFO - Processing /home/airflow/.local/lib/python3.8/site-packages/airflow/example_dags/example_sensors.py took 0.058 seconds
[2024-03-18T15:41:32.819+0000] {processor.py:161} INFO - Started process (PID=1115) to work on /home/airflow/.local/lib/python3.8/site-packages/airflow/example_dags/example_sensors.py
[2024-03-18T15:41:32.820+0000] {processor.py:830} INFO - Processing file /home/airflow/.local/lib/python3.8/site-packages/airflow/example_dags/example_sensors.py for tasks to queue
[2024-03-18T15:41:32.822+0000] {logging_mixin.py:188} INFO - [2024-03-18T15:41:32.821+0000] {dagbag.py:540} INFO - Filling up the DagBag from /home/airflow/.local/lib/python3.8/site-packages/airflow/example_dags/example_sensors.py
[2024-03-18T15:41:32.829+0000] {processor.py:840} INFO - DAG(s) 'example_sensors' retrieved from /home/airflow/.local/lib/python3.8/site-packages/airflow/example_dags/example_sensors.py
[2024-03-18T15:41:32.848+0000] {logging_mixin.py:188} INFO - [2024-03-18T15:41:32.848+0000] {dag.py:3047} INFO - Sync 1 DAGs
[2024-03-18T15:41:32.858+0000] {logging_mixin.py:188} INFO - [2024-03-18T15:41:32.858+0000] {dag.py:3834} INFO - Setting next_dagrun for example_sensors to None, run_after=None
[2024-03-18T15:41:32.872+0000] {processor.py:183} INFO - Processing /home/airflow/.local/lib/python3.8/site-packages/airflow/example_dags/example_sensors.py took 0.055 seconds
[2024-03-18T15:42:03.041+0000] {processor.py:161} INFO - Started process (PID=1170) to work on /home/airflow/.local/lib/python3.8/site-packages/airflow/example_dags/example_sensors.py
[2024-03-18T15:42:03.041+0000] {processor.py:830} INFO - Processing file /home/airflow/.local/lib/python3.8/site-packages/airflow/example_dags/example_sensors.py for tasks to queue
[2024-03-18T15:42:03.043+0000] {logging_mixin.py:188} INFO - [2024-03-18T15:42:03.043+0000] {dagbag.py:540} INFO - Filling up the DagBag from /home/airflow/.local/lib/python3.8/site-packages/airflow/example_dags/example_sensors.py
[2024-03-18T15:42:03.050+0000] {processor.py:840} INFO - DAG(s) 'example_sensors' retrieved from /home/airflow/.local/lib/python3.8/site-packages/airflow/example_dags/example_sensors.py
[2024-03-18T15:42:03.070+0000] {logging_mixin.py:188} INFO - [2024-03-18T15:42:03.070+0000] {dag.py:3047} INFO - Sync 1 DAGs
[2024-03-18T15:42:03.080+0000] {logging_mixin.py:188} INFO - [2024-03-18T15:42:03.080+0000] {dag.py:3834} INFO - Setting next_dagrun for example_sensors to None, run_after=None
[2024-03-18T15:42:03.095+0000] {processor.py:183} INFO - Processing /home/airflow/.local/lib/python3.8/site-packages/airflow/example_dags/example_sensors.py took 0.057 seconds
[2024-03-18T15:42:33.239+0000] {processor.py:161} INFO - Started process (PID=1225) to work on /home/airflow/.local/lib/python3.8/site-packages/airflow/example_dags/example_sensors.py
[2024-03-18T15:42:33.240+0000] {processor.py:830} INFO - Processing file /home/airflow/.local/lib/python3.8/site-packages/airflow/example_dags/example_sensors.py for tasks to queue
[2024-03-18T15:42:33.241+0000] {logging_mixin.py:188} INFO - [2024-03-18T15:42:33.241+0000] {dagbag.py:540} INFO - Filling up the DagBag from /home/airflow/.local/lib/python3.8/site-packages/airflow/example_dags/example_sensors.py
[2024-03-18T15:42:33.249+0000] {processor.py:840} INFO - DAG(s) 'example_sensors' retrieved from /home/airflow/.local/lib/python3.8/site-packages/airflow/example_dags/example_sensors.py
[2024-03-18T15:42:33.269+0000] {logging_mixin.py:188} INFO - [2024-03-18T15:42:33.269+0000] {dag.py:3047} INFO - Sync 1 DAGs
[2024-03-18T15:42:33.279+0000] {logging_mixin.py:188} INFO - [2024-03-18T15:42:33.279+0000] {dag.py:3834} INFO - Setting next_dagrun for example_sensors to None, run_after=None
[2024-03-18T15:42:33.293+0000] {processor.py:183} INFO - Processing /home/airflow/.local/lib/python3.8/site-packages/airflow/example_dags/example_sensors.py took 0.057 seconds
[2024-03-18T15:43:03.465+0000] {processor.py:161} INFO - Started process (PID=1280) to work on /home/airflow/.local/lib/python3.8/site-packages/airflow/example_dags/example_sensors.py
[2024-03-18T15:43:03.466+0000] {processor.py:830} INFO - Processing file /home/airflow/.local/lib/python3.8/site-packages/airflow/example_dags/example_sensors.py for tasks to queue
[2024-03-18T15:43:03.467+0000] {logging_mixin.py:188} INFO - [2024-03-18T15:43:03.467+0000] {dagbag.py:540} INFO - Filling up the DagBag from /home/airflow/.local/lib/python3.8/site-packages/airflow/example_dags/example_sensors.py
[2024-03-18T15:43:03.475+0000] {processor.py:840} INFO - DAG(s) 'example_sensors' retrieved from /home/airflow/.local/lib/python3.8/site-packages/airflow/example_dags/example_sensors.py
[2024-03-18T15:43:03.496+0000] {logging_mixin.py:188} INFO - [2024-03-18T15:43:03.496+0000] {dag.py:3047} INFO - Sync 1 DAGs
[2024-03-18T15:43:03.506+0000] {logging_mixin.py:188} INFO - [2024-03-18T15:43:03.506+0000] {dag.py:3834} INFO - Setting next_dagrun for example_sensors to None, run_after=None
[2024-03-18T15:43:03.524+0000] {processor.py:183} INFO - Processing /home/airflow/.local/lib/python3.8/site-packages/airflow/example_dags/example_sensors.py took 0.062 seconds
