[2024-03-18T15:31:56.453+0000] {processor.py:161} INFO - Started process (PID=78) to work on /home/airflow/.local/lib/python3.8/site-packages/airflow/example_dags/example_python_decorator.py
[2024-03-18T15:31:56.454+0000] {processor.py:830} INFO - Processing file /home/airflow/.local/lib/python3.8/site-packages/airflow/example_dags/example_python_decorator.py for tasks to queue
[2024-03-18T15:31:56.456+0000] {logging_mixin.py:188} INFO - [2024-03-18T15:31:56.456+0000] {dagbag.py:540} INFO - Filling up the DagBag from /home/airflow/.local/lib/python3.8/site-packages/airflow/example_dags/example_python_decorator.py
[2024-03-18T15:31:56.468+0000] {processor.py:840} INFO - DAG(s) 'example_python_decorator' retrieved from /home/airflow/.local/lib/python3.8/site-packages/airflow/example_dags/example_python_decorator.py
[2024-03-18T15:31:56.478+0000] {logging_mixin.py:188} INFO - [2024-03-18T15:31:56.478+0000] {dag.py:3047} INFO - Sync 1 DAGs
[2024-03-18T15:31:56.491+0000] {logging_mixin.py:188} INFO - [2024-03-18T15:31:56.490+0000] {dag.py:3834} INFO - Setting next_dagrun for example_python_decorator to None, run_after=None
[2024-03-18T15:31:56.506+0000] {processor.py:183} INFO - Processing /home/airflow/.local/lib/python3.8/site-packages/airflow/example_dags/example_python_decorator.py took 0.056 seconds
[2024-03-18T15:32:27.816+0000] {processor.py:161} INFO - Started process (PID=133) to work on /home/airflow/.local/lib/python3.8/site-packages/airflow/example_dags/example_python_decorator.py
[2024-03-18T15:32:27.817+0000] {processor.py:830} INFO - Processing file /home/airflow/.local/lib/python3.8/site-packages/airflow/example_dags/example_python_decorator.py for tasks to queue
[2024-03-18T15:32:27.818+0000] {logging_mixin.py:188} INFO - [2024-03-18T15:32:27.818+0000] {dagbag.py:540} INFO - Filling up the DagBag from /home/airflow/.local/lib/python3.8/site-packages/airflow/example_dags/example_python_decorator.py
[2024-03-18T15:32:27.829+0000] {processor.py:840} INFO - DAG(s) 'example_python_decorator' retrieved from /home/airflow/.local/lib/python3.8/site-packages/airflow/example_dags/example_python_decorator.py
[2024-03-18T15:32:27.911+0000] {logging_mixin.py:188} INFO - [2024-03-18T15:32:27.911+0000] {dag.py:3047} INFO - Sync 1 DAGs
[2024-03-18T15:32:27.920+0000] {logging_mixin.py:188} INFO - [2024-03-18T15:32:27.920+0000] {dag.py:3834} INFO - Setting next_dagrun for example_python_decorator to None, run_after=None
[2024-03-18T15:32:27.936+0000] {processor.py:183} INFO - Processing /home/airflow/.local/lib/python3.8/site-packages/airflow/example_dags/example_python_decorator.py took 0.123 seconds
[2024-03-18T15:32:58.369+0000] {processor.py:161} INFO - Started process (PID=188) to work on /home/airflow/.local/lib/python3.8/site-packages/airflow/example_dags/example_python_decorator.py
[2024-03-18T15:32:58.370+0000] {processor.py:830} INFO - Processing file /home/airflow/.local/lib/python3.8/site-packages/airflow/example_dags/example_python_decorator.py for tasks to queue
[2024-03-18T15:32:58.372+0000] {logging_mixin.py:188} INFO - [2024-03-18T15:32:58.371+0000] {dagbag.py:540} INFO - Filling up the DagBag from /home/airflow/.local/lib/python3.8/site-packages/airflow/example_dags/example_python_decorator.py
[2024-03-18T15:32:58.382+0000] {processor.py:840} INFO - DAG(s) 'example_python_decorator' retrieved from /home/airflow/.local/lib/python3.8/site-packages/airflow/example_dags/example_python_decorator.py
[2024-03-18T15:32:58.398+0000] {logging_mixin.py:188} INFO - [2024-03-18T15:32:58.398+0000] {dag.py:3047} INFO - Sync 1 DAGs
[2024-03-18T15:32:58.408+0000] {logging_mixin.py:188} INFO - [2024-03-18T15:32:58.408+0000] {dag.py:3834} INFO - Setting next_dagrun for example_python_decorator to None, run_after=None
[2024-03-18T15:32:58.422+0000] {processor.py:183} INFO - Processing /home/airflow/.local/lib/python3.8/site-packages/airflow/example_dags/example_python_decorator.py took 0.056 seconds
[2024-03-18T15:33:28.582+0000] {processor.py:161} INFO - Started process (PID=243) to work on /home/airflow/.local/lib/python3.8/site-packages/airflow/example_dags/example_python_decorator.py
[2024-03-18T15:33:28.583+0000] {processor.py:830} INFO - Processing file /home/airflow/.local/lib/python3.8/site-packages/airflow/example_dags/example_python_decorator.py for tasks to queue
[2024-03-18T15:33:28.584+0000] {logging_mixin.py:188} INFO - [2024-03-18T15:33:28.584+0000] {dagbag.py:540} INFO - Filling up the DagBag from /home/airflow/.local/lib/python3.8/site-packages/airflow/example_dags/example_python_decorator.py
[2024-03-18T15:33:28.596+0000] {processor.py:840} INFO - DAG(s) 'example_python_decorator' retrieved from /home/airflow/.local/lib/python3.8/site-packages/airflow/example_dags/example_python_decorator.py
[2024-03-18T15:33:28.614+0000] {logging_mixin.py:188} INFO - [2024-03-18T15:33:28.614+0000] {dag.py:3047} INFO - Sync 1 DAGs
[2024-03-18T15:33:28.625+0000] {logging_mixin.py:188} INFO - [2024-03-18T15:33:28.625+0000] {dag.py:3834} INFO - Setting next_dagrun for example_python_decorator to None, run_after=None
[2024-03-18T15:33:28.645+0000] {processor.py:183} INFO - Processing /home/airflow/.local/lib/python3.8/site-packages/airflow/example_dags/example_python_decorator.py took 0.066 seconds
[2024-03-18T15:33:58.699+0000] {processor.py:161} INFO - Started process (PID=298) to work on /home/airflow/.local/lib/python3.8/site-packages/airflow/example_dags/example_python_decorator.py
[2024-03-18T15:33:58.700+0000] {processor.py:830} INFO - Processing file /home/airflow/.local/lib/python3.8/site-packages/airflow/example_dags/example_python_decorator.py for tasks to queue
[2024-03-18T15:33:58.701+0000] {logging_mixin.py:188} INFO - [2024-03-18T15:33:58.701+0000] {dagbag.py:540} INFO - Filling up the DagBag from /home/airflow/.local/lib/python3.8/site-packages/airflow/example_dags/example_python_decorator.py
[2024-03-18T15:33:58.713+0000] {processor.py:840} INFO - DAG(s) 'example_python_decorator' retrieved from /home/airflow/.local/lib/python3.8/site-packages/airflow/example_dags/example_python_decorator.py
[2024-03-18T15:33:58.731+0000] {logging_mixin.py:188} INFO - [2024-03-18T15:33:58.731+0000] {dag.py:3047} INFO - Sync 1 DAGs
[2024-03-18T15:33:58.742+0000] {logging_mixin.py:188} INFO - [2024-03-18T15:33:58.741+0000] {dag.py:3834} INFO - Setting next_dagrun for example_python_decorator to None, run_after=None
[2024-03-18T15:33:58.756+0000] {processor.py:183} INFO - Processing /home/airflow/.local/lib/python3.8/site-packages/airflow/example_dags/example_python_decorator.py took 0.060 seconds
[2024-03-18T15:34:28.936+0000] {processor.py:161} INFO - Started process (PID=353) to work on /home/airflow/.local/lib/python3.8/site-packages/airflow/example_dags/example_python_decorator.py
[2024-03-18T15:34:28.937+0000] {processor.py:830} INFO - Processing file /home/airflow/.local/lib/python3.8/site-packages/airflow/example_dags/example_python_decorator.py for tasks to queue
[2024-03-18T15:34:28.938+0000] {logging_mixin.py:188} INFO - [2024-03-18T15:34:28.938+0000] {dagbag.py:540} INFO - Filling up the DagBag from /home/airflow/.local/lib/python3.8/site-packages/airflow/example_dags/example_python_decorator.py
[2024-03-18T15:34:28.948+0000] {processor.py:840} INFO - DAG(s) 'example_python_decorator' retrieved from /home/airflow/.local/lib/python3.8/site-packages/airflow/example_dags/example_python_decorator.py
[2024-03-18T15:34:28.965+0000] {logging_mixin.py:188} INFO - [2024-03-18T15:34:28.965+0000] {dag.py:3047} INFO - Sync 1 DAGs
[2024-03-18T15:34:28.975+0000] {logging_mixin.py:188} INFO - [2024-03-18T15:34:28.975+0000] {dag.py:3834} INFO - Setting next_dagrun for example_python_decorator to None, run_after=None
[2024-03-18T15:34:28.990+0000] {processor.py:183} INFO - Processing /home/airflow/.local/lib/python3.8/site-packages/airflow/example_dags/example_python_decorator.py took 0.056 seconds
[2024-03-18T15:34:59.230+0000] {processor.py:161} INFO - Started process (PID=408) to work on /home/airflow/.local/lib/python3.8/site-packages/airflow/example_dags/example_python_decorator.py
[2024-03-18T15:34:59.231+0000] {processor.py:830} INFO - Processing file /home/airflow/.local/lib/python3.8/site-packages/airflow/example_dags/example_python_decorator.py for tasks to queue
[2024-03-18T15:34:59.232+0000] {logging_mixin.py:188} INFO - [2024-03-18T15:34:59.232+0000] {dagbag.py:540} INFO - Filling up the DagBag from /home/airflow/.local/lib/python3.8/site-packages/airflow/example_dags/example_python_decorator.py
[2024-03-18T15:34:59.244+0000] {processor.py:840} INFO - DAG(s) 'example_python_decorator' retrieved from /home/airflow/.local/lib/python3.8/site-packages/airflow/example_dags/example_python_decorator.py
[2024-03-18T15:34:59.262+0000] {logging_mixin.py:188} INFO - [2024-03-18T15:34:59.262+0000] {dag.py:3047} INFO - Sync 1 DAGs
[2024-03-18T15:34:59.273+0000] {logging_mixin.py:188} INFO - [2024-03-18T15:34:59.273+0000] {dag.py:3834} INFO - Setting next_dagrun for example_python_decorator to None, run_after=None
[2024-03-18T15:34:59.288+0000] {processor.py:183} INFO - Processing /home/airflow/.local/lib/python3.8/site-packages/airflow/example_dags/example_python_decorator.py took 0.062 seconds
[2024-03-18T15:35:29.373+0000] {processor.py:161} INFO - Started process (PID=463) to work on /home/airflow/.local/lib/python3.8/site-packages/airflow/example_dags/example_python_decorator.py
[2024-03-18T15:35:29.374+0000] {processor.py:830} INFO - Processing file /home/airflow/.local/lib/python3.8/site-packages/airflow/example_dags/example_python_decorator.py for tasks to queue
[2024-03-18T15:35:29.376+0000] {logging_mixin.py:188} INFO - [2024-03-18T15:35:29.375+0000] {dagbag.py:540} INFO - Filling up the DagBag from /home/airflow/.local/lib/python3.8/site-packages/airflow/example_dags/example_python_decorator.py
[2024-03-18T15:35:29.387+0000] {processor.py:840} INFO - DAG(s) 'example_python_decorator' retrieved from /home/airflow/.local/lib/python3.8/site-packages/airflow/example_dags/example_python_decorator.py
[2024-03-18T15:35:29.404+0000] {logging_mixin.py:188} INFO - [2024-03-18T15:35:29.404+0000] {dag.py:3047} INFO - Sync 1 DAGs
[2024-03-18T15:35:29.415+0000] {logging_mixin.py:188} INFO - [2024-03-18T15:35:29.415+0000] {dag.py:3834} INFO - Setting next_dagrun for example_python_decorator to None, run_after=None
[2024-03-18T15:35:29.430+0000] {processor.py:183} INFO - Processing /home/airflow/.local/lib/python3.8/site-packages/airflow/example_dags/example_python_decorator.py took 0.059 seconds
[2024-03-18T15:35:59.711+0000] {processor.py:161} INFO - Started process (PID=518) to work on /home/airflow/.local/lib/python3.8/site-packages/airflow/example_dags/example_python_decorator.py
[2024-03-18T15:35:59.712+0000] {processor.py:830} INFO - Processing file /home/airflow/.local/lib/python3.8/site-packages/airflow/example_dags/example_python_decorator.py for tasks to queue
[2024-03-18T15:35:59.714+0000] {logging_mixin.py:188} INFO - [2024-03-18T15:35:59.714+0000] {dagbag.py:540} INFO - Filling up the DagBag from /home/airflow/.local/lib/python3.8/site-packages/airflow/example_dags/example_python_decorator.py
[2024-03-18T15:35:59.725+0000] {processor.py:840} INFO - DAG(s) 'example_python_decorator' retrieved from /home/airflow/.local/lib/python3.8/site-packages/airflow/example_dags/example_python_decorator.py
[2024-03-18T15:35:59.744+0000] {logging_mixin.py:188} INFO - [2024-03-18T15:35:59.744+0000] {dag.py:3047} INFO - Sync 1 DAGs
[2024-03-18T15:35:59.754+0000] {logging_mixin.py:188} INFO - [2024-03-18T15:35:59.754+0000] {dag.py:3834} INFO - Setting next_dagrun for example_python_decorator to None, run_after=None
[2024-03-18T15:35:59.769+0000] {processor.py:183} INFO - Processing /home/airflow/.local/lib/python3.8/site-packages/airflow/example_dags/example_python_decorator.py took 0.060 seconds
[2024-03-18T15:36:30.054+0000] {processor.py:161} INFO - Started process (PID=573) to work on /home/airflow/.local/lib/python3.8/site-packages/airflow/example_dags/example_python_decorator.py
[2024-03-18T15:36:30.055+0000] {processor.py:830} INFO - Processing file /home/airflow/.local/lib/python3.8/site-packages/airflow/example_dags/example_python_decorator.py for tasks to queue
[2024-03-18T15:36:30.056+0000] {logging_mixin.py:188} INFO - [2024-03-18T15:36:30.056+0000] {dagbag.py:540} INFO - Filling up the DagBag from /home/airflow/.local/lib/python3.8/site-packages/airflow/example_dags/example_python_decorator.py
[2024-03-18T15:36:30.067+0000] {processor.py:840} INFO - DAG(s) 'example_python_decorator' retrieved from /home/airflow/.local/lib/python3.8/site-packages/airflow/example_dags/example_python_decorator.py
[2024-03-18T15:36:30.086+0000] {logging_mixin.py:188} INFO - [2024-03-18T15:36:30.085+0000] {dag.py:3047} INFO - Sync 1 DAGs
[2024-03-18T15:36:30.096+0000] {logging_mixin.py:188} INFO - [2024-03-18T15:36:30.096+0000] {dag.py:3834} INFO - Setting next_dagrun for example_python_decorator to None, run_after=None
[2024-03-18T15:36:30.113+0000] {processor.py:183} INFO - Processing /home/airflow/.local/lib/python3.8/site-packages/airflow/example_dags/example_python_decorator.py took 0.062 seconds
[2024-03-18T15:37:00.386+0000] {processor.py:161} INFO - Started process (PID=628) to work on /home/airflow/.local/lib/python3.8/site-packages/airflow/example_dags/example_python_decorator.py
[2024-03-18T15:37:00.386+0000] {processor.py:830} INFO - Processing file /home/airflow/.local/lib/python3.8/site-packages/airflow/example_dags/example_python_decorator.py for tasks to queue
[2024-03-18T15:37:00.388+0000] {logging_mixin.py:188} INFO - [2024-03-18T15:37:00.388+0000] {dagbag.py:540} INFO - Filling up the DagBag from /home/airflow/.local/lib/python3.8/site-packages/airflow/example_dags/example_python_decorator.py
[2024-03-18T15:37:00.399+0000] {processor.py:840} INFO - DAG(s) 'example_python_decorator' retrieved from /home/airflow/.local/lib/python3.8/site-packages/airflow/example_dags/example_python_decorator.py
[2024-03-18T15:37:00.415+0000] {logging_mixin.py:188} INFO - [2024-03-18T15:37:00.415+0000] {dag.py:3047} INFO - Sync 1 DAGs
[2024-03-18T15:37:00.426+0000] {logging_mixin.py:188} INFO - [2024-03-18T15:37:00.425+0000] {dag.py:3834} INFO - Setting next_dagrun for example_python_decorator to None, run_after=None
[2024-03-18T15:37:00.442+0000] {processor.py:183} INFO - Processing /home/airflow/.local/lib/python3.8/site-packages/airflow/example_dags/example_python_decorator.py took 0.059 seconds
[2024-03-18T15:37:30.727+0000] {processor.py:161} INFO - Started process (PID=683) to work on /home/airflow/.local/lib/python3.8/site-packages/airflow/example_dags/example_python_decorator.py
[2024-03-18T15:37:30.728+0000] {processor.py:830} INFO - Processing file /home/airflow/.local/lib/python3.8/site-packages/airflow/example_dags/example_python_decorator.py for tasks to queue
[2024-03-18T15:37:30.730+0000] {logging_mixin.py:188} INFO - [2024-03-18T15:37:30.730+0000] {dagbag.py:540} INFO - Filling up the DagBag from /home/airflow/.local/lib/python3.8/site-packages/airflow/example_dags/example_python_decorator.py
[2024-03-18T15:37:30.741+0000] {processor.py:840} INFO - DAG(s) 'example_python_decorator' retrieved from /home/airflow/.local/lib/python3.8/site-packages/airflow/example_dags/example_python_decorator.py
[2024-03-18T15:37:30.759+0000] {logging_mixin.py:188} INFO - [2024-03-18T15:37:30.758+0000] {dag.py:3047} INFO - Sync 1 DAGs
[2024-03-18T15:37:30.770+0000] {logging_mixin.py:188} INFO - [2024-03-18T15:37:30.769+0000] {dag.py:3834} INFO - Setting next_dagrun for example_python_decorator to None, run_after=None
[2024-03-18T15:37:30.785+0000] {processor.py:183} INFO - Processing /home/airflow/.local/lib/python3.8/site-packages/airflow/example_dags/example_python_decorator.py took 0.060 seconds
[2024-03-18T15:38:01.178+0000] {processor.py:161} INFO - Started process (PID=738) to work on /home/airflow/.local/lib/python3.8/site-packages/airflow/example_dags/example_python_decorator.py
[2024-03-18T15:38:01.179+0000] {processor.py:830} INFO - Processing file /home/airflow/.local/lib/python3.8/site-packages/airflow/example_dags/example_python_decorator.py for tasks to queue
[2024-03-18T15:38:01.181+0000] {logging_mixin.py:188} INFO - [2024-03-18T15:38:01.180+0000] {dagbag.py:540} INFO - Filling up the DagBag from /home/airflow/.local/lib/python3.8/site-packages/airflow/example_dags/example_python_decorator.py
[2024-03-18T15:38:01.193+0000] {processor.py:840} INFO - DAG(s) 'example_python_decorator' retrieved from /home/airflow/.local/lib/python3.8/site-packages/airflow/example_dags/example_python_decorator.py
[2024-03-18T15:38:01.212+0000] {logging_mixin.py:188} INFO - [2024-03-18T15:38:01.211+0000] {dag.py:3047} INFO - Sync 1 DAGs
[2024-03-18T15:38:01.224+0000] {logging_mixin.py:188} INFO - [2024-03-18T15:38:01.224+0000] {dag.py:3834} INFO - Setting next_dagrun for example_python_decorator to None, run_after=None
[2024-03-18T15:38:01.241+0000] {processor.py:183} INFO - Processing /home/airflow/.local/lib/python3.8/site-packages/airflow/example_dags/example_python_decorator.py took 0.065 seconds
[2024-03-18T15:38:31.324+0000] {processor.py:161} INFO - Started process (PID=793) to work on /home/airflow/.local/lib/python3.8/site-packages/airflow/example_dags/example_python_decorator.py
[2024-03-18T15:38:31.325+0000] {processor.py:830} INFO - Processing file /home/airflow/.local/lib/python3.8/site-packages/airflow/example_dags/example_python_decorator.py for tasks to queue
[2024-03-18T15:38:31.326+0000] {logging_mixin.py:188} INFO - [2024-03-18T15:38:31.326+0000] {dagbag.py:540} INFO - Filling up the DagBag from /home/airflow/.local/lib/python3.8/site-packages/airflow/example_dags/example_python_decorator.py
[2024-03-18T15:38:31.337+0000] {processor.py:840} INFO - DAG(s) 'example_python_decorator' retrieved from /home/airflow/.local/lib/python3.8/site-packages/airflow/example_dags/example_python_decorator.py
[2024-03-18T15:38:31.353+0000] {logging_mixin.py:188} INFO - [2024-03-18T15:38:31.353+0000] {dag.py:3047} INFO - Sync 1 DAGs
[2024-03-18T15:38:31.363+0000] {logging_mixin.py:188} INFO - [2024-03-18T15:38:31.363+0000] {dag.py:3834} INFO - Setting next_dagrun for example_python_decorator to None, run_after=None
[2024-03-18T15:38:31.378+0000] {processor.py:183} INFO - Processing /home/airflow/.local/lib/python3.8/site-packages/airflow/example_dags/example_python_decorator.py took 0.056 seconds
[2024-03-18T15:39:01.437+0000] {processor.py:161} INFO - Started process (PID=848) to work on /home/airflow/.local/lib/python3.8/site-packages/airflow/example_dags/example_python_decorator.py
[2024-03-18T15:39:01.438+0000] {processor.py:830} INFO - Processing file /home/airflow/.local/lib/python3.8/site-packages/airflow/example_dags/example_python_decorator.py for tasks to queue
[2024-03-18T15:39:01.440+0000] {logging_mixin.py:188} INFO - [2024-03-18T15:39:01.439+0000] {dagbag.py:540} INFO - Filling up the DagBag from /home/airflow/.local/lib/python3.8/site-packages/airflow/example_dags/example_python_decorator.py
[2024-03-18T15:39:01.450+0000] {processor.py:840} INFO - DAG(s) 'example_python_decorator' retrieved from /home/airflow/.local/lib/python3.8/site-packages/airflow/example_dags/example_python_decorator.py
[2024-03-18T15:39:01.466+0000] {logging_mixin.py:188} INFO - [2024-03-18T15:39:01.466+0000] {dag.py:3047} INFO - Sync 1 DAGs
[2024-03-18T15:39:01.477+0000] {logging_mixin.py:188} INFO - [2024-03-18T15:39:01.477+0000] {dag.py:3834} INFO - Setting next_dagrun for example_python_decorator to None, run_after=None
[2024-03-18T15:39:01.492+0000] {processor.py:183} INFO - Processing /home/airflow/.local/lib/python3.8/site-packages/airflow/example_dags/example_python_decorator.py took 0.057 seconds
[2024-03-18T15:39:31.657+0000] {processor.py:161} INFO - Started process (PID=903) to work on /home/airflow/.local/lib/python3.8/site-packages/airflow/example_dags/example_python_decorator.py
[2024-03-18T15:39:31.658+0000] {processor.py:830} INFO - Processing file /home/airflow/.local/lib/python3.8/site-packages/airflow/example_dags/example_python_decorator.py for tasks to queue
[2024-03-18T15:39:31.659+0000] {logging_mixin.py:188} INFO - [2024-03-18T15:39:31.659+0000] {dagbag.py:540} INFO - Filling up the DagBag from /home/airflow/.local/lib/python3.8/site-packages/airflow/example_dags/example_python_decorator.py
[2024-03-18T15:39:31.672+0000] {processor.py:840} INFO - DAG(s) 'example_python_decorator' retrieved from /home/airflow/.local/lib/python3.8/site-packages/airflow/example_dags/example_python_decorator.py
[2024-03-18T15:39:31.691+0000] {logging_mixin.py:188} INFO - [2024-03-18T15:39:31.691+0000] {dag.py:3047} INFO - Sync 1 DAGs
[2024-03-18T15:39:31.703+0000] {logging_mixin.py:188} INFO - [2024-03-18T15:39:31.703+0000] {dag.py:3834} INFO - Setting next_dagrun for example_python_decorator to None, run_after=None
[2024-03-18T15:39:31.719+0000] {processor.py:183} INFO - Processing /home/airflow/.local/lib/python3.8/site-packages/airflow/example_dags/example_python_decorator.py took 0.065 seconds
[2024-03-18T15:40:01.801+0000] {processor.py:161} INFO - Started process (PID=958) to work on /home/airflow/.local/lib/python3.8/site-packages/airflow/example_dags/example_python_decorator.py
[2024-03-18T15:40:01.801+0000] {processor.py:830} INFO - Processing file /home/airflow/.local/lib/python3.8/site-packages/airflow/example_dags/example_python_decorator.py for tasks to queue
[2024-03-18T15:40:01.803+0000] {logging_mixin.py:188} INFO - [2024-03-18T15:40:01.803+0000] {dagbag.py:540} INFO - Filling up the DagBag from /home/airflow/.local/lib/python3.8/site-packages/airflow/example_dags/example_python_decorator.py
[2024-03-18T15:40:01.813+0000] {processor.py:840} INFO - DAG(s) 'example_python_decorator' retrieved from /home/airflow/.local/lib/python3.8/site-packages/airflow/example_dags/example_python_decorator.py
[2024-03-18T15:40:01.830+0000] {logging_mixin.py:188} INFO - [2024-03-18T15:40:01.830+0000] {dag.py:3047} INFO - Sync 1 DAGs
[2024-03-18T15:40:01.841+0000] {logging_mixin.py:188} INFO - [2024-03-18T15:40:01.841+0000] {dag.py:3834} INFO - Setting next_dagrun for example_python_decorator to None, run_after=None
[2024-03-18T15:40:01.856+0000] {processor.py:183} INFO - Processing /home/airflow/.local/lib/python3.8/site-packages/airflow/example_dags/example_python_decorator.py took 0.058 seconds
[2024-03-18T15:40:31.957+0000] {processor.py:161} INFO - Started process (PID=1013) to work on /home/airflow/.local/lib/python3.8/site-packages/airflow/example_dags/example_python_decorator.py
[2024-03-18T15:40:31.957+0000] {processor.py:830} INFO - Processing file /home/airflow/.local/lib/python3.8/site-packages/airflow/example_dags/example_python_decorator.py for tasks to queue
[2024-03-18T15:40:31.959+0000] {logging_mixin.py:188} INFO - [2024-03-18T15:40:31.959+0000] {dagbag.py:540} INFO - Filling up the DagBag from /home/airflow/.local/lib/python3.8/site-packages/airflow/example_dags/example_python_decorator.py
[2024-03-18T15:40:31.970+0000] {processor.py:840} INFO - DAG(s) 'example_python_decorator' retrieved from /home/airflow/.local/lib/python3.8/site-packages/airflow/example_dags/example_python_decorator.py
[2024-03-18T15:40:31.987+0000] {logging_mixin.py:188} INFO - [2024-03-18T15:40:31.987+0000] {dag.py:3047} INFO - Sync 1 DAGs
[2024-03-18T15:40:31.998+0000] {logging_mixin.py:188} INFO - [2024-03-18T15:40:31.998+0000] {dag.py:3834} INFO - Setting next_dagrun for example_python_decorator to None, run_after=None
[2024-03-18T15:40:32.013+0000] {processor.py:183} INFO - Processing /home/airflow/.local/lib/python3.8/site-packages/airflow/example_dags/example_python_decorator.py took 0.059 seconds
[2024-03-18T15:41:02.157+0000] {processor.py:161} INFO - Started process (PID=1068) to work on /home/airflow/.local/lib/python3.8/site-packages/airflow/example_dags/example_python_decorator.py
[2024-03-18T15:41:02.158+0000] {processor.py:830} INFO - Processing file /home/airflow/.local/lib/python3.8/site-packages/airflow/example_dags/example_python_decorator.py for tasks to queue
[2024-03-18T15:41:02.160+0000] {logging_mixin.py:188} INFO - [2024-03-18T15:41:02.159+0000] {dagbag.py:540} INFO - Filling up the DagBag from /home/airflow/.local/lib/python3.8/site-packages/airflow/example_dags/example_python_decorator.py
[2024-03-18T15:41:02.170+0000] {processor.py:840} INFO - DAG(s) 'example_python_decorator' retrieved from /home/airflow/.local/lib/python3.8/site-packages/airflow/example_dags/example_python_decorator.py
[2024-03-18T15:41:02.187+0000] {logging_mixin.py:188} INFO - [2024-03-18T15:41:02.187+0000] {dag.py:3047} INFO - Sync 1 DAGs
[2024-03-18T15:41:02.198+0000] {logging_mixin.py:188} INFO - [2024-03-18T15:41:02.198+0000] {dag.py:3834} INFO - Setting next_dagrun for example_python_decorator to None, run_after=None
[2024-03-18T15:41:02.213+0000] {processor.py:183} INFO - Processing /home/airflow/.local/lib/python3.8/site-packages/airflow/example_dags/example_python_decorator.py took 0.058 seconds
[2024-03-18T15:41:33.120+0000] {processor.py:161} INFO - Started process (PID=1123) to work on /home/airflow/.local/lib/python3.8/site-packages/airflow/example_dags/example_python_decorator.py
[2024-03-18T15:41:33.121+0000] {processor.py:830} INFO - Processing file /home/airflow/.local/lib/python3.8/site-packages/airflow/example_dags/example_python_decorator.py for tasks to queue
[2024-03-18T15:41:33.122+0000] {logging_mixin.py:188} INFO - [2024-03-18T15:41:33.122+0000] {dagbag.py:540} INFO - Filling up the DagBag from /home/airflow/.local/lib/python3.8/site-packages/airflow/example_dags/example_python_decorator.py
[2024-03-18T15:41:33.133+0000] {processor.py:840} INFO - DAG(s) 'example_python_decorator' retrieved from /home/airflow/.local/lib/python3.8/site-packages/airflow/example_dags/example_python_decorator.py
[2024-03-18T15:41:33.150+0000] {logging_mixin.py:188} INFO - [2024-03-18T15:41:33.150+0000] {dag.py:3047} INFO - Sync 1 DAGs
[2024-03-18T15:41:33.161+0000] {logging_mixin.py:188} INFO - [2024-03-18T15:41:33.161+0000] {dag.py:3834} INFO - Setting next_dagrun for example_python_decorator to None, run_after=None
[2024-03-18T15:41:33.176+0000] {processor.py:183} INFO - Processing /home/airflow/.local/lib/python3.8/site-packages/airflow/example_dags/example_python_decorator.py took 0.059 seconds
[2024-03-18T15:42:03.341+0000] {processor.py:161} INFO - Started process (PID=1178) to work on /home/airflow/.local/lib/python3.8/site-packages/airflow/example_dags/example_python_decorator.py
[2024-03-18T15:42:03.342+0000] {processor.py:830} INFO - Processing file /home/airflow/.local/lib/python3.8/site-packages/airflow/example_dags/example_python_decorator.py for tasks to queue
[2024-03-18T15:42:03.343+0000] {logging_mixin.py:188} INFO - [2024-03-18T15:42:03.343+0000] {dagbag.py:540} INFO - Filling up the DagBag from /home/airflow/.local/lib/python3.8/site-packages/airflow/example_dags/example_python_decorator.py
[2024-03-18T15:42:03.354+0000] {processor.py:840} INFO - DAG(s) 'example_python_decorator' retrieved from /home/airflow/.local/lib/python3.8/site-packages/airflow/example_dags/example_python_decorator.py
[2024-03-18T15:42:03.371+0000] {logging_mixin.py:188} INFO - [2024-03-18T15:42:03.371+0000] {dag.py:3047} INFO - Sync 1 DAGs
[2024-03-18T15:42:03.381+0000] {logging_mixin.py:188} INFO - [2024-03-18T15:42:03.381+0000] {dag.py:3834} INFO - Setting next_dagrun for example_python_decorator to None, run_after=None
[2024-03-18T15:42:03.396+0000] {processor.py:183} INFO - Processing /home/airflow/.local/lib/python3.8/site-packages/airflow/example_dags/example_python_decorator.py took 0.058 seconds
[2024-03-18T15:42:33.539+0000] {processor.py:161} INFO - Started process (PID=1233) to work on /home/airflow/.local/lib/python3.8/site-packages/airflow/example_dags/example_python_decorator.py
[2024-03-18T15:42:33.540+0000] {processor.py:830} INFO - Processing file /home/airflow/.local/lib/python3.8/site-packages/airflow/example_dags/example_python_decorator.py for tasks to queue
[2024-03-18T15:42:33.541+0000] {logging_mixin.py:188} INFO - [2024-03-18T15:42:33.541+0000] {dagbag.py:540} INFO - Filling up the DagBag from /home/airflow/.local/lib/python3.8/site-packages/airflow/example_dags/example_python_decorator.py
[2024-03-18T15:42:33.552+0000] {processor.py:840} INFO - DAG(s) 'example_python_decorator' retrieved from /home/airflow/.local/lib/python3.8/site-packages/airflow/example_dags/example_python_decorator.py
[2024-03-18T15:42:33.569+0000] {logging_mixin.py:188} INFO - [2024-03-18T15:42:33.568+0000] {dag.py:3047} INFO - Sync 1 DAGs
[2024-03-18T15:42:33.579+0000] {logging_mixin.py:188} INFO - [2024-03-18T15:42:33.579+0000] {dag.py:3834} INFO - Setting next_dagrun for example_python_decorator to None, run_after=None
[2024-03-18T15:42:33.593+0000] {processor.py:183} INFO - Processing /home/airflow/.local/lib/python3.8/site-packages/airflow/example_dags/example_python_decorator.py took 0.056 seconds
[2024-03-18T15:43:03.783+0000] {processor.py:161} INFO - Started process (PID=1288) to work on /home/airflow/.local/lib/python3.8/site-packages/airflow/example_dags/example_python_decorator.py
[2024-03-18T15:43:03.784+0000] {processor.py:830} INFO - Processing file /home/airflow/.local/lib/python3.8/site-packages/airflow/example_dags/example_python_decorator.py for tasks to queue
[2024-03-18T15:43:03.786+0000] {logging_mixin.py:188} INFO - [2024-03-18T15:43:03.785+0000] {dagbag.py:540} INFO - Filling up the DagBag from /home/airflow/.local/lib/python3.8/site-packages/airflow/example_dags/example_python_decorator.py
[2024-03-18T15:43:03.797+0000] {processor.py:840} INFO - DAG(s) 'example_python_decorator' retrieved from /home/airflow/.local/lib/python3.8/site-packages/airflow/example_dags/example_python_decorator.py
[2024-03-18T15:43:03.815+0000] {logging_mixin.py:188} INFO - [2024-03-18T15:43:03.815+0000] {dag.py:3047} INFO - Sync 1 DAGs
[2024-03-18T15:43:03.825+0000] {logging_mixin.py:188} INFO - [2024-03-18T15:43:03.825+0000] {dag.py:3834} INFO - Setting next_dagrun for example_python_decorator to None, run_after=None
[2024-03-18T15:43:03.840+0000] {processor.py:183} INFO - Processing /home/airflow/.local/lib/python3.8/site-packages/airflow/example_dags/example_python_decorator.py took 0.060 seconds
