[2024-03-18T15:31:55.685+0000] {processor.py:161} INFO - Started process (PID=60) to work on /home/airflow/.local/lib/python3.8/site-packages/airflow/example_dags/tutorial.py
[2024-03-18T15:31:55.686+0000] {processor.py:830} INFO - Processing file /home/airflow/.local/lib/python3.8/site-packages/airflow/example_dags/tutorial.py for tasks to queue
[2024-03-18T15:31:55.688+0000] {logging_mixin.py:188} INFO - [2024-03-18T15:31:55.688+0000] {dagbag.py:540} INFO - Filling up the DagBag from /home/airflow/.local/lib/python3.8/site-packages/airflow/example_dags/tutorial.py
[2024-03-18T15:31:55.694+0000] {processor.py:840} INFO - DAG(s) 'tutorial' retrieved from /home/airflow/.local/lib/python3.8/site-packages/airflow/example_dags/tutorial.py
[2024-03-18T15:31:55.704+0000] {logging_mixin.py:188} INFO - [2024-03-18T15:31:55.704+0000] {dag.py:3047} INFO - Sync 1 DAGs
[2024-03-18T15:31:55.726+0000] {logging_mixin.py:188} INFO - [2024-03-18T15:31:55.726+0000] {dag.py:3834} INFO - Setting next_dagrun for tutorial to 2024-03-17 00:00:00+00:00, run_after=2024-03-18 00:00:00+00:00
[2024-03-18T15:31:55.742+0000] {processor.py:183} INFO - Processing /home/airflow/.local/lib/python3.8/site-packages/airflow/example_dags/tutorial.py took 0.060 seconds
[2024-03-18T15:32:26.446+0000] {processor.py:161} INFO - Started process (PID=115) to work on /home/airflow/.local/lib/python3.8/site-packages/airflow/example_dags/tutorial.py
[2024-03-18T15:32:26.447+0000] {processor.py:830} INFO - Processing file /home/airflow/.local/lib/python3.8/site-packages/airflow/example_dags/tutorial.py for tasks to queue
[2024-03-18T15:32:26.448+0000] {logging_mixin.py:188} INFO - [2024-03-18T15:32:26.448+0000] {dagbag.py:540} INFO - Filling up the DagBag from /home/airflow/.local/lib/python3.8/site-packages/airflow/example_dags/tutorial.py
[2024-03-18T15:32:26.453+0000] {processor.py:840} INFO - DAG(s) 'tutorial' retrieved from /home/airflow/.local/lib/python3.8/site-packages/airflow/example_dags/tutorial.py
[2024-03-18T15:32:26.536+0000] {logging_mixin.py:188} INFO - [2024-03-18T15:32:26.535+0000] {dag.py:3047} INFO - Sync 1 DAGs
[2024-03-18T15:32:26.553+0000] {logging_mixin.py:188} INFO - [2024-03-18T15:32:26.553+0000] {dag.py:3834} INFO - Setting next_dagrun for tutorial to 2024-03-17 00:00:00+00:00, run_after=2024-03-18 00:00:00+00:00
[2024-03-18T15:32:26.569+0000] {processor.py:183} INFO - Processing /home/airflow/.local/lib/python3.8/site-packages/airflow/example_dags/tutorial.py took 0.126 seconds
[2024-03-18T15:32:56.599+0000] {processor.py:161} INFO - Started process (PID=170) to work on /home/airflow/.local/lib/python3.8/site-packages/airflow/example_dags/tutorial.py
[2024-03-18T15:32:56.599+0000] {processor.py:830} INFO - Processing file /home/airflow/.local/lib/python3.8/site-packages/airflow/example_dags/tutorial.py for tasks to queue
[2024-03-18T15:32:56.601+0000] {logging_mixin.py:188} INFO - [2024-03-18T15:32:56.601+0000] {dagbag.py:540} INFO - Filling up the DagBag from /home/airflow/.local/lib/python3.8/site-packages/airflow/example_dags/tutorial.py
[2024-03-18T15:32:56.605+0000] {processor.py:840} INFO - DAG(s) 'tutorial' retrieved from /home/airflow/.local/lib/python3.8/site-packages/airflow/example_dags/tutorial.py
[2024-03-18T15:32:56.620+0000] {logging_mixin.py:188} INFO - [2024-03-18T15:32:56.620+0000] {dag.py:3047} INFO - Sync 1 DAGs
[2024-03-18T15:32:56.639+0000] {logging_mixin.py:188} INFO - [2024-03-18T15:32:56.639+0000] {dag.py:3834} INFO - Setting next_dagrun for tutorial to 2024-03-17 00:00:00+00:00, run_after=2024-03-18 00:00:00+00:00
[2024-03-18T15:32:56.655+0000] {processor.py:183} INFO - Processing /home/airflow/.local/lib/python3.8/site-packages/airflow/example_dags/tutorial.py took 0.059 seconds
[2024-03-18T15:33:26.705+0000] {processor.py:161} INFO - Started process (PID=225) to work on /home/airflow/.local/lib/python3.8/site-packages/airflow/example_dags/tutorial.py
[2024-03-18T15:33:26.706+0000] {processor.py:830} INFO - Processing file /home/airflow/.local/lib/python3.8/site-packages/airflow/example_dags/tutorial.py for tasks to queue
[2024-03-18T15:33:26.707+0000] {logging_mixin.py:188} INFO - [2024-03-18T15:33:26.707+0000] {dagbag.py:540} INFO - Filling up the DagBag from /home/airflow/.local/lib/python3.8/site-packages/airflow/example_dags/tutorial.py
[2024-03-18T15:33:26.711+0000] {processor.py:840} INFO - DAG(s) 'tutorial' retrieved from /home/airflow/.local/lib/python3.8/site-packages/airflow/example_dags/tutorial.py
[2024-03-18T15:33:26.727+0000] {logging_mixin.py:188} INFO - [2024-03-18T15:33:26.727+0000] {dag.py:3047} INFO - Sync 1 DAGs
[2024-03-18T15:33:26.748+0000] {logging_mixin.py:188} INFO - [2024-03-18T15:33:26.747+0000] {dag.py:3834} INFO - Setting next_dagrun for tutorial to 2024-03-17 00:00:00+00:00, run_after=2024-03-18 00:00:00+00:00
[2024-03-18T15:33:26.765+0000] {processor.py:183} INFO - Processing /home/airflow/.local/lib/python3.8/site-packages/airflow/example_dags/tutorial.py took 0.063 seconds
[2024-03-18T15:33:56.995+0000] {processor.py:161} INFO - Started process (PID=280) to work on /home/airflow/.local/lib/python3.8/site-packages/airflow/example_dags/tutorial.py
[2024-03-18T15:33:56.996+0000] {processor.py:830} INFO - Processing file /home/airflow/.local/lib/python3.8/site-packages/airflow/example_dags/tutorial.py for tasks to queue
[2024-03-18T15:33:56.997+0000] {logging_mixin.py:188} INFO - [2024-03-18T15:33:56.997+0000] {dagbag.py:540} INFO - Filling up the DagBag from /home/airflow/.local/lib/python3.8/site-packages/airflow/example_dags/tutorial.py
[2024-03-18T15:33:57.001+0000] {processor.py:840} INFO - DAG(s) 'tutorial' retrieved from /home/airflow/.local/lib/python3.8/site-packages/airflow/example_dags/tutorial.py
[2024-03-18T15:33:57.016+0000] {logging_mixin.py:188} INFO - [2024-03-18T15:33:57.016+0000] {dag.py:3047} INFO - Sync 1 DAGs
[2024-03-18T15:33:57.033+0000] {logging_mixin.py:188} INFO - [2024-03-18T15:33:57.033+0000] {dag.py:3834} INFO - Setting next_dagrun for tutorial to 2024-03-17 00:00:00+00:00, run_after=2024-03-18 00:00:00+00:00
[2024-03-18T15:33:57.048+0000] {processor.py:183} INFO - Processing /home/airflow/.local/lib/python3.8/site-packages/airflow/example_dags/tutorial.py took 0.056 seconds
[2024-03-18T15:34:27.241+0000] {processor.py:161} INFO - Started process (PID=335) to work on /home/airflow/.local/lib/python3.8/site-packages/airflow/example_dags/tutorial.py
[2024-03-18T15:34:27.242+0000] {processor.py:830} INFO - Processing file /home/airflow/.local/lib/python3.8/site-packages/airflow/example_dags/tutorial.py for tasks to queue
[2024-03-18T15:34:27.243+0000] {logging_mixin.py:188} INFO - [2024-03-18T15:34:27.243+0000] {dagbag.py:540} INFO - Filling up the DagBag from /home/airflow/.local/lib/python3.8/site-packages/airflow/example_dags/tutorial.py
[2024-03-18T15:34:27.248+0000] {processor.py:840} INFO - DAG(s) 'tutorial' retrieved from /home/airflow/.local/lib/python3.8/site-packages/airflow/example_dags/tutorial.py
[2024-03-18T15:34:27.262+0000] {logging_mixin.py:188} INFO - [2024-03-18T15:34:27.262+0000] {dag.py:3047} INFO - Sync 1 DAGs
[2024-03-18T15:34:27.278+0000] {logging_mixin.py:188} INFO - [2024-03-18T15:34:27.278+0000] {dag.py:3834} INFO - Setting next_dagrun for tutorial to 2024-03-17 00:00:00+00:00, run_after=2024-03-18 00:00:00+00:00
[2024-03-18T15:34:27.292+0000] {processor.py:183} INFO - Processing /home/airflow/.local/lib/python3.8/site-packages/airflow/example_dags/tutorial.py took 0.054 seconds
[2024-03-18T15:34:57.512+0000] {processor.py:161} INFO - Started process (PID=390) to work on /home/airflow/.local/lib/python3.8/site-packages/airflow/example_dags/tutorial.py
[2024-03-18T15:34:57.513+0000] {processor.py:830} INFO - Processing file /home/airflow/.local/lib/python3.8/site-packages/airflow/example_dags/tutorial.py for tasks to queue
[2024-03-18T15:34:57.515+0000] {logging_mixin.py:188} INFO - [2024-03-18T15:34:57.514+0000] {dagbag.py:540} INFO - Filling up the DagBag from /home/airflow/.local/lib/python3.8/site-packages/airflow/example_dags/tutorial.py
[2024-03-18T15:34:57.519+0000] {processor.py:840} INFO - DAG(s) 'tutorial' retrieved from /home/airflow/.local/lib/python3.8/site-packages/airflow/example_dags/tutorial.py
[2024-03-18T15:34:57.534+0000] {logging_mixin.py:188} INFO - [2024-03-18T15:34:57.534+0000] {dag.py:3047} INFO - Sync 1 DAGs
[2024-03-18T15:34:57.552+0000] {logging_mixin.py:188} INFO - [2024-03-18T15:34:57.552+0000] {dag.py:3834} INFO - Setting next_dagrun for tutorial to 2024-03-17 00:00:00+00:00, run_after=2024-03-18 00:00:00+00:00
[2024-03-18T15:34:57.567+0000] {processor.py:183} INFO - Processing /home/airflow/.local/lib/python3.8/site-packages/airflow/example_dags/tutorial.py took 0.057 seconds
[2024-03-18T15:35:27.674+0000] {processor.py:161} INFO - Started process (PID=445) to work on /home/airflow/.local/lib/python3.8/site-packages/airflow/example_dags/tutorial.py
[2024-03-18T15:35:27.675+0000] {processor.py:830} INFO - Processing file /home/airflow/.local/lib/python3.8/site-packages/airflow/example_dags/tutorial.py for tasks to queue
[2024-03-18T15:35:27.676+0000] {logging_mixin.py:188} INFO - [2024-03-18T15:35:27.676+0000] {dagbag.py:540} INFO - Filling up the DagBag from /home/airflow/.local/lib/python3.8/site-packages/airflow/example_dags/tutorial.py
[2024-03-18T15:35:27.680+0000] {processor.py:840} INFO - DAG(s) 'tutorial' retrieved from /home/airflow/.local/lib/python3.8/site-packages/airflow/example_dags/tutorial.py
[2024-03-18T15:35:27.695+0000] {logging_mixin.py:188} INFO - [2024-03-18T15:35:27.695+0000] {dag.py:3047} INFO - Sync 1 DAGs
[2024-03-18T15:35:27.713+0000] {logging_mixin.py:188} INFO - [2024-03-18T15:35:27.713+0000] {dag.py:3834} INFO - Setting next_dagrun for tutorial to 2024-03-17 00:00:00+00:00, run_after=2024-03-18 00:00:00+00:00
[2024-03-18T15:35:27.727+0000] {processor.py:183} INFO - Processing /home/airflow/.local/lib/python3.8/site-packages/airflow/example_dags/tutorial.py took 0.056 seconds
[2024-03-18T15:35:57.978+0000] {processor.py:161} INFO - Started process (PID=500) to work on /home/airflow/.local/lib/python3.8/site-packages/airflow/example_dags/tutorial.py
[2024-03-18T15:35:57.979+0000] {processor.py:830} INFO - Processing file /home/airflow/.local/lib/python3.8/site-packages/airflow/example_dags/tutorial.py for tasks to queue
[2024-03-18T15:35:57.980+0000] {logging_mixin.py:188} INFO - [2024-03-18T15:35:57.980+0000] {dagbag.py:540} INFO - Filling up the DagBag from /home/airflow/.local/lib/python3.8/site-packages/airflow/example_dags/tutorial.py
[2024-03-18T15:35:57.986+0000] {processor.py:840} INFO - DAG(s) 'tutorial' retrieved from /home/airflow/.local/lib/python3.8/site-packages/airflow/example_dags/tutorial.py
[2024-03-18T15:35:58.006+0000] {logging_mixin.py:188} INFO - [2024-03-18T15:35:58.006+0000] {dag.py:3047} INFO - Sync 1 DAGs
[2024-03-18T15:35:58.027+0000] {logging_mixin.py:188} INFO - [2024-03-18T15:35:58.026+0000] {dag.py:3834} INFO - Setting next_dagrun for tutorial to 2024-03-17 00:00:00+00:00, run_after=2024-03-18 00:00:00+00:00
[2024-03-18T15:35:58.044+0000] {processor.py:183} INFO - Processing /home/airflow/.local/lib/python3.8/site-packages/airflow/example_dags/tutorial.py took 0.068 seconds
[2024-03-18T15:36:28.263+0000] {processor.py:161} INFO - Started process (PID=555) to work on /home/airflow/.local/lib/python3.8/site-packages/airflow/example_dags/tutorial.py
[2024-03-18T15:36:28.264+0000] {processor.py:830} INFO - Processing file /home/airflow/.local/lib/python3.8/site-packages/airflow/example_dags/tutorial.py for tasks to queue
[2024-03-18T15:36:28.265+0000] {logging_mixin.py:188} INFO - [2024-03-18T15:36:28.265+0000] {dagbag.py:540} INFO - Filling up the DagBag from /home/airflow/.local/lib/python3.8/site-packages/airflow/example_dags/tutorial.py
[2024-03-18T15:36:28.270+0000] {processor.py:840} INFO - DAG(s) 'tutorial' retrieved from /home/airflow/.local/lib/python3.8/site-packages/airflow/example_dags/tutorial.py
[2024-03-18T15:36:28.285+0000] {logging_mixin.py:188} INFO - [2024-03-18T15:36:28.285+0000] {dag.py:3047} INFO - Sync 1 DAGs
[2024-03-18T15:36:28.303+0000] {logging_mixin.py:188} INFO - [2024-03-18T15:36:28.303+0000] {dag.py:3834} INFO - Setting next_dagrun for tutorial to 2024-03-17 00:00:00+00:00, run_after=2024-03-18 00:00:00+00:00
[2024-03-18T15:36:28.319+0000] {processor.py:183} INFO - Processing /home/airflow/.local/lib/python3.8/site-packages/airflow/example_dags/tutorial.py took 0.058 seconds
[2024-03-18T15:36:58.615+0000] {processor.py:161} INFO - Started process (PID=610) to work on /home/airflow/.local/lib/python3.8/site-packages/airflow/example_dags/tutorial.py
[2024-03-18T15:36:58.616+0000] {processor.py:830} INFO - Processing file /home/airflow/.local/lib/python3.8/site-packages/airflow/example_dags/tutorial.py for tasks to queue
[2024-03-18T15:36:58.617+0000] {logging_mixin.py:188} INFO - [2024-03-18T15:36:58.617+0000] {dagbag.py:540} INFO - Filling up the DagBag from /home/airflow/.local/lib/python3.8/site-packages/airflow/example_dags/tutorial.py
[2024-03-18T15:36:58.622+0000] {processor.py:840} INFO - DAG(s) 'tutorial' retrieved from /home/airflow/.local/lib/python3.8/site-packages/airflow/example_dags/tutorial.py
[2024-03-18T15:36:58.637+0000] {logging_mixin.py:188} INFO - [2024-03-18T15:36:58.637+0000] {dag.py:3047} INFO - Sync 1 DAGs
[2024-03-18T15:36:58.655+0000] {logging_mixin.py:188} INFO - [2024-03-18T15:36:58.655+0000] {dag.py:3834} INFO - Setting next_dagrun for tutorial to 2024-03-17 00:00:00+00:00, run_after=2024-03-18 00:00:00+00:00
[2024-03-18T15:36:58.670+0000] {processor.py:183} INFO - Processing /home/airflow/.local/lib/python3.8/site-packages/airflow/example_dags/tutorial.py took 0.057 seconds
[2024-03-18T15:37:28.993+0000] {processor.py:161} INFO - Started process (PID=665) to work on /home/airflow/.local/lib/python3.8/site-packages/airflow/example_dags/tutorial.py
[2024-03-18T15:37:28.994+0000] {processor.py:830} INFO - Processing file /home/airflow/.local/lib/python3.8/site-packages/airflow/example_dags/tutorial.py for tasks to queue
[2024-03-18T15:37:28.995+0000] {logging_mixin.py:188} INFO - [2024-03-18T15:37:28.995+0000] {dagbag.py:540} INFO - Filling up the DagBag from /home/airflow/.local/lib/python3.8/site-packages/airflow/example_dags/tutorial.py
[2024-03-18T15:37:28.999+0000] {processor.py:840} INFO - DAG(s) 'tutorial' retrieved from /home/airflow/.local/lib/python3.8/site-packages/airflow/example_dags/tutorial.py
[2024-03-18T15:37:29.015+0000] {logging_mixin.py:188} INFO - [2024-03-18T15:37:29.015+0000] {dag.py:3047} INFO - Sync 1 DAGs
[2024-03-18T15:37:29.034+0000] {logging_mixin.py:188} INFO - [2024-03-18T15:37:29.034+0000] {dag.py:3834} INFO - Setting next_dagrun for tutorial to 2024-03-17 00:00:00+00:00, run_after=2024-03-18 00:00:00+00:00
[2024-03-18T15:37:29.048+0000] {processor.py:183} INFO - Processing /home/airflow/.local/lib/python3.8/site-packages/airflow/example_dags/tutorial.py took 0.058 seconds
[2024-03-18T15:37:59.383+0000] {processor.py:161} INFO - Started process (PID=720) to work on /home/airflow/.local/lib/python3.8/site-packages/airflow/example_dags/tutorial.py
[2024-03-18T15:37:59.384+0000] {processor.py:830} INFO - Processing file /home/airflow/.local/lib/python3.8/site-packages/airflow/example_dags/tutorial.py for tasks to queue
[2024-03-18T15:37:59.385+0000] {logging_mixin.py:188} INFO - [2024-03-18T15:37:59.385+0000] {dagbag.py:540} INFO - Filling up the DagBag from /home/airflow/.local/lib/python3.8/site-packages/airflow/example_dags/tutorial.py
[2024-03-18T15:37:59.392+0000] {processor.py:840} INFO - DAG(s) 'tutorial' retrieved from /home/airflow/.local/lib/python3.8/site-packages/airflow/example_dags/tutorial.py
[2024-03-18T15:37:59.409+0000] {logging_mixin.py:188} INFO - [2024-03-18T15:37:59.408+0000] {dag.py:3047} INFO - Sync 1 DAGs
[2024-03-18T15:37:59.429+0000] {logging_mixin.py:188} INFO - [2024-03-18T15:37:59.428+0000] {dag.py:3834} INFO - Setting next_dagrun for tutorial to 2024-03-17 00:00:00+00:00, run_after=2024-03-18 00:00:00+00:00
[2024-03-18T15:37:59.447+0000] {processor.py:183} INFO - Processing /home/airflow/.local/lib/python3.8/site-packages/airflow/example_dags/tutorial.py took 0.067 seconds
[2024-03-18T15:38:29.534+0000] {processor.py:161} INFO - Started process (PID=775) to work on /home/airflow/.local/lib/python3.8/site-packages/airflow/example_dags/tutorial.py
[2024-03-18T15:38:29.535+0000] {processor.py:830} INFO - Processing file /home/airflow/.local/lib/python3.8/site-packages/airflow/example_dags/tutorial.py for tasks to queue
[2024-03-18T15:38:29.536+0000] {logging_mixin.py:188} INFO - [2024-03-18T15:38:29.536+0000] {dagbag.py:540} INFO - Filling up the DagBag from /home/airflow/.local/lib/python3.8/site-packages/airflow/example_dags/tutorial.py
[2024-03-18T15:38:29.541+0000] {processor.py:840} INFO - DAG(s) 'tutorial' retrieved from /home/airflow/.local/lib/python3.8/site-packages/airflow/example_dags/tutorial.py
[2024-03-18T15:38:29.556+0000] {logging_mixin.py:188} INFO - [2024-03-18T15:38:29.556+0000] {dag.py:3047} INFO - Sync 1 DAGs
[2024-03-18T15:38:29.574+0000] {logging_mixin.py:188} INFO - [2024-03-18T15:38:29.574+0000] {dag.py:3834} INFO - Setting next_dagrun for tutorial to 2024-03-17 00:00:00+00:00, run_after=2024-03-18 00:00:00+00:00
[2024-03-18T15:38:29.590+0000] {processor.py:183} INFO - Processing /home/airflow/.local/lib/python3.8/site-packages/airflow/example_dags/tutorial.py took 0.058 seconds
[2024-03-18T15:38:59.617+0000] {processor.py:161} INFO - Started process (PID=830) to work on /home/airflow/.local/lib/python3.8/site-packages/airflow/example_dags/tutorial.py
[2024-03-18T15:38:59.618+0000] {processor.py:830} INFO - Processing file /home/airflow/.local/lib/python3.8/site-packages/airflow/example_dags/tutorial.py for tasks to queue
[2024-03-18T15:38:59.619+0000] {logging_mixin.py:188} INFO - [2024-03-18T15:38:59.619+0000] {dagbag.py:540} INFO - Filling up the DagBag from /home/airflow/.local/lib/python3.8/site-packages/airflow/example_dags/tutorial.py
[2024-03-18T15:38:59.623+0000] {processor.py:840} INFO - DAG(s) 'tutorial' retrieved from /home/airflow/.local/lib/python3.8/site-packages/airflow/example_dags/tutorial.py
[2024-03-18T15:38:59.638+0000] {logging_mixin.py:188} INFO - [2024-03-18T15:38:59.638+0000] {dag.py:3047} INFO - Sync 1 DAGs
[2024-03-18T15:38:59.657+0000] {logging_mixin.py:188} INFO - [2024-03-18T15:38:59.656+0000] {dag.py:3834} INFO - Setting next_dagrun for tutorial to 2024-03-17 00:00:00+00:00, run_after=2024-03-18 00:00:00+00:00
[2024-03-18T15:38:59.672+0000] {processor.py:183} INFO - Processing /home/airflow/.local/lib/python3.8/site-packages/airflow/example_dags/tutorial.py took 0.057 seconds
[2024-03-18T15:39:29.813+0000] {processor.py:161} INFO - Started process (PID=884) to work on /home/airflow/.local/lib/python3.8/site-packages/airflow/example_dags/tutorial.py
[2024-03-18T15:39:29.814+0000] {processor.py:830} INFO - Processing file /home/airflow/.local/lib/python3.8/site-packages/airflow/example_dags/tutorial.py for tasks to queue
[2024-03-18T15:39:29.816+0000] {logging_mixin.py:188} INFO - [2024-03-18T15:39:29.816+0000] {dagbag.py:540} INFO - Filling up the DagBag from /home/airflow/.local/lib/python3.8/site-packages/airflow/example_dags/tutorial.py
[2024-03-18T15:39:29.820+0000] {processor.py:840} INFO - DAG(s) 'tutorial' retrieved from /home/airflow/.local/lib/python3.8/site-packages/airflow/example_dags/tutorial.py
[2024-03-18T15:39:29.837+0000] {logging_mixin.py:188} INFO - [2024-03-18T15:39:29.837+0000] {dag.py:3047} INFO - Sync 1 DAGs
[2024-03-18T15:39:29.856+0000] {logging_mixin.py:188} INFO - [2024-03-18T15:39:29.856+0000] {dag.py:3834} INFO - Setting next_dagrun for tutorial to 2024-03-17 00:00:00+00:00, run_after=2024-03-18 00:00:00+00:00
[2024-03-18T15:39:29.874+0000] {processor.py:183} INFO - Processing /home/airflow/.local/lib/python3.8/site-packages/airflow/example_dags/tutorial.py took 0.063 seconds
[2024-03-18T15:39:59.957+0000] {processor.py:161} INFO - Started process (PID=939) to work on /home/airflow/.local/lib/python3.8/site-packages/airflow/example_dags/tutorial.py
[2024-03-18T15:39:59.958+0000] {processor.py:830} INFO - Processing file /home/airflow/.local/lib/python3.8/site-packages/airflow/example_dags/tutorial.py for tasks to queue
[2024-03-18T15:39:59.959+0000] {logging_mixin.py:188} INFO - [2024-03-18T15:39:59.959+0000] {dagbag.py:540} INFO - Filling up the DagBag from /home/airflow/.local/lib/python3.8/site-packages/airflow/example_dags/tutorial.py
[2024-03-18T15:39:59.963+0000] {processor.py:840} INFO - DAG(s) 'tutorial' retrieved from /home/airflow/.local/lib/python3.8/site-packages/airflow/example_dags/tutorial.py
[2024-03-18T15:39:59.979+0000] {logging_mixin.py:188} INFO - [2024-03-18T15:39:59.979+0000] {dag.py:3047} INFO - Sync 1 DAGs
[2024-03-18T15:39:59.997+0000] {logging_mixin.py:188} INFO - [2024-03-18T15:39:59.997+0000] {dag.py:3834} INFO - Setting next_dagrun for tutorial to 2024-03-17 00:00:00+00:00, run_after=2024-03-18 00:00:00+00:00
[2024-03-18T15:40:00.015+0000] {processor.py:183} INFO - Processing /home/airflow/.local/lib/python3.8/site-packages/airflow/example_dags/tutorial.py took 0.060 seconds
[2024-03-18T15:40:30.080+0000] {processor.py:161} INFO - Started process (PID=994) to work on /home/airflow/.local/lib/python3.8/site-packages/airflow/example_dags/tutorial.py
[2024-03-18T15:40:30.081+0000] {processor.py:830} INFO - Processing file /home/airflow/.local/lib/python3.8/site-packages/airflow/example_dags/tutorial.py for tasks to queue
[2024-03-18T15:40:30.082+0000] {logging_mixin.py:188} INFO - [2024-03-18T15:40:30.082+0000] {dagbag.py:540} INFO - Filling up the DagBag from /home/airflow/.local/lib/python3.8/site-packages/airflow/example_dags/tutorial.py
[2024-03-18T15:40:30.087+0000] {processor.py:840} INFO - DAG(s) 'tutorial' retrieved from /home/airflow/.local/lib/python3.8/site-packages/airflow/example_dags/tutorial.py
[2024-03-18T15:40:30.103+0000] {logging_mixin.py:188} INFO - [2024-03-18T15:40:30.103+0000] {dag.py:3047} INFO - Sync 1 DAGs
[2024-03-18T15:40:30.122+0000] {logging_mixin.py:188} INFO - [2024-03-18T15:40:30.121+0000] {dag.py:3834} INFO - Setting next_dagrun for tutorial to 2024-03-17 00:00:00+00:00, run_after=2024-03-18 00:00:00+00:00
[2024-03-18T15:40:30.137+0000] {processor.py:183} INFO - Processing /home/airflow/.local/lib/python3.8/site-packages/airflow/example_dags/tutorial.py took 0.060 seconds
[2024-03-18T15:41:00.238+0000] {processor.py:161} INFO - Started process (PID=1049) to work on /home/airflow/.local/lib/python3.8/site-packages/airflow/example_dags/tutorial.py
[2024-03-18T15:41:00.239+0000] {processor.py:830} INFO - Processing file /home/airflow/.local/lib/python3.8/site-packages/airflow/example_dags/tutorial.py for tasks to queue
[2024-03-18T15:41:00.241+0000] {logging_mixin.py:188} INFO - [2024-03-18T15:41:00.240+0000] {dagbag.py:540} INFO - Filling up the DagBag from /home/airflow/.local/lib/python3.8/site-packages/airflow/example_dags/tutorial.py
[2024-03-18T15:41:00.245+0000] {processor.py:840} INFO - DAG(s) 'tutorial' retrieved from /home/airflow/.local/lib/python3.8/site-packages/airflow/example_dags/tutorial.py
[2024-03-18T15:41:00.260+0000] {logging_mixin.py:188} INFO - [2024-03-18T15:41:00.260+0000] {dag.py:3047} INFO - Sync 1 DAGs
[2024-03-18T15:41:00.278+0000] {logging_mixin.py:188} INFO - [2024-03-18T15:41:00.278+0000] {dag.py:3834} INFO - Setting next_dagrun for tutorial to 2024-03-17 00:00:00+00:00, run_after=2024-03-18 00:00:00+00:00
[2024-03-18T15:41:00.293+0000] {processor.py:183} INFO - Processing /home/airflow/.local/lib/python3.8/site-packages/airflow/example_dags/tutorial.py took 0.057 seconds
[2024-03-18T15:41:30.324+0000] {processor.py:161} INFO - Started process (PID=1104) to work on /home/airflow/.local/lib/python3.8/site-packages/airflow/example_dags/tutorial.py
[2024-03-18T15:41:30.325+0000] {processor.py:830} INFO - Processing file /home/airflow/.local/lib/python3.8/site-packages/airflow/example_dags/tutorial.py for tasks to queue
[2024-03-18T15:41:30.326+0000] {logging_mixin.py:188} INFO - [2024-03-18T15:41:30.326+0000] {dagbag.py:540} INFO - Filling up the DagBag from /home/airflow/.local/lib/python3.8/site-packages/airflow/example_dags/tutorial.py
[2024-03-18T15:41:30.331+0000] {processor.py:840} INFO - DAG(s) 'tutorial' retrieved from /home/airflow/.local/lib/python3.8/site-packages/airflow/example_dags/tutorial.py
[2024-03-18T15:41:30.346+0000] {logging_mixin.py:188} INFO - [2024-03-18T15:41:30.346+0000] {dag.py:3047} INFO - Sync 1 DAGs
[2024-03-18T15:41:30.363+0000] {logging_mixin.py:188} INFO - [2024-03-18T15:41:30.363+0000] {dag.py:3834} INFO - Setting next_dagrun for tutorial to 2024-03-17 00:00:00+00:00, run_after=2024-03-18 00:00:00+00:00
[2024-03-18T15:41:30.378+0000] {processor.py:183} INFO - Processing /home/airflow/.local/lib/python3.8/site-packages/airflow/example_dags/tutorial.py took 0.056 seconds
[2024-03-18T15:42:00.573+0000] {processor.py:161} INFO - Started process (PID=1159) to work on /home/airflow/.local/lib/python3.8/site-packages/airflow/example_dags/tutorial.py
[2024-03-18T15:42:00.573+0000] {processor.py:830} INFO - Processing file /home/airflow/.local/lib/python3.8/site-packages/airflow/example_dags/tutorial.py for tasks to queue
[2024-03-18T15:42:00.575+0000] {logging_mixin.py:188} INFO - [2024-03-18T15:42:00.575+0000] {dagbag.py:540} INFO - Filling up the DagBag from /home/airflow/.local/lib/python3.8/site-packages/airflow/example_dags/tutorial.py
[2024-03-18T15:42:00.579+0000] {processor.py:840} INFO - DAG(s) 'tutorial' retrieved from /home/airflow/.local/lib/python3.8/site-packages/airflow/example_dags/tutorial.py
[2024-03-18T15:42:00.595+0000] {logging_mixin.py:188} INFO - [2024-03-18T15:42:00.594+0000] {dag.py:3047} INFO - Sync 1 DAGs
[2024-03-18T15:42:00.613+0000] {logging_mixin.py:188} INFO - [2024-03-18T15:42:00.612+0000] {dag.py:3834} INFO - Setting next_dagrun for tutorial to 2024-03-17 00:00:00+00:00, run_after=2024-03-18 00:00:00+00:00
[2024-03-18T15:42:00.627+0000] {processor.py:183} INFO - Processing /home/airflow/.local/lib/python3.8/site-packages/airflow/example_dags/tutorial.py took 0.057 seconds
[2024-03-18T15:42:30.766+0000] {processor.py:161} INFO - Started process (PID=1214) to work on /home/airflow/.local/lib/python3.8/site-packages/airflow/example_dags/tutorial.py
[2024-03-18T15:42:30.767+0000] {processor.py:830} INFO - Processing file /home/airflow/.local/lib/python3.8/site-packages/airflow/example_dags/tutorial.py for tasks to queue
[2024-03-18T15:42:30.768+0000] {logging_mixin.py:188} INFO - [2024-03-18T15:42:30.768+0000] {dagbag.py:540} INFO - Filling up the DagBag from /home/airflow/.local/lib/python3.8/site-packages/airflow/example_dags/tutorial.py
[2024-03-18T15:42:30.773+0000] {processor.py:840} INFO - DAG(s) 'tutorial' retrieved from /home/airflow/.local/lib/python3.8/site-packages/airflow/example_dags/tutorial.py
[2024-03-18T15:42:30.788+0000] {logging_mixin.py:188} INFO - [2024-03-18T15:42:30.787+0000] {dag.py:3047} INFO - Sync 1 DAGs
[2024-03-18T15:42:30.807+0000] {logging_mixin.py:188} INFO - [2024-03-18T15:42:30.806+0000] {dag.py:3834} INFO - Setting next_dagrun for tutorial to 2024-03-17 00:00:00+00:00, run_after=2024-03-18 00:00:00+00:00
[2024-03-18T15:42:30.821+0000] {processor.py:183} INFO - Processing /home/airflow/.local/lib/python3.8/site-packages/airflow/example_dags/tutorial.py took 0.058 seconds
[2024-03-18T15:43:00.960+0000] {processor.py:161} INFO - Started process (PID=1269) to work on /home/airflow/.local/lib/python3.8/site-packages/airflow/example_dags/tutorial.py
[2024-03-18T15:43:00.961+0000] {processor.py:830} INFO - Processing file /home/airflow/.local/lib/python3.8/site-packages/airflow/example_dags/tutorial.py for tasks to queue
[2024-03-18T15:43:00.962+0000] {logging_mixin.py:188} INFO - [2024-03-18T15:43:00.962+0000] {dagbag.py:540} INFO - Filling up the DagBag from /home/airflow/.local/lib/python3.8/site-packages/airflow/example_dags/tutorial.py
[2024-03-18T15:43:00.967+0000] {processor.py:840} INFO - DAG(s) 'tutorial' retrieved from /home/airflow/.local/lib/python3.8/site-packages/airflow/example_dags/tutorial.py
[2024-03-18T15:43:00.983+0000] {logging_mixin.py:188} INFO - [2024-03-18T15:43:00.983+0000] {dag.py:3047} INFO - Sync 1 DAGs
[2024-03-18T15:43:01.004+0000] {logging_mixin.py:188} INFO - [2024-03-18T15:43:01.004+0000] {dag.py:3834} INFO - Setting next_dagrun for tutorial to 2024-03-17 00:00:00+00:00, run_after=2024-03-18 00:00:00+00:00
[2024-03-18T15:43:01.019+0000] {processor.py:183} INFO - Processing /home/airflow/.local/lib/python3.8/site-packages/airflow/example_dags/tutorial.py took 0.062 seconds
