[2024-03-18T15:31:55.849+0000] {processor.py:161} INFO - Started process (PID=63) to work on /home/airflow/.local/lib/python3.8/site-packages/airflow/example_dags/tutorial_objectstorage.py
[2024-03-18T15:31:55.849+0000] {processor.py:830} INFO - Processing file /home/airflow/.local/lib/python3.8/site-packages/airflow/example_dags/tutorial_objectstorage.py for tasks to queue
[2024-03-18T15:31:55.851+0000] {logging_mixin.py:188} INFO - [2024-03-18T15:31:55.851+0000] {dagbag.py:540} INFO - Filling up the DagBag from /home/airflow/.local/lib/python3.8/site-packages/airflow/example_dags/tutorial_objectstorage.py
[2024-03-18T15:31:55.857+0000] {processor.py:840} INFO - DAG(s) 'tutorial_objectstorage' retrieved from /home/airflow/.local/lib/python3.8/site-packages/airflow/example_dags/tutorial_objectstorage.py
[2024-03-18T15:31:55.866+0000] {logging_mixin.py:188} INFO - [2024-03-18T15:31:55.866+0000] {dag.py:3047} INFO - Sync 1 DAGs
[2024-03-18T15:31:55.881+0000] {logging_mixin.py:188} INFO - [2024-03-18T15:31:55.881+0000] {dag.py:3834} INFO - Setting next_dagrun for tutorial_objectstorage to None, run_after=None
[2024-03-18T15:31:55.898+0000] {processor.py:183} INFO - Processing /home/airflow/.local/lib/python3.8/site-packages/airflow/example_dags/tutorial_objectstorage.py took 0.052 seconds
[2024-03-18T15:32:26.664+0000] {processor.py:161} INFO - Started process (PID=118) to work on /home/airflow/.local/lib/python3.8/site-packages/airflow/example_dags/tutorial_objectstorage.py
[2024-03-18T15:32:26.666+0000] {processor.py:830} INFO - Processing file /home/airflow/.local/lib/python3.8/site-packages/airflow/example_dags/tutorial_objectstorage.py for tasks to queue
[2024-03-18T15:32:26.667+0000] {logging_mixin.py:188} INFO - [2024-03-18T15:32:26.667+0000] {dagbag.py:540} INFO - Filling up the DagBag from /home/airflow/.local/lib/python3.8/site-packages/airflow/example_dags/tutorial_objectstorage.py
[2024-03-18T15:32:26.673+0000] {processor.py:840} INFO - DAG(s) 'tutorial_objectstorage' retrieved from /home/airflow/.local/lib/python3.8/site-packages/airflow/example_dags/tutorial_objectstorage.py
[2024-03-18T15:32:26.752+0000] {logging_mixin.py:188} INFO - [2024-03-18T15:32:26.752+0000] {dag.py:3047} INFO - Sync 1 DAGs
[2024-03-18T15:32:26.761+0000] {logging_mixin.py:188} INFO - [2024-03-18T15:32:26.761+0000] {dag.py:3834} INFO - Setting next_dagrun for tutorial_objectstorage to None, run_after=None
[2024-03-18T15:32:26.777+0000] {processor.py:183} INFO - Processing /home/airflow/.local/lib/python3.8/site-packages/airflow/example_dags/tutorial_objectstorage.py took 0.116 seconds
[2024-03-18T15:32:57.683+0000] {processor.py:161} INFO - Started process (PID=173) to work on /home/airflow/.local/lib/python3.8/site-packages/airflow/example_dags/tutorial_objectstorage.py
[2024-03-18T15:32:57.684+0000] {processor.py:830} INFO - Processing file /home/airflow/.local/lib/python3.8/site-packages/airflow/example_dags/tutorial_objectstorage.py for tasks to queue
[2024-03-18T15:32:57.685+0000] {logging_mixin.py:188} INFO - [2024-03-18T15:32:57.685+0000] {dagbag.py:540} INFO - Filling up the DagBag from /home/airflow/.local/lib/python3.8/site-packages/airflow/example_dags/tutorial_objectstorage.py
[2024-03-18T15:32:57.690+0000] {processor.py:840} INFO - DAG(s) 'tutorial_objectstorage' retrieved from /home/airflow/.local/lib/python3.8/site-packages/airflow/example_dags/tutorial_objectstorage.py
[2024-03-18T15:32:57.704+0000] {logging_mixin.py:188} INFO - [2024-03-18T15:32:57.704+0000] {dag.py:3047} INFO - Sync 1 DAGs
[2024-03-18T15:32:57.715+0000] {logging_mixin.py:188} INFO - [2024-03-18T15:32:57.714+0000] {dag.py:3834} INFO - Setting next_dagrun for tutorial_objectstorage to None, run_after=None
[2024-03-18T15:32:57.732+0000] {processor.py:183} INFO - Processing /home/airflow/.local/lib/python3.8/site-packages/airflow/example_dags/tutorial_objectstorage.py took 0.052 seconds
[2024-03-18T15:33:27.793+0000] {processor.py:161} INFO - Started process (PID=228) to work on /home/airflow/.local/lib/python3.8/site-packages/airflow/example_dags/tutorial_objectstorage.py
[2024-03-18T15:33:27.794+0000] {processor.py:830} INFO - Processing file /home/airflow/.local/lib/python3.8/site-packages/airflow/example_dags/tutorial_objectstorage.py for tasks to queue
[2024-03-18T15:33:27.796+0000] {logging_mixin.py:188} INFO - [2024-03-18T15:33:27.795+0000] {dagbag.py:540} INFO - Filling up the DagBag from /home/airflow/.local/lib/python3.8/site-packages/airflow/example_dags/tutorial_objectstorage.py
[2024-03-18T15:33:27.801+0000] {processor.py:840} INFO - DAG(s) 'tutorial_objectstorage' retrieved from /home/airflow/.local/lib/python3.8/site-packages/airflow/example_dags/tutorial_objectstorage.py
[2024-03-18T15:33:27.822+0000] {logging_mixin.py:188} INFO - [2024-03-18T15:33:27.822+0000] {dag.py:3047} INFO - Sync 1 DAGs
[2024-03-18T15:33:27.836+0000] {logging_mixin.py:188} INFO - [2024-03-18T15:33:27.835+0000] {dag.py:3834} INFO - Setting next_dagrun for tutorial_objectstorage to None, run_after=None
[2024-03-18T15:33:27.853+0000] {processor.py:183} INFO - Processing /home/airflow/.local/lib/python3.8/site-packages/airflow/example_dags/tutorial_objectstorage.py took 0.062 seconds
[2024-03-18T15:33:58.076+0000] {processor.py:161} INFO - Started process (PID=283) to work on /home/airflow/.local/lib/python3.8/site-packages/airflow/example_dags/tutorial_objectstorage.py
[2024-03-18T15:33:58.077+0000] {processor.py:830} INFO - Processing file /home/airflow/.local/lib/python3.8/site-packages/airflow/example_dags/tutorial_objectstorage.py for tasks to queue
[2024-03-18T15:33:58.078+0000] {logging_mixin.py:188} INFO - [2024-03-18T15:33:58.078+0000] {dagbag.py:540} INFO - Filling up the DagBag from /home/airflow/.local/lib/python3.8/site-packages/airflow/example_dags/tutorial_objectstorage.py
[2024-03-18T15:33:58.084+0000] {processor.py:840} INFO - DAG(s) 'tutorial_objectstorage' retrieved from /home/airflow/.local/lib/python3.8/site-packages/airflow/example_dags/tutorial_objectstorage.py
[2024-03-18T15:33:58.099+0000] {logging_mixin.py:188} INFO - [2024-03-18T15:33:58.098+0000] {dag.py:3047} INFO - Sync 1 DAGs
[2024-03-18T15:33:58.109+0000] {logging_mixin.py:188} INFO - [2024-03-18T15:33:58.109+0000] {dag.py:3834} INFO - Setting next_dagrun for tutorial_objectstorage to None, run_after=None
[2024-03-18T15:33:58.125+0000] {processor.py:183} INFO - Processing /home/airflow/.local/lib/python3.8/site-packages/airflow/example_dags/tutorial_objectstorage.py took 0.051 seconds
[2024-03-18T15:34:28.324+0000] {processor.py:161} INFO - Started process (PID=338) to work on /home/airflow/.local/lib/python3.8/site-packages/airflow/example_dags/tutorial_objectstorage.py
[2024-03-18T15:34:28.324+0000] {processor.py:830} INFO - Processing file /home/airflow/.local/lib/python3.8/site-packages/airflow/example_dags/tutorial_objectstorage.py for tasks to queue
[2024-03-18T15:34:28.326+0000] {logging_mixin.py:188} INFO - [2024-03-18T15:34:28.326+0000] {dagbag.py:540} INFO - Filling up the DagBag from /home/airflow/.local/lib/python3.8/site-packages/airflow/example_dags/tutorial_objectstorage.py
[2024-03-18T15:34:28.331+0000] {processor.py:840} INFO - DAG(s) 'tutorial_objectstorage' retrieved from /home/airflow/.local/lib/python3.8/site-packages/airflow/example_dags/tutorial_objectstorage.py
[2024-03-18T15:34:28.345+0000] {logging_mixin.py:188} INFO - [2024-03-18T15:34:28.345+0000] {dag.py:3047} INFO - Sync 1 DAGs
[2024-03-18T15:34:28.355+0000] {logging_mixin.py:188} INFO - [2024-03-18T15:34:28.355+0000] {dag.py:3834} INFO - Setting next_dagrun for tutorial_objectstorage to None, run_after=None
[2024-03-18T15:34:28.381+0000] {processor.py:183} INFO - Processing /home/airflow/.local/lib/python3.8/site-packages/airflow/example_dags/tutorial_objectstorage.py took 0.060 seconds
[2024-03-18T15:34:58.593+0000] {processor.py:161} INFO - Started process (PID=393) to work on /home/airflow/.local/lib/python3.8/site-packages/airflow/example_dags/tutorial_objectstorage.py
[2024-03-18T15:34:58.593+0000] {processor.py:830} INFO - Processing file /home/airflow/.local/lib/python3.8/site-packages/airflow/example_dags/tutorial_objectstorage.py for tasks to queue
[2024-03-18T15:34:58.595+0000] {logging_mixin.py:188} INFO - [2024-03-18T15:34:58.594+0000] {dagbag.py:540} INFO - Filling up the DagBag from /home/airflow/.local/lib/python3.8/site-packages/airflow/example_dags/tutorial_objectstorage.py
[2024-03-18T15:34:58.600+0000] {processor.py:840} INFO - DAG(s) 'tutorial_objectstorage' retrieved from /home/airflow/.local/lib/python3.8/site-packages/airflow/example_dags/tutorial_objectstorage.py
[2024-03-18T15:34:58.615+0000] {logging_mixin.py:188} INFO - [2024-03-18T15:34:58.615+0000] {dag.py:3047} INFO - Sync 1 DAGs
[2024-03-18T15:34:58.625+0000] {logging_mixin.py:188} INFO - [2024-03-18T15:34:58.625+0000] {dag.py:3834} INFO - Setting next_dagrun for tutorial_objectstorage to None, run_after=None
[2024-03-18T15:34:58.652+0000] {processor.py:183} INFO - Processing /home/airflow/.local/lib/python3.8/site-packages/airflow/example_dags/tutorial_objectstorage.py took 0.062 seconds
[2024-03-18T15:35:28.753+0000] {processor.py:161} INFO - Started process (PID=448) to work on /home/airflow/.local/lib/python3.8/site-packages/airflow/example_dags/tutorial_objectstorage.py
[2024-03-18T15:35:28.754+0000] {processor.py:830} INFO - Processing file /home/airflow/.local/lib/python3.8/site-packages/airflow/example_dags/tutorial_objectstorage.py for tasks to queue
[2024-03-18T15:35:28.755+0000] {logging_mixin.py:188} INFO - [2024-03-18T15:35:28.755+0000] {dagbag.py:540} INFO - Filling up the DagBag from /home/airflow/.local/lib/python3.8/site-packages/airflow/example_dags/tutorial_objectstorage.py
[2024-03-18T15:35:28.760+0000] {processor.py:840} INFO - DAG(s) 'tutorial_objectstorage' retrieved from /home/airflow/.local/lib/python3.8/site-packages/airflow/example_dags/tutorial_objectstorage.py
[2024-03-18T15:35:28.774+0000] {logging_mixin.py:188} INFO - [2024-03-18T15:35:28.774+0000] {dag.py:3047} INFO - Sync 1 DAGs
[2024-03-18T15:35:28.784+0000] {logging_mixin.py:188} INFO - [2024-03-18T15:35:28.784+0000] {dag.py:3834} INFO - Setting next_dagrun for tutorial_objectstorage to None, run_after=None
[2024-03-18T15:35:28.799+0000] {processor.py:183} INFO - Processing /home/airflow/.local/lib/python3.8/site-packages/airflow/example_dags/tutorial_objectstorage.py took 0.048 seconds
[2024-03-18T15:35:59.070+0000] {processor.py:161} INFO - Started process (PID=503) to work on /home/airflow/.local/lib/python3.8/site-packages/airflow/example_dags/tutorial_objectstorage.py
[2024-03-18T15:35:59.071+0000] {processor.py:830} INFO - Processing file /home/airflow/.local/lib/python3.8/site-packages/airflow/example_dags/tutorial_objectstorage.py for tasks to queue
[2024-03-18T15:35:59.073+0000] {logging_mixin.py:188} INFO - [2024-03-18T15:35:59.072+0000] {dagbag.py:540} INFO - Filling up the DagBag from /home/airflow/.local/lib/python3.8/site-packages/airflow/example_dags/tutorial_objectstorage.py
[2024-03-18T15:35:59.078+0000] {processor.py:840} INFO - DAG(s) 'tutorial_objectstorage' retrieved from /home/airflow/.local/lib/python3.8/site-packages/airflow/example_dags/tutorial_objectstorage.py
[2024-03-18T15:35:59.093+0000] {logging_mixin.py:188} INFO - [2024-03-18T15:35:59.093+0000] {dag.py:3047} INFO - Sync 1 DAGs
[2024-03-18T15:35:59.104+0000] {logging_mixin.py:188} INFO - [2024-03-18T15:35:59.104+0000] {dag.py:3834} INFO - Setting next_dagrun for tutorial_objectstorage to None, run_after=None
[2024-03-18T15:35:59.119+0000] {processor.py:183} INFO - Processing /home/airflow/.local/lib/python3.8/site-packages/airflow/example_dags/tutorial_objectstorage.py took 0.051 seconds
[2024-03-18T15:36:29.388+0000] {processor.py:161} INFO - Started process (PID=558) to work on /home/airflow/.local/lib/python3.8/site-packages/airflow/example_dags/tutorial_objectstorage.py
[2024-03-18T15:36:29.389+0000] {processor.py:830} INFO - Processing file /home/airflow/.local/lib/python3.8/site-packages/airflow/example_dags/tutorial_objectstorage.py for tasks to queue
[2024-03-18T15:36:29.390+0000] {logging_mixin.py:188} INFO - [2024-03-18T15:36:29.390+0000] {dagbag.py:540} INFO - Filling up the DagBag from /home/airflow/.local/lib/python3.8/site-packages/airflow/example_dags/tutorial_objectstorage.py
[2024-03-18T15:36:29.396+0000] {processor.py:840} INFO - DAG(s) 'tutorial_objectstorage' retrieved from /home/airflow/.local/lib/python3.8/site-packages/airflow/example_dags/tutorial_objectstorage.py
[2024-03-18T15:36:29.414+0000] {logging_mixin.py:188} INFO - [2024-03-18T15:36:29.413+0000] {dag.py:3047} INFO - Sync 1 DAGs
[2024-03-18T15:36:29.426+0000] {logging_mixin.py:188} INFO - [2024-03-18T15:36:29.426+0000] {dag.py:3834} INFO - Setting next_dagrun for tutorial_objectstorage to None, run_after=None
[2024-03-18T15:36:29.461+0000] {processor.py:183} INFO - Processing /home/airflow/.local/lib/python3.8/site-packages/airflow/example_dags/tutorial_objectstorage.py took 0.076 seconds
[2024-03-18T15:36:59.769+0000] {processor.py:161} INFO - Started process (PID=613) to work on /home/airflow/.local/lib/python3.8/site-packages/airflow/example_dags/tutorial_objectstorage.py
[2024-03-18T15:36:59.769+0000] {processor.py:830} INFO - Processing file /home/airflow/.local/lib/python3.8/site-packages/airflow/example_dags/tutorial_objectstorage.py for tasks to queue
[2024-03-18T15:36:59.771+0000] {logging_mixin.py:188} INFO - [2024-03-18T15:36:59.770+0000] {dagbag.py:540} INFO - Filling up the DagBag from /home/airflow/.local/lib/python3.8/site-packages/airflow/example_dags/tutorial_objectstorage.py
[2024-03-18T15:36:59.775+0000] {processor.py:840} INFO - DAG(s) 'tutorial_objectstorage' retrieved from /home/airflow/.local/lib/python3.8/site-packages/airflow/example_dags/tutorial_objectstorage.py
[2024-03-18T15:36:59.790+0000] {logging_mixin.py:188} INFO - [2024-03-18T15:36:59.790+0000] {dag.py:3047} INFO - Sync 1 DAGs
[2024-03-18T15:36:59.800+0000] {logging_mixin.py:188} INFO - [2024-03-18T15:36:59.800+0000] {dag.py:3834} INFO - Setting next_dagrun for tutorial_objectstorage to None, run_after=None
[2024-03-18T15:36:59.815+0000] {processor.py:183} INFO - Processing /home/airflow/.local/lib/python3.8/site-packages/airflow/example_dags/tutorial_objectstorage.py took 0.049 seconds
[2024-03-18T15:37:30.076+0000] {processor.py:161} INFO - Started process (PID=668) to work on /home/airflow/.local/lib/python3.8/site-packages/airflow/example_dags/tutorial_objectstorage.py
[2024-03-18T15:37:30.077+0000] {processor.py:830} INFO - Processing file /home/airflow/.local/lib/python3.8/site-packages/airflow/example_dags/tutorial_objectstorage.py for tasks to queue
[2024-03-18T15:37:30.078+0000] {logging_mixin.py:188} INFO - [2024-03-18T15:37:30.078+0000] {dagbag.py:540} INFO - Filling up the DagBag from /home/airflow/.local/lib/python3.8/site-packages/airflow/example_dags/tutorial_objectstorage.py
[2024-03-18T15:37:30.083+0000] {processor.py:840} INFO - DAG(s) 'tutorial_objectstorage' retrieved from /home/airflow/.local/lib/python3.8/site-packages/airflow/example_dags/tutorial_objectstorage.py
[2024-03-18T15:37:30.099+0000] {logging_mixin.py:188} INFO - [2024-03-18T15:37:30.099+0000] {dag.py:3047} INFO - Sync 1 DAGs
[2024-03-18T15:37:30.110+0000] {logging_mixin.py:188} INFO - [2024-03-18T15:37:30.110+0000] {dag.py:3834} INFO - Setting next_dagrun for tutorial_objectstorage to None, run_after=None
[2024-03-18T15:37:30.127+0000] {processor.py:183} INFO - Processing /home/airflow/.local/lib/python3.8/site-packages/airflow/example_dags/tutorial_objectstorage.py took 0.053 seconds
[2024-03-18T15:38:00.478+0000] {processor.py:161} INFO - Started process (PID=723) to work on /home/airflow/.local/lib/python3.8/site-packages/airflow/example_dags/tutorial_objectstorage.py
[2024-03-18T15:38:00.479+0000] {processor.py:830} INFO - Processing file /home/airflow/.local/lib/python3.8/site-packages/airflow/example_dags/tutorial_objectstorage.py for tasks to queue
[2024-03-18T15:38:00.480+0000] {logging_mixin.py:188} INFO - [2024-03-18T15:38:00.480+0000] {dagbag.py:540} INFO - Filling up the DagBag from /home/airflow/.local/lib/python3.8/site-packages/airflow/example_dags/tutorial_objectstorage.py
[2024-03-18T15:38:00.485+0000] {processor.py:840} INFO - DAG(s) 'tutorial_objectstorage' retrieved from /home/airflow/.local/lib/python3.8/site-packages/airflow/example_dags/tutorial_objectstorage.py
[2024-03-18T15:38:00.501+0000] {logging_mixin.py:188} INFO - [2024-03-18T15:38:00.501+0000] {dag.py:3047} INFO - Sync 1 DAGs
[2024-03-18T15:38:00.513+0000] {logging_mixin.py:188} INFO - [2024-03-18T15:38:00.512+0000] {dag.py:3834} INFO - Setting next_dagrun for tutorial_objectstorage to None, run_after=None
[2024-03-18T15:38:00.530+0000] {processor.py:183} INFO - Processing /home/airflow/.local/lib/python3.8/site-packages/airflow/example_dags/tutorial_objectstorage.py took 0.055 seconds
[2024-03-18T15:38:30.616+0000] {processor.py:161} INFO - Started process (PID=778) to work on /home/airflow/.local/lib/python3.8/site-packages/airflow/example_dags/tutorial_objectstorage.py
[2024-03-18T15:38:30.617+0000] {processor.py:830} INFO - Processing file /home/airflow/.local/lib/python3.8/site-packages/airflow/example_dags/tutorial_objectstorage.py for tasks to queue
[2024-03-18T15:38:30.618+0000] {logging_mixin.py:188} INFO - [2024-03-18T15:38:30.618+0000] {dagbag.py:540} INFO - Filling up the DagBag from /home/airflow/.local/lib/python3.8/site-packages/airflow/example_dags/tutorial_objectstorage.py
[2024-03-18T15:38:30.623+0000] {processor.py:840} INFO - DAG(s) 'tutorial_objectstorage' retrieved from /home/airflow/.local/lib/python3.8/site-packages/airflow/example_dags/tutorial_objectstorage.py
[2024-03-18T15:38:30.637+0000] {logging_mixin.py:188} INFO - [2024-03-18T15:38:30.637+0000] {dag.py:3047} INFO - Sync 1 DAGs
[2024-03-18T15:38:30.647+0000] {logging_mixin.py:188} INFO - [2024-03-18T15:38:30.647+0000] {dag.py:3834} INFO - Setting next_dagrun for tutorial_objectstorage to None, run_after=None
[2024-03-18T15:38:30.662+0000] {processor.py:183} INFO - Processing /home/airflow/.local/lib/python3.8/site-packages/airflow/example_dags/tutorial_objectstorage.py took 0.049 seconds
[2024-03-18T15:39:00.773+0000] {processor.py:161} INFO - Started process (PID=833) to work on /home/airflow/.local/lib/python3.8/site-packages/airflow/example_dags/tutorial_objectstorage.py
[2024-03-18T15:39:00.774+0000] {processor.py:830} INFO - Processing file /home/airflow/.local/lib/python3.8/site-packages/airflow/example_dags/tutorial_objectstorage.py for tasks to queue
[2024-03-18T15:39:00.775+0000] {logging_mixin.py:188} INFO - [2024-03-18T15:39:00.775+0000] {dagbag.py:540} INFO - Filling up the DagBag from /home/airflow/.local/lib/python3.8/site-packages/airflow/example_dags/tutorial_objectstorage.py
[2024-03-18T15:39:00.781+0000] {processor.py:840} INFO - DAG(s) 'tutorial_objectstorage' retrieved from /home/airflow/.local/lib/python3.8/site-packages/airflow/example_dags/tutorial_objectstorage.py
[2024-03-18T15:39:00.796+0000] {logging_mixin.py:188} INFO - [2024-03-18T15:39:00.796+0000] {dag.py:3047} INFO - Sync 1 DAGs
[2024-03-18T15:39:00.808+0000] {logging_mixin.py:188} INFO - [2024-03-18T15:39:00.807+0000] {dag.py:3834} INFO - Setting next_dagrun for tutorial_objectstorage to None, run_after=None
[2024-03-18T15:39:00.824+0000] {processor.py:183} INFO - Processing /home/airflow/.local/lib/python3.8/site-packages/airflow/example_dags/tutorial_objectstorage.py took 0.054 seconds
[2024-03-18T15:39:30.981+0000] {processor.py:161} INFO - Started process (PID=888) to work on /home/airflow/.local/lib/python3.8/site-packages/airflow/example_dags/tutorial_objectstorage.py
[2024-03-18T15:39:30.981+0000] {processor.py:830} INFO - Processing file /home/airflow/.local/lib/python3.8/site-packages/airflow/example_dags/tutorial_objectstorage.py for tasks to queue
[2024-03-18T15:39:30.983+0000] {logging_mixin.py:188} INFO - [2024-03-18T15:39:30.983+0000] {dagbag.py:540} INFO - Filling up the DagBag from /home/airflow/.local/lib/python3.8/site-packages/airflow/example_dags/tutorial_objectstorage.py
[2024-03-18T15:39:30.988+0000] {processor.py:840} INFO - DAG(s) 'tutorial_objectstorage' retrieved from /home/airflow/.local/lib/python3.8/site-packages/airflow/example_dags/tutorial_objectstorage.py
[2024-03-18T15:39:31.003+0000] {logging_mixin.py:188} INFO - [2024-03-18T15:39:31.003+0000] {dag.py:3047} INFO - Sync 1 DAGs
[2024-03-18T15:39:31.014+0000] {logging_mixin.py:188} INFO - [2024-03-18T15:39:31.014+0000] {dag.py:3834} INFO - Setting next_dagrun for tutorial_objectstorage to None, run_after=None
[2024-03-18T15:39:31.042+0000] {processor.py:183} INFO - Processing /home/airflow/.local/lib/python3.8/site-packages/airflow/example_dags/tutorial_objectstorage.py took 0.064 seconds
[2024-03-18T15:40:01.079+0000] {processor.py:161} INFO - Started process (PID=942) to work on /home/airflow/.local/lib/python3.8/site-packages/airflow/example_dags/tutorial_objectstorage.py
[2024-03-18T15:40:01.080+0000] {processor.py:830} INFO - Processing file /home/airflow/.local/lib/python3.8/site-packages/airflow/example_dags/tutorial_objectstorage.py for tasks to queue
[2024-03-18T15:40:01.081+0000] {logging_mixin.py:188} INFO - [2024-03-18T15:40:01.081+0000] {dagbag.py:540} INFO - Filling up the DagBag from /home/airflow/.local/lib/python3.8/site-packages/airflow/example_dags/tutorial_objectstorage.py
[2024-03-18T15:40:01.086+0000] {processor.py:840} INFO - DAG(s) 'tutorial_objectstorage' retrieved from /home/airflow/.local/lib/python3.8/site-packages/airflow/example_dags/tutorial_objectstorage.py
[2024-03-18T15:40:01.101+0000] {logging_mixin.py:188} INFO - [2024-03-18T15:40:01.101+0000] {dag.py:3047} INFO - Sync 1 DAGs
[2024-03-18T15:40:01.111+0000] {logging_mixin.py:188} INFO - [2024-03-18T15:40:01.111+0000] {dag.py:3834} INFO - Setting next_dagrun for tutorial_objectstorage to None, run_after=None
[2024-03-18T15:40:01.126+0000] {processor.py:183} INFO - Processing /home/airflow/.local/lib/python3.8/site-packages/airflow/example_dags/tutorial_objectstorage.py took 0.050 seconds
[2024-03-18T15:40:31.165+0000] {processor.py:161} INFO - Started process (PID=997) to work on /home/airflow/.local/lib/python3.8/site-packages/airflow/example_dags/tutorial_objectstorage.py
[2024-03-18T15:40:31.165+0000] {processor.py:830} INFO - Processing file /home/airflow/.local/lib/python3.8/site-packages/airflow/example_dags/tutorial_objectstorage.py for tasks to queue
[2024-03-18T15:40:31.167+0000] {logging_mixin.py:188} INFO - [2024-03-18T15:40:31.167+0000] {dagbag.py:540} INFO - Filling up the DagBag from /home/airflow/.local/lib/python3.8/site-packages/airflow/example_dags/tutorial_objectstorage.py
[2024-03-18T15:40:31.172+0000] {processor.py:840} INFO - DAG(s) 'tutorial_objectstorage' retrieved from /home/airflow/.local/lib/python3.8/site-packages/airflow/example_dags/tutorial_objectstorage.py
[2024-03-18T15:40:31.187+0000] {logging_mixin.py:188} INFO - [2024-03-18T15:40:31.187+0000] {dag.py:3047} INFO - Sync 1 DAGs
[2024-03-18T15:40:31.198+0000] {logging_mixin.py:188} INFO - [2024-03-18T15:40:31.197+0000] {dag.py:3834} INFO - Setting next_dagrun for tutorial_objectstorage to None, run_after=None
[2024-03-18T15:40:31.212+0000] {processor.py:183} INFO - Processing /home/airflow/.local/lib/python3.8/site-packages/airflow/example_dags/tutorial_objectstorage.py took 0.050 seconds
[2024-03-18T15:41:01.320+0000] {processor.py:161} INFO - Started process (PID=1051) to work on /home/airflow/.local/lib/python3.8/site-packages/airflow/example_dags/tutorial_objectstorage.py
[2024-03-18T15:41:01.321+0000] {processor.py:830} INFO - Processing file /home/airflow/.local/lib/python3.8/site-packages/airflow/example_dags/tutorial_objectstorage.py for tasks to queue
[2024-03-18T15:41:01.323+0000] {logging_mixin.py:188} INFO - [2024-03-18T15:41:01.322+0000] {dagbag.py:540} INFO - Filling up the DagBag from /home/airflow/.local/lib/python3.8/site-packages/airflow/example_dags/tutorial_objectstorage.py
[2024-03-18T15:41:01.328+0000] {processor.py:840} INFO - DAG(s) 'tutorial_objectstorage' retrieved from /home/airflow/.local/lib/python3.8/site-packages/airflow/example_dags/tutorial_objectstorage.py
[2024-03-18T15:41:01.342+0000] {logging_mixin.py:188} INFO - [2024-03-18T15:41:01.342+0000] {dag.py:3047} INFO - Sync 1 DAGs
[2024-03-18T15:41:01.352+0000] {logging_mixin.py:188} INFO - [2024-03-18T15:41:01.352+0000] {dag.py:3834} INFO - Setting next_dagrun for tutorial_objectstorage to None, run_after=None
[2024-03-18T15:41:01.368+0000] {processor.py:183} INFO - Processing /home/airflow/.local/lib/python3.8/site-packages/airflow/example_dags/tutorial_objectstorage.py took 0.050 seconds
[2024-03-18T15:41:31.434+0000] {processor.py:161} INFO - Started process (PID=1106) to work on /home/airflow/.local/lib/python3.8/site-packages/airflow/example_dags/tutorial_objectstorage.py
[2024-03-18T15:41:31.435+0000] {processor.py:830} INFO - Processing file /home/airflow/.local/lib/python3.8/site-packages/airflow/example_dags/tutorial_objectstorage.py for tasks to queue
[2024-03-18T15:41:31.436+0000] {logging_mixin.py:188} INFO - [2024-03-18T15:41:31.436+0000] {dagbag.py:540} INFO - Filling up the DagBag from /home/airflow/.local/lib/python3.8/site-packages/airflow/example_dags/tutorial_objectstorage.py
[2024-03-18T15:41:31.441+0000] {processor.py:840} INFO - DAG(s) 'tutorial_objectstorage' retrieved from /home/airflow/.local/lib/python3.8/site-packages/airflow/example_dags/tutorial_objectstorage.py
[2024-03-18T15:41:31.455+0000] {logging_mixin.py:188} INFO - [2024-03-18T15:41:31.455+0000] {dag.py:3047} INFO - Sync 1 DAGs
[2024-03-18T15:41:31.465+0000] {logging_mixin.py:188} INFO - [2024-03-18T15:41:31.465+0000] {dag.py:3834} INFO - Setting next_dagrun for tutorial_objectstorage to None, run_after=None
[2024-03-18T15:41:31.480+0000] {processor.py:183} INFO - Processing /home/airflow/.local/lib/python3.8/site-packages/airflow/example_dags/tutorial_objectstorage.py took 0.048 seconds
[2024-03-18T15:42:01.654+0000] {processor.py:161} INFO - Started process (PID=1161) to work on /home/airflow/.local/lib/python3.8/site-packages/airflow/example_dags/tutorial_objectstorage.py
[2024-03-18T15:42:01.655+0000] {processor.py:830} INFO - Processing file /home/airflow/.local/lib/python3.8/site-packages/airflow/example_dags/tutorial_objectstorage.py for tasks to queue
[2024-03-18T15:42:01.656+0000] {logging_mixin.py:188} INFO - [2024-03-18T15:42:01.656+0000] {dagbag.py:540} INFO - Filling up the DagBag from /home/airflow/.local/lib/python3.8/site-packages/airflow/example_dags/tutorial_objectstorage.py
[2024-03-18T15:42:01.661+0000] {processor.py:840} INFO - DAG(s) 'tutorial_objectstorage' retrieved from /home/airflow/.local/lib/python3.8/site-packages/airflow/example_dags/tutorial_objectstorage.py
[2024-03-18T15:42:01.676+0000] {logging_mixin.py:188} INFO - [2024-03-18T15:42:01.676+0000] {dag.py:3047} INFO - Sync 1 DAGs
[2024-03-18T15:42:01.686+0000] {logging_mixin.py:188} INFO - [2024-03-18T15:42:01.686+0000] {dag.py:3834} INFO - Setting next_dagrun for tutorial_objectstorage to None, run_after=None
[2024-03-18T15:42:01.702+0000] {processor.py:183} INFO - Processing /home/airflow/.local/lib/python3.8/site-packages/airflow/example_dags/tutorial_objectstorage.py took 0.051 seconds
[2024-03-18T15:42:31.848+0000] {processor.py:161} INFO - Started process (PID=1216) to work on /home/airflow/.local/lib/python3.8/site-packages/airflow/example_dags/tutorial_objectstorage.py
[2024-03-18T15:42:31.849+0000] {processor.py:830} INFO - Processing file /home/airflow/.local/lib/python3.8/site-packages/airflow/example_dags/tutorial_objectstorage.py for tasks to queue
[2024-03-18T15:42:31.850+0000] {logging_mixin.py:188} INFO - [2024-03-18T15:42:31.850+0000] {dagbag.py:540} INFO - Filling up the DagBag from /home/airflow/.local/lib/python3.8/site-packages/airflow/example_dags/tutorial_objectstorage.py
[2024-03-18T15:42:31.855+0000] {processor.py:840} INFO - DAG(s) 'tutorial_objectstorage' retrieved from /home/airflow/.local/lib/python3.8/site-packages/airflow/example_dags/tutorial_objectstorage.py
[2024-03-18T15:42:31.870+0000] {logging_mixin.py:188} INFO - [2024-03-18T15:42:31.870+0000] {dag.py:3047} INFO - Sync 1 DAGs
[2024-03-18T15:42:31.880+0000] {logging_mixin.py:188} INFO - [2024-03-18T15:42:31.880+0000] {dag.py:3834} INFO - Setting next_dagrun for tutorial_objectstorage to None, run_after=None
[2024-03-18T15:42:31.894+0000] {processor.py:183} INFO - Processing /home/airflow/.local/lib/python3.8/site-packages/airflow/example_dags/tutorial_objectstorage.py took 0.049 seconds
[2024-03-18T15:43:02.045+0000] {processor.py:161} INFO - Started process (PID=1271) to work on /home/airflow/.local/lib/python3.8/site-packages/airflow/example_dags/tutorial_objectstorage.py
[2024-03-18T15:43:02.046+0000] {processor.py:830} INFO - Processing file /home/airflow/.local/lib/python3.8/site-packages/airflow/example_dags/tutorial_objectstorage.py for tasks to queue
[2024-03-18T15:43:02.047+0000] {logging_mixin.py:188} INFO - [2024-03-18T15:43:02.047+0000] {dagbag.py:540} INFO - Filling up the DagBag from /home/airflow/.local/lib/python3.8/site-packages/airflow/example_dags/tutorial_objectstorage.py
[2024-03-18T15:43:02.052+0000] {processor.py:840} INFO - DAG(s) 'tutorial_objectstorage' retrieved from /home/airflow/.local/lib/python3.8/site-packages/airflow/example_dags/tutorial_objectstorage.py
[2024-03-18T15:43:02.067+0000] {logging_mixin.py:188} INFO - [2024-03-18T15:43:02.067+0000] {dag.py:3047} INFO - Sync 1 DAGs
[2024-03-18T15:43:02.077+0000] {logging_mixin.py:188} INFO - [2024-03-18T15:43:02.077+0000] {dag.py:3834} INFO - Setting next_dagrun for tutorial_objectstorage to None, run_after=None
[2024-03-18T15:43:02.094+0000] {processor.py:183} INFO - Processing /home/airflow/.local/lib/python3.8/site-packages/airflow/example_dags/tutorial_objectstorage.py took 0.051 seconds
